[0.012s] Invoking command in '/home/newir529/ROS2_JAZZY_TUTORIAL/ros2_learning_ws/build/battery_state': CMAKE_PREFIX_PATH=${CMAKE_PREFIX_PATH}:/home/newir529/ROS2_JAZZY_TUTORIAL/ros2_learning_ws/install/turtlesim_manipulation:/home/newir529/ROS2_JAZZY_TUTORIAL/ros2_learning_ws/install/first_py_pkg:/opt/ros/jazzy DEBUGINFOD_URLS=https://debuginfod.ubuntu.com /usr/bin/cmake --build /home/newir529/ROS2_JAZZY_TUTORIAL/ros2_learning_ws/build/battery_state -- -j8 -l8
[0.041s] -- Found ament_cmake: 2.5.2 (/opt/ros/jazzy/share/ament_cmake/cmake)
[0.067s] -- Found Python3: /usr/bin/python3 (found version "3.12.3") found components: Interpreter 
[0.181s] -- Found rosidl_default_generators: 1.6.0 (/opt/ros/jazzy/share/rosidl_default_generators/cmake)
[0.185s] -- Using all available rosidl_typesupport_c: rosidl_typesupport_fastrtps_c;rosidl_typesupport_introspection_c
[0.234s] -- Using all available rosidl_typesupport_cpp: rosidl_typesupport_fastrtps_cpp;rosidl_typesupport_introspection_cpp
[0.290s] -- Found rosidl_adapter: 4.6.4 (/opt/ros/jazzy/share/rosidl_adapter/cmake)
[0.293s] -- Found rclcpp: 28.1.5 (/opt/ros/jazzy/share/rclcpp/cmake)
[0.361s] -- Found rmw_implementation_cmake: 7.3.1 (/opt/ros/jazzy/share/rmw_implementation_cmake/cmake)
[0.363s] -- Found rmw_fastrtps_cpp: 8.4.1 (/opt/ros/jazzy/share/rmw_fastrtps_cpp/cmake)
[0.428s] -- Using RMW implementation 'rmw_fastrtps_cpp' as default
[0.500s] -- Found rclpy: 7.1.2 (/opt/ros/jazzy/share/rclpy/cmake)
[0.500s] -- Found std_msgs: 5.3.5 (/opt/ros/jazzy/share/std_msgs/cmake)
[0.854s] -- Found ament_cmake_ros: 0.12.0 (/opt/ros/jazzy/share/ament_cmake_ros/cmake)
[1.337s] -- Using all available rosidl_typesupport_c: rosidl_typesupport_fastrtps_c;rosidl_typesupport_introspection_c
[1.888s] -- Using all available rosidl_typesupport_cpp: rosidl_typesupport_fastrtps_cpp;rosidl_typesupport_introspection_cpp
[1.892s] -- Found python_cmake_module: 0.11.1 (/opt/ros/jazzy/share/python_cmake_module/cmake)
[2.532s] -- Found Python3: /usr/bin/python3 (found version "3.12.3") found components: Interpreter Development NumPy Development.Module Development.Embed 
[2.561s] [0mCMake Deprecation Warning at /opt/ros/jazzy/share/rosidl_cmake/cmake/rosidl_target_interfaces.cmake:32 (message):
[2.561s]   Use rosidl_get_typesupport_target() and target_link_libraries() instead of
[2.561s]   rosidl_target_interfaces().  i.e:
[2.562s] 
[2.562s]     rosidl_get_typesupport_target(cpp_typesupport_target "${PROJECT_NAME}" "rosidl_typesupport_cpp")
[2.562s]     target_link_libraries(${PROJECT_NAME}_node "${cpp_typesupport_target}")
[2.562s] 
[2.562s] Call Stack (most recent call first):
[2.562s]   CMakeLists.txt:30 (rosidl_target_interfaces)
[2.562s] 
[2.562s] [0m
[2.566s] -- Configuring done (2.5s)
[2.614s] -- Generating done (0.0s)
[2.631s] -- Build files have been written to: /home/newir529/ROS2_JAZZY_TUTORIAL/ros2_learning_ws/build/battery_state
[2.666s] [  2%] Built target battery_state__rosidl_generator_type_description
[2.675s] [  2%] Built target ament_cmake_python_copy_battery_state
[2.685s] [  4%] Built target battery_state__cpp
[2.689s] [ 21%] Built target battery_state__rosidl_generator_c
[2.723s] [ 30%] Built target battery_state__rosidl_typesupport_c
[2.731s] [ 39%] Built target battery_state__rosidl_typesupport_introspection_c
[2.738s] [ 47%] Built target battery_state__rosidl_typesupport_introspection_cpp
[2.740s] [ 56%] Built target battery_state__rosidl_typesupport_fastrtps_cpp
[2.741s] [ 65%] Built target battery_state__rosidl_typesupport_cpp
[2.742s] [ 73%] Built target battery_state__rosidl_typesupport_fastrtps_c
[2.793s] [ 73%] Built target battery_state
[2.890s] [ 76%] Built target battery_state__py
[2.893s] [ 78%] [32mBuilding CXX object CMakeFiles/batteryClient.dir/src/battaryClient.cpp.o[0m
[2.933s] [ 84%] Built target battery_state__rosidl_generator_py
[2.961s] [ 89%] Built target battery_state_s__rosidl_typesupport_c
[2.962s] [ 93%] Built target battery_state_s__rosidl_typesupport_introspection_c
[2.963s] [ 97%] Built target battery_state_s__rosidl_typesupport_fastrtps_c
[3.182s] running egg_info
[3.206s] writing battery_state.egg-info/PKG-INFO
[3.207s] writing dependency_links to battery_state.egg-info/dependency_links.txt
[3.207s] writing top-level names to battery_state.egg-info/top_level.txt
[3.280s] reading manifest file 'battery_state.egg-info/SOURCES.txt'
[3.281s] writing manifest file 'battery_state.egg-info/SOURCES.txt'
[3.309s] [ 97%] Built target ament_cmake_python_build_battery_state_egg
[3.325s] [01m[K/home/newir529/ROS2_JAZZY_TUTORIAL/ros2_learning_ws/src/battery_state/src/battaryClient.cpp:11:10:[m[K [01;31m[Kfatal error: [m[Kbattery_state/msg/BatteryMsg.hpp: No such file or directory
[3.325s]    11 | #include [01;31m[K"battery_state/msg/BatteryMsg.hpp"[m[K
[3.325s]       |          [01;31m[K^~~~~~~~~~~~~~~~~~~~~~~~~~~~~~~~~~[m[K
[3.325s] compilation terminated.
[3.328s] gmake[2]: *** [CMakeFiles/batteryClient.dir/build.make:76: CMakeFiles/batteryClient.dir/src/battaryClient.cpp.o] Error 1
[3.329s] gmake[1]: *** [CMakeFiles/Makefile2:626: CMakeFiles/batteryClient.dir/all] Error 2
[3.329s] gmake: *** [Makefile:146: all] Error 2
[3.331s] Invoked command in '/home/newir529/ROS2_JAZZY_TUTORIAL/ros2_learning_ws/build/battery_state' returned '2': CMAKE_PREFIX_PATH=${CMAKE_PREFIX_PATH}:/home/newir529/ROS2_JAZZY_TUTORIAL/ros2_learning_ws/install/turtlesim_manipulation:/home/newir529/ROS2_JAZZY_TUTORIAL/ros2_learning_ws/install/first_py_pkg:/opt/ros/jazzy DEBUGINFOD_URLS=https://debuginfod.ubuntu.com /usr/bin/cmake --build /home/newir529/ROS2_JAZZY_TUTORIAL/ros2_learning_ws/build/battery_state -- -j8 -l8
