[0.011s] Invoking command in '/home/newir529/ROS2_JAZZY_TUTORIAL/ros2_learning_ws/build/battery_state': CMAKE_PREFIX_PATH=${CMAKE_PREFIX_PATH}:/opt/ros/jazzy DEBUGINFOD_URLS=https://debuginfod.ubuntu.com /usr/bin/cmake --build /home/newir529/ROS2_JAZZY_TUTORIAL/ros2_learning_ws/build/battery_state -- -j8 -l8
[0.060s] [  2%] Built target battery_state__rosidl_generator_type_description
[0.070s] [  2%] Built target ament_cmake_python_copy_battery_state
[0.083s] [  4%] Built target battery_state__cpp
[0.085s] [ 21%] Built target battery_state__rosidl_generator_c
[0.130s] [ 39%] Built target battery_state__rosidl_typesupport_c
[0.130s] [ 47%] Built target battery_state__rosidl_typesupport_fastrtps_cpp
[0.130s] [ 56%] Built target battery_state__rosidl_typesupport_introspection_cpp
[0.130s] [ 39%] Built target battery_state__rosidl_typesupport_introspection_c
[0.133s] [ 65%] Built target battery_state__rosidl_typesupport_cpp
[0.134s] [ 73%] Built target battery_state__rosidl_typesupport_fastrtps_c
[0.158s] [ 73%] Built target battery_state
[0.166s] [ 76%] [32mBuilding CXX object CMakeFiles/batteryClient.dir/src/battaryClient.cpp.o[0m
[0.182s] [ 78%] Built target battery_state__py
[0.225s] [ 84%] Built target battery_state__rosidl_generator_py
[0.268s] [ 89%] Built target battery_state_s__rosidl_typesupport_introspection_c
[0.270s] [ 93%] Built target battery_state_s__rosidl_typesupport_c
[0.274s] [ 97%] Built target battery_state_s__rosidl_typesupport_fastrtps_c
[0.394s] running egg_info
[0.416s] writing battery_state.egg-info/PKG-INFO
[0.416s] writing dependency_links to battery_state.egg-info/dependency_links.txt
[0.416s] writing top-level names to battery_state.egg-info/top_level.txt
[0.503s] reading manifest file 'battery_state.egg-info/SOURCES.txt'
[0.503s] writing manifest file 'battery_state.egg-info/SOURCES.txt'
[0.534s] [ 97%] Built target ament_cmake_python_build_battery_state_egg
[7.778s] [100%] [32m[1mLinking CXX executable batteryClient[0m
[8.229s] [100%] Built target batteryClient
[8.242s] Invoked command in '/home/newir529/ROS2_JAZZY_TUTORIAL/ros2_learning_ws/build/battery_state' returned '0': CMAKE_PREFIX_PATH=${CMAKE_PREFIX_PATH}:/opt/ros/jazzy DEBUGINFOD_URLS=https://debuginfod.ubuntu.com /usr/bin/cmake --build /home/newir529/ROS2_JAZZY_TUTORIAL/ros2_learning_ws/build/battery_state -- -j8 -l8
[8.251s] Invoking command in '/home/newir529/ROS2_JAZZY_TUTORIAL/ros2_learning_ws/build/battery_state': CMAKE_PREFIX_PATH=${CMAKE_PREFIX_PATH}:/opt/ros/jazzy DEBUGINFOD_URLS=https://debuginfod.ubuntu.com /usr/bin/cmake --install /home/newir529/ROS2_JAZZY_TUTORIAL/ros2_learning_ws/build/battery_state
[8.260s] -- Install configuration: ""
[8.260s] -- Up-to-date: /home/newir529/ROS2_JAZZY_TUTORIAL/ros2_learning_ws/install/battery_state/share/ament_index/resource_index/rosidl_interfaces/battery_state
[8.260s] -- Up-to-date: /home/newir529/ROS2_JAZZY_TUTORIAL/ros2_learning_ws/install/battery_state/share/battery_state/srv/BatterySrv.json
[8.260s] -- Up-to-date: /home/newir529/ROS2_JAZZY_TUTORIAL/ros2_learning_ws/install/battery_state/share/battery_state/msg/BatteryMsg.json
[8.260s] -- Up-to-date: /home/newir529/ROS2_JAZZY_TUTORIAL/ros2_learning_ws/install/battery_state/include/battery_state/battery_state
[8.261s] -- Up-to-date: /home/newir529/ROS2_JAZZY_TUTORIAL/ros2_learning_ws/install/battery_state/include/battery_state/battery_state/msg
[8.261s] -- Up-to-date: /home/newir529/ROS2_JAZZY_TUTORIAL/ros2_learning_ws/install/battery_state/include/battery_state/battery_state/msg/battery_msg.h
[8.261s] -- Up-to-date: /home/newir529/ROS2_JAZZY_TUTORIAL/ros2_learning_ws/install/battery_state/include/battery_state/battery_state/msg/detail
[8.261s] -- Up-to-date: /home/newir529/ROS2_JAZZY_TUTORIAL/ros2_learning_ws/install/battery_state/include/battery_state/battery_state/msg/detail/battery_msg__functions.c
[8.261s] -- Up-to-date: /home/newir529/ROS2_JAZZY_TUTORIAL/ros2_learning_ws/install/battery_state/include/battery_state/battery_state/msg/detail/battery_msg__type_support.h
[8.261s] -- Up-to-date: /home/newir529/ROS2_JAZZY_TUTORIAL/ros2_learning_ws/install/battery_state/include/battery_state/battery_state/msg/detail/battery_msg__type_support.c
[8.261s] -- Up-to-date: /home/newir529/ROS2_JAZZY_TUTORIAL/ros2_learning_ws/install/battery_state/include/battery_state/battery_state/msg/detail/battery_msg__functions.h
[8.261s] -- Up-to-date: /home/newir529/ROS2_JAZZY_TUTORIAL/ros2_learning_ws/install/battery_state/include/battery_state/battery_state/msg/detail/battery_msg__struct.h
[8.261s] -- Up-to-date: /home/newir529/ROS2_JAZZY_TUTORIAL/ros2_learning_ws/install/battery_state/include/battery_state/battery_state/msg/detail/battery_msg__description.c
[8.261s] -- Up-to-date: /home/newir529/ROS2_JAZZY_TUTORIAL/ros2_learning_ws/install/battery_state/include/battery_state/battery_state/msg/rosidl_generator_c__visibility_control.h
[8.261s] -- Up-to-date: /home/newir529/ROS2_JAZZY_TUTORIAL/ros2_learning_ws/install/battery_state/include/battery_state/battery_state/srv
[8.261s] -- Up-to-date: /home/newir529/ROS2_JAZZY_TUTORIAL/ros2_learning_ws/install/battery_state/include/battery_state/battery_state/srv/battery_srv.h
[8.261s] -- Up-to-date: /home/newir529/ROS2_JAZZY_TUTORIAL/ros2_learning_ws/install/battery_state/include/battery_state/battery_state/srv/detail
[8.262s] -- Up-to-date: /home/newir529/ROS2_JAZZY_TUTORIAL/ros2_learning_ws/install/battery_state/include/battery_state/battery_state/srv/detail/battery_srv__functions.h
[8.262s] -- Up-to-date: /home/newir529/ROS2_JAZZY_TUTORIAL/ros2_learning_ws/install/battery_state/include/battery_state/battery_state/srv/detail/battery_srv__type_support.h
[8.262s] -- Up-to-date: /home/newir529/ROS2_JAZZY_TUTORIAL/ros2_learning_ws/install/battery_state/include/battery_state/battery_state/srv/detail/battery_srv__functions.c
[8.262s] -- Up-to-date: /home/newir529/ROS2_JAZZY_TUTORIAL/ros2_learning_ws/install/battery_state/include/battery_state/battery_state/srv/detail/battery_srv__description.c
[8.262s] -- Up-to-date: /home/newir529/ROS2_JAZZY_TUTORIAL/ros2_learning_ws/install/battery_state/include/battery_state/battery_state/srv/detail/battery_srv__struct.h
[8.262s] -- Up-to-date: /home/newir529/ROS2_JAZZY_TUTORIAL/ros2_learning_ws/install/battery_state/include/battery_state/battery_state/srv/detail/battery_srv__type_support.c
[8.262s] -- Up-to-date: /home/newir529/ROS2_JAZZY_TUTORIAL/ros2_learning_ws/install/battery_state/share/battery_state/environment/library_path.sh
[8.262s] -- Up-to-date: /home/newir529/ROS2_JAZZY_TUTORIAL/ros2_learning_ws/install/battery_state/share/battery_state/environment/library_path.dsv
[8.262s] -- Up-to-date: /home/newir529/ROS2_JAZZY_TUTORIAL/ros2_learning_ws/install/battery_state/lib/libbattery_state__rosidl_generator_c.so
[8.262s] -- Up-to-date: /home/newir529/ROS2_JAZZY_TUTORIAL/ros2_learning_ws/install/battery_state/include/battery_state/battery_state
[8.262s] -- Up-to-date: /home/newir529/ROS2_JAZZY_TUTORIAL/ros2_learning_ws/install/battery_state/include/battery_state/battery_state/msg
[8.262s] -- Up-to-date: /home/newir529/ROS2_JAZZY_TUTORIAL/ros2_learning_ws/install/battery_state/include/battery_state/battery_state/msg/rosidl_typesupport_fastrtps_c__visibility_control.h
[8.263s] -- Up-to-date: /home/newir529/ROS2_JAZZY_TUTORIAL/ros2_learning_ws/install/battery_state/include/battery_state/battery_state/msg/detail
[8.263s] -- Up-to-date: /home/newir529/ROS2_JAZZY_TUTORIAL/ros2_learning_ws/install/battery_state/include/battery_state/battery_state/msg/detail/battery_msg__rosidl_typesupport_fastrtps_c.h
[8.263s] -- Up-to-date: /home/newir529/ROS2_JAZZY_TUTORIAL/ros2_learning_ws/install/battery_state/include/battery_state/battery_state/srv
[8.263s] -- Up-to-date: /home/newir529/ROS2_JAZZY_TUTORIAL/ros2_learning_ws/install/battery_state/include/battery_state/battery_state/srv/detail
[8.263s] -- Up-to-date: /home/newir529/ROS2_JAZZY_TUTORIAL/ros2_learning_ws/install/battery_state/include/battery_state/battery_state/srv/detail/battery_srv__rosidl_typesupport_fastrtps_c.h
[8.263s] -- Up-to-date: /home/newir529/ROS2_JAZZY_TUTORIAL/ros2_learning_ws/install/battery_state/lib/libbattery_state__rosidl_typesupport_fastrtps_c.so
[8.263s] -- Up-to-date: /home/newir529/ROS2_JAZZY_TUTORIAL/ros2_learning_ws/install/battery_state/include/battery_state/battery_state
[8.263s] -- Up-to-date: /home/newir529/ROS2_JAZZY_TUTORIAL/ros2_learning_ws/install/battery_state/include/battery_state/battery_state/msg
[8.263s] -- Up-to-date: /home/newir529/ROS2_JAZZY_TUTORIAL/ros2_learning_ws/install/battery_state/include/battery_state/battery_state/msg/rosidl_typesupport_introspection_c__visibility_control.h
[8.263s] -- Up-to-date: /home/newir529/ROS2_JAZZY_TUTORIAL/ros2_learning_ws/install/battery_state/include/battery_state/battery_state/msg/detail
[8.264s] -- Up-to-date: /home/newir529/ROS2_JAZZY_TUTORIAL/ros2_learning_ws/install/battery_state/include/battery_state/battery_state/msg/detail/battery_msg__rosidl_typesupport_introspection_c.h
[8.264s] -- Up-to-date: /home/newir529/ROS2_JAZZY_TUTORIAL/ros2_learning_ws/install/battery_state/include/battery_state/battery_state/msg/detail/battery_msg__type_support.c
[8.264s] -- Up-to-date: /home/newir529/ROS2_JAZZY_TUTORIAL/ros2_learning_ws/install/battery_state/include/battery_state/battery_state/srv
[8.264s] -- Up-to-date: /home/newir529/ROS2_JAZZY_TUTORIAL/ros2_learning_ws/install/battery_state/include/battery_state/battery_state/srv/detail
[8.264s] -- Up-to-date: /home/newir529/ROS2_JAZZY_TUTORIAL/ros2_learning_ws/install/battery_state/include/battery_state/battery_state/srv/detail/battery_srv__rosidl_typesupport_introspection_c.h
[8.264s] -- Up-to-date: /home/newir529/ROS2_JAZZY_TUTORIAL/ros2_learning_ws/install/battery_state/include/battery_state/battery_state/srv/detail/battery_srv__type_support.c
[8.264s] -- Up-to-date: /home/newir529/ROS2_JAZZY_TUTORIAL/ros2_learning_ws/install/battery_state/lib/libbattery_state__rosidl_typesupport_introspection_c.so
[8.264s] -- Up-to-date: /home/newir529/ROS2_JAZZY_TUTORIAL/ros2_learning_ws/install/battery_state/lib/libbattery_state__rosidl_typesupport_c.so
[8.264s] -- Up-to-date: /home/newir529/ROS2_JAZZY_TUTORIAL/ros2_learning_ws/install/battery_state/include/battery_state/battery_state
[8.265s] -- Up-to-date: /home/newir529/ROS2_JAZZY_TUTORIAL/ros2_learning_ws/install/battery_state/include/battery_state/battery_state/msg
[8.265s] -- Up-to-date: /home/newir529/ROS2_JAZZY_TUTORIAL/ros2_learning_ws/install/battery_state/include/battery_state/battery_state/msg/battery_msg.hpp
[8.265s] -- Up-to-date: /home/newir529/ROS2_JAZZY_TUTORIAL/ros2_learning_ws/install/battery_state/include/battery_state/battery_state/msg/rosidl_generator_cpp__visibility_control.hpp
[8.265s] -- Up-to-date: /home/newir529/ROS2_JAZZY_TUTORIAL/ros2_learning_ws/install/battery_state/include/battery_state/battery_state/msg/detail
[8.265s] -- Up-to-date: /home/newir529/ROS2_JAZZY_TUTORIAL/ros2_learning_ws/install/battery_state/include/battery_state/battery_state/msg/detail/battery_msg__traits.hpp
[8.265s] -- Up-to-date: /home/newir529/ROS2_JAZZY_TUTORIAL/ros2_learning_ws/install/battery_state/include/battery_state/battery_state/msg/detail/battery_msg__builder.hpp
[8.265s] -- Up-to-date: /home/newir529/ROS2_JAZZY_TUTORIAL/ros2_learning_ws/install/battery_state/include/battery_state/battery_state/msg/detail/battery_msg__struct.hpp
[8.265s] -- Up-to-date: /home/newir529/ROS2_JAZZY_TUTORIAL/ros2_learning_ws/install/battery_state/include/battery_state/battery_state/msg/detail/battery_msg__type_support.hpp
[8.266s] -- Up-to-date: /home/newir529/ROS2_JAZZY_TUTORIAL/ros2_learning_ws/install/battery_state/include/battery_state/battery_state/srv
[8.266s] -- Up-to-date: /home/newir529/ROS2_JAZZY_TUTORIAL/ros2_learning_ws/install/battery_state/include/battery_state/battery_state/srv/battery_srv.hpp
[8.266s] -- Up-to-date: /home/newir529/ROS2_JAZZY_TUTORIAL/ros2_learning_ws/install/battery_state/include/battery_state/battery_state/srv/detail
[8.266s] -- Up-to-date: /home/newir529/ROS2_JAZZY_TUTORIAL/ros2_learning_ws/install/battery_state/include/battery_state/battery_state/srv/detail/battery_srv__traits.hpp
[8.266s] -- Up-to-date: /home/newir529/ROS2_JAZZY_TUTORIAL/ros2_learning_ws/install/battery_state/include/battery_state/battery_state/srv/detail/battery_srv__type_support.hpp
[8.266s] -- Up-to-date: /home/newir529/ROS2_JAZZY_TUTORIAL/ros2_learning_ws/install/battery_state/include/battery_state/battery_state/srv/detail/battery_srv__struct.hpp
[8.266s] -- Up-to-date: /home/newir529/ROS2_JAZZY_TUTORIAL/ros2_learning_ws/install/battery_state/include/battery_state/battery_state/srv/detail/battery_srv__builder.hpp
[8.266s] -- Up-to-date: /home/newir529/ROS2_JAZZY_TUTORIAL/ros2_learning_ws/install/battery_state/include/battery_state/battery_state
[8.267s] -- Up-to-date: /home/newir529/ROS2_JAZZY_TUTORIAL/ros2_learning_ws/install/battery_state/include/battery_state/battery_state/msg
[8.267s] -- Up-to-date: /home/newir529/ROS2_JAZZY_TUTORIAL/ros2_learning_ws/install/battery_state/include/battery_state/battery_state/msg/rosidl_typesupport_fastrtps_cpp__visibility_control.h
[8.267s] -- Up-to-date: /home/newir529/ROS2_JAZZY_TUTORIAL/ros2_learning_ws/install/battery_state/include/battery_state/battery_state/msg/detail
[8.267s] -- Up-to-date: /home/newir529/ROS2_JAZZY_TUTORIAL/ros2_learning_ws/install/battery_state/include/battery_state/battery_state/msg/detail/dds_fastrtps
[8.267s] -- Up-to-date: /home/newir529/ROS2_JAZZY_TUTORIAL/ros2_learning_ws/install/battery_state/include/battery_state/battery_state/msg/detail/battery_msg__rosidl_typesupport_fastrtps_cpp.hpp
[8.267s] -- Up-to-date: /home/newir529/ROS2_JAZZY_TUTORIAL/ros2_learning_ws/install/battery_state/include/battery_state/battery_state/srv
[8.267s] -- Up-to-date: /home/newir529/ROS2_JAZZY_TUTORIAL/ros2_learning_ws/install/battery_state/include/battery_state/battery_state/srv/detail
[8.267s] -- Up-to-date: /home/newir529/ROS2_JAZZY_TUTORIAL/ros2_learning_ws/install/battery_state/include/battery_state/battery_state/srv/detail/battery_srv__rosidl_typesupport_fastrtps_cpp.hpp
[8.267s] -- Up-to-date: /home/newir529/ROS2_JAZZY_TUTORIAL/ros2_learning_ws/install/battery_state/include/battery_state/battery_state/srv/detail/dds_fastrtps
[8.267s] -- Up-to-date: /home/newir529/ROS2_JAZZY_TUTORIAL/ros2_learning_ws/install/battery_state/lib/libbattery_state__rosidl_typesupport_fastrtps_cpp.so
[8.267s] -- Up-to-date: /home/newir529/ROS2_JAZZY_TUTORIAL/ros2_learning_ws/install/battery_state/include/battery_state/battery_state
[8.267s] -- Up-to-date: /home/newir529/ROS2_JAZZY_TUTORIAL/ros2_learning_ws/install/battery_state/include/battery_state/battery_state/msg
[8.267s] -- Up-to-date: /home/newir529/ROS2_JAZZY_TUTORIAL/ros2_learning_ws/install/battery_state/include/battery_state/battery_state/msg/detail
[8.268s] -- Up-to-date: /home/newir529/ROS2_JAZZY_TUTORIAL/ros2_learning_ws/install/battery_state/include/battery_state/battery_state/msg/detail/battery_msg__rosidl_typesupport_introspection_cpp.hpp
[8.268s] -- Up-to-date: /home/newir529/ROS2_JAZZY_TUTORIAL/ros2_learning_ws/install/battery_state/include/battery_state/battery_state/msg/detail/battery_msg__type_support.cpp
[8.268s] -- Up-to-date: /home/newir529/ROS2_JAZZY_TUTORIAL/ros2_learning_ws/install/battery_state/include/battery_state/battery_state/srv
[8.268s] -- Up-to-date: /home/newir529/ROS2_JAZZY_TUTORIAL/ros2_learning_ws/install/battery_state/include/battery_state/battery_state/srv/detail
[8.268s] -- Up-to-date: /home/newir529/ROS2_JAZZY_TUTORIAL/ros2_learning_ws/install/battery_state/include/battery_state/battery_state/srv/detail/battery_srv__rosidl_typesupport_introspection_cpp.hpp
[8.268s] -- Up-to-date: /home/newir529/ROS2_JAZZY_TUTORIAL/ros2_learning_ws/install/battery_state/include/battery_state/battery_state/srv/detail/battery_srv__type_support.cpp
[8.268s] -- Up-to-date: /home/newir529/ROS2_JAZZY_TUTORIAL/ros2_learning_ws/install/battery_state/lib/libbattery_state__rosidl_typesupport_introspection_cpp.so
[8.269s] -- Up-to-date: /home/newir529/ROS2_JAZZY_TUTORIAL/ros2_learning_ws/install/battery_state/lib/libbattery_state__rosidl_typesupport_cpp.so
[8.269s] -- Up-to-date: /home/newir529/ROS2_JAZZY_TUTORIAL/ros2_learning_ws/install/battery_state/share/battery_state/environment/pythonpath.sh
[8.269s] -- Up-to-date: /home/newir529/ROS2_JAZZY_TUTORIAL/ros2_learning_ws/install/battery_state/share/battery_state/environment/pythonpath.dsv
[8.269s] -- Up-to-date: /home/newir529/ROS2_JAZZY_TUTORIAL/ros2_learning_ws/install/battery_state/lib/python3.12/site-packages/battery_state-0.0.0-py3.12.egg-info
[8.269s] -- Installing: /home/newir529/ROS2_JAZZY_TUTORIAL/ros2_learning_ws/install/battery_state/lib/python3.12/site-packages/battery_state-0.0.0-py3.12.egg-info/SOURCES.txt
[8.269s] -- Installing: /home/newir529/ROS2_JAZZY_TUTORIAL/ros2_learning_ws/install/battery_state/lib/python3.12/site-packages/battery_state-0.0.0-py3.12.egg-info/dependency_links.txt
[8.269s] -- Installing: /home/newir529/ROS2_JAZZY_TUTORIAL/ros2_learning_ws/install/battery_state/lib/python3.12/site-packages/battery_state-0.0.0-py3.12.egg-info/PKG-INFO
[8.269s] -- Installing: /home/newir529/ROS2_JAZZY_TUTORIAL/ros2_learning_ws/install/battery_state/lib/python3.12/site-packages/battery_state-0.0.0-py3.12.egg-info/top_level.txt
[8.269s] -- Up-to-date: /home/newir529/ROS2_JAZZY_TUTORIAL/ros2_learning_ws/install/battery_state/lib/python3.12/site-packages/battery_state
[8.270s] -- Up-to-date: /home/newir529/ROS2_JAZZY_TUTORIAL/ros2_learning_ws/install/battery_state/lib/python3.12/site-packages/battery_state/_battery_state_s.ep.rosidl_typesupport_fastrtps_c.c
[8.270s] -- Up-to-date: /home/newir529/ROS2_JAZZY_TUTORIAL/ros2_learning_ws/install/battery_state/lib/python3.12/site-packages/battery_state/_battery_state_s.ep.rosidl_typesupport_introspection_c.c
[8.270s] -- Up-to-date: /home/newir529/ROS2_JAZZY_TUTORIAL/ros2_learning_ws/install/battery_state/lib/python3.12/site-packages/battery_state/battery_state_s__rosidl_typesupport_fastrtps_c.so
[8.270s] -- Up-to-date: /home/newir529/ROS2_JAZZY_TUTORIAL/ros2_learning_ws/install/battery_state/lib/python3.12/site-packages/battery_state/battery_state_s__rosidl_typesupport_introspection_c.so
[8.270s] -- Up-to-date: /home/newir529/ROS2_JAZZY_TUTORIAL/ros2_learning_ws/install/battery_state/lib/python3.12/site-packages/battery_state/_battery_state_s.ep.rosidl_typesupport_c.c
[8.270s] -- Up-to-date: /home/newir529/ROS2_JAZZY_TUTORIAL/ros2_learning_ws/install/battery_state/lib/python3.12/site-packages/battery_state/battery_state_s__rosidl_typesupport_c.so
[8.270s] -- Up-to-date: /home/newir529/ROS2_JAZZY_TUTORIAL/ros2_learning_ws/install/battery_state/lib/python3.12/site-packages/battery_state/msg
[8.270s] -- Up-to-date: /home/newir529/ROS2_JAZZY_TUTORIAL/ros2_learning_ws/install/battery_state/lib/python3.12/site-packages/battery_state/msg/_battery_msg.py
[8.270s] -- Up-to-date: /home/newir529/ROS2_JAZZY_TUTORIAL/ros2_learning_ws/install/battery_state/lib/python3.12/site-packages/battery_state/msg/_battery_msg_s.c
[8.271s] -- Up-to-date: /home/newir529/ROS2_JAZZY_TUTORIAL/ros2_learning_ws/install/battery_state/lib/python3.12/site-packages/battery_state/msg/__init__.py
[8.271s] -- Up-to-date: /home/newir529/ROS2_JAZZY_TUTORIAL/ros2_learning_ws/install/battery_state/lib/python3.12/site-packages/battery_state/__init__.py
[8.271s] -- Up-to-date: /home/newir529/ROS2_JAZZY_TUTORIAL/ros2_learning_ws/install/battery_state/lib/python3.12/site-packages/battery_state/srv
[8.271s] -- Up-to-date: /home/newir529/ROS2_JAZZY_TUTORIAL/ros2_learning_ws/install/battery_state/lib/python3.12/site-packages/battery_state/srv/_battery_srv_s.c
[8.271s] -- Up-to-date: /home/newir529/ROS2_JAZZY_TUTORIAL/ros2_learning_ws/install/battery_state/lib/python3.12/site-packages/battery_state/srv/_battery_srv.py
[8.271s] -- Up-to-date: /home/newir529/ROS2_JAZZY_TUTORIAL/ros2_learning_ws/install/battery_state/lib/python3.12/site-packages/battery_state/srv/__init__.py
[8.302s] Listing '/home/newir529/ROS2_JAZZY_TUTORIAL/ros2_learning_ws/install/battery_state/lib/python3.12/site-packages/battery_state'...
[8.302s] Listing '/home/newir529/ROS2_JAZZY_TUTORIAL/ros2_learning_ws/install/battery_state/lib/python3.12/site-packages/battery_state/msg'...
[8.302s] Listing '/home/newir529/ROS2_JAZZY_TUTORIAL/ros2_learning_ws/install/battery_state/lib/python3.12/site-packages/battery_state/srv'...
[8.307s] -- Up-to-date: /home/newir529/ROS2_JAZZY_TUTORIAL/ros2_learning_ws/install/battery_state/lib/python3.12/site-packages/battery_state/battery_state_s__rosidl_typesupport_fastrtps_c.so
[8.307s] -- Up-to-date: /home/newir529/ROS2_JAZZY_TUTORIAL/ros2_learning_ws/install/battery_state/lib/python3.12/site-packages/battery_state/battery_state_s__rosidl_typesupport_introspection_c.so
[8.308s] -- Up-to-date: /home/newir529/ROS2_JAZZY_TUTORIAL/ros2_learning_ws/install/battery_state/lib/python3.12/site-packages/battery_state/battery_state_s__rosidl_typesupport_c.so
[8.308s] -- Up-to-date: /home/newir529/ROS2_JAZZY_TUTORIAL/ros2_learning_ws/install/battery_state/lib/libbattery_state__rosidl_generator_py.so
[8.308s] -- Up-to-date: /home/newir529/ROS2_JAZZY_TUTORIAL/ros2_learning_ws/install/battery_state/share/battery_state/srv/BatterySrv.idl
[8.309s] -- Up-to-date: /home/newir529/ROS2_JAZZY_TUTORIAL/ros2_learning_ws/install/battery_state/share/battery_state/msg/BatteryMsg.idl
[8.309s] -- Up-to-date: /home/newir529/ROS2_JAZZY_TUTORIAL/ros2_learning_ws/install/battery_state/share/battery_state/srv/BatterySrv.srv
[8.309s] -- Up-to-date: /home/newir529/ROS2_JAZZY_TUTORIAL/ros2_learning_ws/install/battery_state/share/battery_state/msg/BatteryMsg.msg
[8.309s] -- Installing: /home/newir529/ROS2_JAZZY_TUTORIAL/ros2_learning_ws/install/battery_state/lib/battery_state/batteryClient
[8.316s] -- Set non-toolchain portion of runtime path of "/home/newir529/ROS2_JAZZY_TUTORIAL/ros2_learning_ws/install/battery_state/lib/battery_state/batteryClient" to ""
[8.316s] -- Up-to-date: /home/newir529/ROS2_JAZZY_TUTORIAL/ros2_learning_ws/install/battery_state/lib/battery_state/batteryServer.py
[8.316s] -- Up-to-date: /home/newir529/ROS2_JAZZY_TUTORIAL/ros2_learning_ws/install/battery_state/share/ament_index/resource_index/package_run_dependencies/battery_state
[8.317s] -- Up-to-date: /home/newir529/ROS2_JAZZY_TUTORIAL/ros2_learning_ws/install/battery_state/share/ament_index/resource_index/parent_prefix_path/battery_state
[8.317s] -- Up-to-date: /home/newir529/ROS2_JAZZY_TUTORIAL/ros2_learning_ws/install/battery_state/share/battery_state/environment/ament_prefix_path.sh
[8.317s] -- Up-to-date: /home/newir529/ROS2_JAZZY_TUTORIAL/ros2_learning_ws/install/battery_state/share/battery_state/environment/ament_prefix_path.dsv
[8.317s] -- Up-to-date: /home/newir529/ROS2_JAZZY_TUTORIAL/ros2_learning_ws/install/battery_state/share/battery_state/environment/path.sh
[8.317s] -- Up-to-date: /home/newir529/ROS2_JAZZY_TUTORIAL/ros2_learning_ws/install/battery_state/share/battery_state/environment/path.dsv
[8.317s] -- Up-to-date: /home/newir529/ROS2_JAZZY_TUTORIAL/ros2_learning_ws/install/battery_state/share/battery_state/local_setup.bash
[8.318s] -- Up-to-date: /home/newir529/ROS2_JAZZY_TUTORIAL/ros2_learning_ws/install/battery_state/share/battery_state/local_setup.sh
[8.318s] -- Up-to-date: /home/newir529/ROS2_JAZZY_TUTORIAL/ros2_learning_ws/install/battery_state/share/battery_state/local_setup.zsh
[8.318s] -- Up-to-date: /home/newir529/ROS2_JAZZY_TUTORIAL/ros2_learning_ws/install/battery_state/share/battery_state/local_setup.dsv
[8.318s] -- Installing: /home/newir529/ROS2_JAZZY_TUTORIAL/ros2_learning_ws/install/battery_state/share/battery_state/package.dsv
[8.318s] -- Up-to-date: /home/newir529/ROS2_JAZZY_TUTORIAL/ros2_learning_ws/install/battery_state/share/ament_index/resource_index/packages/battery_state
[8.318s] -- Up-to-date: /home/newir529/ROS2_JAZZY_TUTORIAL/ros2_learning_ws/install/battery_state/share/battery_state/cmake/export_battery_state__rosidl_generator_cExport.cmake
[8.318s] -- Up-to-date: /home/newir529/ROS2_JAZZY_TUTORIAL/ros2_learning_ws/install/battery_state/share/battery_state/cmake/export_battery_state__rosidl_generator_cExport-noconfig.cmake
[8.319s] -- Up-to-date: /home/newir529/ROS2_JAZZY_TUTORIAL/ros2_learning_ws/install/battery_state/share/battery_state/cmake/export_battery_state__rosidl_typesupport_fastrtps_cExport.cmake
[8.319s] -- Up-to-date: /home/newir529/ROS2_JAZZY_TUTORIAL/ros2_learning_ws/install/battery_state/share/battery_state/cmake/export_battery_state__rosidl_typesupport_fastrtps_cExport-noconfig.cmake
[8.319s] -- Up-to-date: /home/newir529/ROS2_JAZZY_TUTORIAL/ros2_learning_ws/install/battery_state/share/battery_state/cmake/battery_state__rosidl_typesupport_introspection_cExport.cmake
[8.319s] -- Up-to-date: /home/newir529/ROS2_JAZZY_TUTORIAL/ros2_learning_ws/install/battery_state/share/battery_state/cmake/battery_state__rosidl_typesupport_introspection_cExport-noconfig.cmake
[8.319s] -- Up-to-date: /home/newir529/ROS2_JAZZY_TUTORIAL/ros2_learning_ws/install/battery_state/share/battery_state/cmake/battery_state__rosidl_typesupport_cExport.cmake
[8.319s] -- Up-to-date: /home/newir529/ROS2_JAZZY_TUTORIAL/ros2_learning_ws/install/battery_state/share/battery_state/cmake/battery_state__rosidl_typesupport_cExport-noconfig.cmake
[8.319s] -- Up-to-date: /home/newir529/ROS2_JAZZY_TUTORIAL/ros2_learning_ws/install/battery_state/share/battery_state/cmake/export_battery_state__rosidl_generator_cppExport.cmake
[8.320s] -- Up-to-date: /home/newir529/ROS2_JAZZY_TUTORIAL/ros2_learning_ws/install/battery_state/share/battery_state/cmake/export_battery_state__rosidl_typesupport_fastrtps_cppExport.cmake
[8.320s] -- Up-to-date: /home/newir529/ROS2_JAZZY_TUTORIAL/ros2_learning_ws/install/battery_state/share/battery_state/cmake/export_battery_state__rosidl_typesupport_fastrtps_cppExport-noconfig.cmake
[8.320s] -- Up-to-date: /home/newir529/ROS2_JAZZY_TUTORIAL/ros2_learning_ws/install/battery_state/share/battery_state/cmake/battery_state__rosidl_typesupport_introspection_cppExport.cmake
[8.320s] -- Up-to-date: /home/newir529/ROS2_JAZZY_TUTORIAL/ros2_learning_ws/install/battery_state/share/battery_state/cmake/battery_state__rosidl_typesupport_introspection_cppExport-noconfig.cmake
[8.320s] -- Up-to-date: /home/newir529/ROS2_JAZZY_TUTORIAL/ros2_learning_ws/install/battery_state/share/battery_state/cmake/battery_state__rosidl_typesupport_cppExport.cmake
[8.320s] -- Up-to-date: /home/newir529/ROS2_JAZZY_TUTORIAL/ros2_learning_ws/install/battery_state/share/battery_state/cmake/battery_state__rosidl_typesupport_cppExport-noconfig.cmake
[8.320s] -- Up-to-date: /home/newir529/ROS2_JAZZY_TUTORIAL/ros2_learning_ws/install/battery_state/share/battery_state/cmake/export_battery_state__rosidl_generator_pyExport.cmake
[8.320s] -- Up-to-date: /home/newir529/ROS2_JAZZY_TUTORIAL/ros2_learning_ws/install/battery_state/share/battery_state/cmake/export_battery_state__rosidl_generator_pyExport-noconfig.cmake
[8.320s] -- Up-to-date: /home/newir529/ROS2_JAZZY_TUTORIAL/ros2_learning_ws/install/battery_state/share/battery_state/cmake/rosidl_cmake-extras.cmake
[8.321s] -- Up-to-date: /home/newir529/ROS2_JAZZY_TUTORIAL/ros2_learning_ws/install/battery_state/share/battery_state/cmake/ament_cmake_export_dependencies-extras.cmake
[8.321s] -- Up-to-date: /home/newir529/ROS2_JAZZY_TUTORIAL/ros2_learning_ws/install/battery_state/share/battery_state/cmake/ament_cmake_export_include_directories-extras.cmake
[8.321s] -- Up-to-date: /home/newir529/ROS2_JAZZY_TUTORIAL/ros2_learning_ws/install/battery_state/share/battery_state/cmake/ament_cmake_export_libraries-extras.cmake
[8.321s] -- Up-to-date: /home/newir529/ROS2_JAZZY_TUTORIAL/ros2_learning_ws/install/battery_state/share/battery_state/cmake/ament_cmake_export_targets-extras.cmake
[8.321s] -- Up-to-date: /home/newir529/ROS2_JAZZY_TUTORIAL/ros2_learning_ws/install/battery_state/share/battery_state/cmake/rosidl_cmake_export_typesupport_targets-extras.cmake
[8.321s] -- Up-to-date: /home/newir529/ROS2_JAZZY_TUTORIAL/ros2_learning_ws/install/battery_state/share/battery_state/cmake/rosidl_cmake_export_typesupport_libraries-extras.cmake
[8.321s] -- Up-to-date: /home/newir529/ROS2_JAZZY_TUTORIAL/ros2_learning_ws/install/battery_state/share/battery_state/cmake/battery_stateConfig.cmake
[8.321s] -- Up-to-date: /home/newir529/ROS2_JAZZY_TUTORIAL/ros2_learning_ws/install/battery_state/share/battery_state/cmake/battery_stateConfig-version.cmake
[8.321s] -- Up-to-date: /home/newir529/ROS2_JAZZY_TUTORIAL/ros2_learning_ws/install/battery_state/share/battery_state/package.xml
[8.322s] Invoked command in '/home/newir529/ROS2_JAZZY_TUTORIAL/ros2_learning_ws/build/battery_state' returned '0': CMAKE_PREFIX_PATH=${CMAKE_PREFIX_PATH}:/opt/ros/jazzy DEBUGINFOD_URLS=https://debuginfod.ubuntu.com /usr/bin/cmake --install /home/newir529/ROS2_JAZZY_TUTORIAL/ros2_learning_ws/build/battery_state
