[3.611s] Invoking command in '/home/newir529/ROS2_JAZZY_TUTORIAL/ros2_learning_ws/build/turtlesim_manipulation': DEBUGINFOD_URLS=https://debuginfod.ubuntu.com PYTHONPATH=/home/newir529/ROS2_JAZZY_TUTORIAL/ros2_learning_ws/build/turtlesim_manipulation/prefix_override:/usr/lib/python3/dist-packages/colcon_core/task/python/colcon_distutils_commands:/home/newir529/ROS2_JAZZY_TUTORIAL/ros2_learning_ws/install/turtlesim_manipulation/lib/python3.12/site-packages:${PYTHONPATH} /usr/bin/python3 -W ignore:setup.py install is deprecated -W ignore:easy_install command is deprecated setup.py develop --uninstall --editable --build-directory /home/newir529/ROS2_JAZZY_TUTORIAL/ros2_learning_ws/build/turtlesim_manipulation/build
[4.705s] running develop
[5.371s] Removing /home/newir529/ROS2_JAZZY_TUTORIAL/ros2_learning_ws/install/turtlesim_manipulation/lib/python3.12/site-packages/turtlesim-manipulation.egg-link (link to .)
[5.434s] Invoked command in '/home/newir529/ROS2_JAZZY_TUTORIAL/ros2_learning_ws/build/turtlesim_manipulation' returned '0': DEBUGINFOD_URLS=https://debuginfod.ubuntu.com PYTHONPATH=/home/newir529/ROS2_JAZZY_TUTORIAL/ros2_learning_ws/build/turtlesim_manipulation/prefix_override:/usr/lib/python3/dist-packages/colcon_core/task/python/colcon_distutils_commands:/home/newir529/ROS2_JAZZY_TUTORIAL/ros2_learning_ws/install/turtlesim_manipulation/lib/python3.12/site-packages:${PYTHONPATH} /usr/bin/python3 -W ignore:setup.py install is deprecated -W ignore:easy_install command is deprecated setup.py develop --uninstall --editable --build-directory /home/newir529/ROS2_JAZZY_TUTORIAL/ros2_learning_ws/build/turtlesim_manipulation/build
[5.438s] Invoking command in '/home/newir529/ROS2_JAZZY_TUTORIAL/ros2_learning_ws/src/turtlesim_manipulation': DEBUGINFOD_URLS=https://debuginfod.ubuntu.com PYTHONPATH=/home/newir529/ROS2_JAZZY_TUTORIAL/ros2_learning_ws/build/turtlesim_manipulation/prefix_override:/usr/lib/python3/dist-packages/colcon_core/task/python/colcon_distutils_commands:/home/newir529/ROS2_JAZZY_TUTORIAL/ros2_learning_ws/install/turtlesim_manipulation/lib/python3.12/site-packages:${PYTHONPATH} /usr/bin/python3 -W ignore:setup.py install is deprecated -W ignore:easy_install command is deprecated setup.py egg_info --egg-base ../../build/turtlesim_manipulation build --build-base /home/newir529/ROS2_JAZZY_TUTORIAL/ros2_learning_ws/build/turtlesim_manipulation/build install --record /home/newir529/ROS2_JAZZY_TUTORIAL/ros2_learning_ws/build/turtlesim_manipulation/install.log --single-version-externally-managed install_data --force
[6.025s] running egg_info
[6.059s] writing ../../build/turtlesim_manipulation/turtlesim_manipulation.egg-info/PKG-INFO
[6.059s] writing dependency_links to ../../build/turtlesim_manipulation/turtlesim_manipulation.egg-info/dependency_links.txt
[6.060s] writing entry points to ../../build/turtlesim_manipulation/turtlesim_manipulation.egg-info/entry_points.txt
[6.060s] writing requirements to ../../build/turtlesim_manipulation/turtlesim_manipulation.egg-info/requires.txt
[6.060s] writing top-level names to ../../build/turtlesim_manipulation/turtlesim_manipulation.egg-info/top_level.txt
[6.176s] reading manifest file '../../build/turtlesim_manipulation/turtlesim_manipulation.egg-info/SOURCES.txt'
[6.178s] writing manifest file '../../build/turtlesim_manipulation/turtlesim_manipulation.egg-info/SOURCES.txt'
[6.178s] running build
[6.178s] running build_py
[6.178s] creating /home/newir529/ROS2_JAZZY_TUTORIAL/ros2_learning_ws/build/turtlesim_manipulation/build
[6.179s] creating /home/newir529/ROS2_JAZZY_TUTORIAL/ros2_learning_ws/build/turtlesim_manipulation/build/lib
[6.179s] creating /home/newir529/ROS2_JAZZY_TUTORIAL/ros2_learning_ws/build/turtlesim_manipulation/build/lib/turtlesim_manipulation
[6.179s] copying turtlesim_manipulation/traveler_turtle.py -> /home/newir529/ROS2_JAZZY_TUTORIAL/ros2_learning_ws/build/turtlesim_manipulation/build/lib/turtlesim_manipulation
[6.179s] copying turtlesim_manipulation/draw_circle.py -> /home/newir529/ROS2_JAZZY_TUTORIAL/ros2_learning_ws/build/turtlesim_manipulation/build/lib/turtlesim_manipulation
[6.180s] copying turtlesim_manipulation/__init__.py -> /home/newir529/ROS2_JAZZY_TUTORIAL/ros2_learning_ws/build/turtlesim_manipulation/build/lib/turtlesim_manipulation
[6.180s] running install
[6.190s] running install_lib
[6.270s] creating /home/newir529/ROS2_JAZZY_TUTORIAL/ros2_learning_ws/install/turtlesim_manipulation/lib/python3.12/site-packages/turtlesim_manipulation
[6.270s] copying /home/newir529/ROS2_JAZZY_TUTORIAL/ros2_learning_ws/build/turtlesim_manipulation/build/lib/turtlesim_manipulation/traveler_turtle.py -> /home/newir529/ROS2_JAZZY_TUTORIAL/ros2_learning_ws/install/turtlesim_manipulation/lib/python3.12/site-packages/turtlesim_manipulation
[6.271s] copying /home/newir529/ROS2_JAZZY_TUTORIAL/ros2_learning_ws/build/turtlesim_manipulation/build/lib/turtlesim_manipulation/draw_circle.py -> /home/newir529/ROS2_JAZZY_TUTORIAL/ros2_learning_ws/install/turtlesim_manipulation/lib/python3.12/site-packages/turtlesim_manipulation
[6.271s] copying /home/newir529/ROS2_JAZZY_TUTORIAL/ros2_learning_ws/build/turtlesim_manipulation/build/lib/turtlesim_manipulation/__init__.py -> /home/newir529/ROS2_JAZZY_TUTORIAL/ros2_learning_ws/install/turtlesim_manipulation/lib/python3.12/site-packages/turtlesim_manipulation
[6.272s] byte-compiling /home/newir529/ROS2_JAZZY_TUTORIAL/ros2_learning_ws/install/turtlesim_manipulation/lib/python3.12/site-packages/turtlesim_manipulation/traveler_turtle.py to traveler_turtle.cpython-312.pyc
[6.274s] byte-compiling /home/newir529/ROS2_JAZZY_TUTORIAL/ros2_learning_ws/install/turtlesim_manipulation/lib/python3.12/site-packages/turtlesim_manipulation/draw_circle.py to draw_circle.cpython-312.pyc
[6.275s] byte-compiling /home/newir529/ROS2_JAZZY_TUTORIAL/ros2_learning_ws/install/turtlesim_manipulation/lib/python3.12/site-packages/turtlesim_manipulation/__init__.py to __init__.cpython-312.pyc
[6.276s] running install_data
[6.276s] copying resource/turtlesim_manipulation -> /home/newir529/ROS2_JAZZY_TUTORIAL/ros2_learning_ws/install/turtlesim_manipulation/share/ament_index/resource_index/packages
[6.276s] copying package.xml -> /home/newir529/ROS2_JAZZY_TUTORIAL/ros2_learning_ws/install/turtlesim_manipulation/share/turtlesim_manipulation
[6.277s] running install_egg_info
[6.319s] Copying ../../build/turtlesim_manipulation/turtlesim_manipulation.egg-info to /home/newir529/ROS2_JAZZY_TUTORIAL/ros2_learning_ws/install/turtlesim_manipulation/lib/python3.12/site-packages/turtlesim_manipulation-0.0.0-py3.12.egg-info
[6.321s] running install_scripts
[6.761s] Installing draw_circle script to /home/newir529/ROS2_JAZZY_TUTORIAL/ros2_learning_ws/install/turtlesim_manipulation/lib/turtlesim_manipulation
[6.762s] Installing traveler_turtle script to /home/newir529/ROS2_JAZZY_TUTORIAL/ros2_learning_ws/install/turtlesim_manipulation/lib/turtlesim_manipulation
[6.764s] writing list of installed files to '/home/newir529/ROS2_JAZZY_TUTORIAL/ros2_learning_ws/build/turtlesim_manipulation/install.log'
[6.893s] Invoked command in '/home/newir529/ROS2_JAZZY_TUTORIAL/ros2_learning_ws/src/turtlesim_manipulation' returned '0': DEBUGINFOD_URLS=https://debuginfod.ubuntu.com PYTHONPATH=/home/newir529/ROS2_JAZZY_TUTORIAL/ros2_learning_ws/build/turtlesim_manipulation/prefix_override:/usr/lib/python3/dist-packages/colcon_core/task/python/colcon_distutils_commands:/home/newir529/ROS2_JAZZY_TUTORIAL/ros2_learning_ws/install/turtlesim_manipulation/lib/python3.12/site-packages:${PYTHONPATH} /usr/bin/python3 -W ignore:setup.py install is deprecated -W ignore:easy_install command is deprecated setup.py egg_info --egg-base ../../build/turtlesim_manipulation build --build-base /home/newir529/ROS2_JAZZY_TUTORIAL/ros2_learning_ws/build/turtlesim_manipulation/build install --record /home/newir529/ROS2_JAZZY_TUTORIAL/ros2_learning_ws/build/turtlesim_manipulation/install.log --single-version-externally-managed install_data --force
