-- Found ament_cmake: 2.5.2 (/opt/ros/jazzy/share/ament_cmake/cmake)
-- Found Python3: /usr/bin/python3 (found version "3.12.3") found components: Interpreter 
-- Found rosidl_default_generators: 1.6.0 (/opt/ros/jazzy/share/rosidl_default_generators/cmake)
-- Using all available rosidl_typesupport_c: rosidl_typesupport_fastrtps_c;rosidl_typesupport_introspection_c
-- Using all available rosidl_typesupport_cpp: rosidl_typesupport_fastrtps_cpp;rosidl_typesupport_introspection_cpp
-- Found rosidl_adapter: 4.6.4 (/opt/ros/jazzy/share/rosidl_adapter/cmake)
-- Found rclcpp: 28.1.5 (/opt/ros/jazzy/share/rclcpp/cmake)
-- Found rmw_implementation_cmake: 7.3.1 (/opt/ros/jazzy/share/rmw_implementation_cmake/cmake)
-- Found rmw_fastrtps_cpp: 8.4.1 (/opt/ros/jazzy/share/rmw_fastrtps_cpp/cmake)
-- Using RMW implementation 'rmw_fastrtps_cpp' as default
-- Found rclpy: 7.1.2 (/opt/ros/jazzy/share/rclpy/cmake)
-- Found std_msgs: 5.3.5 (/opt/ros/jazzy/share/std_msgs/cmake)
-- Found ament_lint_auto: 0.17.1 (/opt/ros/jazzy/share/ament_lint_auto/cmake)
-- Added test 'flake8' to check Python code syntax and style conventions
-- Configured 'flake8' exclude dirs and/or files: 
-- Added test 'lint_cmake' to check CMake code style
-- Added test 'pep257' to check Python code against some of the docstring style conventions in PEP 257
-- Added test 'xmllint' to check XML markup files
-- Configuring done (0.9s)
-- Generating done (0.0s)
-- Build files have been written to: /home/newir529/ROS2_JAZZY_TUTORIAL/ros2_learning_ws/build/battery_state
Built target ament_cmake_python_copy_battery_state
running egg_info
creating battery_state.egg-info
writing battery_state.egg-info/PKG-INFO
writing dependency_links to battery_state.egg-info/dependency_links.txt
writing top-level names to battery_state.egg-info/top_level.txt
writing manifest file 'battery_state.egg-info/SOURCES.txt'
reading manifest file 'battery_state.egg-info/SOURCES.txt'
writing manifest file 'battery_state.egg-info/SOURCES.txt'
Built target ament_cmake_python_build_battery_state_egg
-- Install configuration: ""
-- Installing: /home/newir529/ROS2_JAZZY_TUTORIAL/ros2_learning_ws/install/battery_state/share/battery_state/environment/pythonpath.sh
-- Installing: /home/newir529/ROS2_JAZZY_TUTORIAL/ros2_learning_ws/install/battery_state/share/battery_state/environment/pythonpath.dsv
-- Installing: /home/newir529/ROS2_JAZZY_TUTORIAL/ros2_learning_ws/install/battery_state/lib/python3.12/site-packages/battery_state-0.0.0-py3.12.egg-info
-- Installing: /home/newir529/ROS2_JAZZY_TUTORIAL/ros2_learning_ws/install/battery_state/lib/python3.12/site-packages/battery_state-0.0.0-py3.12.egg-info/SOURCES.txt
-- Installing: /home/newir529/ROS2_JAZZY_TUTORIAL/ros2_learning_ws/install/battery_state/lib/python3.12/site-packages/battery_state-0.0.0-py3.12.egg-info/dependency_links.txt
-- Installing: /home/newir529/ROS2_JAZZY_TUTORIAL/ros2_learning_ws/install/battery_state/lib/python3.12/site-packages/battery_state-0.0.0-py3.12.egg-info/PKG-INFO
-- Installing: /home/newir529/ROS2_JAZZY_TUTORIAL/ros2_learning_ws/install/battery_state/lib/python3.12/site-packages/battery_state-0.0.0-py3.12.egg-info/top_level.txt
-- Installing: /home/newir529/ROS2_JAZZY_TUTORIAL/ros2_learning_ws/install/battery_state/lib/python3.12/site-packages/battery_state
-- Installing: /home/newir529/ROS2_JAZZY_TUTORIAL/ros2_learning_ws/install/battery_state/lib/python3.12/site-packages/battery_state/__init__.py
Listing '/home/newir529/ROS2_JAZZY_TUTORIAL/ros2_learning_ws/install/battery_state/lib/python3.12/site-packages/battery_state'...
Compiling '/home/newir529/ROS2_JAZZY_TUTORIAL/ros2_learning_ws/install/battery_state/lib/python3.12/site-packages/battery_state/__init__.py'...
-- Installing: /home/newir529/ROS2_JAZZY_TUTORIAL/ros2_learning_ws/install/battery_state/share/ament_index/resource_index/package_run_dependencies/battery_state
-- Installing: /home/newir529/ROS2_JAZZY_TUTORIAL/ros2_learning_ws/install/battery_state/share/ament_index/resource_index/parent_prefix_path/battery_state
-- Installing: /home/newir529/ROS2_JAZZY_TUTORIAL/ros2_learning_ws/install/battery_state/share/battery_state/environment/ament_prefix_path.sh
-- Installing: /home/newir529/ROS2_JAZZY_TUTORIAL/ros2_learning_ws/install/battery_state/share/battery_state/environment/ament_prefix_path.dsv
-- Installing: /home/newir529/ROS2_JAZZY_TUTORIAL/ros2_learning_ws/install/battery_state/share/battery_state/environment/path.sh
-- Installing: /home/newir529/ROS2_JAZZY_TUTORIAL/ros2_learning_ws/install/battery_state/share/battery_state/environment/path.dsv
-- Installing: /home/newir529/ROS2_JAZZY_TUTORIAL/ros2_learning_ws/install/battery_state/share/battery_state/local_setup.bash
-- Installing: /home/newir529/ROS2_JAZZY_TUTORIAL/ros2_learning_ws/install/battery_state/share/battery_state/local_setup.sh
-- Installing: /home/newir529/ROS2_JAZZY_TUTORIAL/ros2_learning_ws/install/battery_state/share/battery_state/local_setup.zsh
-- Installing: /home/newir529/ROS2_JAZZY_TUTORIAL/ros2_learning_ws/install/battery_state/share/battery_state/local_setup.dsv
-- Installing: /home/newir529/ROS2_JAZZY_TUTORIAL/ros2_learning_ws/install/battery_state/share/battery_state/package.dsv
-- Installing: /home/newir529/ROS2_JAZZY_TUTORIAL/ros2_learning_ws/install/battery_state/share/ament_index/resource_index/packages/battery_state
-- Installing: /home/newir529/ROS2_JAZZY_TUTORIAL/ros2_learning_ws/install/battery_state/share/battery_state/cmake/ament_cmake_export_dependencies-extras.cmake
-- Installing: /home/newir529/ROS2_JAZZY_TUTORIAL/ros2_learning_ws/install/battery_state/share/battery_state/cmake/battery_stateConfig.cmake
-- Installing: /home/newir529/ROS2_JAZZY_TUTORIAL/ros2_learning_ws/install/battery_state/share/battery_state/cmake/battery_stateConfig-version.cmake
-- Installing: /home/newir529/ROS2_JAZZY_TUTORIAL/ros2_learning_ws/install/battery_state/share/battery_state/package.xml
