[0.521s] DEBUG:colcon:Command line arguments: ['/usr/bin/colcon', 'build', '--packages-select', 'myFirst_cpp_pkg']
[0.521s] DEBUG:colcon:Parsed command line arguments: Namespace(log_base=None, log_level=None, verb_name='build', build_base='build', install_base='install', merge_install=False, symlink_install=False, test_result_base=None, continue_on_error=False, executor='parallel', parallel_workers=8, event_handlers=None, ignore_user_meta=False, metas=['./colcon.meta'], base_paths=['.'], packages_ignore=None, packages_ignore_regex=None, paths=None, packages_up_to=None, packages_up_to_regex=None, packages_above=None, packages_above_and_dependencies=None, packages_above_depth=None, packages_select_by_dep=None, packages_skip_by_dep=None, packages_skip_up_to=None, packages_select_build_failed=False, packages_skip_build_finished=False, packages_select_test_failures=False, packages_skip_test_passed=False, packages_select=['myFirst_cpp_pkg'], packages_skip=None, packages_select_regex=None, packages_skip_regex=None, packages_start=None, packages_end=None, allow_overriding=[], cmake_args=None, cmake_target=None, cmake_target_skip_unavailable=False, cmake_clean_cache=False, cmake_clean_first=False, cmake_force_configure=False, ament_cmake_args=None, catkin_cmake_args=None, catkin_skip_building_tests=False, mixin_files=None, mixin=None, verb_parser=<colcon_mixin.mixin.mixin_argument.MixinArgumentDecorator object at 0x7964433779b0>, verb_extension=<colcon_core.verb.build.BuildVerb object at 0x796443321850>, main=<bound method BuildVerb.main of <colcon_core.verb.build.BuildVerb object at 0x796443321850>>, mixin_verb=('build',))
[0.709s] Level 1:colcon.colcon_core.package_discovery:discover_packages(colcon_meta) check parameters
[0.710s] Level 1:colcon.colcon_core.package_discovery:discover_packages(recursive) check parameters
[0.710s] Level 1:colcon.colcon_core.package_discovery:discover_packages(ignore) check parameters
[0.710s] Level 1:colcon.colcon_core.package_discovery:discover_packages(path) check parameters
[0.710s] Level 1:colcon.colcon_core.package_discovery:discover_packages(colcon_meta) discover
[0.711s] Level 1:colcon.colcon_core.package_discovery:discover_packages(recursive) discover
[0.712s] INFO:colcon.colcon_core.package_discovery:Crawling recursively for packages in '/home/newir529/ROS2_JAZZY_TUTORIAL/ros2_learning_ws'
[0.712s] Level 1:colcon.colcon_core.package_identification:_identify(.) by extensions ['ignore', 'ignore_ament_install']
[0.712s] Level 1:colcon.colcon_core.package_identification:_identify(.) by extension 'ignore'
[0.713s] Level 1:colcon.colcon_core.package_identification:_identify(.) by extension 'ignore_ament_install'
[0.713s] Level 1:colcon.colcon_core.package_identification:_identify(.) by extensions ['colcon_pkg']
[0.713s] Level 1:colcon.colcon_core.package_identification:_identify(.) by extension 'colcon_pkg'
[0.713s] Level 1:colcon.colcon_core.package_identification:_identify(.) by extensions ['colcon_meta']
[0.714s] Level 1:colcon.colcon_core.package_identification:_identify(.) by extension 'colcon_meta'
[0.714s] Level 1:colcon.colcon_core.package_identification:_identify(.) by extensions ['ros']
[0.714s] Level 1:colcon.colcon_core.package_identification:_identify(.) by extension 'ros'
[0.851s] Level 1:colcon.colcon_core.package_identification:_identify(.) by extensions ['cmake', 'python']
[0.851s] Level 1:colcon.colcon_core.package_identification:_identify(.) by extension 'cmake'
[0.851s] Level 1:colcon.colcon_core.package_identification:_identify(.) by extension 'python'
[0.852s] Level 1:colcon.colcon_core.package_identification:_identify(.) by extensions ['python_setup_py']
[0.852s] Level 1:colcon.colcon_core.package_identification:_identify(.) by extension 'python_setup_py'
[0.852s] Level 1:colcon.colcon_core.package_identification:_identify(build) by extensions ['ignore', 'ignore_ament_install']
[0.853s] Level 1:colcon.colcon_core.package_identification:_identify(build) by extension 'ignore'
[0.853s] Level 1:colcon.colcon_core.package_identification:_identify(build) ignored
[0.854s] Level 1:colcon.colcon_core.package_identification:_identify(install) by extensions ['ignore', 'ignore_ament_install']
[0.854s] Level 1:colcon.colcon_core.package_identification:_identify(install) by extension 'ignore'
[0.854s] Level 1:colcon.colcon_core.package_identification:_identify(install) ignored
[0.855s] Level 1:colcon.colcon_core.package_identification:_identify(log) by extensions ['ignore', 'ignore_ament_install']
[0.855s] Level 1:colcon.colcon_core.package_identification:_identify(log) by extension 'ignore'
[0.856s] Level 1:colcon.colcon_core.package_identification:_identify(log) ignored
[0.856s] Level 1:colcon.colcon_core.package_identification:_identify(src) by extensions ['ignore', 'ignore_ament_install']
[0.856s] Level 1:colcon.colcon_core.package_identification:_identify(src) by extension 'ignore'
[0.857s] Level 1:colcon.colcon_core.package_identification:_identify(src) by extension 'ignore_ament_install'
[0.857s] Level 1:colcon.colcon_core.package_identification:_identify(src) by extensions ['colcon_pkg']
[0.858s] Level 1:colcon.colcon_core.package_identification:_identify(src) by extension 'colcon_pkg'
[0.858s] Level 1:colcon.colcon_core.package_identification:_identify(src) by extensions ['colcon_meta']
[0.858s] Level 1:colcon.colcon_core.package_identification:_identify(src) by extension 'colcon_meta'
[0.858s] Level 1:colcon.colcon_core.package_identification:_identify(src) by extensions ['ros']
[0.859s] Level 1:colcon.colcon_core.package_identification:_identify(src) by extension 'ros'
[0.859s] Level 1:colcon.colcon_core.package_identification:_identify(src) by extensions ['cmake', 'python']
[0.859s] Level 1:colcon.colcon_core.package_identification:_identify(src) by extension 'cmake'
[0.859s] Level 1:colcon.colcon_core.package_identification:_identify(src) by extension 'python'
[0.860s] Level 1:colcon.colcon_core.package_identification:_identify(src) by extensions ['python_setup_py']
[0.860s] Level 1:colcon.colcon_core.package_identification:_identify(src) by extension 'python_setup_py'
[0.860s] Level 1:colcon.colcon_core.package_identification:_identify(src/first_py_pkg) by extensions ['ignore', 'ignore_ament_install']
[0.861s] Level 1:colcon.colcon_core.package_identification:_identify(src/first_py_pkg) by extension 'ignore'
[0.861s] Level 1:colcon.colcon_core.package_identification:_identify(src/first_py_pkg) by extension 'ignore_ament_install'
[0.861s] Level 1:colcon.colcon_core.package_identification:_identify(src/first_py_pkg) by extensions ['colcon_pkg']
[0.862s] Level 1:colcon.colcon_core.package_identification:_identify(src/first_py_pkg) by extension 'colcon_pkg'
[0.862s] Level 1:colcon.colcon_core.package_identification:_identify(src/first_py_pkg) by extensions ['colcon_meta']
[0.862s] Level 1:colcon.colcon_core.package_identification:_identify(src/first_py_pkg) by extension 'colcon_meta'
[0.862s] Level 1:colcon.colcon_core.package_identification:_identify(src/first_py_pkg) by extensions ['ros']
[0.862s] Level 1:colcon.colcon_core.package_identification:_identify(src/first_py_pkg) by extension 'ros'
[0.873s] DEBUG:colcon.colcon_core.package_identification:Package 'src/first_py_pkg' with type 'ros.ament_python' and name 'first_py_pkg'
[0.873s] Level 1:colcon.colcon_core.package_identification:_identify(src/myFirst_cpp_pkg) by extensions ['ignore', 'ignore_ament_install']
[0.874s] Level 1:colcon.colcon_core.package_identification:_identify(src/myFirst_cpp_pkg) by extension 'ignore'
[0.874s] Level 1:colcon.colcon_core.package_identification:_identify(src/myFirst_cpp_pkg) by extension 'ignore_ament_install'
[0.874s] Level 1:colcon.colcon_core.package_identification:_identify(src/myFirst_cpp_pkg) by extensions ['colcon_pkg']
[0.875s] Level 1:colcon.colcon_core.package_identification:_identify(src/myFirst_cpp_pkg) by extension 'colcon_pkg'
[0.875s] Level 1:colcon.colcon_core.package_identification:_identify(src/myFirst_cpp_pkg) by extensions ['colcon_meta']
[0.875s] Level 1:colcon.colcon_core.package_identification:_identify(src/myFirst_cpp_pkg) by extension 'colcon_meta'
[0.875s] Level 1:colcon.colcon_core.package_identification:_identify(src/myFirst_cpp_pkg) by extensions ['ros']
[0.875s] Level 1:colcon.colcon_core.package_identification:_identify(src/myFirst_cpp_pkg) by extension 'ros'
[0.878s] DEBUG:colcon.colcon_core.package_identification:Package 'src/myFirst_cpp_pkg' with type 'ros.ament_cmake' and name 'myFirst_cpp_pkg'
[0.878s] Level 1:colcon.colcon_core.package_identification:_identify(src/turtlesim_manipulation) by extensions ['ignore', 'ignore_ament_install']
[0.879s] Level 1:colcon.colcon_core.package_identification:_identify(src/turtlesim_manipulation) by extension 'ignore'
[0.879s] Level 1:colcon.colcon_core.package_identification:_identify(src/turtlesim_manipulation) by extension 'ignore_ament_install'
[0.879s] Level 1:colcon.colcon_core.package_identification:_identify(src/turtlesim_manipulation) by extensions ['colcon_pkg']
[0.880s] Level 1:colcon.colcon_core.package_identification:_identify(src/turtlesim_manipulation) by extension 'colcon_pkg'
[0.880s] Level 1:colcon.colcon_core.package_identification:_identify(src/turtlesim_manipulation) by extensions ['colcon_meta']
[0.880s] Level 1:colcon.colcon_core.package_identification:_identify(src/turtlesim_manipulation) by extension 'colcon_meta'
[0.880s] Level 1:colcon.colcon_core.package_identification:_identify(src/turtlesim_manipulation) by extensions ['ros']
[0.880s] Level 1:colcon.colcon_core.package_identification:_identify(src/turtlesim_manipulation) by extension 'ros'
[0.883s] DEBUG:colcon.colcon_core.package_identification:Package 'src/turtlesim_manipulation' with type 'ros.ament_python' and name 'turtlesim_manipulation'
[0.884s] Level 1:colcon.colcon_core.package_discovery:discover_packages(recursive) using defaults
[0.884s] Level 1:colcon.colcon_core.package_discovery:discover_packages(ignore) discover
[0.884s] Level 1:colcon.colcon_core.package_discovery:discover_packages(ignore) using defaults
[0.884s] Level 1:colcon.colcon_core.package_discovery:discover_packages(path) discover
[0.884s] Level 1:colcon.colcon_core.package_discovery:discover_packages(path) using defaults
[0.977s] INFO:colcon.colcon_core.package_selection:Skipping not selected package 'first_py_pkg' in 'src/first_py_pkg'
[0.977s] INFO:colcon.colcon_core.package_selection:Skipping not selected package 'turtlesim_manipulation' in 'src/turtlesim_manipulation'
[0.979s] Level 1:colcon.colcon_core.package_discovery:discover_packages(prefix_path) check parameters
[0.979s] Level 1:colcon.colcon_core.package_discovery:discover_packages(prefix_path) discover
[0.987s] DEBUG:colcon.colcon_installed_package_information.package_discovery:Found 3 installed packages in /home/newir529/ROS2_JAZZY_TUTORIAL/ros2_learning_ws/install
[0.995s] DEBUG:colcon.colcon_installed_package_information.package_discovery:Found 285 installed packages in /opt/ros/jazzy
[1.001s] Level 1:colcon.colcon_core.package_discovery:discover_packages(prefix_path) using defaults
[1.224s] Level 5:colcon.colcon_core.verb:set package 'myFirst_cpp_pkg' build argument 'cmake_args' from command line to 'None'
[1.224s] Level 5:colcon.colcon_core.verb:set package 'myFirst_cpp_pkg' build argument 'cmake_target' from command line to 'None'
[1.224s] Level 5:colcon.colcon_core.verb:set package 'myFirst_cpp_pkg' build argument 'cmake_target_skip_unavailable' from command line to 'False'
[1.225s] Level 5:colcon.colcon_core.verb:set package 'myFirst_cpp_pkg' build argument 'cmake_clean_cache' from command line to 'False'
[1.225s] Level 5:colcon.colcon_core.verb:set package 'myFirst_cpp_pkg' build argument 'cmake_clean_first' from command line to 'False'
[1.225s] Level 5:colcon.colcon_core.verb:set package 'myFirst_cpp_pkg' build argument 'cmake_force_configure' from command line to 'False'
[1.225s] Level 5:colcon.colcon_core.verb:set package 'myFirst_cpp_pkg' build argument 'ament_cmake_args' from command line to 'None'
[1.225s] Level 5:colcon.colcon_core.verb:set package 'myFirst_cpp_pkg' build argument 'catkin_cmake_args' from command line to 'None'
[1.225s] Level 5:colcon.colcon_core.verb:set package 'myFirst_cpp_pkg' build argument 'catkin_skip_building_tests' from command line to 'False'
[1.225s] DEBUG:colcon.colcon_core.verb:Building package 'myFirst_cpp_pkg' with the following arguments: {'ament_cmake_args': None, 'build_base': '/home/newir529/ROS2_JAZZY_TUTORIAL/ros2_learning_ws/build/myFirst_cpp_pkg', 'catkin_cmake_args': None, 'catkin_skip_building_tests': False, 'cmake_args': None, 'cmake_clean_cache': False, 'cmake_clean_first': False, 'cmake_force_configure': False, 'cmake_target': None, 'cmake_target_skip_unavailable': False, 'install_base': '/home/newir529/ROS2_JAZZY_TUTORIAL/ros2_learning_ws/install/myFirst_cpp_pkg', 'merge_install': False, 'path': '/home/newir529/ROS2_JAZZY_TUTORIAL/ros2_learning_ws/src/myFirst_cpp_pkg', 'symlink_install': False, 'test_result_base': None}
[1.226s] INFO:colcon.colcon_core.executor:Executing jobs using 'parallel' executor
[1.228s] DEBUG:colcon.colcon_parallel_executor.executor.parallel:run_until_complete
[1.229s] INFO:colcon.colcon_ros.task.ament_cmake.build:Building ROS package in '/home/newir529/ROS2_JAZZY_TUTORIAL/ros2_learning_ws/src/myFirst_cpp_pkg' with build type 'ament_cmake'
[1.230s] INFO:colcon.colcon_cmake.task.cmake.build:Building CMake package in '/home/newir529/ROS2_JAZZY_TUTORIAL/ros2_learning_ws/src/myFirst_cpp_pkg'
[1.243s] INFO:colcon.colcon_core.plugin_system:Skipping extension 'colcon_core.shell.bat': Not used on non-Windows systems
[1.244s] INFO:colcon.colcon_core.shell:Skip shell extension 'powershell' for command environment: Not usable outside of PowerShell
[1.245s] DEBUG:colcon.colcon_core.shell:Skip shell extension 'dsv' for command environment
[1.293s] DEBUG:colcon.colcon_core.event_handler.log_command:Invoking command in '/home/newir529/ROS2_JAZZY_TUTORIAL/ros2_learning_ws/build/myFirst_cpp_pkg': CMAKE_PREFIX_PATH=${CMAKE_PREFIX_PATH}:/home/newir529/ROS2_JAZZY_TUTORIAL/ros2_learning_ws/install/turtlesim_manipulation:/home/newir529/ROS2_JAZZY_TUTORIAL/ros2_learning_ws/install/first_py_pkg:/opt/ros/jazzy DEBUGINFOD_URLS=https://debuginfod.ubuntu.com /usr/bin/cmake --build /home/newir529/ROS2_JAZZY_TUTORIAL/ros2_learning_ws/build/myFirst_cpp_pkg -- -j8 -l8
[40.790s] DEBUG:colcon.colcon_core.event_handler.log_command:Invoked command in '/home/newir529/ROS2_JAZZY_TUTORIAL/ros2_learning_ws/build/myFirst_cpp_pkg' returned '0': CMAKE_PREFIX_PATH=${CMAKE_PREFIX_PATH}:/home/newir529/ROS2_JAZZY_TUTORIAL/ros2_learning_ws/install/turtlesim_manipulation:/home/newir529/ROS2_JAZZY_TUTORIAL/ros2_learning_ws/install/first_py_pkg:/opt/ros/jazzy DEBUGINFOD_URLS=https://debuginfod.ubuntu.com /usr/bin/cmake --build /home/newir529/ROS2_JAZZY_TUTORIAL/ros2_learning_ws/build/myFirst_cpp_pkg -- -j8 -l8
[40.834s] DEBUG:colcon.colcon_core.event_handler.log_command:Invoking command in '/home/newir529/ROS2_JAZZY_TUTORIAL/ros2_learning_ws/build/myFirst_cpp_pkg': CMAKE_PREFIX_PATH=${CMAKE_PREFIX_PATH}:/home/newir529/ROS2_JAZZY_TUTORIAL/ros2_learning_ws/install/turtlesim_manipulation:/home/newir529/ROS2_JAZZY_TUTORIAL/ros2_learning_ws/install/first_py_pkg:/opt/ros/jazzy DEBUGINFOD_URLS=https://debuginfod.ubuntu.com /usr/bin/cmake --install /home/newir529/ROS2_JAZZY_TUTORIAL/ros2_learning_ws/build/myFirst_cpp_pkg
[40.897s] Level 1:colcon.colcon_core.environment:create_environment_scripts_only(myFirst_cpp_pkg)
[40.899s] DEBUG:colcon.colcon_core.event_handler.log_command:Invoked command in '/home/newir529/ROS2_JAZZY_TUTORIAL/ros2_learning_ws/build/myFirst_cpp_pkg' returned '0': CMAKE_PREFIX_PATH=${CMAKE_PREFIX_PATH}:/home/newir529/ROS2_JAZZY_TUTORIAL/ros2_learning_ws/install/turtlesim_manipulation:/home/newir529/ROS2_JAZZY_TUTORIAL/ros2_learning_ws/install/first_py_pkg:/opt/ros/jazzy DEBUGINFOD_URLS=https://debuginfod.ubuntu.com /usr/bin/cmake --install /home/newir529/ROS2_JAZZY_TUTORIAL/ros2_learning_ws/build/myFirst_cpp_pkg
[40.908s] Level 1:colcon.colcon_core.environment:checking '/home/newir529/ROS2_JAZZY_TUTORIAL/ros2_learning_ws/install/myFirst_cpp_pkg' for CMake module files
[40.910s] Level 1:colcon.colcon_core.environment:checking '/home/newir529/ROS2_JAZZY_TUTORIAL/ros2_learning_ws/install/myFirst_cpp_pkg' for CMake config files
[40.912s] Level 1:colcon.colcon_core.shell:create_environment_hook('myFirst_cpp_pkg', 'cmake_prefix_path')
[40.912s] INFO:colcon.colcon_core.shell:Creating environment hook '/home/newir529/ROS2_JAZZY_TUTORIAL/ros2_learning_ws/install/myFirst_cpp_pkg/share/myFirst_cpp_pkg/hook/cmake_prefix_path.ps1'
[40.915s] INFO:colcon.colcon_core.shell:Creating environment descriptor '/home/newir529/ROS2_JAZZY_TUTORIAL/ros2_learning_ws/install/myFirst_cpp_pkg/share/myFirst_cpp_pkg/hook/cmake_prefix_path.dsv'
[40.917s] INFO:colcon.colcon_core.shell:Creating environment hook '/home/newir529/ROS2_JAZZY_TUTORIAL/ros2_learning_ws/install/myFirst_cpp_pkg/share/myFirst_cpp_pkg/hook/cmake_prefix_path.sh'
[40.920s] Level 1:colcon.colcon_core.environment:checking '/home/newir529/ROS2_JAZZY_TUTORIAL/ros2_learning_ws/install/myFirst_cpp_pkg/lib'
[40.921s] Level 1:colcon.colcon_core.environment:checking '/home/newir529/ROS2_JAZZY_TUTORIAL/ros2_learning_ws/install/myFirst_cpp_pkg/bin'
[40.922s] Level 1:colcon.colcon_core.environment:checking '/home/newir529/ROS2_JAZZY_TUTORIAL/ros2_learning_ws/install/myFirst_cpp_pkg/lib/pkgconfig/myFirst_cpp_pkg.pc'
[40.923s] Level 1:colcon.colcon_core.environment:checking '/home/newir529/ROS2_JAZZY_TUTORIAL/ros2_learning_ws/install/myFirst_cpp_pkg/lib/python3.12/site-packages'
[40.924s] Level 1:colcon.colcon_core.environment:checking '/home/newir529/ROS2_JAZZY_TUTORIAL/ros2_learning_ws/install/myFirst_cpp_pkg/bin'
[40.925s] INFO:colcon.colcon_core.shell:Creating package script '/home/newir529/ROS2_JAZZY_TUTORIAL/ros2_learning_ws/install/myFirst_cpp_pkg/share/myFirst_cpp_pkg/package.ps1'
[40.928s] INFO:colcon.colcon_core.shell:Creating package descriptor '/home/newir529/ROS2_JAZZY_TUTORIAL/ros2_learning_ws/install/myFirst_cpp_pkg/share/myFirst_cpp_pkg/package.dsv'
[40.930s] INFO:colcon.colcon_core.shell:Creating package script '/home/newir529/ROS2_JAZZY_TUTORIAL/ros2_learning_ws/install/myFirst_cpp_pkg/share/myFirst_cpp_pkg/package.sh'
[40.933s] INFO:colcon.colcon_core.shell:Creating package script '/home/newir529/ROS2_JAZZY_TUTORIAL/ros2_learning_ws/install/myFirst_cpp_pkg/share/myFirst_cpp_pkg/package.bash'
[40.936s] INFO:colcon.colcon_core.shell:Creating package script '/home/newir529/ROS2_JAZZY_TUTORIAL/ros2_learning_ws/install/myFirst_cpp_pkg/share/myFirst_cpp_pkg/package.zsh'
[40.938s] Level 1:colcon.colcon_core.environment:create_file_with_runtime_dependencies(/home/newir529/ROS2_JAZZY_TUTORIAL/ros2_learning_ws/install/myFirst_cpp_pkg/share/colcon-core/packages/myFirst_cpp_pkg)
[40.940s] Level 1:colcon.colcon_core.environment:create_environment_scripts_only(myFirst_cpp_pkg)
[40.941s] Level 1:colcon.colcon_core.environment:checking '/home/newir529/ROS2_JAZZY_TUTORIAL/ros2_learning_ws/install/myFirst_cpp_pkg' for CMake module files
[40.943s] Level 1:colcon.colcon_core.environment:checking '/home/newir529/ROS2_JAZZY_TUTORIAL/ros2_learning_ws/install/myFirst_cpp_pkg' for CMake config files
[40.944s] Level 1:colcon.colcon_core.shell:create_environment_hook('myFirst_cpp_pkg', 'cmake_prefix_path')
[40.945s] INFO:colcon.colcon_core.shell:Creating environment hook '/home/newir529/ROS2_JAZZY_TUTORIAL/ros2_learning_ws/install/myFirst_cpp_pkg/share/myFirst_cpp_pkg/hook/cmake_prefix_path.ps1'
[40.947s] INFO:colcon.colcon_core.shell:Creating environment descriptor '/home/newir529/ROS2_JAZZY_TUTORIAL/ros2_learning_ws/install/myFirst_cpp_pkg/share/myFirst_cpp_pkg/hook/cmake_prefix_path.dsv'
[40.948s] INFO:colcon.colcon_core.shell:Creating environment hook '/home/newir529/ROS2_JAZZY_TUTORIAL/ros2_learning_ws/install/myFirst_cpp_pkg/share/myFirst_cpp_pkg/hook/cmake_prefix_path.sh'
[40.950s] Level 1:colcon.colcon_core.environment:checking '/home/newir529/ROS2_JAZZY_TUTORIAL/ros2_learning_ws/install/myFirst_cpp_pkg/lib'
[40.951s] Level 1:colcon.colcon_core.environment:checking '/home/newir529/ROS2_JAZZY_TUTORIAL/ros2_learning_ws/install/myFirst_cpp_pkg/bin'
[40.951s] Level 1:colcon.colcon_core.environment:checking '/home/newir529/ROS2_JAZZY_TUTORIAL/ros2_learning_ws/install/myFirst_cpp_pkg/lib/pkgconfig/myFirst_cpp_pkg.pc'
[40.952s] Level 1:colcon.colcon_core.environment:checking '/home/newir529/ROS2_JAZZY_TUTORIAL/ros2_learning_ws/install/myFirst_cpp_pkg/lib/python3.12/site-packages'
[40.953s] Level 1:colcon.colcon_core.environment:checking '/home/newir529/ROS2_JAZZY_TUTORIAL/ros2_learning_ws/install/myFirst_cpp_pkg/bin'
[40.954s] INFO:colcon.colcon_core.shell:Creating package script '/home/newir529/ROS2_JAZZY_TUTORIAL/ros2_learning_ws/install/myFirst_cpp_pkg/share/myFirst_cpp_pkg/package.ps1'
[40.956s] INFO:colcon.colcon_core.shell:Creating package descriptor '/home/newir529/ROS2_JAZZY_TUTORIAL/ros2_learning_ws/install/myFirst_cpp_pkg/share/myFirst_cpp_pkg/package.dsv'
[40.958s] INFO:colcon.colcon_core.shell:Creating package script '/home/newir529/ROS2_JAZZY_TUTORIAL/ros2_learning_ws/install/myFirst_cpp_pkg/share/myFirst_cpp_pkg/package.sh'
[40.960s] INFO:colcon.colcon_core.shell:Creating package script '/home/newir529/ROS2_JAZZY_TUTORIAL/ros2_learning_ws/install/myFirst_cpp_pkg/share/myFirst_cpp_pkg/package.bash'
[40.962s] INFO:colcon.colcon_core.shell:Creating package script '/home/newir529/ROS2_JAZZY_TUTORIAL/ros2_learning_ws/install/myFirst_cpp_pkg/share/myFirst_cpp_pkg/package.zsh'
[40.963s] Level 1:colcon.colcon_core.environment:create_file_with_runtime_dependencies(/home/newir529/ROS2_JAZZY_TUTORIAL/ros2_learning_ws/install/myFirst_cpp_pkg/share/colcon-core/packages/myFirst_cpp_pkg)
[40.964s] DEBUG:colcon.colcon_parallel_executor.executor.parallel:closing loop
[40.966s] DEBUG:colcon.colcon_parallel_executor.executor.parallel:loop closed
[40.967s] DEBUG:colcon.colcon_parallel_executor.executor.parallel:run_until_complete finished with '0'
[40.968s] DEBUG:colcon.colcon_core.event_reactor:joining thread
[40.993s] INFO:colcon.colcon_core.plugin_system:Skipping extension 'colcon_notification.desktop_notification.terminal_notifier': Not used on non-Darwin systems
[40.993s] INFO:colcon.colcon_core.plugin_system:Skipping extension 'colcon_notification.desktop_notification.win32': Not used on non-Windows systems
[40.994s] INFO:colcon.colcon_notification.desktop_notification:Sending desktop notification using 'notify2'
[41.040s] DEBUG:colcon.colcon_core.event_reactor:joined thread
[41.041s] INFO:colcon.colcon_core.shell:Creating prefix script '/home/newir529/ROS2_JAZZY_TUTORIAL/ros2_learning_ws/install/local_setup.ps1'
[41.045s] INFO:colcon.colcon_core.shell:Creating prefix util module '/home/newir529/ROS2_JAZZY_TUTORIAL/ros2_learning_ws/install/_local_setup_util_ps1.py'
[41.050s] INFO:colcon.colcon_core.shell:Creating prefix chain script '/home/newir529/ROS2_JAZZY_TUTORIAL/ros2_learning_ws/install/setup.ps1'
[41.054s] INFO:colcon.colcon_core.shell:Creating prefix script '/home/newir529/ROS2_JAZZY_TUTORIAL/ros2_learning_ws/install/local_setup.sh'
[41.057s] INFO:colcon.colcon_core.shell:Creating prefix util module '/home/newir529/ROS2_JAZZY_TUTORIAL/ros2_learning_ws/install/_local_setup_util_sh.py'
[41.059s] INFO:colcon.colcon_core.shell:Creating prefix chain script '/home/newir529/ROS2_JAZZY_TUTORIAL/ros2_learning_ws/install/setup.sh'
[41.064s] INFO:colcon.colcon_core.shell:Creating prefix script '/home/newir529/ROS2_JAZZY_TUTORIAL/ros2_learning_ws/install/local_setup.bash'
[41.066s] INFO:colcon.colcon_core.shell:Creating prefix chain script '/home/newir529/ROS2_JAZZY_TUTORIAL/ros2_learning_ws/install/setup.bash'
[41.070s] INFO:colcon.colcon_core.shell:Creating prefix script '/home/newir529/ROS2_JAZZY_TUTORIAL/ros2_learning_ws/install/local_setup.zsh'
[41.072s] INFO:colcon.colcon_core.shell:Creating prefix chain script '/home/newir529/ROS2_JAZZY_TUTORIAL/ros2_learning_ws/install/setup.zsh'
