[0.013s] Invoking command in '/home/newir529/ROS2_JAZZY_TUTORIAL/ros2_learning_ws/build/battery_state': CMAKE_PREFIX_PATH=${CMAKE_PREFIX_PATH}:/home/newir529/ROS2_JAZZY_TUTORIAL/ros2_learning_ws/install/turtlesim_manipulation:/home/newir529/ROS2_JAZZY_TUTORIAL/ros2_learning_ws/install/first_py_pkg:/opt/ros/jazzy DEBUGINFOD_URLS=https://debuginfod.ubuntu.com /usr/bin/cmake --build /home/newir529/ROS2_JAZZY_TUTORIAL/ros2_learning_ws/build/battery_state -- -j8 -l8
[0.061s] [  2%] Built target battery_state__rosidl_generator_type_description
[0.070s] [  2%] Built target ament_cmake_python_copy_battery_state
[0.079s] [  4%] Built target battery_state__cpp
[0.080s] [ 22%] Built target battery_state__rosidl_generator_c
[0.115s] [ 31%] Built target battery_state__rosidl_typesupport_c
[0.115s] [ 50%] Built target battery_state__rosidl_typesupport_fastrtps_c
[0.115s] [ 50%] Built target battery_state__rosidl_typesupport_fastrtps_cpp
[0.118s] [ 68%] Built target battery_state__rosidl_typesupport_introspection_cpp
[0.118s] [ 68%] Built target battery_state__rosidl_typesupport_introspection_c
[0.119s] [ 77%] Built target battery_state__rosidl_typesupport_cpp
[0.166s] [ 77%] Built target battery_state
[0.219s] [ 79%] Built target battery_state__py
[0.246s] [ 86%] Built target battery_state__rosidl_generator_py
[0.267s] [100%] Built target battery_state_s__rosidl_typesupport_fastrtps_c
[0.268s] [100%] Built target battery_state_s__rosidl_typesupport_c
[0.268s] [100%] Built target battery_state_s__rosidl_typesupport_introspection_c
[0.375s] running egg_info
[0.395s] writing battery_state.egg-info/PKG-INFO
[0.396s] writing dependency_links to battery_state.egg-info/dependency_links.txt
[0.396s] writing top-level names to battery_state.egg-info/top_level.txt
[0.475s] reading manifest file 'battery_state.egg-info/SOURCES.txt'
[0.476s] writing manifest file 'battery_state.egg-info/SOURCES.txt'
[0.502s] [100%] Built target ament_cmake_python_build_battery_state_egg
[0.515s] Invoked command in '/home/newir529/ROS2_JAZZY_TUTORIAL/ros2_learning_ws/build/battery_state' returned '0': CMAKE_PREFIX_PATH=${CMAKE_PREFIX_PATH}:/home/newir529/ROS2_JAZZY_TUTORIAL/ros2_learning_ws/install/turtlesim_manipulation:/home/newir529/ROS2_JAZZY_TUTORIAL/ros2_learning_ws/install/first_py_pkg:/opt/ros/jazzy DEBUGINFOD_URLS=https://debuginfod.ubuntu.com /usr/bin/cmake --build /home/newir529/ROS2_JAZZY_TUTORIAL/ros2_learning_ws/build/battery_state -- -j8 -l8
[0.524s] Invoking command in '/home/newir529/ROS2_JAZZY_TUTORIAL/ros2_learning_ws/build/battery_state': CMAKE_PREFIX_PATH=${CMAKE_PREFIX_PATH}:/home/newir529/ROS2_JAZZY_TUTORIAL/ros2_learning_ws/install/turtlesim_manipulation:/home/newir529/ROS2_JAZZY_TUTORIAL/ros2_learning_ws/install/first_py_pkg:/opt/ros/jazzy DEBUGINFOD_URLS=https://debuginfod.ubuntu.com /usr/bin/cmake --install /home/newir529/ROS2_JAZZY_TUTORIAL/ros2_learning_ws/build/battery_state
[0.534s] -- Install configuration: ""
[0.534s] -- Up-to-date: /home/newir529/ROS2_JAZZY_TUTORIAL/ros2_learning_ws/install/battery_state/share/ament_index/resource_index/rosidl_interfaces/battery_state
[0.534s] -- Up-to-date: /home/newir529/ROS2_JAZZY_TUTORIAL/ros2_learning_ws/install/battery_state/share/battery_state/srv/BatterySrv.json
[0.534s] -- Up-to-date: /home/newir529/ROS2_JAZZY_TUTORIAL/ros2_learning_ws/install/battery_state/share/battery_state/msg/BatteryMsg.json
[0.534s] -- Up-to-date: /home/newir529/ROS2_JAZZY_TUTORIAL/ros2_learning_ws/install/battery_state/include/battery_state/battery_state
[0.534s] -- Up-to-date: /home/newir529/ROS2_JAZZY_TUTORIAL/ros2_learning_ws/install/battery_state/include/battery_state/battery_state/msg
[0.535s] -- Up-to-date: /home/newir529/ROS2_JAZZY_TUTORIAL/ros2_learning_ws/install/battery_state/include/battery_state/battery_state/msg/battery_msg.h
[0.535s] -- Up-to-date: /home/newir529/ROS2_JAZZY_TUTORIAL/ros2_learning_ws/install/battery_state/include/battery_state/battery_state/msg/detail
[0.535s] -- Up-to-date: /home/newir529/ROS2_JAZZY_TUTORIAL/ros2_learning_ws/install/battery_state/include/battery_state/battery_state/msg/detail/battery_msg__functions.c
[0.535s] -- Up-to-date: /home/newir529/ROS2_JAZZY_TUTORIAL/ros2_learning_ws/install/battery_state/include/battery_state/battery_state/msg/detail/battery_msg__type_support.h
[0.535s] -- Up-to-date: /home/newir529/ROS2_JAZZY_TUTORIAL/ros2_learning_ws/install/battery_state/include/battery_state/battery_state/msg/detail/battery_msg__type_support.c
[0.535s] -- Up-to-date: /home/newir529/ROS2_JAZZY_TUTORIAL/ros2_learning_ws/install/battery_state/include/battery_state/battery_state/msg/detail/battery_msg__functions.h
[0.535s] -- Up-to-date: /home/newir529/ROS2_JAZZY_TUTORIAL/ros2_learning_ws/install/battery_state/include/battery_state/battery_state/msg/detail/battery_msg__struct.h
[0.535s] -- Up-to-date: /home/newir529/ROS2_JAZZY_TUTORIAL/ros2_learning_ws/install/battery_state/include/battery_state/battery_state/msg/detail/battery_msg__description.c
[0.535s] -- Up-to-date: /home/newir529/ROS2_JAZZY_TUTORIAL/ros2_learning_ws/install/battery_state/include/battery_state/battery_state/msg/rosidl_generator_c__visibility_control.h
[0.535s] -- Up-to-date: /home/newir529/ROS2_JAZZY_TUTORIAL/ros2_learning_ws/install/battery_state/include/battery_state/battery_state/srv
[0.535s] -- Up-to-date: /home/newir529/ROS2_JAZZY_TUTORIAL/ros2_learning_ws/install/battery_state/include/battery_state/battery_state/srv/battery_srv.h
[0.535s] -- Up-to-date: /home/newir529/ROS2_JAZZY_TUTORIAL/ros2_learning_ws/install/battery_state/include/battery_state/battery_state/srv/detail
[0.535s] -- Up-to-date: /home/newir529/ROS2_JAZZY_TUTORIAL/ros2_learning_ws/install/battery_state/include/battery_state/battery_state/srv/detail/battery_srv__functions.h
[0.536s] -- Up-to-date: /home/newir529/ROS2_JAZZY_TUTORIAL/ros2_learning_ws/install/battery_state/include/battery_state/battery_state/srv/detail/battery_srv__type_support.h
[0.536s] -- Up-to-date: /home/newir529/ROS2_JAZZY_TUTORIAL/ros2_learning_ws/install/battery_state/include/battery_state/battery_state/srv/detail/battery_srv__functions.c
[0.536s] -- Up-to-date: /home/newir529/ROS2_JAZZY_TUTORIAL/ros2_learning_ws/install/battery_state/include/battery_state/battery_state/srv/detail/battery_srv__description.c
[0.536s] -- Up-to-date: /home/newir529/ROS2_JAZZY_TUTORIAL/ros2_learning_ws/install/battery_state/include/battery_state/battery_state/srv/detail/battery_srv__struct.h
[0.536s] -- Up-to-date: /home/newir529/ROS2_JAZZY_TUTORIAL/ros2_learning_ws/install/battery_state/include/battery_state/battery_state/srv/detail/battery_srv__type_support.c
[0.536s] -- Up-to-date: /home/newir529/ROS2_JAZZY_TUTORIAL/ros2_learning_ws/install/battery_state/share/battery_state/environment/library_path.sh
[0.536s] -- Up-to-date: /home/newir529/ROS2_JAZZY_TUTORIAL/ros2_learning_ws/install/battery_state/share/battery_state/environment/library_path.dsv
[0.536s] -- Up-to-date: /home/newir529/ROS2_JAZZY_TUTORIAL/ros2_learning_ws/install/battery_state/lib/libbattery_state__rosidl_generator_c.so
[0.536s] -- Up-to-date: /home/newir529/ROS2_JAZZY_TUTORIAL/ros2_learning_ws/install/battery_state/include/battery_state/battery_state
[0.536s] -- Up-to-date: /home/newir529/ROS2_JAZZY_TUTORIAL/ros2_learning_ws/install/battery_state/include/battery_state/battery_state/msg
[0.536s] -- Up-to-date: /home/newir529/ROS2_JAZZY_TUTORIAL/ros2_learning_ws/install/battery_state/include/battery_state/battery_state/msg/rosidl_typesupport_fastrtps_c__visibility_control.h
[0.536s] -- Up-to-date: /home/newir529/ROS2_JAZZY_TUTORIAL/ros2_learning_ws/install/battery_state/include/battery_state/battery_state/msg/detail
[0.536s] -- Up-to-date: /home/newir529/ROS2_JAZZY_TUTORIAL/ros2_learning_ws/install/battery_state/include/battery_state/battery_state/msg/detail/battery_msg__rosidl_typesupport_fastrtps_c.h
[0.536s] -- Up-to-date: /home/newir529/ROS2_JAZZY_TUTORIAL/ros2_learning_ws/install/battery_state/include/battery_state/battery_state/srv
[0.537s] -- Up-to-date: /home/newir529/ROS2_JAZZY_TUTORIAL/ros2_learning_ws/install/battery_state/include/battery_state/battery_state/srv/detail
[0.537s] -- Up-to-date: /home/newir529/ROS2_JAZZY_TUTORIAL/ros2_learning_ws/install/battery_state/include/battery_state/battery_state/srv/detail/battery_srv__rosidl_typesupport_fastrtps_c.h
[0.537s] -- Up-to-date: /home/newir529/ROS2_JAZZY_TUTORIAL/ros2_learning_ws/install/battery_state/lib/libbattery_state__rosidl_typesupport_fastrtps_c.so
[0.537s] -- Up-to-date: /home/newir529/ROS2_JAZZY_TUTORIAL/ros2_learning_ws/install/battery_state/include/battery_state/battery_state
[0.537s] -- Up-to-date: /home/newir529/ROS2_JAZZY_TUTORIAL/ros2_learning_ws/install/battery_state/include/battery_state/battery_state/msg
[0.537s] -- Up-to-date: /home/newir529/ROS2_JAZZY_TUTORIAL/ros2_learning_ws/install/battery_state/include/battery_state/battery_state/msg/rosidl_typesupport_introspection_c__visibility_control.h
[0.537s] -- Up-to-date: /home/newir529/ROS2_JAZZY_TUTORIAL/ros2_learning_ws/install/battery_state/include/battery_state/battery_state/msg/detail
[0.537s] -- Up-to-date: /home/newir529/ROS2_JAZZY_TUTORIAL/ros2_learning_ws/install/battery_state/include/battery_state/battery_state/msg/detail/battery_msg__rosidl_typesupport_introspection_c.h
[0.537s] -- Up-to-date: /home/newir529/ROS2_JAZZY_TUTORIAL/ros2_learning_ws/install/battery_state/include/battery_state/battery_state/msg/detail/battery_msg__type_support.c
[0.537s] -- Up-to-date: /home/newir529/ROS2_JAZZY_TUTORIAL/ros2_learning_ws/install/battery_state/include/battery_state/battery_state/srv
[0.537s] -- Up-to-date: /home/newir529/ROS2_JAZZY_TUTORIAL/ros2_learning_ws/install/battery_state/include/battery_state/battery_state/srv/detail
[0.537s] -- Up-to-date: /home/newir529/ROS2_JAZZY_TUTORIAL/ros2_learning_ws/install/battery_state/include/battery_state/battery_state/srv/detail/battery_srv__rosidl_typesupport_introspection_c.h
[0.537s] -- Up-to-date: /home/newir529/ROS2_JAZZY_TUTORIAL/ros2_learning_ws/install/battery_state/include/battery_state/battery_state/srv/detail/battery_srv__type_support.c
[0.538s] -- Up-to-date: /home/newir529/ROS2_JAZZY_TUTORIAL/ros2_learning_ws/install/battery_state/lib/libbattery_state__rosidl_typesupport_introspection_c.so
[0.538s] -- Up-to-date: /home/newir529/ROS2_JAZZY_TUTORIAL/ros2_learning_ws/install/battery_state/lib/libbattery_state__rosidl_typesupport_c.so
[0.538s] -- Up-to-date: /home/newir529/ROS2_JAZZY_TUTORIAL/ros2_learning_ws/install/battery_state/include/battery_state/battery_state
[0.538s] -- Up-to-date: /home/newir529/ROS2_JAZZY_TUTORIAL/ros2_learning_ws/install/battery_state/include/battery_state/battery_state/msg
[0.538s] -- Up-to-date: /home/newir529/ROS2_JAZZY_TUTORIAL/ros2_learning_ws/install/battery_state/include/battery_state/battery_state/msg/battery_msg.hpp
[0.538s] -- Up-to-date: /home/newir529/ROS2_JAZZY_TUTORIAL/ros2_learning_ws/install/battery_state/include/battery_state/battery_state/msg/rosidl_generator_cpp__visibility_control.hpp
[0.538s] -- Up-to-date: /home/newir529/ROS2_JAZZY_TUTORIAL/ros2_learning_ws/install/battery_state/include/battery_state/battery_state/msg/detail
[0.538s] -- Up-to-date: /home/newir529/ROS2_JAZZY_TUTORIAL/ros2_learning_ws/install/battery_state/include/battery_state/battery_state/msg/detail/battery_msg__traits.hpp
[0.538s] -- Up-to-date: /home/newir529/ROS2_JAZZY_TUTORIAL/ros2_learning_ws/install/battery_state/include/battery_state/battery_state/msg/detail/battery_msg__builder.hpp
[0.538s] -- Up-to-date: /home/newir529/ROS2_JAZZY_TUTORIAL/ros2_learning_ws/install/battery_state/include/battery_state/battery_state/msg/detail/battery_msg__struct.hpp
[0.538s] -- Up-to-date: /home/newir529/ROS2_JAZZY_TUTORIAL/ros2_learning_ws/install/battery_state/include/battery_state/battery_state/msg/detail/battery_msg__type_support.hpp
[0.538s] -- Up-to-date: /home/newir529/ROS2_JAZZY_TUTORIAL/ros2_learning_ws/install/battery_state/include/battery_state/battery_state/srv
[0.538s] -- Up-to-date: /home/newir529/ROS2_JAZZY_TUTORIAL/ros2_learning_ws/install/battery_state/include/battery_state/battery_state/srv/battery_srv.hpp
[0.539s] -- Up-to-date: /home/newir529/ROS2_JAZZY_TUTORIAL/ros2_learning_ws/install/battery_state/include/battery_state/battery_state/srv/detail
[0.539s] -- Up-to-date: /home/newir529/ROS2_JAZZY_TUTORIAL/ros2_learning_ws/install/battery_state/include/battery_state/battery_state/srv/detail/battery_srv__traits.hpp
[0.539s] -- Up-to-date: /home/newir529/ROS2_JAZZY_TUTORIAL/ros2_learning_ws/install/battery_state/include/battery_state/battery_state/srv/detail/battery_srv__type_support.hpp
[0.539s] -- Up-to-date: /home/newir529/ROS2_JAZZY_TUTORIAL/ros2_learning_ws/install/battery_state/include/battery_state/battery_state/srv/detail/battery_srv__struct.hpp
[0.539s] -- Up-to-date: /home/newir529/ROS2_JAZZY_TUTORIAL/ros2_learning_ws/install/battery_state/include/battery_state/battery_state/srv/detail/battery_srv__builder.hpp
[0.539s] -- Up-to-date: /home/newir529/ROS2_JAZZY_TUTORIAL/ros2_learning_ws/install/battery_state/include/battery_state/battery_state
[0.539s] -- Up-to-date: /home/newir529/ROS2_JAZZY_TUTORIAL/ros2_learning_ws/install/battery_state/include/battery_state/battery_state/msg
[0.539s] -- Up-to-date: /home/newir529/ROS2_JAZZY_TUTORIAL/ros2_learning_ws/install/battery_state/include/battery_state/battery_state/msg/rosidl_typesupport_fastrtps_cpp__visibility_control.h
[0.539s] -- Up-to-date: /home/newir529/ROS2_JAZZY_TUTORIAL/ros2_learning_ws/install/battery_state/include/battery_state/battery_state/msg/detail
[0.540s] -- Up-to-date: /home/newir529/ROS2_JAZZY_TUTORIAL/ros2_learning_ws/install/battery_state/include/battery_state/battery_state/msg/detail/dds_fastrtps
[0.540s] -- Up-to-date: /home/newir529/ROS2_JAZZY_TUTORIAL/ros2_learning_ws/install/battery_state/include/battery_state/battery_state/msg/detail/battery_msg__rosidl_typesupport_fastrtps_cpp.hpp
[0.540s] -- Up-to-date: /home/newir529/ROS2_JAZZY_TUTORIAL/ros2_learning_ws/install/battery_state/include/battery_state/battery_state/srv
[0.540s] -- Up-to-date: /home/newir529/ROS2_JAZZY_TUTORIAL/ros2_learning_ws/install/battery_state/include/battery_state/battery_state/srv/detail
[0.540s] -- Up-to-date: /home/newir529/ROS2_JAZZY_TUTORIAL/ros2_learning_ws/install/battery_state/include/battery_state/battery_state/srv/detail/battery_srv__rosidl_typesupport_fastrtps_cpp.hpp
[0.540s] -- Up-to-date: /home/newir529/ROS2_JAZZY_TUTORIAL/ros2_learning_ws/install/battery_state/include/battery_state/battery_state/srv/detail/dds_fastrtps
[0.540s] -- Up-to-date: /home/newir529/ROS2_JAZZY_TUTORIAL/ros2_learning_ws/install/battery_state/lib/libbattery_state__rosidl_typesupport_fastrtps_cpp.so
[0.541s] -- Up-to-date: /home/newir529/ROS2_JAZZY_TUTORIAL/ros2_learning_ws/install/battery_state/include/battery_state/battery_state
[0.541s] -- Up-to-date: /home/newir529/ROS2_JAZZY_TUTORIAL/ros2_learning_ws/install/battery_state/include/battery_state/battery_state/msg
[0.541s] -- Up-to-date: /home/newir529/ROS2_JAZZY_TUTORIAL/ros2_learning_ws/install/battery_state/include/battery_state/battery_state/msg/detail
[0.541s] -- Up-to-date: /home/newir529/ROS2_JAZZY_TUTORIAL/ros2_learning_ws/install/battery_state/include/battery_state/battery_state/msg/detail/battery_msg__rosidl_typesupport_introspection_cpp.hpp
[0.541s] -- Up-to-date: /home/newir529/ROS2_JAZZY_TUTORIAL/ros2_learning_ws/install/battery_state/include/battery_state/battery_state/msg/detail/battery_msg__type_support.cpp
[0.541s] -- Up-to-date: /home/newir529/ROS2_JAZZY_TUTORIAL/ros2_learning_ws/install/battery_state/include/battery_state/battery_state/srv
[0.541s] -- Up-to-date: /home/newir529/ROS2_JAZZY_TUTORIAL/ros2_learning_ws/install/battery_state/include/battery_state/battery_state/srv/detail
[0.541s] -- Up-to-date: /home/newir529/ROS2_JAZZY_TUTORIAL/ros2_learning_ws/install/battery_state/include/battery_state/battery_state/srv/detail/battery_srv__rosidl_typesupport_introspection_cpp.hpp
[0.542s] -- Up-to-date: /home/newir529/ROS2_JAZZY_TUTORIAL/ros2_learning_ws/install/battery_state/include/battery_state/battery_state/srv/detail/battery_srv__type_support.cpp
[0.542s] -- Up-to-date: /home/newir529/ROS2_JAZZY_TUTORIAL/ros2_learning_ws/install/battery_state/lib/libbattery_state__rosidl_typesupport_introspection_cpp.so
[0.542s] -- Up-to-date: /home/newir529/ROS2_JAZZY_TUTORIAL/ros2_learning_ws/install/battery_state/lib/libbattery_state__rosidl_typesupport_cpp.so
[0.542s] -- Up-to-date: /home/newir529/ROS2_JAZZY_TUTORIAL/ros2_learning_ws/install/battery_state/share/battery_state/environment/pythonpath.sh
[0.542s] -- Up-to-date: /home/newir529/ROS2_JAZZY_TUTORIAL/ros2_learning_ws/install/battery_state/share/battery_state/environment/pythonpath.dsv
[0.542s] -- Up-to-date: /home/newir529/ROS2_JAZZY_TUTORIAL/ros2_learning_ws/install/battery_state/lib/python3.12/site-packages/battery_state-0.0.0-py3.12.egg-info
[0.542s] -- Installing: /home/newir529/ROS2_JAZZY_TUTORIAL/ros2_learning_ws/install/battery_state/lib/python3.12/site-packages/battery_state-0.0.0-py3.12.egg-info/SOURCES.txt
[0.543s] -- Installing: /home/newir529/ROS2_JAZZY_TUTORIAL/ros2_learning_ws/install/battery_state/lib/python3.12/site-packages/battery_state-0.0.0-py3.12.egg-info/dependency_links.txt
[0.543s] -- Installing: /home/newir529/ROS2_JAZZY_TUTORIAL/ros2_learning_ws/install/battery_state/lib/python3.12/site-packages/battery_state-0.0.0-py3.12.egg-info/PKG-INFO
[0.543s] -- Installing: /home/newir529/ROS2_JAZZY_TUTORIAL/ros2_learning_ws/install/battery_state/lib/python3.12/site-packages/battery_state-0.0.0-py3.12.egg-info/top_level.txt
[0.543s] -- Up-to-date: /home/newir529/ROS2_JAZZY_TUTORIAL/ros2_learning_ws/install/battery_state/lib/python3.12/site-packages/battery_state
[0.543s] -- Up-to-date: /home/newir529/ROS2_JAZZY_TUTORIAL/ros2_learning_ws/install/battery_state/lib/python3.12/site-packages/battery_state/_battery_state_s.ep.rosidl_typesupport_fastrtps_c.c
[0.543s] -- Up-to-date: /home/newir529/ROS2_JAZZY_TUTORIAL/ros2_learning_ws/install/battery_state/lib/python3.12/site-packages/battery_state/_battery_state_s.ep.rosidl_typesupport_introspection_c.c
[0.543s] -- Up-to-date: /home/newir529/ROS2_JAZZY_TUTORIAL/ros2_learning_ws/install/battery_state/lib/python3.12/site-packages/battery_state/battery_state_s__rosidl_typesupport_fastrtps_c.so
[0.544s] -- Up-to-date: /home/newir529/ROS2_JAZZY_TUTORIAL/ros2_learning_ws/install/battery_state/lib/python3.12/site-packages/battery_state/battery_state_s__rosidl_typesupport_introspection_c.so
[0.544s] -- Up-to-date: /home/newir529/ROS2_JAZZY_TUTORIAL/ros2_learning_ws/install/battery_state/lib/python3.12/site-packages/battery_state/_battery_state_s.ep.rosidl_typesupport_c.c
[0.544s] -- Up-to-date: /home/newir529/ROS2_JAZZY_TUTORIAL/ros2_learning_ws/install/battery_state/lib/python3.12/site-packages/battery_state/battery_state_s__rosidl_typesupport_c.so
[0.544s] -- Up-to-date: /home/newir529/ROS2_JAZZY_TUTORIAL/ros2_learning_ws/install/battery_state/lib/python3.12/site-packages/battery_state/msg
[0.544s] -- Up-to-date: /home/newir529/ROS2_JAZZY_TUTORIAL/ros2_learning_ws/install/battery_state/lib/python3.12/site-packages/battery_state/msg/_battery_msg.py
[0.544s] -- Up-to-date: /home/newir529/ROS2_JAZZY_TUTORIAL/ros2_learning_ws/install/battery_state/lib/python3.12/site-packages/battery_state/msg/_battery_msg_s.c
[0.544s] -- Up-to-date: /home/newir529/ROS2_JAZZY_TUTORIAL/ros2_learning_ws/install/battery_state/lib/python3.12/site-packages/battery_state/msg/__init__.py
[0.544s] -- Up-to-date: /home/newir529/ROS2_JAZZY_TUTORIAL/ros2_learning_ws/install/battery_state/lib/python3.12/site-packages/battery_state/__init__.py
[0.545s] -- Up-to-date: /home/newir529/ROS2_JAZZY_TUTORIAL/ros2_learning_ws/install/battery_state/lib/python3.12/site-packages/battery_state/srv
[0.545s] -- Up-to-date: /home/newir529/ROS2_JAZZY_TUTORIAL/ros2_learning_ws/install/battery_state/lib/python3.12/site-packages/battery_state/srv/_battery_srv_s.c
[0.545s] -- Up-to-date: /home/newir529/ROS2_JAZZY_TUTORIAL/ros2_learning_ws/install/battery_state/lib/python3.12/site-packages/battery_state/srv/_battery_srv.py
[0.545s] -- Up-to-date: /home/newir529/ROS2_JAZZY_TUTORIAL/ros2_learning_ws/install/battery_state/lib/python3.12/site-packages/battery_state/srv/__init__.py
[0.577s] Listing '/home/newir529/ROS2_JAZZY_TUTORIAL/ros2_learning_ws/install/battery_state/lib/python3.12/site-packages/battery_state'...
[0.577s] Listing '/home/newir529/ROS2_JAZZY_TUTORIAL/ros2_learning_ws/install/battery_state/lib/python3.12/site-packages/battery_state/msg'...
[0.577s] Listing '/home/newir529/ROS2_JAZZY_TUTORIAL/ros2_learning_ws/install/battery_state/lib/python3.12/site-packages/battery_state/srv'...
[0.582s] -- Up-to-date: /home/newir529/ROS2_JAZZY_TUTORIAL/ros2_learning_ws/install/battery_state/lib/python3.12/site-packages/battery_state/battery_state_s__rosidl_typesupport_fastrtps_c.so
[0.583s] -- Up-to-date: /home/newir529/ROS2_JAZZY_TUTORIAL/ros2_learning_ws/install/battery_state/lib/python3.12/site-packages/battery_state/battery_state_s__rosidl_typesupport_introspection_c.so
[0.583s] -- Up-to-date: /home/newir529/ROS2_JAZZY_TUTORIAL/ros2_learning_ws/install/battery_state/lib/python3.12/site-packages/battery_state/battery_state_s__rosidl_typesupport_c.so
[0.583s] -- Up-to-date: /home/newir529/ROS2_JAZZY_TUTORIAL/ros2_learning_ws/install/battery_state/lib/libbattery_state__rosidl_generator_py.so
[0.584s] -- Up-to-date: /home/newir529/ROS2_JAZZY_TUTORIAL/ros2_learning_ws/install/battery_state/share/battery_state/srv/BatterySrv.idl
[0.584s] -- Up-to-date: /home/newir529/ROS2_JAZZY_TUTORIAL/ros2_learning_ws/install/battery_state/share/battery_state/msg/BatteryMsg.idl
[0.584s] -- Up-to-date: /home/newir529/ROS2_JAZZY_TUTORIAL/ros2_learning_ws/install/battery_state/share/battery_state/srv/BatterySrv.srv
[0.584s] -- Up-to-date: /home/newir529/ROS2_JAZZY_TUTORIAL/ros2_learning_ws/install/battery_state/share/battery_state/msg/BatteryMsg.msg
[0.584s] -- Installing: /home/newir529/ROS2_JAZZY_TUTORIAL/ros2_learning_ws/install/battery_state/lib/battery_state/batteryServer.py
[0.585s] -- Up-to-date: /home/newir529/ROS2_JAZZY_TUTORIAL/ros2_learning_ws/install/battery_state/share/ament_index/resource_index/package_run_dependencies/battery_state
[0.585s] -- Up-to-date: /home/newir529/ROS2_JAZZY_TUTORIAL/ros2_learning_ws/install/battery_state/share/ament_index/resource_index/parent_prefix_path/battery_state
[0.585s] -- Up-to-date: /home/newir529/ROS2_JAZZY_TUTORIAL/ros2_learning_ws/install/battery_state/share/battery_state/environment/ament_prefix_path.sh
[0.585s] -- Up-to-date: /home/newir529/ROS2_JAZZY_TUTORIAL/ros2_learning_ws/install/battery_state/share/battery_state/environment/ament_prefix_path.dsv
[0.585s] -- Up-to-date: /home/newir529/ROS2_JAZZY_TUTORIAL/ros2_learning_ws/install/battery_state/share/battery_state/environment/path.sh
[0.585s] -- Up-to-date: /home/newir529/ROS2_JAZZY_TUTORIAL/ros2_learning_ws/install/battery_state/share/battery_state/environment/path.dsv
[0.586s] -- Up-to-date: /home/newir529/ROS2_JAZZY_TUTORIAL/ros2_learning_ws/install/battery_state/share/battery_state/local_setup.bash
[0.586s] -- Up-to-date: /home/newir529/ROS2_JAZZY_TUTORIAL/ros2_learning_ws/install/battery_state/share/battery_state/local_setup.sh
[0.586s] -- Up-to-date: /home/newir529/ROS2_JAZZY_TUTORIAL/ros2_learning_ws/install/battery_state/share/battery_state/local_setup.zsh
[0.586s] -- Up-to-date: /home/newir529/ROS2_JAZZY_TUTORIAL/ros2_learning_ws/install/battery_state/share/battery_state/local_setup.dsv
[0.586s] -- Installing: /home/newir529/ROS2_JAZZY_TUTORIAL/ros2_learning_ws/install/battery_state/share/battery_state/package.dsv
[0.586s] -- Up-to-date: /home/newir529/ROS2_JAZZY_TUTORIAL/ros2_learning_ws/install/battery_state/share/ament_index/resource_index/packages/battery_state
[0.586s] -- Up-to-date: /home/newir529/ROS2_JAZZY_TUTORIAL/ros2_learning_ws/install/battery_state/share/battery_state/cmake/export_battery_state__rosidl_generator_cExport.cmake
[0.587s] -- Up-to-date: /home/newir529/ROS2_JAZZY_TUTORIAL/ros2_learning_ws/install/battery_state/share/battery_state/cmake/export_battery_state__rosidl_generator_cExport-noconfig.cmake
[0.587s] -- Up-to-date: /home/newir529/ROS2_JAZZY_TUTORIAL/ros2_learning_ws/install/battery_state/share/battery_state/cmake/export_battery_state__rosidl_typesupport_fastrtps_cExport.cmake
[0.587s] -- Up-to-date: /home/newir529/ROS2_JAZZY_TUTORIAL/ros2_learning_ws/install/battery_state/share/battery_state/cmake/export_battery_state__rosidl_typesupport_fastrtps_cExport-noconfig.cmake
[0.587s] -- Up-to-date: /home/newir529/ROS2_JAZZY_TUTORIAL/ros2_learning_ws/install/battery_state/share/battery_state/cmake/battery_state__rosidl_typesupport_introspection_cExport.cmake
[0.587s] -- Up-to-date: /home/newir529/ROS2_JAZZY_TUTORIAL/ros2_learning_ws/install/battery_state/share/battery_state/cmake/battery_state__rosidl_typesupport_introspection_cExport-noconfig.cmake
[0.587s] -- Up-to-date: /home/newir529/ROS2_JAZZY_TUTORIAL/ros2_learning_ws/install/battery_state/share/battery_state/cmake/battery_state__rosidl_typesupport_cExport.cmake
[0.587s] -- Up-to-date: /home/newir529/ROS2_JAZZY_TUTORIAL/ros2_learning_ws/install/battery_state/share/battery_state/cmake/battery_state__rosidl_typesupport_cExport-noconfig.cmake
[0.587s] -- Up-to-date: /home/newir529/ROS2_JAZZY_TUTORIAL/ros2_learning_ws/install/battery_state/share/battery_state/cmake/export_battery_state__rosidl_generator_cppExport.cmake
[0.588s] -- Up-to-date: /home/newir529/ROS2_JAZZY_TUTORIAL/ros2_learning_ws/install/battery_state/share/battery_state/cmake/export_battery_state__rosidl_typesupport_fastrtps_cppExport.cmake
[0.588s] -- Up-to-date: /home/newir529/ROS2_JAZZY_TUTORIAL/ros2_learning_ws/install/battery_state/share/battery_state/cmake/export_battery_state__rosidl_typesupport_fastrtps_cppExport-noconfig.cmake
[0.588s] -- Up-to-date: /home/newir529/ROS2_JAZZY_TUTORIAL/ros2_learning_ws/install/battery_state/share/battery_state/cmake/battery_state__rosidl_typesupport_introspection_cppExport.cmake
[0.588s] -- Up-to-date: /home/newir529/ROS2_JAZZY_TUTORIAL/ros2_learning_ws/install/battery_state/share/battery_state/cmake/battery_state__rosidl_typesupport_introspection_cppExport-noconfig.cmake
[0.588s] -- Up-to-date: /home/newir529/ROS2_JAZZY_TUTORIAL/ros2_learning_ws/install/battery_state/share/battery_state/cmake/battery_state__rosidl_typesupport_cppExport.cmake
[0.588s] -- Up-to-date: /home/newir529/ROS2_JAZZY_TUTORIAL/ros2_learning_ws/install/battery_state/share/battery_state/cmake/battery_state__rosidl_typesupport_cppExport-noconfig.cmake
[0.588s] -- Up-to-date: /home/newir529/ROS2_JAZZY_TUTORIAL/ros2_learning_ws/install/battery_state/share/battery_state/cmake/export_battery_state__rosidl_generator_pyExport.cmake
[0.588s] -- Up-to-date: /home/newir529/ROS2_JAZZY_TUTORIAL/ros2_learning_ws/install/battery_state/share/battery_state/cmake/export_battery_state__rosidl_generator_pyExport-noconfig.cmake
[0.588s] -- Up-to-date: /home/newir529/ROS2_JAZZY_TUTORIAL/ros2_learning_ws/install/battery_state/share/battery_state/cmake/rosidl_cmake-extras.cmake
[0.589s] -- Up-to-date: /home/newir529/ROS2_JAZZY_TUTORIAL/ros2_learning_ws/install/battery_state/share/battery_state/cmake/ament_cmake_export_dependencies-extras.cmake
[0.589s] -- Up-to-date: /home/newir529/ROS2_JAZZY_TUTORIAL/ros2_learning_ws/install/battery_state/share/battery_state/cmake/ament_cmake_export_include_directories-extras.cmake
[0.589s] -- Up-to-date: /home/newir529/ROS2_JAZZY_TUTORIAL/ros2_learning_ws/install/battery_state/share/battery_state/cmake/ament_cmake_export_libraries-extras.cmake
[0.590s] -- Up-to-date: /home/newir529/ROS2_JAZZY_TUTORIAL/ros2_learning_ws/install/battery_state/share/battery_state/cmake/ament_cmake_export_targets-extras.cmake
[0.590s] -- Up-to-date: /home/newir529/ROS2_JAZZY_TUTORIAL/ros2_learning_ws/install/battery_state/share/battery_state/cmake/rosidl_cmake_export_typesupport_targets-extras.cmake
[0.590s] -- Up-to-date: /home/newir529/ROS2_JAZZY_TUTORIAL/ros2_learning_ws/install/battery_state/share/battery_state/cmake/rosidl_cmake_export_typesupport_libraries-extras.cmake
[0.590s] -- Up-to-date: /home/newir529/ROS2_JAZZY_TUTORIAL/ros2_learning_ws/install/battery_state/share/battery_state/cmake/battery_stateConfig.cmake
[0.590s] -- Up-to-date: /home/newir529/ROS2_JAZZY_TUTORIAL/ros2_learning_ws/install/battery_state/share/battery_state/cmake/battery_stateConfig-version.cmake
[0.590s] -- Up-to-date: /home/newir529/ROS2_JAZZY_TUTORIAL/ros2_learning_ws/install/battery_state/share/battery_state/package.xml
[0.590s] Invoked command in '/home/newir529/ROS2_JAZZY_TUTORIAL/ros2_learning_ws/build/battery_state' returned '0': CMAKE_PREFIX_PATH=${CMAKE_PREFIX_PATH}:/home/newir529/ROS2_JAZZY_TUTORIAL/ros2_learning_ws/install/turtlesim_manipulation:/home/newir529/ROS2_JAZZY_TUTORIAL/ros2_learning_ws/install/first_py_pkg:/opt/ros/jazzy DEBUGINFOD_URLS=https://debuginfod.ubuntu.com /usr/bin/cmake --install /home/newir529/ROS2_JAZZY_TUTORIAL/ros2_learning_ws/build/battery_state
