[0.015s] Invoking command in '/home/newir529/ROS2_JAZZY_TUTORIAL/ros2_learning_ws/build/battery_state': CMAKE_PREFIX_PATH=${CMAKE_PREFIX_PATH}:/home/newir529/ROS2_JAZZY_TUTORIAL/ros2_learning_ws/install/turtlesim_manipulation:/home/newir529/ROS2_JAZZY_TUTORIAL/ros2_learning_ws/install/first_py_pkg:/home/newir529/ROS2_JAZZY_TUTORIAL/ros2_learning_ws/install/battery_state:/opt/ros/jazzy DEBUGINFOD_URLS=https://debuginfod.ubuntu.com /usr/bin/cmake /home/newir529/ROS2_JAZZY_TUTORIAL/ros2_learning_ws/src/battery_state -DCMAKE_INSTALL_PREFIX=/home/newir529/ROS2_JAZZY_TUTORIAL/ros2_learning_ws/install/battery_state
[0.036s] -- Found ament_cmake: 2.5.2 (/opt/ros/jazzy/share/ament_cmake/cmake)
[0.721s] -- Found rosidl_default_generators: 1.6.0 (/opt/ros/jazzy/share/rosidl_default_generators/cmake)
[0.725s] -- Using all available rosidl_typesupport_c: rosidl_typesupport_fastrtps_c;rosidl_typesupport_introspection_c
[0.837s] -- Using all available rosidl_typesupport_cpp: rosidl_typesupport_fastrtps_cpp;rosidl_typesupport_introspection_cpp
[0.968s] -- Found rosidl_adapter: 4.6.4 (/opt/ros/jazzy/share/rosidl_adapter/cmake)
[0.972s] -- Found rclcpp: 28.1.5 (/opt/ros/jazzy/share/rclcpp/cmake)
[1.087s] -- Found rmw_implementation_cmake: 7.3.1 (/opt/ros/jazzy/share/rmw_implementation_cmake/cmake)
[1.089s] -- Found rmw_fastrtps_cpp: 8.4.1 (/opt/ros/jazzy/share/rmw_fastrtps_cpp/cmake)
[1.196s] -- Using RMW implementation 'rmw_fastrtps_cpp' as default
[1.343s] -- Found rclpy: 7.1.2 (/opt/ros/jazzy/share/rclpy/cmake)
[1.343s] -- Found std_msgs: 5.3.5 (/opt/ros/jazzy/share/std_msgs/cmake)
[1.366s] -- Found ament_lint_auto: 0.17.1 (/opt/ros/jazzy/share/ament_lint_auto/cmake)
[1.714s] [31mCMake Error at /opt/ros/jazzy/share/ament_cmake_python/cmake/ament_python_install_package.cmake:66 (message):
[1.715s]   ament_python_install_package() the Python package folder
[1.715s]   '/home/newir529/ROS2_JAZZY_TUTORIAL/ros2_learning_ws/src/battery_state/battery_state'
[1.715s]   doesn't contain an '__init__.py' file
[1.716s] Call Stack (most recent call first):
[1.716s]   /opt/ros/jazzy/share/ament_cmake_python/cmake/ament_python_install_package.cmake:39 (_ament_cmake_python_install_package)
[1.716s]   CMakeLists.txt:47 (ament_python_install_package)
[1.717s] 
[1.717s] [0m
[1.717s] -- Configuring incomplete, errors occurred!
[1.734s] Invoked command in '/home/newir529/ROS2_JAZZY_TUTORIAL/ros2_learning_ws/build/battery_state' returned '1': CMAKE_PREFIX_PATH=${CMAKE_PREFIX_PATH}:/home/newir529/ROS2_JAZZY_TUTORIAL/ros2_learning_ws/install/turtlesim_manipulation:/home/newir529/ROS2_JAZZY_TUTORIAL/ros2_learning_ws/install/first_py_pkg:/home/newir529/ROS2_JAZZY_TUTORIAL/ros2_learning_ws/install/battery_state:/opt/ros/jazzy DEBUGINFOD_URLS=https://debuginfod.ubuntu.com /usr/bin/cmake /home/newir529/ROS2_JAZZY_TUTORIAL/ros2_learning_ws/src/battery_state -DCMAKE_INSTALL_PREFIX=/home/newir529/ROS2_JAZZY_TUTORIAL/ros2_learning_ws/install/battery_state
