[0.018s] Invoking command in '/home/newir529/ROS2_JAZZY_TUTORIAL/ros2_learning_ws/build/battery_state': CMAKE_PREFIX_PATH=${CMAKE_PREFIX_PATH}:/home/newir529/ROS2_JAZZY_TUTORIAL/ros2_learning_ws/install/turtlesim_manipulation:/home/newir529/ROS2_JAZZY_TUTORIAL/ros2_learning_ws/install/first_py_pkg:/opt/ros/jazzy DEBUGINFOD_URLS=https://debuginfod.ubuntu.com /usr/bin/cmake --build /home/newir529/ROS2_JAZZY_TUTORIAL/ros2_learning_ws/build/battery_state -- -j8 -l8
[0.094s] [  2%] Built target battery_state__rosidl_generator_type_description
[0.109s] [  2%] Built target ament_cmake_python_copy_battery_state
[0.127s] [  4%] Built target battery_state__cpp
[0.137s] [ 22%] Built target battery_state__rosidl_generator_c
[0.188s] [ 31%] Built target battery_state__rosidl_typesupport_introspection_c
[0.189s] [ 40%] Built target battery_state__rosidl_typesupport_c
[0.192s] [ 50%] Built target battery_state__rosidl_typesupport_cpp
[0.193s] [ 59%] Built target battery_state__rosidl_typesupport_fastrtps_c
[0.194s] [ 68%] Built target battery_state__rosidl_typesupport_introspection_cpp
[0.195s] [ 77%] Built target battery_state__rosidl_typesupport_fastrtps_cpp
[0.227s] [ 77%] Built target battery_state
[0.257s] [ 79%] Built target battery_state__py
[0.303s] [ 86%] Built target battery_state__rosidl_generator_py
[0.346s] [ 90%] Built target battery_state_s__rosidl_typesupport_introspection_c
[0.348s] [ 95%] Built target battery_state_s__rosidl_typesupport_fastrtps_c
[0.354s] [100%] Built target battery_state_s__rosidl_typesupport_c
[0.527s] running egg_info
[0.564s] writing battery_state.egg-info/PKG-INFO
[0.564s] writing dependency_links to battery_state.egg-info/dependency_links.txt
[0.564s] writing top-level names to battery_state.egg-info/top_level.txt
[0.671s] reading manifest file 'battery_state.egg-info/SOURCES.txt'
[0.672s] writing manifest file 'battery_state.egg-info/SOURCES.txt'
[0.710s] [100%] Built target ament_cmake_python_build_battery_state_egg
[0.727s] Invoked command in '/home/newir529/ROS2_JAZZY_TUTORIAL/ros2_learning_ws/build/battery_state' returned '0': CMAKE_PREFIX_PATH=${CMAKE_PREFIX_PATH}:/home/newir529/ROS2_JAZZY_TUTORIAL/ros2_learning_ws/install/turtlesim_manipulation:/home/newir529/ROS2_JAZZY_TUTORIAL/ros2_learning_ws/install/first_py_pkg:/opt/ros/jazzy DEBUGINFOD_URLS=https://debuginfod.ubuntu.com /usr/bin/cmake --build /home/newir529/ROS2_JAZZY_TUTORIAL/ros2_learning_ws/build/battery_state -- -j8 -l8
[0.742s] Invoking command in '/home/newir529/ROS2_JAZZY_TUTORIAL/ros2_learning_ws/build/battery_state': CMAKE_PREFIX_PATH=${CMAKE_PREFIX_PATH}:/home/newir529/ROS2_JAZZY_TUTORIAL/ros2_learning_ws/install/turtlesim_manipulation:/home/newir529/ROS2_JAZZY_TUTORIAL/ros2_learning_ws/install/first_py_pkg:/opt/ros/jazzy DEBUGINFOD_URLS=https://debuginfod.ubuntu.com /usr/bin/cmake --install /home/newir529/ROS2_JAZZY_TUTORIAL/ros2_learning_ws/build/battery_state
[0.754s] -- Install configuration: ""
[0.754s] -- Up-to-date: /home/newir529/ROS2_JAZZY_TUTORIAL/ros2_learning_ws/install/battery_state/share/ament_index/resource_index/rosidl_interfaces/battery_state
[0.754s] -- Up-to-date: /home/newir529/ROS2_JAZZY_TUTORIAL/ros2_learning_ws/install/battery_state/share/battery_state/srv/BatterySrv.json
[0.754s] -- Up-to-date: /home/newir529/ROS2_JAZZY_TUTORIAL/ros2_learning_ws/install/battery_state/share/battery_state/msg/BatteryMsg.json
[0.754s] -- Up-to-date: /home/newir529/ROS2_JAZZY_TUTORIAL/ros2_learning_ws/install/battery_state/include/battery_state/battery_state
[0.754s] -- Up-to-date: /home/newir529/ROS2_JAZZY_TUTORIAL/ros2_learning_ws/install/battery_state/include/battery_state/battery_state/msg
[0.755s] -- Up-to-date: /home/newir529/ROS2_JAZZY_TUTORIAL/ros2_learning_ws/install/battery_state/include/battery_state/battery_state/msg/battery_msg.h
[0.755s] -- Up-to-date: /home/newir529/ROS2_JAZZY_TUTORIAL/ros2_learning_ws/install/battery_state/include/battery_state/battery_state/msg/detail
[0.755s] -- Up-to-date: /home/newir529/ROS2_JAZZY_TUTORIAL/ros2_learning_ws/install/battery_state/include/battery_state/battery_state/msg/detail/battery_msg__functions.c
[0.755s] -- Up-to-date: /home/newir529/ROS2_JAZZY_TUTORIAL/ros2_learning_ws/install/battery_state/include/battery_state/battery_state/msg/detail/battery_msg__type_support.h
[0.755s] -- Up-to-date: /home/newir529/ROS2_JAZZY_TUTORIAL/ros2_learning_ws/install/battery_state/include/battery_state/battery_state/msg/detail/battery_msg__type_support.c
[0.755s] -- Up-to-date: /home/newir529/ROS2_JAZZY_TUTORIAL/ros2_learning_ws/install/battery_state/include/battery_state/battery_state/msg/detail/battery_msg__functions.h
[0.755s] -- Up-to-date: /home/newir529/ROS2_JAZZY_TUTORIAL/ros2_learning_ws/install/battery_state/include/battery_state/battery_state/msg/detail/battery_msg__struct.h
[0.756s] -- Up-to-date: /home/newir529/ROS2_JAZZY_TUTORIAL/ros2_learning_ws/install/battery_state/include/battery_state/battery_state/msg/detail/battery_msg__description.c
[0.756s] -- Up-to-date: /home/newir529/ROS2_JAZZY_TUTORIAL/ros2_learning_ws/install/battery_state/include/battery_state/battery_state/msg/rosidl_generator_c__visibility_control.h
[0.756s] -- Up-to-date: /home/newir529/ROS2_JAZZY_TUTORIAL/ros2_learning_ws/install/battery_state/include/battery_state/battery_state/srv
[0.756s] -- Up-to-date: /home/newir529/ROS2_JAZZY_TUTORIAL/ros2_learning_ws/install/battery_state/include/battery_state/battery_state/srv/battery_srv.h
[0.756s] -- Up-to-date: /home/newir529/ROS2_JAZZY_TUTORIAL/ros2_learning_ws/install/battery_state/include/battery_state/battery_state/srv/detail
[0.756s] -- Up-to-date: /home/newir529/ROS2_JAZZY_TUTORIAL/ros2_learning_ws/install/battery_state/include/battery_state/battery_state/srv/detail/battery_srv__functions.h
[0.756s] -- Up-to-date: /home/newir529/ROS2_JAZZY_TUTORIAL/ros2_learning_ws/install/battery_state/include/battery_state/battery_state/srv/detail/battery_srv__type_support.h
[0.757s] -- Up-to-date: /home/newir529/ROS2_JAZZY_TUTORIAL/ros2_learning_ws/install/battery_state/include/battery_state/battery_state/srv/detail/battery_srv__functions.c
[0.757s] -- Up-to-date: /home/newir529/ROS2_JAZZY_TUTORIAL/ros2_learning_ws/install/battery_state/include/battery_state/battery_state/srv/detail/battery_srv__description.c
[0.757s] -- Up-to-date: /home/newir529/ROS2_JAZZY_TUTORIAL/ros2_learning_ws/install/battery_state/include/battery_state/battery_state/srv/detail/battery_srv__struct.h
[0.757s] -- Up-to-date: /home/newir529/ROS2_JAZZY_TUTORIAL/ros2_learning_ws/install/battery_state/include/battery_state/battery_state/srv/detail/battery_srv__type_support.c
[0.757s] -- Up-to-date: /home/newir529/ROS2_JAZZY_TUTORIAL/ros2_learning_ws/install/battery_state/share/battery_state/environment/library_path.sh
[0.757s] -- Up-to-date: /home/newir529/ROS2_JAZZY_TUTORIAL/ros2_learning_ws/install/battery_state/share/battery_state/environment/library_path.dsv
[0.757s] -- Up-to-date: /home/newir529/ROS2_JAZZY_TUTORIAL/ros2_learning_ws/install/battery_state/lib/libbattery_state__rosidl_generator_c.so
[0.757s] -- Up-to-date: /home/newir529/ROS2_JAZZY_TUTORIAL/ros2_learning_ws/install/battery_state/include/battery_state/battery_state
[0.758s] -- Up-to-date: /home/newir529/ROS2_JAZZY_TUTORIAL/ros2_learning_ws/install/battery_state/include/battery_state/battery_state/msg
[0.758s] -- Up-to-date: /home/newir529/ROS2_JAZZY_TUTORIAL/ros2_learning_ws/install/battery_state/include/battery_state/battery_state/msg/rosidl_typesupport_fastrtps_c__visibility_control.h
[0.758s] -- Up-to-date: /home/newir529/ROS2_JAZZY_TUTORIAL/ros2_learning_ws/install/battery_state/include/battery_state/battery_state/msg/detail
[0.758s] -- Up-to-date: /home/newir529/ROS2_JAZZY_TUTORIAL/ros2_learning_ws/install/battery_state/include/battery_state/battery_state/msg/detail/battery_msg__rosidl_typesupport_fastrtps_c.h
[0.758s] -- Up-to-date: /home/newir529/ROS2_JAZZY_TUTORIAL/ros2_learning_ws/install/battery_state/include/battery_state/battery_state/srv
[0.758s] -- Up-to-date: /home/newir529/ROS2_JAZZY_TUTORIAL/ros2_learning_ws/install/battery_state/include/battery_state/battery_state/srv/detail
[0.758s] -- Up-to-date: /home/newir529/ROS2_JAZZY_TUTORIAL/ros2_learning_ws/install/battery_state/include/battery_state/battery_state/srv/detail/battery_srv__rosidl_typesupport_fastrtps_c.h
[0.759s] -- Up-to-date: /home/newir529/ROS2_JAZZY_TUTORIAL/ros2_learning_ws/install/battery_state/lib/libbattery_state__rosidl_typesupport_fastrtps_c.so
[0.759s] -- Up-to-date: /home/newir529/ROS2_JAZZY_TUTORIAL/ros2_learning_ws/install/battery_state/include/battery_state/battery_state
[0.759s] -- Up-to-date: /home/newir529/ROS2_JAZZY_TUTORIAL/ros2_learning_ws/install/battery_state/include/battery_state/battery_state/msg
[0.759s] -- Up-to-date: /home/newir529/ROS2_JAZZY_TUTORIAL/ros2_learning_ws/install/battery_state/include/battery_state/battery_state/msg/rosidl_typesupport_introspection_c__visibility_control.h
[0.759s] -- Up-to-date: /home/newir529/ROS2_JAZZY_TUTORIAL/ros2_learning_ws/install/battery_state/include/battery_state/battery_state/msg/detail
[0.759s] -- Up-to-date: /home/newir529/ROS2_JAZZY_TUTORIAL/ros2_learning_ws/install/battery_state/include/battery_state/battery_state/msg/detail/battery_msg__rosidl_typesupport_introspection_c.h
[0.759s] -- Up-to-date: /home/newir529/ROS2_JAZZY_TUTORIAL/ros2_learning_ws/install/battery_state/include/battery_state/battery_state/msg/detail/battery_msg__type_support.c
[0.759s] -- Up-to-date: /home/newir529/ROS2_JAZZY_TUTORIAL/ros2_learning_ws/install/battery_state/include/battery_state/battery_state/srv
[0.760s] -- Up-to-date: /home/newir529/ROS2_JAZZY_TUTORIAL/ros2_learning_ws/install/battery_state/include/battery_state/battery_state/srv/detail
[0.760s] -- Up-to-date: /home/newir529/ROS2_JAZZY_TUTORIAL/ros2_learning_ws/install/battery_state/include/battery_state/battery_state/srv/detail/battery_srv__rosidl_typesupport_introspection_c.h
[0.760s] -- Up-to-date: /home/newir529/ROS2_JAZZY_TUTORIAL/ros2_learning_ws/install/battery_state/include/battery_state/battery_state/srv/detail/battery_srv__type_support.c
[0.760s] -- Up-to-date: /home/newir529/ROS2_JAZZY_TUTORIAL/ros2_learning_ws/install/battery_state/lib/libbattery_state__rosidl_typesupport_introspection_c.so
[0.760s] -- Up-to-date: /home/newir529/ROS2_JAZZY_TUTORIAL/ros2_learning_ws/install/battery_state/lib/libbattery_state__rosidl_typesupport_c.so
[0.760s] -- Up-to-date: /home/newir529/ROS2_JAZZY_TUTORIAL/ros2_learning_ws/install/battery_state/include/battery_state/battery_state
[0.760s] -- Up-to-date: /home/newir529/ROS2_JAZZY_TUTORIAL/ros2_learning_ws/install/battery_state/include/battery_state/battery_state/msg
[0.761s] -- Up-to-date: /home/newir529/ROS2_JAZZY_TUTORIAL/ros2_learning_ws/install/battery_state/include/battery_state/battery_state/msg/battery_msg.hpp
[0.761s] -- Up-to-date: /home/newir529/ROS2_JAZZY_TUTORIAL/ros2_learning_ws/install/battery_state/include/battery_state/battery_state/msg/rosidl_generator_cpp__visibility_control.hpp
[0.761s] -- Up-to-date: /home/newir529/ROS2_JAZZY_TUTORIAL/ros2_learning_ws/install/battery_state/include/battery_state/battery_state/msg/detail
[0.761s] -- Up-to-date: /home/newir529/ROS2_JAZZY_TUTORIAL/ros2_learning_ws/install/battery_state/include/battery_state/battery_state/msg/detail/battery_msg__traits.hpp
[0.761s] -- Up-to-date: /home/newir529/ROS2_JAZZY_TUTORIAL/ros2_learning_ws/install/battery_state/include/battery_state/battery_state/msg/detail/battery_msg__builder.hpp
[0.761s] -- Up-to-date: /home/newir529/ROS2_JAZZY_TUTORIAL/ros2_learning_ws/install/battery_state/include/battery_state/battery_state/msg/detail/battery_msg__struct.hpp
[0.761s] -- Up-to-date: /home/newir529/ROS2_JAZZY_TUTORIAL/ros2_learning_ws/install/battery_state/include/battery_state/battery_state/msg/detail/battery_msg__type_support.hpp
[0.761s] -- Up-to-date: /home/newir529/ROS2_JAZZY_TUTORIAL/ros2_learning_ws/install/battery_state/include/battery_state/battery_state/srv
[0.761s] -- Up-to-date: /home/newir529/ROS2_JAZZY_TUTORIAL/ros2_learning_ws/install/battery_state/include/battery_state/battery_state/srv/battery_srv.hpp
[0.762s] -- Up-to-date: /home/newir529/ROS2_JAZZY_TUTORIAL/ros2_learning_ws/install/battery_state/include/battery_state/battery_state/srv/detail
[0.762s] -- Up-to-date: /home/newir529/ROS2_JAZZY_TUTORIAL/ros2_learning_ws/install/battery_state/include/battery_state/battery_state/srv/detail/battery_srv__traits.hpp
[0.762s] -- Up-to-date: /home/newir529/ROS2_JAZZY_TUTORIAL/ros2_learning_ws/install/battery_state/include/battery_state/battery_state/srv/detail/battery_srv__type_support.hpp
[0.762s] -- Up-to-date: /home/newir529/ROS2_JAZZY_TUTORIAL/ros2_learning_ws/install/battery_state/include/battery_state/battery_state/srv/detail/battery_srv__struct.hpp
[0.762s] -- Up-to-date: /home/newir529/ROS2_JAZZY_TUTORIAL/ros2_learning_ws/install/battery_state/include/battery_state/battery_state/srv/detail/battery_srv__builder.hpp
[0.762s] -- Up-to-date: /home/newir529/ROS2_JAZZY_TUTORIAL/ros2_learning_ws/install/battery_state/include/battery_state/battery_state
[0.762s] -- Up-to-date: /home/newir529/ROS2_JAZZY_TUTORIAL/ros2_learning_ws/install/battery_state/include/battery_state/battery_state/msg
[0.762s] -- Up-to-date: /home/newir529/ROS2_JAZZY_TUTORIAL/ros2_learning_ws/install/battery_state/include/battery_state/battery_state/msg/rosidl_typesupport_fastrtps_cpp__visibility_control.h
[0.763s] -- Up-to-date: /home/newir529/ROS2_JAZZY_TUTORIAL/ros2_learning_ws/install/battery_state/include/battery_state/battery_state/msg/detail
[0.763s] -- Up-to-date: /home/newir529/ROS2_JAZZY_TUTORIAL/ros2_learning_ws/install/battery_state/include/battery_state/battery_state/msg/detail/dds_fastrtps
[0.763s] -- Up-to-date: /home/newir529/ROS2_JAZZY_TUTORIAL/ros2_learning_ws/install/battery_state/include/battery_state/battery_state/msg/detail/battery_msg__rosidl_typesupport_fastrtps_cpp.hpp
[0.763s] -- Up-to-date: /home/newir529/ROS2_JAZZY_TUTORIAL/ros2_learning_ws/install/battery_state/include/battery_state/battery_state/srv
[0.763s] -- Up-to-date: /home/newir529/ROS2_JAZZY_TUTORIAL/ros2_learning_ws/install/battery_state/include/battery_state/battery_state/srv/detail
[0.763s] -- Up-to-date: /home/newir529/ROS2_JAZZY_TUTORIAL/ros2_learning_ws/install/battery_state/include/battery_state/battery_state/srv/detail/battery_srv__rosidl_typesupport_fastrtps_cpp.hpp
[0.764s] -- Up-to-date: /home/newir529/ROS2_JAZZY_TUTORIAL/ros2_learning_ws/install/battery_state/include/battery_state/battery_state/srv/detail/dds_fastrtps
[0.764s] -- Up-to-date: /home/newir529/ROS2_JAZZY_TUTORIAL/ros2_learning_ws/install/battery_state/lib/libbattery_state__rosidl_typesupport_fastrtps_cpp.so
[0.764s] -- Up-to-date: /home/newir529/ROS2_JAZZY_TUTORIAL/ros2_learning_ws/install/battery_state/include/battery_state/battery_state
[0.764s] -- Up-to-date: /home/newir529/ROS2_JAZZY_TUTORIAL/ros2_learning_ws/install/battery_state/include/battery_state/battery_state/msg
[0.764s] -- Up-to-date: /home/newir529/ROS2_JAZZY_TUTORIAL/ros2_learning_ws/install/battery_state/include/battery_state/battery_state/msg/detail
[0.764s] -- Up-to-date: /home/newir529/ROS2_JAZZY_TUTORIAL/ros2_learning_ws/install/battery_state/include/battery_state/battery_state/msg/detail/battery_msg__rosidl_typesupport_introspection_cpp.hpp
[0.764s] -- Up-to-date: /home/newir529/ROS2_JAZZY_TUTORIAL/ros2_learning_ws/install/battery_state/include/battery_state/battery_state/msg/detail/battery_msg__type_support.cpp
[0.764s] -- Up-to-date: /home/newir529/ROS2_JAZZY_TUTORIAL/ros2_learning_ws/install/battery_state/include/battery_state/battery_state/srv
[0.764s] -- Up-to-date: /home/newir529/ROS2_JAZZY_TUTORIAL/ros2_learning_ws/install/battery_state/include/battery_state/battery_state/srv/detail
[0.765s] -- Up-to-date: /home/newir529/ROS2_JAZZY_TUTORIAL/ros2_learning_ws/install/battery_state/include/battery_state/battery_state/srv/detail/battery_srv__rosidl_typesupport_introspection_cpp.hpp
[0.765s] -- Up-to-date: /home/newir529/ROS2_JAZZY_TUTORIAL/ros2_learning_ws/install/battery_state/include/battery_state/battery_state/srv/detail/battery_srv__type_support.cpp
[0.765s] -- Up-to-date: /home/newir529/ROS2_JAZZY_TUTORIAL/ros2_learning_ws/install/battery_state/lib/libbattery_state__rosidl_typesupport_introspection_cpp.so
[0.765s] -- Up-to-date: /home/newir529/ROS2_JAZZY_TUTORIAL/ros2_learning_ws/install/battery_state/lib/libbattery_state__rosidl_typesupport_cpp.so
[0.765s] -- Up-to-date: /home/newir529/ROS2_JAZZY_TUTORIAL/ros2_learning_ws/install/battery_state/share/battery_state/environment/pythonpath.sh
[0.765s] -- Up-to-date: /home/newir529/ROS2_JAZZY_TUTORIAL/ros2_learning_ws/install/battery_state/share/battery_state/environment/pythonpath.dsv
[0.765s] -- Up-to-date: /home/newir529/ROS2_JAZZY_TUTORIAL/ros2_learning_ws/install/battery_state/lib/python3.12/site-packages/battery_state-0.0.0-py3.12.egg-info
[0.765s] -- Installing: /home/newir529/ROS2_JAZZY_TUTORIAL/ros2_learning_ws/install/battery_state/lib/python3.12/site-packages/battery_state-0.0.0-py3.12.egg-info/SOURCES.txt
[0.765s] -- Installing: /home/newir529/ROS2_JAZZY_TUTORIAL/ros2_learning_ws/install/battery_state/lib/python3.12/site-packages/battery_state-0.0.0-py3.12.egg-info/dependency_links.txt
[0.765s] -- Installing: /home/newir529/ROS2_JAZZY_TUTORIAL/ros2_learning_ws/install/battery_state/lib/python3.12/site-packages/battery_state-0.0.0-py3.12.egg-info/PKG-INFO
[0.766s] -- Installing: /home/newir529/ROS2_JAZZY_TUTORIAL/ros2_learning_ws/install/battery_state/lib/python3.12/site-packages/battery_state-0.0.0-py3.12.egg-info/top_level.txt
[0.766s] -- Up-to-date: /home/newir529/ROS2_JAZZY_TUTORIAL/ros2_learning_ws/install/battery_state/lib/python3.12/site-packages/battery_state
[0.766s] -- Up-to-date: /home/newir529/ROS2_JAZZY_TUTORIAL/ros2_learning_ws/install/battery_state/lib/python3.12/site-packages/battery_state/_battery_state_s.ep.rosidl_typesupport_fastrtps_c.c
[0.766s] -- Up-to-date: /home/newir529/ROS2_JAZZY_TUTORIAL/ros2_learning_ws/install/battery_state/lib/python3.12/site-packages/battery_state/_battery_state_s.ep.rosidl_typesupport_introspection_c.c
[0.766s] -- Up-to-date: /home/newir529/ROS2_JAZZY_TUTORIAL/ros2_learning_ws/install/battery_state/lib/python3.12/site-packages/battery_state/battery_state_s__rosidl_typesupport_fastrtps_c.so
[0.766s] -- Up-to-date: /home/newir529/ROS2_JAZZY_TUTORIAL/ros2_learning_ws/install/battery_state/lib/python3.12/site-packages/battery_state/battery_state_s__rosidl_typesupport_introspection_c.so
[0.766s] -- Up-to-date: /home/newir529/ROS2_JAZZY_TUTORIAL/ros2_learning_ws/install/battery_state/lib/python3.12/site-packages/battery_state/_battery_state_s.ep.rosidl_typesupport_c.c
[0.766s] -- Up-to-date: /home/newir529/ROS2_JAZZY_TUTORIAL/ros2_learning_ws/install/battery_state/lib/python3.12/site-packages/battery_state/battery_state_s__rosidl_typesupport_c.so
[0.766s] -- Up-to-date: /home/newir529/ROS2_JAZZY_TUTORIAL/ros2_learning_ws/install/battery_state/lib/python3.12/site-packages/battery_state/msg
[0.767s] -- Up-to-date: /home/newir529/ROS2_JAZZY_TUTORIAL/ros2_learning_ws/install/battery_state/lib/python3.12/site-packages/battery_state/msg/_battery_msg.py
[0.767s] -- Up-to-date: /home/newir529/ROS2_JAZZY_TUTORIAL/ros2_learning_ws/install/battery_state/lib/python3.12/site-packages/battery_state/msg/_battery_msg_s.c
[0.767s] -- Up-to-date: /home/newir529/ROS2_JAZZY_TUTORIAL/ros2_learning_ws/install/battery_state/lib/python3.12/site-packages/battery_state/msg/__init__.py
[0.767s] -- Up-to-date: /home/newir529/ROS2_JAZZY_TUTORIAL/ros2_learning_ws/install/battery_state/lib/python3.12/site-packages/battery_state/__init__.py
[0.767s] -- Up-to-date: /home/newir529/ROS2_JAZZY_TUTORIAL/ros2_learning_ws/install/battery_state/lib/python3.12/site-packages/battery_state/srv
[0.767s] -- Up-to-date: /home/newir529/ROS2_JAZZY_TUTORIAL/ros2_learning_ws/install/battery_state/lib/python3.12/site-packages/battery_state/srv/_battery_srv_s.c
[0.767s] -- Up-to-date: /home/newir529/ROS2_JAZZY_TUTORIAL/ros2_learning_ws/install/battery_state/lib/python3.12/site-packages/battery_state/srv/_battery_srv.py
[0.767s] -- Up-to-date: /home/newir529/ROS2_JAZZY_TUTORIAL/ros2_learning_ws/install/battery_state/lib/python3.12/site-packages/battery_state/srv/__init__.py
[0.820s] Listing '/home/newir529/ROS2_JAZZY_TUTORIAL/ros2_learning_ws/install/battery_state/lib/python3.12/site-packages/battery_state'...
[0.820s] Listing '/home/newir529/ROS2_JAZZY_TUTORIAL/ros2_learning_ws/install/battery_state/lib/python3.12/site-packages/battery_state/msg'...
[0.820s] Listing '/home/newir529/ROS2_JAZZY_TUTORIAL/ros2_learning_ws/install/battery_state/lib/python3.12/site-packages/battery_state/srv'...
[0.827s] -- Up-to-date: /home/newir529/ROS2_JAZZY_TUTORIAL/ros2_learning_ws/install/battery_state/lib/python3.12/site-packages/battery_state/battery_state_s__rosidl_typesupport_fastrtps_c.so
[0.828s] -- Up-to-date: /home/newir529/ROS2_JAZZY_TUTORIAL/ros2_learning_ws/install/battery_state/lib/python3.12/site-packages/battery_state/battery_state_s__rosidl_typesupport_introspection_c.so
[0.829s] -- Up-to-date: /home/newir529/ROS2_JAZZY_TUTORIAL/ros2_learning_ws/install/battery_state/lib/python3.12/site-packages/battery_state/battery_state_s__rosidl_typesupport_c.so
[0.829s] -- Up-to-date: /home/newir529/ROS2_JAZZY_TUTORIAL/ros2_learning_ws/install/battery_state/lib/libbattery_state__rosidl_generator_py.so
[0.829s] -- Up-to-date: /home/newir529/ROS2_JAZZY_TUTORIAL/ros2_learning_ws/install/battery_state/share/battery_state/srv/BatterySrv.idl
[0.830s] -- Up-to-date: /home/newir529/ROS2_JAZZY_TUTORIAL/ros2_learning_ws/install/battery_state/share/battery_state/msg/BatteryMsg.idl
[0.830s] -- Up-to-date: /home/newir529/ROS2_JAZZY_TUTORIAL/ros2_learning_ws/install/battery_state/share/battery_state/srv/BatterySrv.srv
[0.830s] -- Up-to-date: /home/newir529/ROS2_JAZZY_TUTORIAL/ros2_learning_ws/install/battery_state/share/battery_state/msg/BatteryMsg.msg
[0.831s] -- Up-to-date: /home/newir529/ROS2_JAZZY_TUTORIAL/ros2_learning_ws/install/battery_state/lib/battery_state/batteryServer.py
[0.831s] -- Up-to-date: /home/newir529/ROS2_JAZZY_TUTORIAL/ros2_learning_ws/install/battery_state/share/ament_index/resource_index/package_run_dependencies/battery_state
[0.831s] -- Up-to-date: /home/newir529/ROS2_JAZZY_TUTORIAL/ros2_learning_ws/install/battery_state/share/ament_index/resource_index/parent_prefix_path/battery_state
[0.831s] -- Up-to-date: /home/newir529/ROS2_JAZZY_TUTORIAL/ros2_learning_ws/install/battery_state/share/battery_state/environment/ament_prefix_path.sh
[0.831s] -- Up-to-date: /home/newir529/ROS2_JAZZY_TUTORIAL/ros2_learning_ws/install/battery_state/share/battery_state/environment/ament_prefix_path.dsv
[0.831s] -- Up-to-date: /home/newir529/ROS2_JAZZY_TUTORIAL/ros2_learning_ws/install/battery_state/share/battery_state/environment/path.sh
[0.832s] -- Up-to-date: /home/newir529/ROS2_JAZZY_TUTORIAL/ros2_learning_ws/install/battery_state/share/battery_state/environment/path.dsv
[0.832s] -- Up-to-date: /home/newir529/ROS2_JAZZY_TUTORIAL/ros2_learning_ws/install/battery_state/share/battery_state/local_setup.bash
[0.832s] -- Up-to-date: /home/newir529/ROS2_JAZZY_TUTORIAL/ros2_learning_ws/install/battery_state/share/battery_state/local_setup.sh
[0.832s] -- Up-to-date: /home/newir529/ROS2_JAZZY_TUTORIAL/ros2_learning_ws/install/battery_state/share/battery_state/local_setup.zsh
[0.832s] -- Up-to-date: /home/newir529/ROS2_JAZZY_TUTORIAL/ros2_learning_ws/install/battery_state/share/battery_state/local_setup.dsv
[0.832s] -- Installing: /home/newir529/ROS2_JAZZY_TUTORIAL/ros2_learning_ws/install/battery_state/share/battery_state/package.dsv
[0.833s] -- Up-to-date: /home/newir529/ROS2_JAZZY_TUTORIAL/ros2_learning_ws/install/battery_state/share/ament_index/resource_index/packages/battery_state
[0.833s] -- Up-to-date: /home/newir529/ROS2_JAZZY_TUTORIAL/ros2_learning_ws/install/battery_state/share/battery_state/cmake/export_battery_state__rosidl_generator_cExport.cmake
[0.833s] -- Up-to-date: /home/newir529/ROS2_JAZZY_TUTORIAL/ros2_learning_ws/install/battery_state/share/battery_state/cmake/export_battery_state__rosidl_generator_cExport-noconfig.cmake
[0.833s] -- Up-to-date: /home/newir529/ROS2_JAZZY_TUTORIAL/ros2_learning_ws/install/battery_state/share/battery_state/cmake/export_battery_state__rosidl_typesupport_fastrtps_cExport.cmake
[0.834s] -- Up-to-date: /home/newir529/ROS2_JAZZY_TUTORIAL/ros2_learning_ws/install/battery_state/share/battery_state/cmake/export_battery_state__rosidl_typesupport_fastrtps_cExport-noconfig.cmake
[0.834s] -- Up-to-date: /home/newir529/ROS2_JAZZY_TUTORIAL/ros2_learning_ws/install/battery_state/share/battery_state/cmake/battery_state__rosidl_typesupport_introspection_cExport.cmake
[0.834s] -- Up-to-date: /home/newir529/ROS2_JAZZY_TUTORIAL/ros2_learning_ws/install/battery_state/share/battery_state/cmake/battery_state__rosidl_typesupport_introspection_cExport-noconfig.cmake
[0.834s] -- Up-to-date: /home/newir529/ROS2_JAZZY_TUTORIAL/ros2_learning_ws/install/battery_state/share/battery_state/cmake/battery_state__rosidl_typesupport_cExport.cmake
[0.834s] -- Up-to-date: /home/newir529/ROS2_JAZZY_TUTORIAL/ros2_learning_ws/install/battery_state/share/battery_state/cmake/battery_state__rosidl_typesupport_cExport-noconfig.cmake
[0.835s] -- Up-to-date: /home/newir529/ROS2_JAZZY_TUTORIAL/ros2_learning_ws/install/battery_state/share/battery_state/cmake/export_battery_state__rosidl_generator_cppExport.cmake
[0.835s] -- Up-to-date: /home/newir529/ROS2_JAZZY_TUTORIAL/ros2_learning_ws/install/battery_state/share/battery_state/cmake/export_battery_state__rosidl_typesupport_fastrtps_cppExport.cmake
[0.835s] -- Up-to-date: /home/newir529/ROS2_JAZZY_TUTORIAL/ros2_learning_ws/install/battery_state/share/battery_state/cmake/export_battery_state__rosidl_typesupport_fastrtps_cppExport-noconfig.cmake
[0.835s] -- Up-to-date: /home/newir529/ROS2_JAZZY_TUTORIAL/ros2_learning_ws/install/battery_state/share/battery_state/cmake/battery_state__rosidl_typesupport_introspection_cppExport.cmake
[0.835s] -- Up-to-date: /home/newir529/ROS2_JAZZY_TUTORIAL/ros2_learning_ws/install/battery_state/share/battery_state/cmake/battery_state__rosidl_typesupport_introspection_cppExport-noconfig.cmake
[0.835s] -- Up-to-date: /home/newir529/ROS2_JAZZY_TUTORIAL/ros2_learning_ws/install/battery_state/share/battery_state/cmake/battery_state__rosidl_typesupport_cppExport.cmake
[0.836s] -- Up-to-date: /home/newir529/ROS2_JAZZY_TUTORIAL/ros2_learning_ws/install/battery_state/share/battery_state/cmake/battery_state__rosidl_typesupport_cppExport-noconfig.cmake
[0.836s] -- Up-to-date: /home/newir529/ROS2_JAZZY_TUTORIAL/ros2_learning_ws/install/battery_state/share/battery_state/cmake/export_battery_state__rosidl_generator_pyExport.cmake
[0.836s] -- Up-to-date: /home/newir529/ROS2_JAZZY_TUTORIAL/ros2_learning_ws/install/battery_state/share/battery_state/cmake/export_battery_state__rosidl_generator_pyExport-noconfig.cmake
[0.836s] -- Up-to-date: /home/newir529/ROS2_JAZZY_TUTORIAL/ros2_learning_ws/install/battery_state/share/battery_state/cmake/rosidl_cmake-extras.cmake
[0.836s] -- Up-to-date: /home/newir529/ROS2_JAZZY_TUTORIAL/ros2_learning_ws/install/battery_state/share/battery_state/cmake/ament_cmake_export_dependencies-extras.cmake
[0.836s] -- Up-to-date: /home/newir529/ROS2_JAZZY_TUTORIAL/ros2_learning_ws/install/battery_state/share/battery_state/cmake/ament_cmake_export_include_directories-extras.cmake
[0.836s] -- Up-to-date: /home/newir529/ROS2_JAZZY_TUTORIAL/ros2_learning_ws/install/battery_state/share/battery_state/cmake/ament_cmake_export_libraries-extras.cmake
[0.837s] -- Up-to-date: /home/newir529/ROS2_JAZZY_TUTORIAL/ros2_learning_ws/install/battery_state/share/battery_state/cmake/ament_cmake_export_targets-extras.cmake
[0.837s] -- Up-to-date: /home/newir529/ROS2_JAZZY_TUTORIAL/ros2_learning_ws/install/battery_state/share/battery_state/cmake/rosidl_cmake_export_typesupport_targets-extras.cmake
[0.837s] -- Up-to-date: /home/newir529/ROS2_JAZZY_TUTORIAL/ros2_learning_ws/install/battery_state/share/battery_state/cmake/rosidl_cmake_export_typesupport_libraries-extras.cmake
[0.837s] -- Up-to-date: /home/newir529/ROS2_JAZZY_TUTORIAL/ros2_learning_ws/install/battery_state/share/battery_state/cmake/battery_stateConfig.cmake
[0.838s] -- Up-to-date: /home/newir529/ROS2_JAZZY_TUTORIAL/ros2_learning_ws/install/battery_state/share/battery_state/cmake/battery_stateConfig-version.cmake
[0.838s] -- Up-to-date: /home/newir529/ROS2_JAZZY_TUTORIAL/ros2_learning_ws/install/battery_state/share/battery_state/package.xml
[0.838s] Invoked command in '/home/newir529/ROS2_JAZZY_TUTORIAL/ros2_learning_ws/build/battery_state' returned '0': CMAKE_PREFIX_PATH=${CMAKE_PREFIX_PATH}:/home/newir529/ROS2_JAZZY_TUTORIAL/ros2_learning_ws/install/turtlesim_manipulation:/home/newir529/ROS2_JAZZY_TUTORIAL/ros2_learning_ws/install/first_py_pkg:/opt/ros/jazzy DEBUGINFOD_URLS=https://debuginfod.ubuntu.com /usr/bin/cmake --install /home/newir529/ROS2_JAZZY_TUTORIAL/ros2_learning_ws/build/battery_state
