[0.013s] Invoking command in '/home/newir529/ROS2_JAZZY_TUTORIAL/ros2_learning_ws/build/battery_state': CMAKE_PREFIX_PATH=${CMAKE_PREFIX_PATH}:/home/newir529/ROS2_JAZZY_TUTORIAL/ros2_learning_ws/install/turtlesim_manipulation:/home/newir529/ROS2_JAZZY_TUTORIAL/ros2_learning_ws/install/first_py_pkg:/opt/ros/jazzy DEBUGINFOD_URLS=https://debuginfod.ubuntu.com /usr/bin/cmake --build /home/newir529/ROS2_JAZZY_TUTORIAL/ros2_learning_ws/build/battery_state -- -j8 -l8
[0.061s] [  2%] Built target battery_state__rosidl_generator_type_description
[0.072s] [  2%] Built target ament_cmake_python_copy_battery_state
[0.083s] [  4%] Built target battery_state__cpp
[0.085s] [ 21%] Built target battery_state__rosidl_generator_c
[0.174s] [ 30%] Built target battery_state__rosidl_typesupport_c
[0.175s] [ 39%] Built target battery_state__rosidl_typesupport_introspection_c
[0.177s] [ 47%] Built target battery_state__rosidl_typesupport_fastrtps_c
[0.182s] [ 56%] Built target battery_state__rosidl_typesupport_introspection_cpp
[0.188s] [ 65%] Built target battery_state__rosidl_typesupport_fastrtps_cpp
[0.191s] [ 73%] Built target battery_state__rosidl_typesupport_cpp
[0.270s] [ 73%] Built target battery_state
[0.340s] [ 76%] Built target battery_state__py
[0.341s] [ 78%] [32mBuilding CXX object CMakeFiles/batteryClient.dir/src/battaryClient.cpp.o[0m
[0.377s] [ 84%] Built target battery_state__rosidl_generator_py
[0.406s] [ 89%] Built target battery_state_s__rosidl_typesupport_c
[0.408s] [ 93%] Built target battery_state_s__rosidl_typesupport_introspection_c
[0.409s] [ 97%] Built target battery_state_s__rosidl_typesupport_fastrtps_c
[0.582s] running egg_info
[0.608s] writing battery_state.egg-info/PKG-INFO
[0.608s] writing dependency_links to battery_state.egg-info/dependency_links.txt
[0.608s] writing top-level names to battery_state.egg-info/top_level.txt
[0.670s] reading manifest file 'battery_state.egg-info/SOURCES.txt'
[0.671s] writing manifest file 'battery_state.egg-info/SOURCES.txt'
[0.688s] [01m[K/home/newir529/ROS2_JAZZY_TUTORIAL/ros2_learning_ws/src/battery_state/src/battaryClient.cpp:11:10:[m[K [01;31m[Kfatal error: [m[K../msg/BatteryMsg.hpp: No such file or directory
[0.688s]    11 | #include [01;31m[K"../msg/BatteryMsg.hpp"[m[K
[0.688s]       |          [01;31m[K^~~~~~~~~~~~~~~~~~~~~~~[m[K
[0.688s] compilation terminated.
[0.691s] gmake[2]: *** [CMakeFiles/batteryClient.dir/build.make:76: CMakeFiles/batteryClient.dir/src/battaryClient.cpp.o] Error 1
[0.691s] gmake[1]: *** [CMakeFiles/Makefile2:626: CMakeFiles/batteryClient.dir/all] Error 2
[0.691s] gmake[1]: *** Waiting for unfinished jobs....
[0.696s] [ 97%] Built target ament_cmake_python_build_battery_state_egg
[0.697s] gmake: *** [Makefile:146: all] Error 2
[0.699s] Invoked command in '/home/newir529/ROS2_JAZZY_TUTORIAL/ros2_learning_ws/build/battery_state' returned '2': CMAKE_PREFIX_PATH=${CMAKE_PREFIX_PATH}:/home/newir529/ROS2_JAZZY_TUTORIAL/ros2_learning_ws/install/turtlesim_manipulation:/home/newir529/ROS2_JAZZY_TUTORIAL/ros2_learning_ws/install/first_py_pkg:/opt/ros/jazzy DEBUGINFOD_URLS=https://debuginfod.ubuntu.com /usr/bin/cmake --build /home/newir529/ROS2_JAZZY_TUTORIAL/ros2_learning_ws/build/battery_state -- -j8 -l8
