[0.019s] Invoking command in '/home/newir529/ROS2_JAZZY_TUTORIAL/ros2_learning_ws/build/myFirst_cpp_pkg': CMAKE_PREFIX_PATH=${CMAKE_PREFIX_PATH}:/home/newir529/ROS2_JAZZY_TUTORIAL/ros2_learning_ws/install/turtlesim_manipulation:/home/newir529/ROS2_JAZZY_TUTORIAL/ros2_learning_ws/install/first_py_pkg:/opt/ros/jazzy DEBUGINFOD_URLS=https://debuginfod.ubuntu.com /usr/bin/cmake --build /home/newir529/ROS2_JAZZY_TUTORIAL/ros2_learning_ws/build/myFirst_cpp_pkg -- -j8 -l8
[0.053s] -- Found ament_cmake: 2.5.2 (/opt/ros/jazzy/share/ament_cmake/cmake)
[0.473s] -- Found rclcpp: 28.1.5 (/opt/ros/jazzy/share/rclcpp/cmake)
[0.506s] -- Found rosidl_generator_c: 4.6.4 (/opt/ros/jazzy/share/rosidl_generator_c/cmake)
[0.544s] -- Found rosidl_generator_cpp: 4.6.4 (/opt/ros/jazzy/share/rosidl_generator_cpp/cmake)
[0.586s] -- Using all available rosidl_typesupport_c: rosidl_typesupport_fastrtps_c;rosidl_typesupport_introspection_c
[0.609s] -- Using all available rosidl_typesupport_cpp: rosidl_typesupport_fastrtps_cpp;rosidl_typesupport_introspection_cpp
[0.759s] -- Found rmw_implementation_cmake: 7.3.1 (/opt/ros/jazzy/share/rmw_implementation_cmake/cmake)
[0.761s] -- Found rmw_fastrtps_cpp: 8.4.1 (/opt/ros/jazzy/share/rmw_fastrtps_cpp/cmake)
[0.890s] -- Using RMW implementation 'rmw_fastrtps_cpp' as default
[1.031s] -- Found std_msgs: 5.3.5 (/opt/ros/jazzy/share/std_msgs/cmake)
[1.048s] -- Found ament_lint_auto: 0.17.1 (/opt/ros/jazzy/share/ament_lint_auto/cmake)
[1.230s] WARNING: Package name "myFirst_cpp_pkg" does not follow the naming conventions. It should start with a lower case letter and only contain lower case letters, digits, underscores, and dashes.
[1.255s] -- Added test 'cppcheck' to perform static code analysis on C / C++ code
[1.255s] -- Configured cppcheck include dirs: 
[1.255s] -- Configured cppcheck exclude dirs and/or files: 
[1.256s] -- Added test 'lint_cmake' to check CMake code style
[1.258s] -- Added test 'uncrustify' to check C / C++ code style
[1.258s] -- Configured uncrustify additional arguments: 
[1.259s] -- Added test 'xmllint' to check XML markup files
[1.262s] -- Configuring done (1.2s)
[1.265s] [31mCMake Error at CMakeLists.txt:27 (add_executable):
[1.265s]   Cannot find source file:
[1.265s] 
[1.265s]     srd/number_pub.cpp
[1.265s] 
[1.265s]   Tried extensions .c .C .c++ .cc .cpp .cxx .cu .mpp .m .M .mm .ixx .cppm
[1.265s]   .ccm .cxxm .c++m .h .hh .h++ .hm .hpp .hxx .in .txx .f .F .for .f77 .f90
[1.265s]   .f95 .f03 .hip .ispc
[1.265s] 
[1.265s] [0m
[1.267s] [31mCMake Error at CMakeLists.txt:27 (add_executable):
[1.267s]   No SOURCES given to target: number_pub
[1.268s] 
[1.268s] [0m
[1.268s] [0mCMake Generate step failed.  Build files cannot be regenerated correctly.[0m
[1.273s] gmake: *** [Makefile:226: cmake_check_build_system] Error 1
[1.275s] Invoked command in '/home/newir529/ROS2_JAZZY_TUTORIAL/ros2_learning_ws/build/myFirst_cpp_pkg' returned '2': CMAKE_PREFIX_PATH=${CMAKE_PREFIX_PATH}:/home/newir529/ROS2_JAZZY_TUTORIAL/ros2_learning_ws/install/turtlesim_manipulation:/home/newir529/ROS2_JAZZY_TUTORIAL/ros2_learning_ws/install/first_py_pkg:/opt/ros/jazzy DEBUGINFOD_URLS=https://debuginfod.ubuntu.com /usr/bin/cmake --build /home/newir529/ROS2_JAZZY_TUTORIAL/ros2_learning_ws/build/myFirst_cpp_pkg -- -j8 -l8
