[1.803s] Invoking command in '/home/newir529/ROS2_JAZZY_TUTORIAL/ros2_learning_ws/src/first_py_pkg': DEBUGINFOD_URLS=https://debuginfod.ubuntu.com PYTHONPATH=/home/newir529/ROS2_JAZZY_TUTORIAL/ros2_learning_ws/build/first_py_pkg/prefix_override:/usr/lib/python3/dist-packages/colcon_core/task/python/colcon_distutils_commands:/home/newir529/ROS2_JAZZY_TUTORIAL/ros2_learning_ws/install/first_py_pkg/lib/python3.12/site-packages:${PYTHONPATH} /usr/bin/python3 -W ignore:setup.py install is deprecated -W ignore:easy_install command is deprecated setup.py egg_info --egg-base ../../build/first_py_pkg build --build-base /home/newir529/ROS2_JAZZY_TUTORIAL/ros2_learning_ws/build/first_py_pkg/build install --record /home/newir529/ROS2_JAZZY_TUTORIAL/ros2_learning_ws/build/first_py_pkg/install.log --single-version-externally-managed install_data
[2.265s] running egg_info
[2.298s] writing ../../build/first_py_pkg/first_py_pkg.egg-info/PKG-INFO
[2.298s] writing dependency_links to ../../build/first_py_pkg/first_py_pkg.egg-info/dependency_links.txt
[2.298s] writing entry points to ../../build/first_py_pkg/first_py_pkg.egg-info/entry_points.txt
[2.299s] writing requirements to ../../build/first_py_pkg/first_py_pkg.egg-info/requires.txt
[2.299s] writing top-level names to ../../build/first_py_pkg/first_py_pkg.egg-info/top_level.txt
[2.371s] reading manifest file '../../build/first_py_pkg/first_py_pkg.egg-info/SOURCES.txt'
[2.372s] writing manifest file '../../build/first_py_pkg/first_py_pkg.egg-info/SOURCES.txt'
[2.372s] running build
[2.372s] running build_py
[2.373s] running install
[2.383s] running install_lib
[2.420s] running install_data
[2.420s] running install_egg_info
[2.456s] removing '/home/newir529/ROS2_JAZZY_TUTORIAL/ros2_learning_ws/install/first_py_pkg/lib/python3.12/site-packages/first_py_pkg-0.0.0-py3.12.egg-info' (and everything under it)
[2.456s] Copying ../../build/first_py_pkg/first_py_pkg.egg-info to /home/newir529/ROS2_JAZZY_TUTORIAL/ros2_learning_ws/install/first_py_pkg/lib/python3.12/site-packages/first_py_pkg-0.0.0-py3.12.egg-info
[2.458s] running install_scripts
[2.689s] Installing camera script to /home/newir529/ROS2_JAZZY_TUTORIAL/ros2_learning_ws/install/first_py_pkg/lib/first_py_pkg
[2.689s] Installing pub_node script to /home/newir529/ROS2_JAZZY_TUTORIAL/ros2_learning_ws/install/first_py_pkg/lib/first_py_pkg
[2.690s] Installing sub_node script to /home/newir529/ROS2_JAZZY_TUTORIAL/ros2_learning_ws/install/first_py_pkg/lib/first_py_pkg
[2.690s] writing list of installed files to '/home/newir529/ROS2_JAZZY_TUTORIAL/ros2_learning_ws/build/first_py_pkg/install.log'
[2.736s] Invoked command in '/home/newir529/ROS2_JAZZY_TUTORIAL/ros2_learning_ws/src/first_py_pkg' returned '0': DEBUGINFOD_URLS=https://debuginfod.ubuntu.com PYTHONPATH=/home/newir529/ROS2_JAZZY_TUTORIAL/ros2_learning_ws/build/first_py_pkg/prefix_override:/usr/lib/python3/dist-packages/colcon_core/task/python/colcon_distutils_commands:/home/newir529/ROS2_JAZZY_TUTORIAL/ros2_learning_ws/install/first_py_pkg/lib/python3.12/site-packages:${PYTHONPATH} /usr/bin/python3 -W ignore:setup.py install is deprecated -W ignore:easy_install command is deprecated setup.py egg_info --egg-base ../../build/first_py_pkg build --build-base /home/newir529/ROS2_JAZZY_TUTORIAL/ros2_learning_ws/build/first_py_pkg/build install --record /home/newir529/ROS2_JAZZY_TUTORIAL/ros2_learning_ws/build/first_py_pkg/install.log --single-version-externally-managed install_data
