running egg_info
creating ../../build/battery_state/battery_state.egg-info
writing ../../build/battery_state/battery_state.egg-info/PKG-INFO
writing dependency_links to ../../build/battery_state/battery_state.egg-info/dependency_links.txt
writing requirements to ../../build/battery_state/battery_state.egg-info/requires.txt
writing top-level names to ../../build/battery_state/battery_state.egg-info/top_level.txt
writing manifest file '../../build/battery_state/battery_state.egg-info/SOURCES.txt'
reading manifest file '../../build/battery_state/battery_state.egg-info/SOURCES.txt'
writing manifest file '../../build/battery_state/battery_state.egg-info/SOURCES.txt'
running build
running build_py
creating /home/newir529/ROS2_JAZZY_TUTORIAL/ros2_learning_ws/build/battery_state/build
creating /home/newir529/ROS2_JAZZY_TUTORIAL/ros2_learning_ws/build/battery_state/build/lib
creating /home/newir529/ROS2_JAZZY_TUTORIAL/ros2_learning_ws/build/battery_state/build/lib/battery_state
copying battery_state/__init__.py -> /home/newir529/ROS2_JAZZY_TUTORIAL/ros2_learning_ws/build/battery_state/build/lib/battery_state
running install
running install_lib
creating /home/newir529/ROS2_JAZZY_TUTORIAL/ros2_learning_ws/install/battery_state/lib/python3.12/site-packages/battery_state
copying /home/newir529/ROS2_JAZZY_TUTORIAL/ros2_learning_ws/build/battery_state/build/lib/battery_state/__init__.py -> /home/newir529/ROS2_JAZZY_TUTORIAL/ros2_learning_ws/install/battery_state/lib/python3.12/site-packages/battery_state
byte-compiling /home/newir529/ROS2_JAZZY_TUTORIAL/ros2_learning_ws/install/battery_state/lib/python3.12/site-packages/battery_state/__init__.py to __init__.cpython-312.pyc
running install_data
creating /home/newir529/ROS2_JAZZY_TUTORIAL/ros2_learning_ws/install/battery_state/share/ament_index
creating /home/newir529/ROS2_JAZZY_TUTORIAL/ros2_learning_ws/install/battery_state/share/ament_index/resource_index
creating /home/newir529/ROS2_JAZZY_TUTORIAL/ros2_learning_ws/install/battery_state/share/ament_index/resource_index/packages
copying resource/battery_state -> /home/newir529/ROS2_JAZZY_TUTORIAL/ros2_learning_ws/install/battery_state/share/ament_index/resource_index/packages
copying package.xml -> /home/newir529/ROS2_JAZZY_TUTORIAL/ros2_learning_ws/install/battery_state/share/battery_state
running install_egg_info
Copying ../../build/battery_state/battery_state.egg-info to /home/newir529/ROS2_JAZZY_TUTORIAL/ros2_learning_ws/install/battery_state/lib/python3.12/site-packages/battery_state-0.0.0-py3.12.egg-info
running install_scripts
writing list of installed files to '/home/newir529/ROS2_JAZZY_TUTORIAL/ros2_learning_ws/build/battery_state/install.log'
