[3.658s] Invoking command in '/home/newir529/ROS2_JAZZY_TUTORIAL/ros2_learning_ws/src/battery_state': DEBUGINFOD_URLS=https://debuginfod.ubuntu.com PYTHONPATH=/home/newir529/ROS2_JAZZY_TUTORIAL/ros2_learning_ws/build/battery_state/prefix_override:/usr/lib/python3/dist-packages/colcon_core/task/python/colcon_distutils_commands:/home/newir529/ROS2_JAZZY_TUTORIAL/ros2_learning_ws/install/battery_state/lib/python3.12/site-packages:${PYTHONPATH} /usr/bin/python3 -W ignore:setup.py install is deprecated -W ignore:easy_install command is deprecated setup.py egg_info --egg-base ../../build/battery_state build --build-base /home/newir529/ROS2_JAZZY_TUTORIAL/ros2_learning_ws/build/battery_state/build install --record /home/newir529/ROS2_JAZZY_TUTORIAL/ros2_learning_ws/build/battery_state/install.log --single-version-externally-managed install_data
[4.539s] running egg_info
[4.540s] creating ../../build/battery_state/battery_state.egg-info
[4.617s] writing ../../build/battery_state/battery_state.egg-info/PKG-INFO
[4.617s] writing dependency_links to ../../build/battery_state/battery_state.egg-info/dependency_links.txt
[4.618s] writing requirements to ../../build/battery_state/battery_state.egg-info/requires.txt
[4.618s] writing top-level names to ../../build/battery_state/battery_state.egg-info/top_level.txt
[4.618s] writing manifest file '../../build/battery_state/battery_state.egg-info/SOURCES.txt'
[4.744s] reading manifest file '../../build/battery_state/battery_state.egg-info/SOURCES.txt'
[4.745s] writing manifest file '../../build/battery_state/battery_state.egg-info/SOURCES.txt'
[4.746s] running build
[4.746s] running build_py
[4.746s] creating /home/newir529/ROS2_JAZZY_TUTORIAL/ros2_learning_ws/build/battery_state/build
[4.747s] creating /home/newir529/ROS2_JAZZY_TUTORIAL/ros2_learning_ws/build/battery_state/build/lib
[4.747s] creating /home/newir529/ROS2_JAZZY_TUTORIAL/ros2_learning_ws/build/battery_state/build/lib/battery_state
[4.747s] copying battery_state/__init__.py -> /home/newir529/ROS2_JAZZY_TUTORIAL/ros2_learning_ws/build/battery_state/build/lib/battery_state
[4.747s] running install
[4.758s] running install_lib
[4.820s] creating /home/newir529/ROS2_JAZZY_TUTORIAL/ros2_learning_ws/install/battery_state/lib/python3.12/site-packages/battery_state
[4.821s] copying /home/newir529/ROS2_JAZZY_TUTORIAL/ros2_learning_ws/build/battery_state/build/lib/battery_state/__init__.py -> /home/newir529/ROS2_JAZZY_TUTORIAL/ros2_learning_ws/install/battery_state/lib/python3.12/site-packages/battery_state
[4.823s] byte-compiling /home/newir529/ROS2_JAZZY_TUTORIAL/ros2_learning_ws/install/battery_state/lib/python3.12/site-packages/battery_state/__init__.py to __init__.cpython-312.pyc
[4.825s] running install_data
[4.826s] creating /home/newir529/ROS2_JAZZY_TUTORIAL/ros2_learning_ws/install/battery_state/share/ament_index
[4.827s] creating /home/newir529/ROS2_JAZZY_TUTORIAL/ros2_learning_ws/install/battery_state/share/ament_index/resource_index
[4.828s] creating /home/newir529/ROS2_JAZZY_TUTORIAL/ros2_learning_ws/install/battery_state/share/ament_index/resource_index/packages
[4.828s] copying resource/battery_state -> /home/newir529/ROS2_JAZZY_TUTORIAL/ros2_learning_ws/install/battery_state/share/ament_index/resource_index/packages
[4.829s] copying package.xml -> /home/newir529/ROS2_JAZZY_TUTORIAL/ros2_learning_ws/install/battery_state/share/battery_state
[4.831s] running install_egg_info
[4.892s] Copying ../../build/battery_state/battery_state.egg-info to /home/newir529/ROS2_JAZZY_TUTORIAL/ros2_learning_ws/install/battery_state/lib/python3.12/site-packages/battery_state-0.0.0-py3.12.egg-info
[4.893s] running install_scripts
[5.261s] writing list of installed files to '/home/newir529/ROS2_JAZZY_TUTORIAL/ros2_learning_ws/build/battery_state/install.log'
[5.346s] Invoked command in '/home/newir529/ROS2_JAZZY_TUTORIAL/ros2_learning_ws/src/battery_state' returned '0': DEBUGINFOD_URLS=https://debuginfod.ubuntu.com PYTHONPATH=/home/newir529/ROS2_JAZZY_TUTORIAL/ros2_learning_ws/build/battery_state/prefix_override:/usr/lib/python3/dist-packages/colcon_core/task/python/colcon_distutils_commands:/home/newir529/ROS2_JAZZY_TUTORIAL/ros2_learning_ws/install/battery_state/lib/python3.12/site-packages:${PYTHONPATH} /usr/bin/python3 -W ignore:setup.py install is deprecated -W ignore:easy_install command is deprecated setup.py egg_info --egg-base ../../build/battery_state build --build-base /home/newir529/ROS2_JAZZY_TUTORIAL/ros2_learning_ws/build/battery_state/build install --record /home/newir529/ROS2_JAZZY_TUTORIAL/ros2_learning_ws/build/battery_state/install.log --single-version-externally-managed install_data
