[0.012s] Invoking command in '/home/newir529/ROS2_JAZZY_TUTORIAL/ros2_learning_ws/build/myFirst_cpp_pkg': CMAKE_PREFIX_PATH=${CMAKE_PREFIX_PATH}:/home/newir529/ROS2_JAZZY_TUTORIAL/ros2_learning_ws/install/turtlesim_manipulation:/home/newir529/ROS2_JAZZY_TUTORIAL/ros2_learning_ws/install/first_py_pkg:/opt/ros/jazzy DEBUGINFOD_URLS=https://debuginfod.ubuntu.com /usr/bin/cmake --build /home/newir529/ROS2_JAZZY_TUTORIAL/ros2_learning_ws/build/myFirst_cpp_pkg -- -j8 -l8
[0.036s] -- Found ament_cmake: 2.5.2 (/opt/ros/jazzy/share/ament_cmake/cmake)
[0.239s] -- Found rclcpp: 28.1.5 (/opt/ros/jazzy/share/rclcpp/cmake)
[0.265s] -- Found rosidl_generator_c: 4.6.4 (/opt/ros/jazzy/share/rosidl_generator_c/cmake)
[0.274s] -- Found rosidl_generator_cpp: 4.6.4 (/opt/ros/jazzy/share/rosidl_generator_cpp/cmake)
[0.286s] -- Using all available rosidl_typesupport_c: rosidl_typesupport_fastrtps_c;rosidl_typesupport_introspection_c
[0.299s] -- Using all available rosidl_typesupport_cpp: rosidl_typesupport_fastrtps_cpp;rosidl_typesupport_introspection_cpp
[0.363s] -- Found rmw_implementation_cmake: 7.3.1 (/opt/ros/jazzy/share/rmw_implementation_cmake/cmake)
[0.364s] -- Found rmw_fastrtps_cpp: 8.4.1 (/opt/ros/jazzy/share/rmw_fastrtps_cpp/cmake)
[0.427s] -- Using RMW implementation 'rmw_fastrtps_cpp' as default
[0.493s] -- Found std_msgs: 5.3.5 (/opt/ros/jazzy/share/std_msgs/cmake)
[0.518s] -- Found example_interfaces: 0.12.0 (/opt/ros/jazzy/share/example_interfaces/cmake)
[0.586s] -- Found ament_lint_auto: 0.17.1 (/opt/ros/jazzy/share/ament_lint_auto/cmake)
[0.656s] WARNING: Package name "myFirst_cpp_pkg" does not follow the naming conventions. It should start with a lower case letter and only contain lower case letters, digits, underscores, and dashes.
[0.675s] -- Added test 'cppcheck' to perform static code analysis on C / C++ code
[0.675s] -- Configured cppcheck include dirs: 
[0.675s] -- Configured cppcheck exclude dirs and/or files: 
[0.676s] -- Added test 'lint_cmake' to check CMake code style
[0.677s] -- Added test 'uncrustify' to check C / C++ code style
[0.677s] -- Configured uncrustify additional arguments: 
[0.677s] -- Added test 'xmllint' to check XML markup files
[0.680s] -- Configuring done (0.6s)
[0.694s] -- Generating done (0.0s)
[0.699s] -- Build files have been written to: /home/newir529/ROS2_JAZZY_TUTORIAL/ros2_learning_ws/build/myFirst_cpp_pkg
[0.743s] [ 75%] [32mBuilding CXX object CMakeFiles/number_sub.dir/src/number_sub.cpp.o[0m
[0.743s] [ 75%] Built target number_pub
[3.055s] In file included from [01m[K/opt/ros/jazzy/include/rclcpp/rclcpp/logging.hpp:24[m[K,
[3.055s]                  from [01m[K/opt/ros/jazzy/include/rclcpp/rclcpp/copy_all_parameter_values.hpp:27[m[K,
[3.055s]                  from [01m[K/opt/ros/jazzy/include/rclcpp/rclcpp/rclcpp.hpp:171[m[K,
[3.055s]                  from [01m[K/home/newir529/ROS2_JAZZY_TUTORIAL/ros2_learning_ws/src/myFirst_cpp_pkg/src/number_sub.cpp:10[m[K:
[3.055s] [01m[K/home/newir529/ROS2_JAZZY_TUTORIAL/ros2_learning_ws/src/myFirst_cpp_pkg/src/number_sub.cpp:[m[K In member function ‘[01m[Kvoid number_sub::[01;32m[Ksub_cb[m[K(std_msgs::msg::Int64_<std::allocator<void> >::SharedPtr)[m[K’:
[3.055s] [01m[K/home/newir529/ROS2_JAZZY_TUTORIAL/ros2_learning_ws/src/myFirst_cpp_pkg/src/number_sub.cpp:25:35:[m[K [01;35m[Kwarning: [m[Kformat ‘[01m[K%lld[m[K’ expects argument of type ‘[01m[Klong long int[m[K’, but argument 5 has type ‘[01m[Kstd_msgs::msg::Int64[m[K’ {aka ‘[01m[Kstd_msgs::msg::Int64_<std::allocator<void> >[m[K’} [[01;35m[K]8;;https://gcc.gnu.org/onlinedocs/gcc/Warning-Options.html#index-Wformat=-Wformat=]8;;[m[K]
[3.055s]    25 |         RCLCPP_INFO(get_logger(), [01;35m[K"%lld"[m[K, [32m[Kthis->counter_[m[K);
[3.055s]       |                                   [01;35m[K^~~~~~[m[K  [32m[K~~~~~~~~~~~~~~[m[K
[3.056s]       |                                                 [32m[K|[m[K
[3.056s]       |                                                 [32m[Kstd_msgs::msg::Int64 {aka std_msgs::msg::Int64_<std::allocator<void> >}[m[K
[3.056s] [01m[K/home/newir529/ROS2_JAZZY_TUTORIAL/ros2_learning_ws/src/myFirst_cpp_pkg/src/number_sub.cpp:25:39:[m[K [01;36m[Knote: [m[Kformat string is defined here
[3.056s]    25 |         RCLCPP_INFO(get_logger(), "[01;36m[K%lld[m[K", this->counter_);
[3.056s]       |                                    [01;36m[K~~~^[m[K
[3.056s]       |                                       [01;36m[K|[m[K
[3.056s]       |                                       [01;36m[Klong long int[m[K
[9.270s] [100%] [32m[1mLinking CXX executable number_sub[0m
[9.599s] [100%] Built target number_sub
[9.609s] Invoked command in '/home/newir529/ROS2_JAZZY_TUTORIAL/ros2_learning_ws/build/myFirst_cpp_pkg' returned '0': CMAKE_PREFIX_PATH=${CMAKE_PREFIX_PATH}:/home/newir529/ROS2_JAZZY_TUTORIAL/ros2_learning_ws/install/turtlesim_manipulation:/home/newir529/ROS2_JAZZY_TUTORIAL/ros2_learning_ws/install/first_py_pkg:/opt/ros/jazzy DEBUGINFOD_URLS=https://debuginfod.ubuntu.com /usr/bin/cmake --build /home/newir529/ROS2_JAZZY_TUTORIAL/ros2_learning_ws/build/myFirst_cpp_pkg -- -j8 -l8
[9.618s] Invoking command in '/home/newir529/ROS2_JAZZY_TUTORIAL/ros2_learning_ws/build/myFirst_cpp_pkg': CMAKE_PREFIX_PATH=${CMAKE_PREFIX_PATH}:/home/newir529/ROS2_JAZZY_TUTORIAL/ros2_learning_ws/install/turtlesim_manipulation:/home/newir529/ROS2_JAZZY_TUTORIAL/ros2_learning_ws/install/first_py_pkg:/opt/ros/jazzy DEBUGINFOD_URLS=https://debuginfod.ubuntu.com /usr/bin/cmake --install /home/newir529/ROS2_JAZZY_TUTORIAL/ros2_learning_ws/build/myFirst_cpp_pkg
[9.626s] -- Install configuration: ""
[9.626s] -- Installing: /home/newir529/ROS2_JAZZY_TUTORIAL/ros2_learning_ws/install/myFirst_cpp_pkg/share/ament_index/resource_index/package_run_dependencies/myFirst_cpp_pkg
[9.626s] -- Up-to-date: /home/newir529/ROS2_JAZZY_TUTORIAL/ros2_learning_ws/install/myFirst_cpp_pkg/share/ament_index/resource_index/parent_prefix_path/myFirst_cpp_pkg
[9.626s] -- Up-to-date: /home/newir529/ROS2_JAZZY_TUTORIAL/ros2_learning_ws/install/myFirst_cpp_pkg/share/myFirst_cpp_pkg/environment/ament_prefix_path.sh
[9.626s] -- Up-to-date: /home/newir529/ROS2_JAZZY_TUTORIAL/ros2_learning_ws/install/myFirst_cpp_pkg/share/myFirst_cpp_pkg/environment/ament_prefix_path.dsv
[9.627s] -- Up-to-date: /home/newir529/ROS2_JAZZY_TUTORIAL/ros2_learning_ws/install/myFirst_cpp_pkg/share/myFirst_cpp_pkg/environment/path.sh
[9.627s] -- Up-to-date: /home/newir529/ROS2_JAZZY_TUTORIAL/ros2_learning_ws/install/myFirst_cpp_pkg/share/myFirst_cpp_pkg/environment/path.dsv
[9.627s] -- Up-to-date: /home/newir529/ROS2_JAZZY_TUTORIAL/ros2_learning_ws/install/myFirst_cpp_pkg/share/myFirst_cpp_pkg/local_setup.bash
[9.627s] -- Up-to-date: /home/newir529/ROS2_JAZZY_TUTORIAL/ros2_learning_ws/install/myFirst_cpp_pkg/share/myFirst_cpp_pkg/local_setup.sh
[9.627s] -- Up-to-date: /home/newir529/ROS2_JAZZY_TUTORIAL/ros2_learning_ws/install/myFirst_cpp_pkg/share/myFirst_cpp_pkg/local_setup.zsh
[9.627s] -- Up-to-date: /home/newir529/ROS2_JAZZY_TUTORIAL/ros2_learning_ws/install/myFirst_cpp_pkg/share/myFirst_cpp_pkg/local_setup.dsv
[9.627s] -- Installing: /home/newir529/ROS2_JAZZY_TUTORIAL/ros2_learning_ws/install/myFirst_cpp_pkg/share/myFirst_cpp_pkg/package.dsv
[9.627s] -- Up-to-date: /home/newir529/ROS2_JAZZY_TUTORIAL/ros2_learning_ws/install/myFirst_cpp_pkg/share/ament_index/resource_index/packages/myFirst_cpp_pkg
[9.628s] -- Up-to-date: /home/newir529/ROS2_JAZZY_TUTORIAL/ros2_learning_ws/install/myFirst_cpp_pkg/share/myFirst_cpp_pkg/cmake/myFirst_cpp_pkgConfig.cmake
[9.628s] -- Up-to-date: /home/newir529/ROS2_JAZZY_TUTORIAL/ros2_learning_ws/install/myFirst_cpp_pkg/share/myFirst_cpp_pkg/cmake/myFirst_cpp_pkgConfig-version.cmake
[9.628s] -- Installing: /home/newir529/ROS2_JAZZY_TUTORIAL/ros2_learning_ws/install/myFirst_cpp_pkg/share/myFirst_cpp_pkg/package.xml
[9.628s] -- Up-to-date: /home/newir529/ROS2_JAZZY_TUTORIAL/ros2_learning_ws/install/myFirst_cpp_pkg/lib/myFirst_cpp_pkg/number_pub
[9.628s] -- Installing: /home/newir529/ROS2_JAZZY_TUTORIAL/ros2_learning_ws/install/myFirst_cpp_pkg/lib/myFirst_cpp_pkg/number_sub
[9.632s] -- Set non-toolchain portion of runtime path of "/home/newir529/ROS2_JAZZY_TUTORIAL/ros2_learning_ws/install/myFirst_cpp_pkg/lib/myFirst_cpp_pkg/number_sub" to ""
[9.633s] Invoked command in '/home/newir529/ROS2_JAZZY_TUTORIAL/ros2_learning_ws/build/myFirst_cpp_pkg' returned '0': CMAKE_PREFIX_PATH=${CMAKE_PREFIX_PATH}:/home/newir529/ROS2_JAZZY_TUTORIAL/ros2_learning_ws/install/turtlesim_manipulation:/home/newir529/ROS2_JAZZY_TUTORIAL/ros2_learning_ws/install/first_py_pkg:/opt/ros/jazzy DEBUGINFOD_URLS=https://debuginfod.ubuntu.com /usr/bin/cmake --install /home/newir529/ROS2_JAZZY_TUTORIAL/ros2_learning_ws/build/myFirst_cpp_pkg
