running egg_info
creating ../../build/turtlesim_manipulation/turtlesim_manipulation.egg-info
writing ../../build/turtlesim_manipulation/turtlesim_manipulation.egg-info/PKG-INFO
writing dependency_links to ../../build/turtlesim_manipulation/turtlesim_manipulation.egg-info/dependency_links.txt
writing entry points to ../../build/turtlesim_manipulation/turtlesim_manipulation.egg-info/entry_points.txt
writing requirements to ../../build/turtlesim_manipulation/turtlesim_manipulation.egg-info/requires.txt
writing top-level names to ../../build/turtlesim_manipulation/turtlesim_manipulation.egg-info/top_level.txt
writing manifest file '../../build/turtlesim_manipulation/turtlesim_manipulation.egg-info/SOURCES.txt'
reading manifest file '../../build/turtlesim_manipulation/turtlesim_manipulation.egg-info/SOURCES.txt'
writing manifest file '../../build/turtlesim_manipulation/turtlesim_manipulation.egg-info/SOURCES.txt'
running build
running build_py
creating /home/newir529/ROS2_JAZZY_TUTORIAL/ros2_learning_ws/build/turtlesim_manipulation/build
creating /home/newir529/ROS2_JAZZY_TUTORIAL/ros2_learning_ws/build/turtlesim_manipulation/build/lib
creating /home/newir529/ROS2_JAZZY_TUTORIAL/ros2_learning_ws/build/turtlesim_manipulation/build/lib/turtlesim_manipulation
copying turtlesim_manipulation/traveler_turtle.py -> /home/newir529/ROS2_JAZZY_TUTORIAL/ros2_learning_ws/build/turtlesim_manipulation/build/lib/turtlesim_manipulation
copying turtlesim_manipulation/draw_circle.py -> /home/newir529/ROS2_JAZZY_TUTORIAL/ros2_learning_ws/build/turtlesim_manipulation/build/lib/turtlesim_manipulation
copying turtlesim_manipulation/__init__.py -> /home/newir529/ROS2_JAZZY_TUTORIAL/ros2_learning_ws/build/turtlesim_manipulation/build/lib/turtlesim_manipulation
running install
running install_lib
creating /home/newir529/ROS2_JAZZY_TUTORIAL/ros2_learning_ws/install/turtlesim_manipulation/lib/python3.12/site-packages/turtlesim_manipulation
copying /home/newir529/ROS2_JAZZY_TUTORIAL/ros2_learning_ws/build/turtlesim_manipulation/build/lib/turtlesim_manipulation/traveler_turtle.py -> /home/newir529/ROS2_JAZZY_TUTORIAL/ros2_learning_ws/install/turtlesim_manipulation/lib/python3.12/site-packages/turtlesim_manipulation
copying /home/newir529/ROS2_JAZZY_TUTORIAL/ros2_learning_ws/build/turtlesim_manipulation/build/lib/turtlesim_manipulation/draw_circle.py -> /home/newir529/ROS2_JAZZY_TUTORIAL/ros2_learning_ws/install/turtlesim_manipulation/lib/python3.12/site-packages/turtlesim_manipulation
copying /home/newir529/ROS2_JAZZY_TUTORIAL/ros2_learning_ws/build/turtlesim_manipulation/build/lib/turtlesim_manipulation/__init__.py -> /home/newir529/ROS2_JAZZY_TUTORIAL/ros2_learning_ws/install/turtlesim_manipulation/lib/python3.12/site-packages/turtlesim_manipulation
byte-compiling /home/newir529/ROS2_JAZZY_TUTORIAL/ros2_learning_ws/install/turtlesim_manipulation/lib/python3.12/site-packages/turtlesim_manipulation/traveler_turtle.py to traveler_turtle.cpython-312.pyc
byte-compiling /home/newir529/ROS2_JAZZY_TUTORIAL/ros2_learning_ws/install/turtlesim_manipulation/lib/python3.12/site-packages/turtlesim_manipulation/draw_circle.py to draw_circle.cpython-312.pyc
byte-compiling /home/newir529/ROS2_JAZZY_TUTORIAL/ros2_learning_ws/install/turtlesim_manipulation/lib/python3.12/site-packages/turtlesim_manipulation/__init__.py to __init__.cpython-312.pyc
running install_data
creating /home/newir529/ROS2_JAZZY_TUTORIAL/ros2_learning_ws/install/turtlesim_manipulation/share/ament_index
creating /home/newir529/ROS2_JAZZY_TUTORIAL/ros2_learning_ws/install/turtlesim_manipulation/share/ament_index/resource_index
creating /home/newir529/ROS2_JAZZY_TUTORIAL/ros2_learning_ws/install/turtlesim_manipulation/share/ament_index/resource_index/packages
copying resource/turtlesim_manipulation -> /home/newir529/ROS2_JAZZY_TUTORIAL/ros2_learning_ws/install/turtlesim_manipulation/share/ament_index/resource_index/packages
copying package.xml -> /home/newir529/ROS2_JAZZY_TUTORIAL/ros2_learning_ws/install/turtlesim_manipulation/share/turtlesim_manipulation
running install_egg_info
Copying ../../build/turtlesim_manipulation/turtlesim_manipulation.egg-info to /home/newir529/ROS2_JAZZY_TUTORIAL/ros2_learning_ws/install/turtlesim_manipulation/lib/python3.12/site-packages/turtlesim_manipulation-0.0.0-py3.12.egg-info
running install_scripts
Installing draw_circle script to /home/newir529/ROS2_JAZZY_TUTORIAL/ros2_learning_ws/install/turtlesim_manipulation/lib/turtlesim_manipulation
Installing traveler_turtle script to /home/newir529/ROS2_JAZZY_TUTORIAL/ros2_learning_ws/install/turtlesim_manipulation/lib/turtlesim_manipulation
writing list of installed files to '/home/newir529/ROS2_JAZZY_TUTORIAL/ros2_learning_ws/build/turtlesim_manipulation/install.log'
