[0.010s] Invoking command in '/home/newir529/ROS2_JAZZY_TUTORIAL/ros2_learning_ws/build/battery_state': CMAKE_PREFIX_PATH=${CMAKE_PREFIX_PATH}:/home/newir529/ROS2_JAZZY_TUTORIAL/ros2_learning_ws/install/turtlesim_manipulation:/home/newir529/ROS2_JAZZY_TUTORIAL/ros2_learning_ws/install/first_py_pkg:/opt/ros/jazzy DEBUGINFOD_URLS=https://debuginfod.ubuntu.com /usr/bin/cmake --build /home/newir529/ROS2_JAZZY_TUTORIAL/ros2_learning_ws/build/battery_state -- -j8 -l8
[0.056s] [  2%] Built target battery_state__rosidl_generator_type_description
[0.065s] [  2%] Built target ament_cmake_python_copy_battery_state
[0.075s] [  4%] Built target battery_state__cpp
[0.076s] [ 21%] Built target battery_state__rosidl_generator_c
[0.109s] [ 30%] Built target battery_state__rosidl_typesupport_c
[0.109s] [ 39%] Built target battery_state__rosidl_typesupport_introspection_c
[0.109s] [ 47%] Built target battery_state__rosidl_typesupport_cpp
[0.109s] [ 56%] Built target battery_state__rosidl_typesupport_introspection_cpp
[0.112s] [ 65%] Built target battery_state__rosidl_typesupport_fastrtps_cpp
[0.119s] [ 73%] Built target battery_state__rosidl_typesupport_fastrtps_c
[0.140s] [ 76%] Built target battery_state
[0.140s] [ 76%] [32mBuilding CXX object CMakeFiles/batteryClient.dir/src/battaryClient.cpp.o[0m
[0.161s] [ 78%] Built target battery_state__py
[0.184s] [ 84%] Built target battery_state__rosidl_generator_py
[0.215s] [ 93%] Built target battery_state_s__rosidl_typesupport_introspection_c
[0.215s] [ 93%] Built target battery_state_s__rosidl_typesupport_c
[0.215s] [ 97%] Built target battery_state_s__rosidl_typesupport_fastrtps_c
[0.333s] running egg_info
[0.359s] writing battery_state.egg-info/PKG-INFO
[0.360s] writing dependency_links to battery_state.egg-info/dependency_links.txt
[0.360s] writing top-level names to battery_state.egg-info/top_level.txt
[0.445s] reading manifest file 'battery_state.egg-info/SOURCES.txt'
[0.445s] writing manifest file 'battery_state.egg-info/SOURCES.txt'
[0.483s] [ 97%] Built target ament_cmake_python_build_battery_state_egg
[2.240s] In file included from [01m[K/opt/ros/jazzy/include/rclcpp/rclcpp/logging.hpp:24[m[K,
[2.240s]                  from [01m[K/opt/ros/jazzy/include/rclcpp/rclcpp/copy_all_parameter_values.hpp:27[m[K,
[2.240s]                  from [01m[K/opt/ros/jazzy/include/rclcpp/rclcpp/rclcpp.hpp:171[m[K,
[2.240s]                  from [01m[K/home/newir529/ROS2_JAZZY_TUTORIAL/ros2_learning_ws/src/battery_state/src/battaryClient.cpp:10[m[K:
[2.240s] [01m[K/home/newir529/ROS2_JAZZY_TUTORIAL/ros2_learning_ws/src/battery_state/src/battaryClient.cpp:[m[K In member function ‘[01m[Kvoid batteryClient::[01;32m[Kclient_cb[m[K()[m[K’:
[2.240s] [01m[K/home/newir529/ROS2_JAZZY_TUTORIAL/ros2_learning_ws/src/battery_state/src/battaryClient.cpp:60:49:[m[K [01;35m[Kwarning: [m[Kformat ‘[01m[K%s[m[K’ expects argument of type ‘[01m[Kchar*[m[K’, but argument 5 has type ‘[01m[Kbattery_state::srv::BatterySrv_Response_<std::allocator<void> >::_state_type[m[K’ {aka ‘[01m[Kstd::__cxx11::basic_string<char>[m[K’} [[01;35m[K]8;;https://gcc.gnu.org/onlinedocs/gcc/Warning-Options.html#index-Wformat=-Wformat=]8;;[m[K]
[2.240s]    60 |                 RCLCPP_INFO(this->get_logger(), [01;35m[K"led state : %s"[m[K, response->state);
[2.240s]       |                                                 [01;35m[K^~~~~~~~~~~~~~~~[m[K
[2.240s] [01m[K/home/newir529/ROS2_JAZZY_TUTORIAL/ros2_learning_ws/src/battery_state/src/battaryClient.cpp:60:63:[m[K [01;36m[Knote: [m[Kformat string is defined here
[2.240s]    60 |                 RCLCPP_INFO(this->get_logger(), "led state : [01;36m[K%s[m[K", response->state);
[2.240s]       |                                                              [01;36m[K~^[m[K
[2.240s]       |                                                               [01;36m[K|[m[K
[2.240s]       |                                                               [01;36m[Kchar*[m[K
[7.580s] [100%] [32m[1mLinking CXX executable batteryClient[0m
[7.864s] [100%] Built target batteryClient
[7.875s] Invoked command in '/home/newir529/ROS2_JAZZY_TUTORIAL/ros2_learning_ws/build/battery_state' returned '0': CMAKE_PREFIX_PATH=${CMAKE_PREFIX_PATH}:/home/newir529/ROS2_JAZZY_TUTORIAL/ros2_learning_ws/install/turtlesim_manipulation:/home/newir529/ROS2_JAZZY_TUTORIAL/ros2_learning_ws/install/first_py_pkg:/opt/ros/jazzy DEBUGINFOD_URLS=https://debuginfod.ubuntu.com /usr/bin/cmake --build /home/newir529/ROS2_JAZZY_TUTORIAL/ros2_learning_ws/build/battery_state -- -j8 -l8
[7.884s] Invoking command in '/home/newir529/ROS2_JAZZY_TUTORIAL/ros2_learning_ws/build/battery_state': CMAKE_PREFIX_PATH=${CMAKE_PREFIX_PATH}:/home/newir529/ROS2_JAZZY_TUTORIAL/ros2_learning_ws/install/turtlesim_manipulation:/home/newir529/ROS2_JAZZY_TUTORIAL/ros2_learning_ws/install/first_py_pkg:/opt/ros/jazzy DEBUGINFOD_URLS=https://debuginfod.ubuntu.com /usr/bin/cmake --install /home/newir529/ROS2_JAZZY_TUTORIAL/ros2_learning_ws/build/battery_state
[7.892s] -- Install configuration: ""
[7.893s] -- Up-to-date: /home/newir529/ROS2_JAZZY_TUTORIAL/ros2_learning_ws/install/battery_state/share/ament_index/resource_index/rosidl_interfaces/battery_state
[7.893s] -- Up-to-date: /home/newir529/ROS2_JAZZY_TUTORIAL/ros2_learning_ws/install/battery_state/share/battery_state/srv/BatterySrv.json
[7.893s] -- Up-to-date: /home/newir529/ROS2_JAZZY_TUTORIAL/ros2_learning_ws/install/battery_state/share/battery_state/msg/BatteryMsg.json
[7.893s] -- Up-to-date: /home/newir529/ROS2_JAZZY_TUTORIAL/ros2_learning_ws/install/battery_state/include/battery_state/battery_state
[7.893s] -- Up-to-date: /home/newir529/ROS2_JAZZY_TUTORIAL/ros2_learning_ws/install/battery_state/include/battery_state/battery_state/msg
[7.893s] -- Up-to-date: /home/newir529/ROS2_JAZZY_TUTORIAL/ros2_learning_ws/install/battery_state/include/battery_state/battery_state/msg/battery_msg.h
[7.894s] -- Up-to-date: /home/newir529/ROS2_JAZZY_TUTORIAL/ros2_learning_ws/install/battery_state/include/battery_state/battery_state/msg/detail
[7.894s] -- Up-to-date: /home/newir529/ROS2_JAZZY_TUTORIAL/ros2_learning_ws/install/battery_state/include/battery_state/battery_state/msg/detail/battery_msg__functions.c
[7.894s] -- Up-to-date: /home/newir529/ROS2_JAZZY_TUTORIAL/ros2_learning_ws/install/battery_state/include/battery_state/battery_state/msg/detail/battery_msg__type_support.h
[7.894s] -- Up-to-date: /home/newir529/ROS2_JAZZY_TUTORIAL/ros2_learning_ws/install/battery_state/include/battery_state/battery_state/msg/detail/battery_msg__type_support.c
[7.894s] -- Up-to-date: /home/newir529/ROS2_JAZZY_TUTORIAL/ros2_learning_ws/install/battery_state/include/battery_state/battery_state/msg/detail/battery_msg__functions.h
[7.894s] -- Up-to-date: /home/newir529/ROS2_JAZZY_TUTORIAL/ros2_learning_ws/install/battery_state/include/battery_state/battery_state/msg/detail/battery_msg__struct.h
[7.894s] -- Up-to-date: /home/newir529/ROS2_JAZZY_TUTORIAL/ros2_learning_ws/install/battery_state/include/battery_state/battery_state/msg/detail/battery_msg__description.c
[7.894s] -- Up-to-date: /home/newir529/ROS2_JAZZY_TUTORIAL/ros2_learning_ws/install/battery_state/include/battery_state/battery_state/msg/rosidl_generator_c__visibility_control.h
[7.895s] -- Up-to-date: /home/newir529/ROS2_JAZZY_TUTORIAL/ros2_learning_ws/install/battery_state/include/battery_state/battery_state/srv
[7.895s] -- Up-to-date: /home/newir529/ROS2_JAZZY_TUTORIAL/ros2_learning_ws/install/battery_state/include/battery_state/battery_state/srv/battery_srv.h
[7.895s] -- Up-to-date: /home/newir529/ROS2_JAZZY_TUTORIAL/ros2_learning_ws/install/battery_state/include/battery_state/battery_state/srv/detail
[7.895s] -- Up-to-date: /home/newir529/ROS2_JAZZY_TUTORIAL/ros2_learning_ws/install/battery_state/include/battery_state/battery_state/srv/detail/battery_srv__functions.h
[7.895s] -- Up-to-date: /home/newir529/ROS2_JAZZY_TUTORIAL/ros2_learning_ws/install/battery_state/include/battery_state/battery_state/srv/detail/battery_srv__type_support.h
[7.895s] -- Up-to-date: /home/newir529/ROS2_JAZZY_TUTORIAL/ros2_learning_ws/install/battery_state/include/battery_state/battery_state/srv/detail/battery_srv__functions.c
[7.895s] -- Up-to-date: /home/newir529/ROS2_JAZZY_TUTORIAL/ros2_learning_ws/install/battery_state/include/battery_state/battery_state/srv/detail/battery_srv__description.c
[7.896s] -- Up-to-date: /home/newir529/ROS2_JAZZY_TUTORIAL/ros2_learning_ws/install/battery_state/include/battery_state/battery_state/srv/detail/battery_srv__struct.h
[7.896s] -- Up-to-date: /home/newir529/ROS2_JAZZY_TUTORIAL/ros2_learning_ws/install/battery_state/include/battery_state/battery_state/srv/detail/battery_srv__type_support.c
[7.896s] -- Up-to-date: /home/newir529/ROS2_JAZZY_TUTORIAL/ros2_learning_ws/install/battery_state/share/battery_state/environment/library_path.sh
[7.896s] -- Up-to-date: /home/newir529/ROS2_JAZZY_TUTORIAL/ros2_learning_ws/install/battery_state/share/battery_state/environment/library_path.dsv
[7.896s] -- Up-to-date: /home/newir529/ROS2_JAZZY_TUTORIAL/ros2_learning_ws/install/battery_state/lib/libbattery_state__rosidl_generator_c.so
[7.896s] -- Up-to-date: /home/newir529/ROS2_JAZZY_TUTORIAL/ros2_learning_ws/install/battery_state/include/battery_state/battery_state
[7.896s] -- Up-to-date: /home/newir529/ROS2_JAZZY_TUTORIAL/ros2_learning_ws/install/battery_state/include/battery_state/battery_state/msg
[7.897s] -- Up-to-date: /home/newir529/ROS2_JAZZY_TUTORIAL/ros2_learning_ws/install/battery_state/include/battery_state/battery_state/msg/rosidl_typesupport_fastrtps_c__visibility_control.h
[7.897s] -- Up-to-date: /home/newir529/ROS2_JAZZY_TUTORIAL/ros2_learning_ws/install/battery_state/include/battery_state/battery_state/msg/detail
[7.897s] -- Up-to-date: /home/newir529/ROS2_JAZZY_TUTORIAL/ros2_learning_ws/install/battery_state/include/battery_state/battery_state/msg/detail/battery_msg__rosidl_typesupport_fastrtps_c.h
[7.897s] -- Up-to-date: /home/newir529/ROS2_JAZZY_TUTORIAL/ros2_learning_ws/install/battery_state/include/battery_state/battery_state/srv
[7.897s] -- Up-to-date: /home/newir529/ROS2_JAZZY_TUTORIAL/ros2_learning_ws/install/battery_state/include/battery_state/battery_state/srv/detail
[7.897s] -- Up-to-date: /home/newir529/ROS2_JAZZY_TUTORIAL/ros2_learning_ws/install/battery_state/include/battery_state/battery_state/srv/detail/battery_srv__rosidl_typesupport_fastrtps_c.h
[7.897s] -- Up-to-date: /home/newir529/ROS2_JAZZY_TUTORIAL/ros2_learning_ws/install/battery_state/lib/libbattery_state__rosidl_typesupport_fastrtps_c.so
[7.897s] -- Up-to-date: /home/newir529/ROS2_JAZZY_TUTORIAL/ros2_learning_ws/install/battery_state/include/battery_state/battery_state
[7.898s] -- Up-to-date: /home/newir529/ROS2_JAZZY_TUTORIAL/ros2_learning_ws/install/battery_state/include/battery_state/battery_state/msg
[7.898s] -- Up-to-date: /home/newir529/ROS2_JAZZY_TUTORIAL/ros2_learning_ws/install/battery_state/include/battery_state/battery_state/msg/rosidl_typesupport_introspection_c__visibility_control.h
[7.898s] -- Up-to-date: /home/newir529/ROS2_JAZZY_TUTORIAL/ros2_learning_ws/install/battery_state/include/battery_state/battery_state/msg/detail
[7.898s] -- Up-to-date: /home/newir529/ROS2_JAZZY_TUTORIAL/ros2_learning_ws/install/battery_state/include/battery_state/battery_state/msg/detail/battery_msg__rosidl_typesupport_introspection_c.h
[7.898s] -- Up-to-date: /home/newir529/ROS2_JAZZY_TUTORIAL/ros2_learning_ws/install/battery_state/include/battery_state/battery_state/msg/detail/battery_msg__type_support.c
[7.898s] -- Up-to-date: /home/newir529/ROS2_JAZZY_TUTORIAL/ros2_learning_ws/install/battery_state/include/battery_state/battery_state/srv
[7.898s] -- Up-to-date: /home/newir529/ROS2_JAZZY_TUTORIAL/ros2_learning_ws/install/battery_state/include/battery_state/battery_state/srv/detail
[7.899s] -- Up-to-date: /home/newir529/ROS2_JAZZY_TUTORIAL/ros2_learning_ws/install/battery_state/include/battery_state/battery_state/srv/detail/battery_srv__rosidl_typesupport_introspection_c.h
[7.899s] -- Up-to-date: /home/newir529/ROS2_JAZZY_TUTORIAL/ros2_learning_ws/install/battery_state/include/battery_state/battery_state/srv/detail/battery_srv__type_support.c
[7.899s] -- Up-to-date: /home/newir529/ROS2_JAZZY_TUTORIAL/ros2_learning_ws/install/battery_state/lib/libbattery_state__rosidl_typesupport_introspection_c.so
[7.899s] -- Up-to-date: /home/newir529/ROS2_JAZZY_TUTORIAL/ros2_learning_ws/install/battery_state/lib/libbattery_state__rosidl_typesupport_c.so
[7.899s] -- Up-to-date: /home/newir529/ROS2_JAZZY_TUTORIAL/ros2_learning_ws/install/battery_state/include/battery_state/battery_state
[7.899s] -- Up-to-date: /home/newir529/ROS2_JAZZY_TUTORIAL/ros2_learning_ws/install/battery_state/include/battery_state/battery_state/msg
[7.899s] -- Up-to-date: /home/newir529/ROS2_JAZZY_TUTORIAL/ros2_learning_ws/install/battery_state/include/battery_state/battery_state/msg/battery_msg.hpp
[7.899s] -- Up-to-date: /home/newir529/ROS2_JAZZY_TUTORIAL/ros2_learning_ws/install/battery_state/include/battery_state/battery_state/msg/rosidl_generator_cpp__visibility_control.hpp
[7.900s] -- Up-to-date: /home/newir529/ROS2_JAZZY_TUTORIAL/ros2_learning_ws/install/battery_state/include/battery_state/battery_state/msg/detail
[7.900s] -- Up-to-date: /home/newir529/ROS2_JAZZY_TUTORIAL/ros2_learning_ws/install/battery_state/include/battery_state/battery_state/msg/detail/battery_msg__traits.hpp
[7.900s] -- Up-to-date: /home/newir529/ROS2_JAZZY_TUTORIAL/ros2_learning_ws/install/battery_state/include/battery_state/battery_state/msg/detail/battery_msg__builder.hpp
[7.900s] -- Up-to-date: /home/newir529/ROS2_JAZZY_TUTORIAL/ros2_learning_ws/install/battery_state/include/battery_state/battery_state/msg/detail/battery_msg__struct.hpp
[7.900s] -- Up-to-date: /home/newir529/ROS2_JAZZY_TUTORIAL/ros2_learning_ws/install/battery_state/include/battery_state/battery_state/msg/detail/battery_msg__type_support.hpp
[7.900s] -- Up-to-date: /home/newir529/ROS2_JAZZY_TUTORIAL/ros2_learning_ws/install/battery_state/include/battery_state/battery_state/srv
[7.900s] -- Up-to-date: /home/newir529/ROS2_JAZZY_TUTORIAL/ros2_learning_ws/install/battery_state/include/battery_state/battery_state/srv/battery_srv.hpp
[7.900s] -- Up-to-date: /home/newir529/ROS2_JAZZY_TUTORIAL/ros2_learning_ws/install/battery_state/include/battery_state/battery_state/srv/detail
[7.901s] -- Up-to-date: /home/newir529/ROS2_JAZZY_TUTORIAL/ros2_learning_ws/install/battery_state/include/battery_state/battery_state/srv/detail/battery_srv__traits.hpp
[7.901s] -- Up-to-date: /home/newir529/ROS2_JAZZY_TUTORIAL/ros2_learning_ws/install/battery_state/include/battery_state/battery_state/srv/detail/battery_srv__type_support.hpp
[7.901s] -- Up-to-date: /home/newir529/ROS2_JAZZY_TUTORIAL/ros2_learning_ws/install/battery_state/include/battery_state/battery_state/srv/detail/battery_srv__struct.hpp
[7.901s] -- Up-to-date: /home/newir529/ROS2_JAZZY_TUTORIAL/ros2_learning_ws/install/battery_state/include/battery_state/battery_state/srv/detail/battery_srv__builder.hpp
[7.901s] -- Up-to-date: /home/newir529/ROS2_JAZZY_TUTORIAL/ros2_learning_ws/install/battery_state/include/battery_state/battery_state
[7.901s] -- Up-to-date: /home/newir529/ROS2_JAZZY_TUTORIAL/ros2_learning_ws/install/battery_state/include/battery_state/battery_state/msg
[7.901s] -- Up-to-date: /home/newir529/ROS2_JAZZY_TUTORIAL/ros2_learning_ws/install/battery_state/include/battery_state/battery_state/msg/rosidl_typesupport_fastrtps_cpp__visibility_control.h
[7.901s] -- Up-to-date: /home/newir529/ROS2_JAZZY_TUTORIAL/ros2_learning_ws/install/battery_state/include/battery_state/battery_state/msg/detail
[7.901s] -- Up-to-date: /home/newir529/ROS2_JAZZY_TUTORIAL/ros2_learning_ws/install/battery_state/include/battery_state/battery_state/msg/detail/dds_fastrtps
[7.902s] -- Up-to-date: /home/newir529/ROS2_JAZZY_TUTORIAL/ros2_learning_ws/install/battery_state/include/battery_state/battery_state/msg/detail/battery_msg__rosidl_typesupport_fastrtps_cpp.hpp
[7.902s] -- Up-to-date: /home/newir529/ROS2_JAZZY_TUTORIAL/ros2_learning_ws/install/battery_state/include/battery_state/battery_state/srv
[7.902s] -- Up-to-date: /home/newir529/ROS2_JAZZY_TUTORIAL/ros2_learning_ws/install/battery_state/include/battery_state/battery_state/srv/detail
[7.902s] -- Up-to-date: /home/newir529/ROS2_JAZZY_TUTORIAL/ros2_learning_ws/install/battery_state/include/battery_state/battery_state/srv/detail/battery_srv__rosidl_typesupport_fastrtps_cpp.hpp
[7.902s] -- Up-to-date: /home/newir529/ROS2_JAZZY_TUTORIAL/ros2_learning_ws/install/battery_state/include/battery_state/battery_state/srv/detail/dds_fastrtps
[7.902s] -- Up-to-date: /home/newir529/ROS2_JAZZY_TUTORIAL/ros2_learning_ws/install/battery_state/lib/libbattery_state__rosidl_typesupport_fastrtps_cpp.so
[7.902s] -- Up-to-date: /home/newir529/ROS2_JAZZY_TUTORIAL/ros2_learning_ws/install/battery_state/include/battery_state/battery_state
[7.903s] -- Up-to-date: /home/newir529/ROS2_JAZZY_TUTORIAL/ros2_learning_ws/install/battery_state/include/battery_state/battery_state/msg
[7.903s] -- Up-to-date: /home/newir529/ROS2_JAZZY_TUTORIAL/ros2_learning_ws/install/battery_state/include/battery_state/battery_state/msg/detail
[7.903s] -- Up-to-date: /home/newir529/ROS2_JAZZY_TUTORIAL/ros2_learning_ws/install/battery_state/include/battery_state/battery_state/msg/detail/battery_msg__rosidl_typesupport_introspection_cpp.hpp
[7.903s] -- Up-to-date: /home/newir529/ROS2_JAZZY_TUTORIAL/ros2_learning_ws/install/battery_state/include/battery_state/battery_state/msg/detail/battery_msg__type_support.cpp
[7.903s] -- Up-to-date: /home/newir529/ROS2_JAZZY_TUTORIAL/ros2_learning_ws/install/battery_state/include/battery_state/battery_state/srv
[7.903s] -- Up-to-date: /home/newir529/ROS2_JAZZY_TUTORIAL/ros2_learning_ws/install/battery_state/include/battery_state/battery_state/srv/detail
[7.903s] -- Up-to-date: /home/newir529/ROS2_JAZZY_TUTORIAL/ros2_learning_ws/install/battery_state/include/battery_state/battery_state/srv/detail/battery_srv__rosidl_typesupport_introspection_cpp.hpp
[7.903s] -- Up-to-date: /home/newir529/ROS2_JAZZY_TUTORIAL/ros2_learning_ws/install/battery_state/include/battery_state/battery_state/srv/detail/battery_srv__type_support.cpp
[7.904s] -- Up-to-date: /home/newir529/ROS2_JAZZY_TUTORIAL/ros2_learning_ws/install/battery_state/lib/libbattery_state__rosidl_typesupport_introspection_cpp.so
[7.904s] -- Up-to-date: /home/newir529/ROS2_JAZZY_TUTORIAL/ros2_learning_ws/install/battery_state/lib/libbattery_state__rosidl_typesupport_cpp.so
[7.904s] -- Up-to-date: /home/newir529/ROS2_JAZZY_TUTORIAL/ros2_learning_ws/install/battery_state/share/battery_state/environment/pythonpath.sh
[7.904s] -- Up-to-date: /home/newir529/ROS2_JAZZY_TUTORIAL/ros2_learning_ws/install/battery_state/share/battery_state/environment/pythonpath.dsv
[7.904s] -- Up-to-date: /home/newir529/ROS2_JAZZY_TUTORIAL/ros2_learning_ws/install/battery_state/lib/python3.12/site-packages/battery_state-0.0.0-py3.12.egg-info
[7.904s] -- Installing: /home/newir529/ROS2_JAZZY_TUTORIAL/ros2_learning_ws/install/battery_state/lib/python3.12/site-packages/battery_state-0.0.0-py3.12.egg-info/SOURCES.txt
[7.904s] -- Installing: /home/newir529/ROS2_JAZZY_TUTORIAL/ros2_learning_ws/install/battery_state/lib/python3.12/site-packages/battery_state-0.0.0-py3.12.egg-info/dependency_links.txt
[7.904s] -- Installing: /home/newir529/ROS2_JAZZY_TUTORIAL/ros2_learning_ws/install/battery_state/lib/python3.12/site-packages/battery_state-0.0.0-py3.12.egg-info/PKG-INFO
[7.905s] -- Installing: /home/newir529/ROS2_JAZZY_TUTORIAL/ros2_learning_ws/install/battery_state/lib/python3.12/site-packages/battery_state-0.0.0-py3.12.egg-info/top_level.txt
[7.905s] -- Up-to-date: /home/newir529/ROS2_JAZZY_TUTORIAL/ros2_learning_ws/install/battery_state/lib/python3.12/site-packages/battery_state
[7.905s] -- Up-to-date: /home/newir529/ROS2_JAZZY_TUTORIAL/ros2_learning_ws/install/battery_state/lib/python3.12/site-packages/battery_state/_battery_state_s.ep.rosidl_typesupport_fastrtps_c.c
[7.905s] -- Up-to-date: /home/newir529/ROS2_JAZZY_TUTORIAL/ros2_learning_ws/install/battery_state/lib/python3.12/site-packages/battery_state/_battery_state_s.ep.rosidl_typesupport_introspection_c.c
[7.905s] -- Up-to-date: /home/newir529/ROS2_JAZZY_TUTORIAL/ros2_learning_ws/install/battery_state/lib/python3.12/site-packages/battery_state/battery_state_s__rosidl_typesupport_fastrtps_c.so
[7.905s] -- Up-to-date: /home/newir529/ROS2_JAZZY_TUTORIAL/ros2_learning_ws/install/battery_state/lib/python3.12/site-packages/battery_state/battery_state_s__rosidl_typesupport_introspection_c.so
[7.905s] -- Up-to-date: /home/newir529/ROS2_JAZZY_TUTORIAL/ros2_learning_ws/install/battery_state/lib/python3.12/site-packages/battery_state/_battery_state_s.ep.rosidl_typesupport_c.c
[7.906s] -- Up-to-date: /home/newir529/ROS2_JAZZY_TUTORIAL/ros2_learning_ws/install/battery_state/lib/python3.12/site-packages/battery_state/battery_state_s__rosidl_typesupport_c.so
[7.906s] -- Up-to-date: /home/newir529/ROS2_JAZZY_TUTORIAL/ros2_learning_ws/install/battery_state/lib/python3.12/site-packages/battery_state/msg
[7.906s] -- Up-to-date: /home/newir529/ROS2_JAZZY_TUTORIAL/ros2_learning_ws/install/battery_state/lib/python3.12/site-packages/battery_state/msg/_battery_msg.py
[7.906s] -- Up-to-date: /home/newir529/ROS2_JAZZY_TUTORIAL/ros2_learning_ws/install/battery_state/lib/python3.12/site-packages/battery_state/msg/_battery_msg_s.c
[7.906s] -- Up-to-date: /home/newir529/ROS2_JAZZY_TUTORIAL/ros2_learning_ws/install/battery_state/lib/python3.12/site-packages/battery_state/msg/__init__.py
[7.906s] -- Up-to-date: /home/newir529/ROS2_JAZZY_TUTORIAL/ros2_learning_ws/install/battery_state/lib/python3.12/site-packages/battery_state/__init__.py
[7.906s] -- Up-to-date: /home/newir529/ROS2_JAZZY_TUTORIAL/ros2_learning_ws/install/battery_state/lib/python3.12/site-packages/battery_state/srv
[7.906s] -- Up-to-date: /home/newir529/ROS2_JAZZY_TUTORIAL/ros2_learning_ws/install/battery_state/lib/python3.12/site-packages/battery_state/srv/_battery_srv_s.c
[7.907s] -- Up-to-date: /home/newir529/ROS2_JAZZY_TUTORIAL/ros2_learning_ws/install/battery_state/lib/python3.12/site-packages/battery_state/srv/_battery_srv.py
[7.907s] -- Up-to-date: /home/newir529/ROS2_JAZZY_TUTORIAL/ros2_learning_ws/install/battery_state/lib/python3.12/site-packages/battery_state/srv/__init__.py
[7.936s] Listing '/home/newir529/ROS2_JAZZY_TUTORIAL/ros2_learning_ws/install/battery_state/lib/python3.12/site-packages/battery_state'...
[7.936s] Listing '/home/newir529/ROS2_JAZZY_TUTORIAL/ros2_learning_ws/install/battery_state/lib/python3.12/site-packages/battery_state/msg'...
[7.936s] Listing '/home/newir529/ROS2_JAZZY_TUTORIAL/ros2_learning_ws/install/battery_state/lib/python3.12/site-packages/battery_state/srv'...
[7.944s] -- Up-to-date: /home/newir529/ROS2_JAZZY_TUTORIAL/ros2_learning_ws/install/battery_state/lib/python3.12/site-packages/battery_state/battery_state_s__rosidl_typesupport_fastrtps_c.so
[7.944s] -- Up-to-date: /home/newir529/ROS2_JAZZY_TUTORIAL/ros2_learning_ws/install/battery_state/lib/python3.12/site-packages/battery_state/battery_state_s__rosidl_typesupport_introspection_c.so
[7.944s] -- Up-to-date: /home/newir529/ROS2_JAZZY_TUTORIAL/ros2_learning_ws/install/battery_state/lib/python3.12/site-packages/battery_state/battery_state_s__rosidl_typesupport_c.so
[7.945s] -- Up-to-date: /home/newir529/ROS2_JAZZY_TUTORIAL/ros2_learning_ws/install/battery_state/lib/libbattery_state__rosidl_generator_py.so
[7.945s] -- Up-to-date: /home/newir529/ROS2_JAZZY_TUTORIAL/ros2_learning_ws/install/battery_state/share/battery_state/srv/BatterySrv.idl
[7.945s] -- Up-to-date: /home/newir529/ROS2_JAZZY_TUTORIAL/ros2_learning_ws/install/battery_state/share/battery_state/msg/BatteryMsg.idl
[7.945s] -- Up-to-date: /home/newir529/ROS2_JAZZY_TUTORIAL/ros2_learning_ws/install/battery_state/share/battery_state/srv/BatterySrv.srv
[7.945s] -- Up-to-date: /home/newir529/ROS2_JAZZY_TUTORIAL/ros2_learning_ws/install/battery_state/share/battery_state/msg/BatteryMsg.msg
[7.945s] -- Installing: /home/newir529/ROS2_JAZZY_TUTORIAL/ros2_learning_ws/install/battery_state/lib/battery_state/batteryClient
[7.951s] -- Set non-toolchain portion of runtime path of "/home/newir529/ROS2_JAZZY_TUTORIAL/ros2_learning_ws/install/battery_state/lib/battery_state/batteryClient" to ""
[7.951s] -- Up-to-date: /home/newir529/ROS2_JAZZY_TUTORIAL/ros2_learning_ws/install/battery_state/lib/battery_state/batteryServer.py
[7.951s] -- Up-to-date: /home/newir529/ROS2_JAZZY_TUTORIAL/ros2_learning_ws/install/battery_state/share/ament_index/resource_index/package_run_dependencies/battery_state
[7.951s] -- Up-to-date: /home/newir529/ROS2_JAZZY_TUTORIAL/ros2_learning_ws/install/battery_state/share/ament_index/resource_index/parent_prefix_path/battery_state
[7.951s] -- Up-to-date: /home/newir529/ROS2_JAZZY_TUTORIAL/ros2_learning_ws/install/battery_state/share/battery_state/environment/ament_prefix_path.sh
[7.952s] -- Up-to-date: /home/newir529/ROS2_JAZZY_TUTORIAL/ros2_learning_ws/install/battery_state/share/battery_state/environment/ament_prefix_path.dsv
[7.952s] -- Up-to-date: /home/newir529/ROS2_JAZZY_TUTORIAL/ros2_learning_ws/install/battery_state/share/battery_state/environment/path.sh
[7.952s] -- Up-to-date: /home/newir529/ROS2_JAZZY_TUTORIAL/ros2_learning_ws/install/battery_state/share/battery_state/environment/path.dsv
[7.952s] -- Up-to-date: /home/newir529/ROS2_JAZZY_TUTORIAL/ros2_learning_ws/install/battery_state/share/battery_state/local_setup.bash
[7.952s] -- Up-to-date: /home/newir529/ROS2_JAZZY_TUTORIAL/ros2_learning_ws/install/battery_state/share/battery_state/local_setup.sh
[7.952s] -- Up-to-date: /home/newir529/ROS2_JAZZY_TUTORIAL/ros2_learning_ws/install/battery_state/share/battery_state/local_setup.zsh
[7.952s] -- Up-to-date: /home/newir529/ROS2_JAZZY_TUTORIAL/ros2_learning_ws/install/battery_state/share/battery_state/local_setup.dsv
[7.953s] -- Installing: /home/newir529/ROS2_JAZZY_TUTORIAL/ros2_learning_ws/install/battery_state/share/battery_state/package.dsv
[7.953s] -- Up-to-date: /home/newir529/ROS2_JAZZY_TUTORIAL/ros2_learning_ws/install/battery_state/share/ament_index/resource_index/packages/battery_state
[7.953s] -- Up-to-date: /home/newir529/ROS2_JAZZY_TUTORIAL/ros2_learning_ws/install/battery_state/share/battery_state/cmake/export_battery_state__rosidl_generator_cExport.cmake
[7.953s] -- Up-to-date: /home/newir529/ROS2_JAZZY_TUTORIAL/ros2_learning_ws/install/battery_state/share/battery_state/cmake/export_battery_state__rosidl_generator_cExport-noconfig.cmake
[7.953s] -- Up-to-date: /home/newir529/ROS2_JAZZY_TUTORIAL/ros2_learning_ws/install/battery_state/share/battery_state/cmake/export_battery_state__rosidl_typesupport_fastrtps_cExport.cmake
[7.953s] -- Up-to-date: /home/newir529/ROS2_JAZZY_TUTORIAL/ros2_learning_ws/install/battery_state/share/battery_state/cmake/export_battery_state__rosidl_typesupport_fastrtps_cExport-noconfig.cmake
[7.953s] -- Up-to-date: /home/newir529/ROS2_JAZZY_TUTORIAL/ros2_learning_ws/install/battery_state/share/battery_state/cmake/battery_state__rosidl_typesupport_introspection_cExport.cmake
[7.954s] -- Up-to-date: /home/newir529/ROS2_JAZZY_TUTORIAL/ros2_learning_ws/install/battery_state/share/battery_state/cmake/battery_state__rosidl_typesupport_introspection_cExport-noconfig.cmake
[7.954s] -- Up-to-date: /home/newir529/ROS2_JAZZY_TUTORIAL/ros2_learning_ws/install/battery_state/share/battery_state/cmake/battery_state__rosidl_typesupport_cExport.cmake
[7.954s] -- Up-to-date: /home/newir529/ROS2_JAZZY_TUTORIAL/ros2_learning_ws/install/battery_state/share/battery_state/cmake/battery_state__rosidl_typesupport_cExport-noconfig.cmake
[7.954s] -- Up-to-date: /home/newir529/ROS2_JAZZY_TUTORIAL/ros2_learning_ws/install/battery_state/share/battery_state/cmake/export_battery_state__rosidl_generator_cppExport.cmake
[7.954s] -- Up-to-date: /home/newir529/ROS2_JAZZY_TUTORIAL/ros2_learning_ws/install/battery_state/share/battery_state/cmake/export_battery_state__rosidl_typesupport_fastrtps_cppExport.cmake
[7.954s] -- Up-to-date: /home/newir529/ROS2_JAZZY_TUTORIAL/ros2_learning_ws/install/battery_state/share/battery_state/cmake/export_battery_state__rosidl_typesupport_fastrtps_cppExport-noconfig.cmake
[7.954s] -- Up-to-date: /home/newir529/ROS2_JAZZY_TUTORIAL/ros2_learning_ws/install/battery_state/share/battery_state/cmake/battery_state__rosidl_typesupport_introspection_cppExport.cmake
[7.954s] -- Up-to-date: /home/newir529/ROS2_JAZZY_TUTORIAL/ros2_learning_ws/install/battery_state/share/battery_state/cmake/battery_state__rosidl_typesupport_introspection_cppExport-noconfig.cmake
[7.954s] -- Up-to-date: /home/newir529/ROS2_JAZZY_TUTORIAL/ros2_learning_ws/install/battery_state/share/battery_state/cmake/battery_state__rosidl_typesupport_cppExport.cmake
[7.954s] -- Up-to-date: /home/newir529/ROS2_JAZZY_TUTORIAL/ros2_learning_ws/install/battery_state/share/battery_state/cmake/battery_state__rosidl_typesupport_cppExport-noconfig.cmake
[7.955s] -- Up-to-date: /home/newir529/ROS2_JAZZY_TUTORIAL/ros2_learning_ws/install/battery_state/share/battery_state/cmake/export_battery_state__rosidl_generator_pyExport.cmake
[7.955s] -- Up-to-date: /home/newir529/ROS2_JAZZY_TUTORIAL/ros2_learning_ws/install/battery_state/share/battery_state/cmake/export_battery_state__rosidl_generator_pyExport-noconfig.cmake
[7.955s] -- Up-to-date: /home/newir529/ROS2_JAZZY_TUTORIAL/ros2_learning_ws/install/battery_state/share/battery_state/cmake/rosidl_cmake-extras.cmake
[7.955s] -- Up-to-date: /home/newir529/ROS2_JAZZY_TUTORIAL/ros2_learning_ws/install/battery_state/share/battery_state/cmake/ament_cmake_export_dependencies-extras.cmake
[7.955s] -- Up-to-date: /home/newir529/ROS2_JAZZY_TUTORIAL/ros2_learning_ws/install/battery_state/share/battery_state/cmake/ament_cmake_export_include_directories-extras.cmake
[7.955s] -- Up-to-date: /home/newir529/ROS2_JAZZY_TUTORIAL/ros2_learning_ws/install/battery_state/share/battery_state/cmake/ament_cmake_export_libraries-extras.cmake
[7.955s] -- Up-to-date: /home/newir529/ROS2_JAZZY_TUTORIAL/ros2_learning_ws/install/battery_state/share/battery_state/cmake/ament_cmake_export_targets-extras.cmake
[7.955s] -- Up-to-date: /home/newir529/ROS2_JAZZY_TUTORIAL/ros2_learning_ws/install/battery_state/share/battery_state/cmake/rosidl_cmake_export_typesupport_targets-extras.cmake
[7.955s] -- Up-to-date: /home/newir529/ROS2_JAZZY_TUTORIAL/ros2_learning_ws/install/battery_state/share/battery_state/cmake/rosidl_cmake_export_typesupport_libraries-extras.cmake
[7.955s] -- Up-to-date: /home/newir529/ROS2_JAZZY_TUTORIAL/ros2_learning_ws/install/battery_state/share/battery_state/cmake/battery_stateConfig.cmake
[7.956s] -- Up-to-date: /home/newir529/ROS2_JAZZY_TUTORIAL/ros2_learning_ws/install/battery_state/share/battery_state/cmake/battery_stateConfig-version.cmake
[7.956s] -- Up-to-date: /home/newir529/ROS2_JAZZY_TUTORIAL/ros2_learning_ws/install/battery_state/share/battery_state/package.xml
[7.957s] Invoked command in '/home/newir529/ROS2_JAZZY_TUTORIAL/ros2_learning_ws/build/battery_state' returned '0': CMAKE_PREFIX_PATH=${CMAKE_PREFIX_PATH}:/home/newir529/ROS2_JAZZY_TUTORIAL/ros2_learning_ws/install/turtlesim_manipulation:/home/newir529/ROS2_JAZZY_TUTORIAL/ros2_learning_ws/install/first_py_pkg:/opt/ros/jazzy DEBUGINFOD_URLS=https://debuginfod.ubuntu.com /usr/bin/cmake --install /home/newir529/ROS2_JAZZY_TUTORIAL/ros2_learning_ws/build/battery_state
