-- The C compiler identification is GNU 13.3.0
-- The CXX compiler identification is GNU 13.3.0
-- Detecting C compiler ABI info
-- Detecting C compiler ABI info - done
-- Check for working C compiler: /usr/bin/cc - skipped
-- Detecting C compile features
-- Detecting C compile features - done
-- Detecting CXX compiler ABI info
-- Detecting CXX compiler ABI info - done
-- Check for working CXX compiler: /usr/bin/c++ - skipped
-- Detecting CXX compile features
-- Detecting CXX compile features - done
-- Found ament_cmake: 2.5.2 (/opt/ros/jazzy/share/ament_cmake/cmake)
-- Found Python3: /usr/bin/python3 (found version "3.12.3") found components: Interpreter 
-- Found rclcpp: 28.1.5 (/opt/ros/jazzy/share/rclcpp/cmake)
-- Found rosidl_generator_c: 4.6.4 (/opt/ros/jazzy/share/rosidl_generator_c/cmake)
-- Found rosidl_generator_cpp: 4.6.4 (/opt/ros/jazzy/share/rosidl_generator_cpp/cmake)
-- Using all available rosidl_typesupport_c: rosidl_typesupport_fastrtps_c;rosidl_typesupport_introspection_c
-- Using all available rosidl_typesupport_cpp: rosidl_typesupport_fastrtps_cpp;rosidl_typesupport_introspection_cpp
-- Found rmw_implementation_cmake: 7.3.1 (/opt/ros/jazzy/share/rmw_implementation_cmake/cmake)
-- Found rmw_fastrtps_cpp: 8.4.1 (/opt/ros/jazzy/share/rmw_fastrtps_cpp/cmake)
-- Found OpenSSL: /usr/lib/x86_64-linux-gnu/libcrypto.so (found version "3.0.13")  
-- Found FastRTPS: /opt/ros/jazzy/include (Required is at least version "2.13") 
-- Using RMW implementation 'rmw_fastrtps_cpp' as default
-- Found std_msgs: 5.3.5 (/opt/ros/jazzy/share/std_msgs/cmake)
-- Found example_interfaces: 0.12.0 (/opt/ros/jazzy/share/example_interfaces/cmake)
-- Found ament_lint_auto: 0.17.1 (/opt/ros/jazzy/share/ament_lint_auto/cmake)
WARNING: Package name "myFirst_cpp_pkg" does not follow the naming conventions. It should start with a lower case letter and only contain lower case letters, digits, underscores, and dashes.
-- Added test 'cppcheck' to perform static code analysis on C / C++ code
-- Configured cppcheck include dirs: 
-- Configured cppcheck exclude dirs and/or files: 
-- Added test 'lint_cmake' to check CMake code style
-- Added test 'uncrustify' to check C / C++ code style
-- Configured uncrustify additional arguments: 
-- Added test 'xmllint' to check XML markup files
-- Configuring done (2.0s)
-- Generating done (0.0s)
-- Build files have been written to: /home/newir529/ROS2_JAZZY_TUTORIAL/ros2_learning_ws/build/myFirst_cpp_pkg
[ 25%] [32mBuilding CXX object CMakeFiles/number_pub.dir/src/number_pub.cpp.o[0m
[ 50%] [32mBuilding CXX object CMakeFiles/number_sub.dir/src/number_sub.cpp.o[0m
In file included from [01m[K/opt/ros/jazzy/include/rclcpp/rclcpp/logging.hpp:24[m[K,
                 from [01m[K/opt/ros/jazzy/include/rclcpp/rclcpp/copy_all_parameter_values.hpp:27[m[K,
                 from [01m[K/opt/ros/jazzy/include/rclcpp/rclcpp/rclcpp.hpp:171[m[K,
                 from [01m[K/home/newir529/ROS2_JAZZY_TUTORIAL/ros2_learning_ws/src/myFirst_cpp_pkg/src/number_sub.cpp:10[m[K:
[01m[K/home/newir529/ROS2_JAZZY_TUTORIAL/ros2_learning_ws/src/myFirst_cpp_pkg/src/number_sub.cpp:[m[K In member function ‘[01m[Kvoid number_sub::[01;32m[Ksub_cb[m[K(std_msgs::msg::Int64_<std::allocator<void> >::SharedPtr)[m[K’:
[01m[K/home/newir529/ROS2_JAZZY_TUTORIAL/ros2_learning_ws/src/myFirst_cpp_pkg/src/number_sub.cpp:25:35:[m[K [01;35m[Kwarning: [m[Kformat ‘[01m[K%lld[m[K’ expects argument of type ‘[01m[Klong long int[m[K’, but argument 5 has type ‘[01m[Kstd_msgs::msg::Int64[m[K’ {aka ‘[01m[Kstd_msgs::msg::Int64_<std::allocator<void> >[m[K’} [[01;35m[K]8;;https://gcc.gnu.org/onlinedocs/gcc/Warning-Options.html#index-Wformat=-Wformat=]8;;[m[K]
   25 |         RCLCPP_INFO(get_logger(), [01;35m[K"%lld"[m[K, [32m[Kthis->counter_[m[K);
      |                                   [01;35m[K^~~~~~[m[K  [32m[K~~~~~~~~~~~~~~[m[K
      |                                                 [32m[K|[m[K
      |                                                 [32m[Kstd_msgs::msg::Int64 {aka std_msgs::msg::Int64_<std::allocator<void> >}[m[K
[01m[K/home/newir529/ROS2_JAZZY_TUTORIAL/ros2_learning_ws/src/myFirst_cpp_pkg/src/number_sub.cpp:25:39:[m[K [01;36m[Knote: [m[Kformat string is defined here
   25 |         RCLCPP_INFO(get_logger(), "[01;36m[K%lld[m[K", this->counter_);
      |                                    [01;36m[K~~~^[m[K
      |                                       [01;36m[K|[m[K
      |                                       [01;36m[Klong long int[m[K
[ 75%] [32m[1mLinking CXX executable number_pub[0m
[ 75%] Built target number_pub
[100%] [32m[1mLinking CXX executable number_sub[0m
[100%] Built target number_sub
