[0.061s] Invoking command in '/home/newir529/ROS2_JAZZY_TUTORIAL/ros2_learning_ws/build/myFirst_cpp_pkg': CMAKE_PREFIX_PATH=${CMAKE_PREFIX_PATH}:/home/newir529/ROS2_JAZZY_TUTORIAL/ros2_learning_ws/install/turtlesim_manipulation:/home/newir529/ROS2_JAZZY_TUTORIAL/ros2_learning_ws/install/first_py_pkg:/opt/ros/jazzy DEBUGINFOD_URLS=https://debuginfod.ubuntu.com /usr/bin/cmake --build /home/newir529/ROS2_JAZZY_TUTORIAL/ros2_learning_ws/build/myFirst_cpp_pkg -- -j8 -l8
[0.328s] [ 50%] Built target number_pub
[0.350s] [ 75%] [32mBuilding CXX object CMakeFiles/number_sub.dir/src/number_sub.cpp.o[0m
[38.346s] [100%] [32m[1mLinking CXX executable number_sub[0m
[39.510s] [100%] Built target number_sub
[39.558s] Invoked command in '/home/newir529/ROS2_JAZZY_TUTORIAL/ros2_learning_ws/build/myFirst_cpp_pkg' returned '0': CMAKE_PREFIX_PATH=${CMAKE_PREFIX_PATH}:/home/newir529/ROS2_JAZZY_TUTORIAL/ros2_learning_ws/install/turtlesim_manipulation:/home/newir529/ROS2_JAZZY_TUTORIAL/ros2_learning_ws/install/first_py_pkg:/opt/ros/jazzy DEBUGINFOD_URLS=https://debuginfod.ubuntu.com /usr/bin/cmake --build /home/newir529/ROS2_JAZZY_TUTORIAL/ros2_learning_ws/build/myFirst_cpp_pkg -- -j8 -l8
[39.601s] Invoking command in '/home/newir529/ROS2_JAZZY_TUTORIAL/ros2_learning_ws/build/myFirst_cpp_pkg': CMAKE_PREFIX_PATH=${CMAKE_PREFIX_PATH}:/home/newir529/ROS2_JAZZY_TUTORIAL/ros2_learning_ws/install/turtlesim_manipulation:/home/newir529/ROS2_JAZZY_TUTORIAL/ros2_learning_ws/install/first_py_pkg:/opt/ros/jazzy DEBUGINFOD_URLS=https://debuginfod.ubuntu.com /usr/bin/cmake --install /home/newir529/ROS2_JAZZY_TUTORIAL/ros2_learning_ws/build/myFirst_cpp_pkg
[39.635s] -- Install configuration: ""
[39.636s] -- Up-to-date: /home/newir529/ROS2_JAZZY_TUTORIAL/ros2_learning_ws/install/myFirst_cpp_pkg/share/ament_index/resource_index/package_run_dependencies/myFirst_cpp_pkg
[39.637s] -- Up-to-date: /home/newir529/ROS2_JAZZY_TUTORIAL/ros2_learning_ws/install/myFirst_cpp_pkg/share/ament_index/resource_index/parent_prefix_path/myFirst_cpp_pkg
[39.637s] -- Up-to-date: /home/newir529/ROS2_JAZZY_TUTORIAL/ros2_learning_ws/install/myFirst_cpp_pkg/share/myFirst_cpp_pkg/environment/ament_prefix_path.sh
[39.638s] -- Up-to-date: /home/newir529/ROS2_JAZZY_TUTORIAL/ros2_learning_ws/install/myFirst_cpp_pkg/share/myFirst_cpp_pkg/environment/ament_prefix_path.dsv
[39.639s] -- Up-to-date: /home/newir529/ROS2_JAZZY_TUTORIAL/ros2_learning_ws/install/myFirst_cpp_pkg/share/myFirst_cpp_pkg/environment/path.sh
[39.639s] -- Up-to-date: /home/newir529/ROS2_JAZZY_TUTORIAL/ros2_learning_ws/install/myFirst_cpp_pkg/share/myFirst_cpp_pkg/environment/path.dsv
[39.640s] -- Up-to-date: /home/newir529/ROS2_JAZZY_TUTORIAL/ros2_learning_ws/install/myFirst_cpp_pkg/share/myFirst_cpp_pkg/local_setup.bash
[39.641s] -- Up-to-date: /home/newir529/ROS2_JAZZY_TUTORIAL/ros2_learning_ws/install/myFirst_cpp_pkg/share/myFirst_cpp_pkg/local_setup.sh
[39.641s] -- Up-to-date: /home/newir529/ROS2_JAZZY_TUTORIAL/ros2_learning_ws/install/myFirst_cpp_pkg/share/myFirst_cpp_pkg/local_setup.zsh
[39.642s] -- Up-to-date: /home/newir529/ROS2_JAZZY_TUTORIAL/ros2_learning_ws/install/myFirst_cpp_pkg/share/myFirst_cpp_pkg/local_setup.dsv
[39.642s] -- Installing: /home/newir529/ROS2_JAZZY_TUTORIAL/ros2_learning_ws/install/myFirst_cpp_pkg/share/myFirst_cpp_pkg/package.dsv
[39.642s] -- Up-to-date: /home/newir529/ROS2_JAZZY_TUTORIAL/ros2_learning_ws/install/myFirst_cpp_pkg/share/ament_index/resource_index/packages/myFirst_cpp_pkg
[39.643s] -- Up-to-date: /home/newir529/ROS2_JAZZY_TUTORIAL/ros2_learning_ws/install/myFirst_cpp_pkg/share/myFirst_cpp_pkg/cmake/myFirst_cpp_pkgConfig.cmake
[39.643s] -- Up-to-date: /home/newir529/ROS2_JAZZY_TUTORIAL/ros2_learning_ws/install/myFirst_cpp_pkg/share/myFirst_cpp_pkg/cmake/myFirst_cpp_pkgConfig-version.cmake
[39.644s] -- Up-to-date: /home/newir529/ROS2_JAZZY_TUTORIAL/ros2_learning_ws/install/myFirst_cpp_pkg/share/myFirst_cpp_pkg/package.xml
[39.644s] -- Up-to-date: /home/newir529/ROS2_JAZZY_TUTORIAL/ros2_learning_ws/install/myFirst_cpp_pkg/lib/myFirst_cpp_pkg/number_pub
[39.645s] -- Installing: /home/newir529/ROS2_JAZZY_TUTORIAL/ros2_learning_ws/install/myFirst_cpp_pkg/lib/myFirst_cpp_pkg/number_sub
[39.659s] -- Set non-toolchain portion of runtime path of "/home/newir529/ROS2_JAZZY_TUTORIAL/ros2_learning_ws/install/myFirst_cpp_pkg/lib/myFirst_cpp_pkg/number_sub" to ""
[39.667s] Invoked command in '/home/newir529/ROS2_JAZZY_TUTORIAL/ros2_learning_ws/build/myFirst_cpp_pkg' returned '0': CMAKE_PREFIX_PATH=${CMAKE_PREFIX_PATH}:/home/newir529/ROS2_JAZZY_TUTORIAL/ros2_learning_ws/install/turtlesim_manipulation:/home/newir529/ROS2_JAZZY_TUTORIAL/ros2_learning_ws/install/first_py_pkg:/opt/ros/jazzy DEBUGINFOD_URLS=https://debuginfod.ubuntu.com /usr/bin/cmake --install /home/newir529/ROS2_JAZZY_TUTORIAL/ros2_learning_ws/build/myFirst_cpp_pkg
