[1.278s] Invoking command in '/home/newir529/ROS2_JAZZY_TUTORIAL/ros2_learning_ws/src/first_py_pkg': DEBUGINFOD_URLS=https://debuginfod.ubuntu.com PYTHONPATH=/home/newir529/ROS2_JAZZY_TUTORIAL/ros2_learning_ws/build/first_py_pkg/prefix_override:/usr/lib/python3/dist-packages/colcon_core/task/python/colcon_distutils_commands:/home/newir529/ROS2_JAZZY_TUTORIAL/ros2_learning_ws/install/first_py_pkg/lib/python3.12/site-packages:${PYTHONPATH} /usr/bin/python3 -W ignore:setup.py install is deprecated -W ignore:easy_install command is deprecated setup.py egg_info --egg-base ../../build/first_py_pkg build --build-base /home/newir529/ROS2_JAZZY_TUTORIAL/ros2_learning_ws/build/first_py_pkg/build install --record /home/newir529/ROS2_JAZZY_TUTORIAL/ros2_learning_ws/build/first_py_pkg/install.log --single-version-externally-managed install_data
[1.559s] running egg_info
[1.579s] writing ../../build/first_py_pkg/first_py_pkg.egg-info/PKG-INFO
[1.579s] writing dependency_links to ../../build/first_py_pkg/first_py_pkg.egg-info/dependency_links.txt
[1.579s] writing entry points to ../../build/first_py_pkg/first_py_pkg.egg-info/entry_points.txt
[1.579s] writing requirements to ../../build/first_py_pkg/first_py_pkg.egg-info/requires.txt
[1.579s] writing top-level names to ../../build/first_py_pkg/first_py_pkg.egg-info/top_level.txt
[1.623s] reading manifest file '../../build/first_py_pkg/first_py_pkg.egg-info/SOURCES.txt'
[1.623s] writing manifest file '../../build/first_py_pkg/first_py_pkg.egg-info/SOURCES.txt'
[1.623s] running build
[1.623s] running build_py
[1.624s] running install
[1.630s] running install_lib
[1.652s] running install_data
[1.652s] running install_egg_info
[1.674s] removing '/home/newir529/ROS2_JAZZY_TUTORIAL/ros2_learning_ws/install/first_py_pkg/lib/python3.12/site-packages/first_py_pkg-0.0.0-py3.12.egg-info' (and everything under it)
[1.675s] Copying ../../build/first_py_pkg/first_py_pkg.egg-info to /home/newir529/ROS2_JAZZY_TUTORIAL/ros2_learning_ws/install/first_py_pkg/lib/python3.12/site-packages/first_py_pkg-0.0.0-py3.12.egg-info
[1.676s] running install_scripts
[1.814s] Installing camera script to /home/newir529/ROS2_JAZZY_TUTORIAL/ros2_learning_ws/install/first_py_pkg/lib/first_py_pkg
[1.814s] Installing pub_node script to /home/newir529/ROS2_JAZZY_TUTORIAL/ros2_learning_ws/install/first_py_pkg/lib/first_py_pkg
[1.814s] Installing sub_node script to /home/newir529/ROS2_JAZZY_TUTORIAL/ros2_learning_ws/install/first_py_pkg/lib/first_py_pkg
[1.815s] writing list of installed files to '/home/newir529/ROS2_JAZZY_TUTORIAL/ros2_learning_ws/build/first_py_pkg/install.log'
[1.867s] Invoked command in '/home/newir529/ROS2_JAZZY_TUTORIAL/ros2_learning_ws/src/first_py_pkg' returned '0': DEBUGINFOD_URLS=https://debuginfod.ubuntu.com PYTHONPATH=/home/newir529/ROS2_JAZZY_TUTORIAL/ros2_learning_ws/build/first_py_pkg/prefix_override:/usr/lib/python3/dist-packages/colcon_core/task/python/colcon_distutils_commands:/home/newir529/ROS2_JAZZY_TUTORIAL/ros2_learning_ws/install/first_py_pkg/lib/python3.12/site-packages:${PYTHONPATH} /usr/bin/python3 -W ignore:setup.py install is deprecated -W ignore:easy_install command is deprecated setup.py egg_info --egg-base ../../build/first_py_pkg build --build-base /home/newir529/ROS2_JAZZY_TUTORIAL/ros2_learning_ws/build/first_py_pkg/build install --record /home/newir529/ROS2_JAZZY_TUTORIAL/ros2_learning_ws/build/first_py_pkg/install.log --single-version-externally-managed install_data
