running egg_info
writing ../../build/first_py_pkg/first_py_pkg.egg-info/PKG-INFO
writing dependency_links to ../../build/first_py_pkg/first_py_pkg.egg-info/dependency_links.txt
writing entry points to ../../build/first_py_pkg/first_py_pkg.egg-info/entry_points.txt
writing requirements to ../../build/first_py_pkg/first_py_pkg.egg-info/requires.txt
writing top-level names to ../../build/first_py_pkg/first_py_pkg.egg-info/top_level.txt
reading manifest file '../../build/first_py_pkg/first_py_pkg.egg-info/SOURCES.txt'
writing manifest file '../../build/first_py_pkg/first_py_pkg.egg-info/SOURCES.txt'
running build
running build_py
running install
running install_lib
running install_data
running install_egg_info
removing '/home/newir529/ROS2_JAZZY_TUTORIAL/ros2_learning_ws/install/first_py_pkg/lib/python3.12/site-packages/first_py_pkg-0.0.0-py3.12.egg-info' (and everything under it)
Copying ../../build/first_py_pkg/first_py_pkg.egg-info to /home/newir529/ROS2_JAZZY_TUTORIAL/ros2_learning_ws/install/first_py_pkg/lib/python3.12/site-packages/first_py_pkg-0.0.0-py3.12.egg-info
running install_scripts
Installing camera script to /home/newir529/ROS2_JAZZY_TUTORIAL/ros2_learning_ws/install/first_py_pkg/lib/first_py_pkg
Installing pub_node script to /home/newir529/ROS2_JAZZY_TUTORIAL/ros2_learning_ws/install/first_py_pkg/lib/first_py_pkg
Installing sub_node script to /home/newir529/ROS2_JAZZY_TUTORIAL/ros2_learning_ws/install/first_py_pkg/lib/first_py_pkg
writing list of installed files to '/home/newir529/ROS2_JAZZY_TUTORIAL/ros2_learning_ws/build/first_py_pkg/install.log'
