[0.011s] Invoking command in '/home/newir529/ROS2_JAZZY_TUTORIAL/ros2_learning_ws/build/battery_state': CMAKE_PREFIX_PATH=${CMAKE_PREFIX_PATH}:/opt/ros/jazzy DEBUGINFOD_URLS=https://debuginfod.ubuntu.com /usr/bin/cmake --build /home/newir529/ROS2_JAZZY_TUTORIAL/ros2_learning_ws/build/battery_state -- -j8 -l8
[0.040s] -- Found ament_cmake: 2.5.2 (/opt/ros/jazzy/share/ament_cmake/cmake)
[0.076s] -- Found Python3: /usr/bin/python3 (found version "3.12.3") found components: Interpreter 
[0.273s] -- Found rosidl_default_generators: 1.6.0 (/opt/ros/jazzy/share/rosidl_default_generators/cmake)
[0.276s] -- Using all available rosidl_typesupport_c: rosidl_typesupport_fastrtps_c;rosidl_typesupport_introspection_c
[0.323s] -- Using all available rosidl_typesupport_cpp: rosidl_typesupport_fastrtps_cpp;rosidl_typesupport_introspection_cpp
[0.363s] -- Found rosidl_adapter: 4.6.4 (/opt/ros/jazzy/share/rosidl_adapter/cmake)
[0.366s] -- Found rclcpp: 28.1.5 (/opt/ros/jazzy/share/rclcpp/cmake)
[0.470s] -- Found rmw_implementation_cmake: 7.3.1 (/opt/ros/jazzy/share/rmw_implementation_cmake/cmake)
[0.473s] -- Found rmw_fastrtps_cpp: 8.4.1 (/opt/ros/jazzy/share/rmw_fastrtps_cpp/cmake)
[0.568s] -- Using RMW implementation 'rmw_fastrtps_cpp' as default
[0.679s] -- Found rclpy: 7.1.2 (/opt/ros/jazzy/share/rclpy/cmake)
[0.679s] -- Found std_msgs: 5.3.5 (/opt/ros/jazzy/share/std_msgs/cmake)
[1.061s] -- Found ament_cmake_ros: 0.12.0 (/opt/ros/jazzy/share/ament_cmake_ros/cmake)
[1.409s] -- Using all available rosidl_typesupport_c: rosidl_typesupport_fastrtps_c;rosidl_typesupport_introspection_c
[1.774s] -- Using all available rosidl_typesupport_cpp: rosidl_typesupport_fastrtps_cpp;rosidl_typesupport_introspection_cpp
[1.780s] -- Found python_cmake_module: 0.11.1 (/opt/ros/jazzy/share/python_cmake_module/cmake)
[2.297s] -- Found Python3: /usr/bin/python3 (found version "3.12.3") found components: Interpreter Development NumPy Development.Module Development.Embed 
[2.378s] -- Configuring done (2.3s)
[2.493s] -- Generating done (0.1s)
[2.508s] -- Build files have been written to: /home/newir529/ROS2_JAZZY_TUTORIAL/ros2_learning_ws/build/battery_state
[2.550s] [  2%] Built target battery_state__rosidl_generator_type_description
[2.562s] [  2%] Built target ament_cmake_python_copy_battery_state
[2.572s] [  4%] Built target battery_state__cpp
[2.579s] [ 21%] Built target battery_state__rosidl_generator_c
[2.623s] [ 30%] Built target battery_state__rosidl_typesupport_c
[2.623s] [ 39%] Built target battery_state__rosidl_typesupport_introspection_c
[2.624s] [ 47%] Built target battery_state__rosidl_typesupport_fastrtps_c
[2.625s] [ 56%] Built target battery_state__rosidl_typesupport_cpp
[2.627s] [ 65%] Built target battery_state__rosidl_typesupport_introspection_cpp
[2.631s] [ 73%] Built target battery_state__rosidl_typesupport_fastrtps_cpp
[2.656s] [ 73%] Built target battery_state
[2.665s] [ 76%] [32mBuilding CXX object CMakeFiles/batteryClient.dir/src/battaryClient.cpp.o[0m
[2.681s] [ 78%] Built target battery_state__py
[2.715s] [ 84%] Built target battery_state__rosidl_generator_py
[2.759s] [ 93%] Built target battery_state_s__rosidl_typesupport_introspection_c
[2.760s] [ 93%] Built target battery_state_s__rosidl_typesupport_c
[2.767s] [ 97%] Built target battery_state_s__rosidl_typesupport_fastrtps_c
[2.920s] running egg_info
[2.946s] writing battery_state.egg-info/PKG-INFO
[2.947s] writing dependency_links to battery_state.egg-info/dependency_links.txt
[2.947s] writing top-level names to battery_state.egg-info/top_level.txt
[3.029s] reading manifest file 'battery_state.egg-info/SOURCES.txt'
[3.030s] writing manifest file 'battery_state.egg-info/SOURCES.txt'
[3.068s] [ 97%] Built target ament_cmake_python_build_battery_state_egg
[10.386s] [100%] [32m[1mLinking CXX executable batteryClient[0m
[10.692s] [100%] Built target batteryClient
[10.703s] Invoked command in '/home/newir529/ROS2_JAZZY_TUTORIAL/ros2_learning_ws/build/battery_state' returned '0': CMAKE_PREFIX_PATH=${CMAKE_PREFIX_PATH}:/opt/ros/jazzy DEBUGINFOD_URLS=https://debuginfod.ubuntu.com /usr/bin/cmake --build /home/newir529/ROS2_JAZZY_TUTORIAL/ros2_learning_ws/build/battery_state -- -j8 -l8
[10.712s] Invoking command in '/home/newir529/ROS2_JAZZY_TUTORIAL/ros2_learning_ws/build/battery_state': CMAKE_PREFIX_PATH=${CMAKE_PREFIX_PATH}:/opt/ros/jazzy DEBUGINFOD_URLS=https://debuginfod.ubuntu.com /usr/bin/cmake --install /home/newir529/ROS2_JAZZY_TUTORIAL/ros2_learning_ws/build/battery_state
[10.719s] -- Install configuration: ""
[10.720s] -- Up-to-date: /home/newir529/ROS2_JAZZY_TUTORIAL/ros2_learning_ws/install/battery_state/share/ament_index/resource_index/rosidl_interfaces/battery_state
[10.720s] -- Up-to-date: /home/newir529/ROS2_JAZZY_TUTORIAL/ros2_learning_ws/install/battery_state/share/battery_state/srv/BatterySrv.json
[10.720s] -- Up-to-date: /home/newir529/ROS2_JAZZY_TUTORIAL/ros2_learning_ws/install/battery_state/share/battery_state/msg/BatteryMsg.json
[10.720s] -- Up-to-date: /home/newir529/ROS2_JAZZY_TUTORIAL/ros2_learning_ws/install/battery_state/include/battery_state/battery_state
[10.720s] -- Up-to-date: /home/newir529/ROS2_JAZZY_TUTORIAL/ros2_learning_ws/install/battery_state/include/battery_state/battery_state/msg
[10.720s] -- Up-to-date: /home/newir529/ROS2_JAZZY_TUTORIAL/ros2_learning_ws/install/battery_state/include/battery_state/battery_state/msg/battery_msg.h
[10.720s] -- Up-to-date: /home/newir529/ROS2_JAZZY_TUTORIAL/ros2_learning_ws/install/battery_state/include/battery_state/battery_state/msg/detail
[10.720s] -- Up-to-date: /home/newir529/ROS2_JAZZY_TUTORIAL/ros2_learning_ws/install/battery_state/include/battery_state/battery_state/msg/detail/battery_msg__functions.c
[10.720s] -- Up-to-date: /home/newir529/ROS2_JAZZY_TUTORIAL/ros2_learning_ws/install/battery_state/include/battery_state/battery_state/msg/detail/battery_msg__type_support.h
[10.721s] -- Up-to-date: /home/newir529/ROS2_JAZZY_TUTORIAL/ros2_learning_ws/install/battery_state/include/battery_state/battery_state/msg/detail/battery_msg__type_support.c
[10.721s] -- Up-to-date: /home/newir529/ROS2_JAZZY_TUTORIAL/ros2_learning_ws/install/battery_state/include/battery_state/battery_state/msg/detail/battery_msg__functions.h
[10.721s] -- Up-to-date: /home/newir529/ROS2_JAZZY_TUTORIAL/ros2_learning_ws/install/battery_state/include/battery_state/battery_state/msg/detail/battery_msg__struct.h
[10.721s] -- Up-to-date: /home/newir529/ROS2_JAZZY_TUTORIAL/ros2_learning_ws/install/battery_state/include/battery_state/battery_state/msg/detail/battery_msg__description.c
[10.721s] -- Up-to-date: /home/newir529/ROS2_JAZZY_TUTORIAL/ros2_learning_ws/install/battery_state/include/battery_state/battery_state/msg/rosidl_generator_c__visibility_control.h
[10.721s] -- Up-to-date: /home/newir529/ROS2_JAZZY_TUTORIAL/ros2_learning_ws/install/battery_state/include/battery_state/battery_state/srv
[10.721s] -- Up-to-date: /home/newir529/ROS2_JAZZY_TUTORIAL/ros2_learning_ws/install/battery_state/include/battery_state/battery_state/srv/battery_srv.h
[10.721s] -- Up-to-date: /home/newir529/ROS2_JAZZY_TUTORIAL/ros2_learning_ws/install/battery_state/include/battery_state/battery_state/srv/detail
[10.721s] -- Up-to-date: /home/newir529/ROS2_JAZZY_TUTORIAL/ros2_learning_ws/install/battery_state/include/battery_state/battery_state/srv/detail/battery_srv__functions.h
[10.721s] -- Up-to-date: /home/newir529/ROS2_JAZZY_TUTORIAL/ros2_learning_ws/install/battery_state/include/battery_state/battery_state/srv/detail/battery_srv__type_support.h
[10.721s] -- Up-to-date: /home/newir529/ROS2_JAZZY_TUTORIAL/ros2_learning_ws/install/battery_state/include/battery_state/battery_state/srv/detail/battery_srv__functions.c
[10.721s] -- Up-to-date: /home/newir529/ROS2_JAZZY_TUTORIAL/ros2_learning_ws/install/battery_state/include/battery_state/battery_state/srv/detail/battery_srv__description.c
[10.721s] -- Up-to-date: /home/newir529/ROS2_JAZZY_TUTORIAL/ros2_learning_ws/install/battery_state/include/battery_state/battery_state/srv/detail/battery_srv__struct.h
[10.721s] -- Up-to-date: /home/newir529/ROS2_JAZZY_TUTORIAL/ros2_learning_ws/install/battery_state/include/battery_state/battery_state/srv/detail/battery_srv__type_support.c
[10.722s] -- Up-to-date: /home/newir529/ROS2_JAZZY_TUTORIAL/ros2_learning_ws/install/battery_state/share/battery_state/environment/library_path.sh
[10.722s] -- Up-to-date: /home/newir529/ROS2_JAZZY_TUTORIAL/ros2_learning_ws/install/battery_state/share/battery_state/environment/library_path.dsv
[10.722s] -- Up-to-date: /home/newir529/ROS2_JAZZY_TUTORIAL/ros2_learning_ws/install/battery_state/lib/libbattery_state__rosidl_generator_c.so
[10.722s] -- Up-to-date: /home/newir529/ROS2_JAZZY_TUTORIAL/ros2_learning_ws/install/battery_state/include/battery_state/battery_state
[10.722s] -- Up-to-date: /home/newir529/ROS2_JAZZY_TUTORIAL/ros2_learning_ws/install/battery_state/include/battery_state/battery_state/msg
[10.722s] -- Up-to-date: /home/newir529/ROS2_JAZZY_TUTORIAL/ros2_learning_ws/install/battery_state/include/battery_state/battery_state/msg/rosidl_typesupport_fastrtps_c__visibility_control.h
[10.722s] -- Up-to-date: /home/newir529/ROS2_JAZZY_TUTORIAL/ros2_learning_ws/install/battery_state/include/battery_state/battery_state/msg/detail
[10.722s] -- Up-to-date: /home/newir529/ROS2_JAZZY_TUTORIAL/ros2_learning_ws/install/battery_state/include/battery_state/battery_state/msg/detail/battery_msg__rosidl_typesupport_fastrtps_c.h
[10.722s] -- Up-to-date: /home/newir529/ROS2_JAZZY_TUTORIAL/ros2_learning_ws/install/battery_state/include/battery_state/battery_state/srv
[10.722s] -- Up-to-date: /home/newir529/ROS2_JAZZY_TUTORIAL/ros2_learning_ws/install/battery_state/include/battery_state/battery_state/srv/detail
[10.723s] -- Up-to-date: /home/newir529/ROS2_JAZZY_TUTORIAL/ros2_learning_ws/install/battery_state/include/battery_state/battery_state/srv/detail/battery_srv__rosidl_typesupport_fastrtps_c.h
[10.723s] -- Up-to-date: /home/newir529/ROS2_JAZZY_TUTORIAL/ros2_learning_ws/install/battery_state/lib/libbattery_state__rosidl_typesupport_fastrtps_c.so
[10.723s] -- Up-to-date: /home/newir529/ROS2_JAZZY_TUTORIAL/ros2_learning_ws/install/battery_state/include/battery_state/battery_state
[10.723s] -- Up-to-date: /home/newir529/ROS2_JAZZY_TUTORIAL/ros2_learning_ws/install/battery_state/include/battery_state/battery_state/msg
[10.723s] -- Up-to-date: /home/newir529/ROS2_JAZZY_TUTORIAL/ros2_learning_ws/install/battery_state/include/battery_state/battery_state/msg/rosidl_typesupport_introspection_c__visibility_control.h
[10.723s] -- Up-to-date: /home/newir529/ROS2_JAZZY_TUTORIAL/ros2_learning_ws/install/battery_state/include/battery_state/battery_state/msg/detail
[10.723s] -- Up-to-date: /home/newir529/ROS2_JAZZY_TUTORIAL/ros2_learning_ws/install/battery_state/include/battery_state/battery_state/msg/detail/battery_msg__rosidl_typesupport_introspection_c.h
[10.723s] -- Up-to-date: /home/newir529/ROS2_JAZZY_TUTORIAL/ros2_learning_ws/install/battery_state/include/battery_state/battery_state/msg/detail/battery_msg__type_support.c
[10.723s] -- Up-to-date: /home/newir529/ROS2_JAZZY_TUTORIAL/ros2_learning_ws/install/battery_state/include/battery_state/battery_state/srv
[10.723s] -- Up-to-date: /home/newir529/ROS2_JAZZY_TUTORIAL/ros2_learning_ws/install/battery_state/include/battery_state/battery_state/srv/detail
[10.724s] -- Up-to-date: /home/newir529/ROS2_JAZZY_TUTORIAL/ros2_learning_ws/install/battery_state/include/battery_state/battery_state/srv/detail/battery_srv__rosidl_typesupport_introspection_c.h
[10.724s] -- Up-to-date: /home/newir529/ROS2_JAZZY_TUTORIAL/ros2_learning_ws/install/battery_state/include/battery_state/battery_state/srv/detail/battery_srv__type_support.c
[10.724s] -- Up-to-date: /home/newir529/ROS2_JAZZY_TUTORIAL/ros2_learning_ws/install/battery_state/lib/libbattery_state__rosidl_typesupport_introspection_c.so
[10.724s] -- Up-to-date: /home/newir529/ROS2_JAZZY_TUTORIAL/ros2_learning_ws/install/battery_state/lib/libbattery_state__rosidl_typesupport_c.so
[10.724s] -- Up-to-date: /home/newir529/ROS2_JAZZY_TUTORIAL/ros2_learning_ws/install/battery_state/include/battery_state/battery_state
[10.724s] -- Up-to-date: /home/newir529/ROS2_JAZZY_TUTORIAL/ros2_learning_ws/install/battery_state/include/battery_state/battery_state/msg
[10.724s] -- Up-to-date: /home/newir529/ROS2_JAZZY_TUTORIAL/ros2_learning_ws/install/battery_state/include/battery_state/battery_state/msg/battery_msg.hpp
[10.725s] -- Up-to-date: /home/newir529/ROS2_JAZZY_TUTORIAL/ros2_learning_ws/install/battery_state/include/battery_state/battery_state/msg/rosidl_generator_cpp__visibility_control.hpp
[10.725s] -- Up-to-date: /home/newir529/ROS2_JAZZY_TUTORIAL/ros2_learning_ws/install/battery_state/include/battery_state/battery_state/msg/detail
[10.725s] -- Up-to-date: /home/newir529/ROS2_JAZZY_TUTORIAL/ros2_learning_ws/install/battery_state/include/battery_state/battery_state/msg/detail/battery_msg__traits.hpp
[10.725s] -- Up-to-date: /home/newir529/ROS2_JAZZY_TUTORIAL/ros2_learning_ws/install/battery_state/include/battery_state/battery_state/msg/detail/battery_msg__builder.hpp
[10.725s] -- Up-to-date: /home/newir529/ROS2_JAZZY_TUTORIAL/ros2_learning_ws/install/battery_state/include/battery_state/battery_state/msg/detail/battery_msg__struct.hpp
[10.725s] -- Up-to-date: /home/newir529/ROS2_JAZZY_TUTORIAL/ros2_learning_ws/install/battery_state/include/battery_state/battery_state/msg/detail/battery_msg__type_support.hpp
[10.725s] -- Up-to-date: /home/newir529/ROS2_JAZZY_TUTORIAL/ros2_learning_ws/install/battery_state/include/battery_state/battery_state/srv
[10.726s] -- Up-to-date: /home/newir529/ROS2_JAZZY_TUTORIAL/ros2_learning_ws/install/battery_state/include/battery_state/battery_state/srv/battery_srv.hpp
[10.726s] -- Up-to-date: /home/newir529/ROS2_JAZZY_TUTORIAL/ros2_learning_ws/install/battery_state/include/battery_state/battery_state/srv/detail
[10.726s] -- Up-to-date: /home/newir529/ROS2_JAZZY_TUTORIAL/ros2_learning_ws/install/battery_state/include/battery_state/battery_state/srv/detail/battery_srv__traits.hpp
[10.726s] -- Up-to-date: /home/newir529/ROS2_JAZZY_TUTORIAL/ros2_learning_ws/install/battery_state/include/battery_state/battery_state/srv/detail/battery_srv__type_support.hpp
[10.726s] -- Up-to-date: /home/newir529/ROS2_JAZZY_TUTORIAL/ros2_learning_ws/install/battery_state/include/battery_state/battery_state/srv/detail/battery_srv__struct.hpp
[10.726s] -- Up-to-date: /home/newir529/ROS2_JAZZY_TUTORIAL/ros2_learning_ws/install/battery_state/include/battery_state/battery_state/srv/detail/battery_srv__builder.hpp
[10.726s] -- Up-to-date: /home/newir529/ROS2_JAZZY_TUTORIAL/ros2_learning_ws/install/battery_state/include/battery_state/battery_state
[10.726s] -- Up-to-date: /home/newir529/ROS2_JAZZY_TUTORIAL/ros2_learning_ws/install/battery_state/include/battery_state/battery_state/msg
[10.726s] -- Up-to-date: /home/newir529/ROS2_JAZZY_TUTORIAL/ros2_learning_ws/install/battery_state/include/battery_state/battery_state/msg/rosidl_typesupport_fastrtps_cpp__visibility_control.h
[10.726s] -- Up-to-date: /home/newir529/ROS2_JAZZY_TUTORIAL/ros2_learning_ws/install/battery_state/include/battery_state/battery_state/msg/detail
[10.727s] -- Up-to-date: /home/newir529/ROS2_JAZZY_TUTORIAL/ros2_learning_ws/install/battery_state/include/battery_state/battery_state/msg/detail/dds_fastrtps
[10.727s] -- Up-to-date: /home/newir529/ROS2_JAZZY_TUTORIAL/ros2_learning_ws/install/battery_state/include/battery_state/battery_state/msg/detail/battery_msg__rosidl_typesupport_fastrtps_cpp.hpp
[10.727s] -- Up-to-date: /home/newir529/ROS2_JAZZY_TUTORIAL/ros2_learning_ws/install/battery_state/include/battery_state/battery_state/srv
[10.727s] -- Up-to-date: /home/newir529/ROS2_JAZZY_TUTORIAL/ros2_learning_ws/install/battery_state/include/battery_state/battery_state/srv/detail
[10.727s] -- Up-to-date: /home/newir529/ROS2_JAZZY_TUTORIAL/ros2_learning_ws/install/battery_state/include/battery_state/battery_state/srv/detail/battery_srv__rosidl_typesupport_fastrtps_cpp.hpp
[10.727s] -- Up-to-date: /home/newir529/ROS2_JAZZY_TUTORIAL/ros2_learning_ws/install/battery_state/include/battery_state/battery_state/srv/detail/dds_fastrtps
[10.727s] -- Up-to-date: /home/newir529/ROS2_JAZZY_TUTORIAL/ros2_learning_ws/install/battery_state/lib/libbattery_state__rosidl_typesupport_fastrtps_cpp.so
[10.727s] -- Up-to-date: /home/newir529/ROS2_JAZZY_TUTORIAL/ros2_learning_ws/install/battery_state/include/battery_state/battery_state
[10.727s] -- Up-to-date: /home/newir529/ROS2_JAZZY_TUTORIAL/ros2_learning_ws/install/battery_state/include/battery_state/battery_state/msg
[10.727s] -- Up-to-date: /home/newir529/ROS2_JAZZY_TUTORIAL/ros2_learning_ws/install/battery_state/include/battery_state/battery_state/msg/detail
[10.727s] -- Up-to-date: /home/newir529/ROS2_JAZZY_TUTORIAL/ros2_learning_ws/install/battery_state/include/battery_state/battery_state/msg/detail/battery_msg__rosidl_typesupport_introspection_cpp.hpp
[10.727s] -- Up-to-date: /home/newir529/ROS2_JAZZY_TUTORIAL/ros2_learning_ws/install/battery_state/include/battery_state/battery_state/msg/detail/battery_msg__type_support.cpp
[10.727s] -- Up-to-date: /home/newir529/ROS2_JAZZY_TUTORIAL/ros2_learning_ws/install/battery_state/include/battery_state/battery_state/srv
[10.727s] -- Up-to-date: /home/newir529/ROS2_JAZZY_TUTORIAL/ros2_learning_ws/install/battery_state/include/battery_state/battery_state/srv/detail
[10.728s] -- Up-to-date: /home/newir529/ROS2_JAZZY_TUTORIAL/ros2_learning_ws/install/battery_state/include/battery_state/battery_state/srv/detail/battery_srv__rosidl_typesupport_introspection_cpp.hpp
[10.728s] -- Up-to-date: /home/newir529/ROS2_JAZZY_TUTORIAL/ros2_learning_ws/install/battery_state/include/battery_state/battery_state/srv/detail/battery_srv__type_support.cpp
[10.728s] -- Up-to-date: /home/newir529/ROS2_JAZZY_TUTORIAL/ros2_learning_ws/install/battery_state/lib/libbattery_state__rosidl_typesupport_introspection_cpp.so
[10.728s] -- Up-to-date: /home/newir529/ROS2_JAZZY_TUTORIAL/ros2_learning_ws/install/battery_state/lib/libbattery_state__rosidl_typesupport_cpp.so
[10.728s] -- Up-to-date: /home/newir529/ROS2_JAZZY_TUTORIAL/ros2_learning_ws/install/battery_state/share/battery_state/environment/pythonpath.sh
[10.728s] -- Up-to-date: /home/newir529/ROS2_JAZZY_TUTORIAL/ros2_learning_ws/install/battery_state/share/battery_state/environment/pythonpath.dsv
[10.728s] -- Up-to-date: /home/newir529/ROS2_JAZZY_TUTORIAL/ros2_learning_ws/install/battery_state/lib/python3.12/site-packages/battery_state-0.0.0-py3.12.egg-info
[10.728s] -- Installing: /home/newir529/ROS2_JAZZY_TUTORIAL/ros2_learning_ws/install/battery_state/lib/python3.12/site-packages/battery_state-0.0.0-py3.12.egg-info/SOURCES.txt
[10.728s] -- Installing: /home/newir529/ROS2_JAZZY_TUTORIAL/ros2_learning_ws/install/battery_state/lib/python3.12/site-packages/battery_state-0.0.0-py3.12.egg-info/dependency_links.txt
[10.728s] -- Installing: /home/newir529/ROS2_JAZZY_TUTORIAL/ros2_learning_ws/install/battery_state/lib/python3.12/site-packages/battery_state-0.0.0-py3.12.egg-info/PKG-INFO
[10.728s] -- Installing: /home/newir529/ROS2_JAZZY_TUTORIAL/ros2_learning_ws/install/battery_state/lib/python3.12/site-packages/battery_state-0.0.0-py3.12.egg-info/top_level.txt
[10.728s] -- Up-to-date: /home/newir529/ROS2_JAZZY_TUTORIAL/ros2_learning_ws/install/battery_state/lib/python3.12/site-packages/battery_state
[10.729s] -- Up-to-date: /home/newir529/ROS2_JAZZY_TUTORIAL/ros2_learning_ws/install/battery_state/lib/python3.12/site-packages/battery_state/_battery_state_s.ep.rosidl_typesupport_fastrtps_c.c
[10.729s] -- Up-to-date: /home/newir529/ROS2_JAZZY_TUTORIAL/ros2_learning_ws/install/battery_state/lib/python3.12/site-packages/battery_state/_battery_state_s.ep.rosidl_typesupport_introspection_c.c
[10.729s] -- Up-to-date: /home/newir529/ROS2_JAZZY_TUTORIAL/ros2_learning_ws/install/battery_state/lib/python3.12/site-packages/battery_state/battery_state_s__rosidl_typesupport_fastrtps_c.so
[10.729s] -- Up-to-date: /home/newir529/ROS2_JAZZY_TUTORIAL/ros2_learning_ws/install/battery_state/lib/python3.12/site-packages/battery_state/battery_state_s__rosidl_typesupport_introspection_c.so
[10.729s] -- Up-to-date: /home/newir529/ROS2_JAZZY_TUTORIAL/ros2_learning_ws/install/battery_state/lib/python3.12/site-packages/battery_state/_battery_state_s.ep.rosidl_typesupport_c.c
[10.729s] -- Up-to-date: /home/newir529/ROS2_JAZZY_TUTORIAL/ros2_learning_ws/install/battery_state/lib/python3.12/site-packages/battery_state/battery_state_s__rosidl_typesupport_c.so
[10.729s] -- Up-to-date: /home/newir529/ROS2_JAZZY_TUTORIAL/ros2_learning_ws/install/battery_state/lib/python3.12/site-packages/battery_state/msg
[10.729s] -- Up-to-date: /home/newir529/ROS2_JAZZY_TUTORIAL/ros2_learning_ws/install/battery_state/lib/python3.12/site-packages/battery_state/msg/_battery_msg.py
[10.729s] -- Up-to-date: /home/newir529/ROS2_JAZZY_TUTORIAL/ros2_learning_ws/install/battery_state/lib/python3.12/site-packages/battery_state/msg/_battery_msg_s.c
[10.729s] -- Up-to-date: /home/newir529/ROS2_JAZZY_TUTORIAL/ros2_learning_ws/install/battery_state/lib/python3.12/site-packages/battery_state/msg/__init__.py
[10.729s] -- Installing: /home/newir529/ROS2_JAZZY_TUTORIAL/ros2_learning_ws/install/battery_state/lib/python3.12/site-packages/battery_state/__init__.py
[10.729s] -- Up-to-date: /home/newir529/ROS2_JAZZY_TUTORIAL/ros2_learning_ws/install/battery_state/lib/python3.12/site-packages/battery_state/srv
[10.729s] -- Up-to-date: /home/newir529/ROS2_JAZZY_TUTORIAL/ros2_learning_ws/install/battery_state/lib/python3.12/site-packages/battery_state/srv/_battery_srv_s.c
[10.729s] -- Up-to-date: /home/newir529/ROS2_JAZZY_TUTORIAL/ros2_learning_ws/install/battery_state/lib/python3.12/site-packages/battery_state/srv/_battery_srv.py
[10.730s] -- Up-to-date: /home/newir529/ROS2_JAZZY_TUTORIAL/ros2_learning_ws/install/battery_state/lib/python3.12/site-packages/battery_state/srv/__init__.py
[10.776s] Listing '/home/newir529/ROS2_JAZZY_TUTORIAL/ros2_learning_ws/install/battery_state/lib/python3.12/site-packages/battery_state'...
[10.776s] Compiling '/home/newir529/ROS2_JAZZY_TUTORIAL/ros2_learning_ws/install/battery_state/lib/python3.12/site-packages/battery_state/__init__.py'...
[10.776s] Listing '/home/newir529/ROS2_JAZZY_TUTORIAL/ros2_learning_ws/install/battery_state/lib/python3.12/site-packages/battery_state/msg'...
[10.776s] Listing '/home/newir529/ROS2_JAZZY_TUTORIAL/ros2_learning_ws/install/battery_state/lib/python3.12/site-packages/battery_state/srv'...
[10.782s] -- Up-to-date: /home/newir529/ROS2_JAZZY_TUTORIAL/ros2_learning_ws/install/battery_state/lib/python3.12/site-packages/battery_state/battery_state_s__rosidl_typesupport_fastrtps_c.so
[10.783s] -- Up-to-date: /home/newir529/ROS2_JAZZY_TUTORIAL/ros2_learning_ws/install/battery_state/lib/python3.12/site-packages/battery_state/battery_state_s__rosidl_typesupport_introspection_c.so
[10.783s] -- Up-to-date: /home/newir529/ROS2_JAZZY_TUTORIAL/ros2_learning_ws/install/battery_state/lib/python3.12/site-packages/battery_state/battery_state_s__rosidl_typesupport_c.so
[10.784s] -- Up-to-date: /home/newir529/ROS2_JAZZY_TUTORIAL/ros2_learning_ws/install/battery_state/lib/libbattery_state__rosidl_generator_py.so
[10.784s] -- Up-to-date: /home/newir529/ROS2_JAZZY_TUTORIAL/ros2_learning_ws/install/battery_state/share/battery_state/srv/BatterySrv.idl
[10.784s] -- Up-to-date: /home/newir529/ROS2_JAZZY_TUTORIAL/ros2_learning_ws/install/battery_state/share/battery_state/msg/BatteryMsg.idl
[10.784s] -- Up-to-date: /home/newir529/ROS2_JAZZY_TUTORIAL/ros2_learning_ws/install/battery_state/share/battery_state/srv/BatterySrv.srv
[10.784s] -- Up-to-date: /home/newir529/ROS2_JAZZY_TUTORIAL/ros2_learning_ws/install/battery_state/share/battery_state/msg/BatteryMsg.msg
[10.785s] -- Installing: /home/newir529/ROS2_JAZZY_TUTORIAL/ros2_learning_ws/install/battery_state/lib/battery_state/batteryClient
[10.792s] -- Set non-toolchain portion of runtime path of "/home/newir529/ROS2_JAZZY_TUTORIAL/ros2_learning_ws/install/battery_state/lib/battery_state/batteryClient" to ""
[10.792s] -- Up-to-date: /home/newir529/ROS2_JAZZY_TUTORIAL/ros2_learning_ws/install/battery_state/lib/battery_state/batteryServer.py
[10.792s] -- Installing: /home/newir529/ROS2_JAZZY_TUTORIAL/ros2_learning_ws/install/battery_state/share/battery_state/launch
[10.792s] -- Installing: /home/newir529/ROS2_JAZZY_TUTORIAL/ros2_learning_ws/install/battery_state/share/battery_state/launch/battery.launch.xml
[10.793s] -- Installing: /home/newir529/ROS2_JAZZY_TUTORIAL/ros2_learning_ws/install/battery_state/share/ament_index/resource_index/package_run_dependencies/battery_state
[10.793s] -- Installing: /home/newir529/ROS2_JAZZY_TUTORIAL/ros2_learning_ws/install/battery_state/share/ament_index/resource_index/parent_prefix_path/battery_state
[10.793s] -- Up-to-date: /home/newir529/ROS2_JAZZY_TUTORIAL/ros2_learning_ws/install/battery_state/share/battery_state/environment/ament_prefix_path.sh
[10.793s] -- Up-to-date: /home/newir529/ROS2_JAZZY_TUTORIAL/ros2_learning_ws/install/battery_state/share/battery_state/environment/ament_prefix_path.dsv
[10.793s] -- Up-to-date: /home/newir529/ROS2_JAZZY_TUTORIAL/ros2_learning_ws/install/battery_state/share/battery_state/environment/path.sh
[10.793s] -- Up-to-date: /home/newir529/ROS2_JAZZY_TUTORIAL/ros2_learning_ws/install/battery_state/share/battery_state/environment/path.dsv
[10.794s] -- Up-to-date: /home/newir529/ROS2_JAZZY_TUTORIAL/ros2_learning_ws/install/battery_state/share/battery_state/local_setup.bash
[10.794s] -- Up-to-date: /home/newir529/ROS2_JAZZY_TUTORIAL/ros2_learning_ws/install/battery_state/share/battery_state/local_setup.sh
[10.794s] -- Up-to-date: /home/newir529/ROS2_JAZZY_TUTORIAL/ros2_learning_ws/install/battery_state/share/battery_state/local_setup.zsh
[10.794s] -- Up-to-date: /home/newir529/ROS2_JAZZY_TUTORIAL/ros2_learning_ws/install/battery_state/share/battery_state/local_setup.dsv
[10.794s] -- Installing: /home/newir529/ROS2_JAZZY_TUTORIAL/ros2_learning_ws/install/battery_state/share/battery_state/package.dsv
[10.794s] -- Up-to-date: /home/newir529/ROS2_JAZZY_TUTORIAL/ros2_learning_ws/install/battery_state/share/ament_index/resource_index/packages/battery_state
[10.794s] -- Up-to-date: /home/newir529/ROS2_JAZZY_TUTORIAL/ros2_learning_ws/install/battery_state/share/battery_state/cmake/export_battery_state__rosidl_generator_cExport.cmake
[10.794s] -- Up-to-date: /home/newir529/ROS2_JAZZY_TUTORIAL/ros2_learning_ws/install/battery_state/share/battery_state/cmake/export_battery_state__rosidl_generator_cExport-noconfig.cmake
[10.794s] -- Up-to-date: /home/newir529/ROS2_JAZZY_TUTORIAL/ros2_learning_ws/install/battery_state/share/battery_state/cmake/export_battery_state__rosidl_typesupport_fastrtps_cExport.cmake
[10.795s] -- Up-to-date: /home/newir529/ROS2_JAZZY_TUTORIAL/ros2_learning_ws/install/battery_state/share/battery_state/cmake/export_battery_state__rosidl_typesupport_fastrtps_cExport-noconfig.cmake
[10.795s] -- Up-to-date: /home/newir529/ROS2_JAZZY_TUTORIAL/ros2_learning_ws/install/battery_state/share/battery_state/cmake/battery_state__rosidl_typesupport_introspection_cExport.cmake
[10.795s] -- Up-to-date: /home/newir529/ROS2_JAZZY_TUTORIAL/ros2_learning_ws/install/battery_state/share/battery_state/cmake/battery_state__rosidl_typesupport_introspection_cExport-noconfig.cmake
[10.795s] -- Up-to-date: /home/newir529/ROS2_JAZZY_TUTORIAL/ros2_learning_ws/install/battery_state/share/battery_state/cmake/battery_state__rosidl_typesupport_cExport.cmake
[10.795s] -- Up-to-date: /home/newir529/ROS2_JAZZY_TUTORIAL/ros2_learning_ws/install/battery_state/share/battery_state/cmake/battery_state__rosidl_typesupport_cExport-noconfig.cmake
[10.795s] -- Up-to-date: /home/newir529/ROS2_JAZZY_TUTORIAL/ros2_learning_ws/install/battery_state/share/battery_state/cmake/export_battery_state__rosidl_generator_cppExport.cmake
[10.795s] -- Up-to-date: /home/newir529/ROS2_JAZZY_TUTORIAL/ros2_learning_ws/install/battery_state/share/battery_state/cmake/export_battery_state__rosidl_typesupport_fastrtps_cppExport.cmake
[10.795s] -- Up-to-date: /home/newir529/ROS2_JAZZY_TUTORIAL/ros2_learning_ws/install/battery_state/share/battery_state/cmake/export_battery_state__rosidl_typesupport_fastrtps_cppExport-noconfig.cmake
[10.796s] -- Up-to-date: /home/newir529/ROS2_JAZZY_TUTORIAL/ros2_learning_ws/install/battery_state/share/battery_state/cmake/battery_state__rosidl_typesupport_introspection_cppExport.cmake
[10.796s] -- Up-to-date: /home/newir529/ROS2_JAZZY_TUTORIAL/ros2_learning_ws/install/battery_state/share/battery_state/cmake/battery_state__rosidl_typesupport_introspection_cppExport-noconfig.cmake
[10.796s] -- Up-to-date: /home/newir529/ROS2_JAZZY_TUTORIAL/ros2_learning_ws/install/battery_state/share/battery_state/cmake/battery_state__rosidl_typesupport_cppExport.cmake
[10.796s] -- Up-to-date: /home/newir529/ROS2_JAZZY_TUTORIAL/ros2_learning_ws/install/battery_state/share/battery_state/cmake/battery_state__rosidl_typesupport_cppExport-noconfig.cmake
[10.796s] -- Up-to-date: /home/newir529/ROS2_JAZZY_TUTORIAL/ros2_learning_ws/install/battery_state/share/battery_state/cmake/export_battery_state__rosidl_generator_pyExport.cmake
[10.796s] -- Up-to-date: /home/newir529/ROS2_JAZZY_TUTORIAL/ros2_learning_ws/install/battery_state/share/battery_state/cmake/export_battery_state__rosidl_generator_pyExport-noconfig.cmake
[10.796s] -- Up-to-date: /home/newir529/ROS2_JAZZY_TUTORIAL/ros2_learning_ws/install/battery_state/share/battery_state/cmake/rosidl_cmake-extras.cmake
[10.797s] -- Up-to-date: /home/newir529/ROS2_JAZZY_TUTORIAL/ros2_learning_ws/install/battery_state/share/battery_state/cmake/ament_cmake_export_dependencies-extras.cmake
[10.797s] -- Up-to-date: /home/newir529/ROS2_JAZZY_TUTORIAL/ros2_learning_ws/install/battery_state/share/battery_state/cmake/ament_cmake_export_include_directories-extras.cmake
[10.797s] -- Up-to-date: /home/newir529/ROS2_JAZZY_TUTORIAL/ros2_learning_ws/install/battery_state/share/battery_state/cmake/ament_cmake_export_libraries-extras.cmake
[10.797s] -- Up-to-date: /home/newir529/ROS2_JAZZY_TUTORIAL/ros2_learning_ws/install/battery_state/share/battery_state/cmake/ament_cmake_export_targets-extras.cmake
[10.797s] -- Up-to-date: /home/newir529/ROS2_JAZZY_TUTORIAL/ros2_learning_ws/install/battery_state/share/battery_state/cmake/rosidl_cmake_export_typesupport_targets-extras.cmake
[10.797s] -- Up-to-date: /home/newir529/ROS2_JAZZY_TUTORIAL/ros2_learning_ws/install/battery_state/share/battery_state/cmake/rosidl_cmake_export_typesupport_libraries-extras.cmake
[10.797s] -- Up-to-date: /home/newir529/ROS2_JAZZY_TUTORIAL/ros2_learning_ws/install/battery_state/share/battery_state/cmake/battery_stateConfig.cmake
[10.797s] -- Up-to-date: /home/newir529/ROS2_JAZZY_TUTORIAL/ros2_learning_ws/install/battery_state/share/battery_state/cmake/battery_stateConfig-version.cmake
[10.797s] -- Installing: /home/newir529/ROS2_JAZZY_TUTORIAL/ros2_learning_ws/install/battery_state/share/battery_state/package.xml
[10.800s] Invoked command in '/home/newir529/ROS2_JAZZY_TUTORIAL/ros2_learning_ws/build/battery_state' returned '0': CMAKE_PREFIX_PATH=${CMAKE_PREFIX_PATH}:/opt/ros/jazzy DEBUGINFOD_URLS=https://debuginfod.ubuntu.com /usr/bin/cmake --install /home/newir529/ROS2_JAZZY_TUTORIAL/ros2_learning_ws/build/battery_state
