[3.127s] Invoking command in '/home/newir529/ROS2_JAZZY_TUTORIAL/ros2_learning_ws/src/turtlesim_manipulation': DEBUGINFOD_URLS=https://debuginfod.ubuntu.com PYTHONPATH=/home/newir529/ROS2_JAZZY_TUTORIAL/ros2_learning_ws/build/turtlesim_manipulation/prefix_override:/usr/lib/python3/dist-packages/colcon_core/task/python/colcon_distutils_commands:/home/newir529/ROS2_JAZZY_TUTORIAL/ros2_learning_ws/install/turtlesim_manipulation/lib/python3.12/site-packages:${PYTHONPATH} /usr/bin/python3 -W ignore:setup.py install is deprecated -W ignore:easy_install command is deprecated setup.py egg_info --egg-base ../../build/turtlesim_manipulation build --build-base /home/newir529/ROS2_JAZZY_TUTORIAL/ros2_learning_ws/build/turtlesim_manipulation/build install --record /home/newir529/ROS2_JAZZY_TUTORIAL/ros2_learning_ws/build/turtlesim_manipulation/install.log --single-version-externally-managed install_data
[3.801s] running egg_info
[3.836s] writing ../../build/turtlesim_manipulation/turtlesim_manipulation.egg-info/PKG-INFO
[3.836s] writing dependency_links to ../../build/turtlesim_manipulation/turtlesim_manipulation.egg-info/dependency_links.txt
[3.837s] writing entry points to ../../build/turtlesim_manipulation/turtlesim_manipulation.egg-info/entry_points.txt
[3.837s] writing requirements to ../../build/turtlesim_manipulation/turtlesim_manipulation.egg-info/requires.txt
[3.837s] writing top-level names to ../../build/turtlesim_manipulation/turtlesim_manipulation.egg-info/top_level.txt
[3.956s] reading manifest file '../../build/turtlesim_manipulation/turtlesim_manipulation.egg-info/SOURCES.txt'
[3.958s] writing manifest file '../../build/turtlesim_manipulation/turtlesim_manipulation.egg-info/SOURCES.txt'
[3.958s] running build
[3.958s] running build_py
[3.959s] running install
[3.970s] running install_lib
[4.051s] running install_data
[4.052s] running install_egg_info
[4.093s] removing '/home/newir529/ROS2_JAZZY_TUTORIAL/ros2_learning_ws/install/turtlesim_manipulation/lib/python3.12/site-packages/turtlesim_manipulation-0.0.0-py3.12.egg-info' (and everything under it)
[4.094s] Copying ../../build/turtlesim_manipulation/turtlesim_manipulation.egg-info to /home/newir529/ROS2_JAZZY_TUTORIAL/ros2_learning_ws/install/turtlesim_manipulation/lib/python3.12/site-packages/turtlesim_manipulation-0.0.0-py3.12.egg-info
[4.096s] running install_scripts
[4.454s] Installing draw_circle script to /home/newir529/ROS2_JAZZY_TUTORIAL/ros2_learning_ws/install/turtlesim_manipulation/lib/turtlesim_manipulation
[4.454s] Installing traveler_turtle script to /home/newir529/ROS2_JAZZY_TUTORIAL/ros2_learning_ws/install/turtlesim_manipulation/lib/turtlesim_manipulation
[4.455s] writing list of installed files to '/home/newir529/ROS2_JAZZY_TUTORIAL/ros2_learning_ws/build/turtlesim_manipulation/install.log'
[4.569s] Invoked command in '/home/newir529/ROS2_JAZZY_TUTORIAL/ros2_learning_ws/src/turtlesim_manipulation' returned '0': DEBUGINFOD_URLS=https://debuginfod.ubuntu.com PYTHONPATH=/home/newir529/ROS2_JAZZY_TUTORIAL/ros2_learning_ws/build/turtlesim_manipulation/prefix_override:/usr/lib/python3/dist-packages/colcon_core/task/python/colcon_distutils_commands:/home/newir529/ROS2_JAZZY_TUTORIAL/ros2_learning_ws/install/turtlesim_manipulation/lib/python3.12/site-packages:${PYTHONPATH} /usr/bin/python3 -W ignore:setup.py install is deprecated -W ignore:easy_install command is deprecated setup.py egg_info --egg-base ../../build/turtlesim_manipulation build --build-base /home/newir529/ROS2_JAZZY_TUTORIAL/ros2_learning_ws/build/turtlesim_manipulation/build install --record /home/newir529/ROS2_JAZZY_TUTORIAL/ros2_learning_ws/build/turtlesim_manipulation/install.log --single-version-externally-managed install_data
