[ 50%] Built target number_pub
[ 75%] [32mBuilding CXX object CMakeFiles/number_sub.dir/src/number_sub.cpp.o[0m
[01m[K/home/newir529/ROS2_JAZZY_TUTORIAL/ros2_learning_ws/src/myFirst_cpp_pkg/src/number_sub.cpp:27:64:[m[K [01;35m[Kwarning: [m[Kcharacter constant too long for its type
   27 |         sub_ = this->create_subscription<std_msgs::msg::Int64>([01;35m[K'/counter'[m[K, 10,
      |                                                                [01;35m[K^~~~~~~~~~[m[K
[01m[K/home/newir529/ROS2_JAZZY_TUTORIAL/ros2_learning_ws/src/myFirst_cpp_pkg/src/number_sub.cpp:25:5:[m[K [01;31m[Kerror: [m[KISO C++ forbids declaration of ‘[01m[Knuber_sub[m[K’ with no type [[01;31m[K]8;;https://gcc.gnu.org/onlinedocs/gcc/Warning-Options.html#index-fpermissive-fpermissive]8;;[m[K]
   25 |     [01;31m[Knuber_sub[m[K() : Node("number_sub")
      |     [01;31m[K^~~~~~~~~[m[K
In file included from [01m[K/opt/ros/jazzy/include/rclcpp/rclcpp/logging.hpp:24[m[K,
                 from [01m[K/opt/ros/jazzy/include/rclcpp/rclcpp/copy_all_parameter_values.hpp:27[m[K,
                 from [01m[K/opt/ros/jazzy/include/rclcpp/rclcpp/rclcpp.hpp:171[m[K,
                 from [01m[K/home/newir529/ROS2_JAZZY_TUTORIAL/ros2_learning_ws/src/myFirst_cpp_pkg/src/number_sub.cpp:10[m[K:
[01m[K/home/newir529/ROS2_JAZZY_TUTORIAL/ros2_learning_ws/src/myFirst_cpp_pkg/src/number_sub.cpp:[m[K In member function ‘[01m[Kvoid number_sub::[01;32m[Ksub_cb[m[K(std_msgs::msg::Int64_<std::allocator<void> >::SharedPtr)[m[K’:
[01m[K/home/newir529/ROS2_JAZZY_TUTORIAL/ros2_learning_ws/src/myFirst_cpp_pkg/src/number_sub.cpp:21:35:[m[K [01;31m[Kerror: [m[K‘[01m[Kstr[m[K’ was not declared in this scope; did you mean ‘[01m[Kstd[m[K’?
   21 |         RCLCPP_INFO(get_logger(), [01;31m[Kstr[m[K(counter_));
      |                                   [01;31m[K^~~[m[K
[01m[K/home/newir529/ROS2_JAZZY_TUTORIAL/ros2_learning_ws/src/myFirst_cpp_pkg/src/number_sub.cpp:[m[K In member function ‘[01m[Kint number_sub::[01;32m[Knuber_sub[m[K()[m[K’:
[01m[K/home/newir529/ROS2_JAZZY_TUTORIAL/ros2_learning_ws/src/myFirst_cpp_pkg/src/number_sub.cpp:25:19:[m[K [01;31m[Kerror: [m[Konly constructors take member initializers
   25 |     nuber_sub() : [01;31m[KNode[m[K("number_sub")
      |                   [01;31m[K^~~~[m[K
[01m[K/home/newir529/ROS2_JAZZY_TUTORIAL/ros2_learning_ws/src/myFirst_cpp_pkg/src/number_sub.cpp:27:63:[m[K [01;31m[Kerror: [m[Kno matching function for call to ‘[01m[Knumber_sub::create_subscription<std_msgs::msg::Int64>(int, int, std::_Bind_helper<false, void (number_sub::*)(std::shared_ptr<std_msgs::msg::Int64_<std::allocator<void> > >), number_sub*, const std::_Placeholder<1>&>::type)[m[K’
   27 |         sub_ = [01;31m[Kthis->create_subscription<std_msgs::msg::Int64>('/counter', 10,[m[K
      |                [01;31m[K~~~~~~~~~~~~~~~~~~~~~~~~~~~~~~~~~~~~~~~~~~~~~~~^~~~~~~~~~~~~~~~[m[K
   28 | [01;31m[K                             std::bind(&number_sub::sub_cb, this, std::placeholders::_1))[m[K;
      |                              [01;31m[K~~~~~~~~~~~~~~~~~~~~~~~~~~~~~~~~~~~~~~~~~~~~~~~~~~~~~~~~~~~~[m[K
In file included from [01m[K/opt/ros/jazzy/include/rclcpp/rclcpp/executors/single_threaded_executor.hpp:28[m[K,
                 from [01m[K/opt/ros/jazzy/include/rclcpp/rclcpp/executors.hpp:22[m[K,
                 from [01m[K/opt/ros/jazzy/include/rclcpp/rclcpp/rclcpp.hpp:172[m[K:
[01m[K/opt/ros/jazzy/include/rclcpp/rclcpp/node.hpp:221:3:[m[K [01;36m[Knote: [m[Kcandidate: ‘[01m[Ktemplate<class MessageT, class CallbackT, class AllocatorT, class SubscriptionT, class MessageMemoryStrategyT> std::shared_ptr<ROSMessageT> rclcpp::Node::[01;32m[Kcreate_subscription[m[K(const std::string&, const rclcpp::QoS&, CallbackT&&, const rclcpp::SubscriptionOptionsWithAllocator<AllocatorT>&, typename MessageMemoryStrategyT::SharedPtr)[m[K’
  221 |   [01;36m[Kcreate_subscription[m[K(
      |   [01;36m[K^~~~~~~~~~~~~~~~~~~[m[K
[01m[K/opt/ros/jazzy/include/rclcpp/rclcpp/node.hpp:221:3:[m[K [01;36m[Knote: [m[K  template argument deduction/substitution failed:
[01m[K/home/newir529/ROS2_JAZZY_TUTORIAL/ros2_learning_ws/src/myFirst_cpp_pkg/src/number_sub.cpp:27:64:[m[K [01;36m[Knote: [m[K  cannot convert ‘[01m[K1853121906[m[K’ (type ‘[01m[Kint[m[K’) to type ‘[01m[Kconst std::string&[m[K’ {aka ‘[01m[Kconst std::__cxx11::basic_string<char>&[m[K’}
   27 |         sub_ = this->create_subscription<std_msgs::msg::Int64>([01;36m[K'/counter'[m[K, 10,
      |                                                                [01;36m[K^~~~~~~~~~[m[K
[01m[K/home/newir529/ROS2_JAZZY_TUTORIAL/ros2_learning_ws/src/myFirst_cpp_pkg/src/number_sub.cpp:29:5:[m[K [01;35m[Kwarning: [m[Kno return statement in function returning non-void [[01;35m[K]8;;https://gcc.gnu.org/onlinedocs/gcc/Warning-Options.html#index-Wreturn-type-Wreturn-type]8;;[m[K]
   29 |     [01;35m[K}[m[K
      |     [01;35m[K^[m[K
gmake[2]: *** [CMakeFiles/number_sub.dir/build.make:76: CMakeFiles/number_sub.dir/src/number_sub.cpp.o] Error 1
gmake[1]: *** [CMakeFiles/Makefile2:165: CMakeFiles/number_sub.dir/all] Error 2
gmake: *** [Makefile:146: all] Error 2
