[2.798s] Invoking command in '/home/newir529/ROS2_JAZZY_TUTORIAL/ros2_learning_ws/src/first_py_pkg': DEBUGINFOD_URLS=https://debuginfod.ubuntu.com PYTHONPATH=/home/newir529/ROS2_JAZZY_TUTORIAL/ros2_learning_ws/build/first_py_pkg/prefix_override:/usr/lib/python3/dist-packages/colcon_core/task/python/colcon_distutils_commands:/home/newir529/ROS2_JAZZY_TUTORIAL/ros2_learning_ws/install/first_py_pkg/lib/python3.12/site-packages:${PYTHONPATH} /usr/bin/python3 -W ignore:setup.py install is deprecated -W ignore:easy_install command is deprecated setup.py egg_info --egg-base ../../build/first_py_pkg build --build-base /home/newir529/ROS2_JAZZY_TUTORIAL/ros2_learning_ws/build/first_py_pkg/build install --record /home/newir529/ROS2_JAZZY_TUTORIAL/ros2_learning_ws/build/first_py_pkg/install.log --single-version-externally-managed install_data
[3.623s] running egg_info
[3.685s] writing ../../build/first_py_pkg/first_py_pkg.egg-info/PKG-INFO
[3.687s] writing dependency_links to ../../build/first_py_pkg/first_py_pkg.egg-info/dependency_links.txt
[3.687s] writing entry points to ../../build/first_py_pkg/first_py_pkg.egg-info/entry_points.txt
[3.687s] writing requirements to ../../build/first_py_pkg/first_py_pkg.egg-info/requires.txt
[3.688s] writing top-level names to ../../build/first_py_pkg/first_py_pkg.egg-info/top_level.txt
[3.833s] reading manifest file '../../build/first_py_pkg/first_py_pkg.egg-info/SOURCES.txt'
[3.835s] writing manifest file '../../build/first_py_pkg/first_py_pkg.egg-info/SOURCES.txt'
[3.836s] running build
[3.836s] running build_py
[3.840s] running install
[3.857s] running install_lib
[3.955s] running install_data
[3.957s] running install_egg_info
[4.032s] removing '/home/newir529/ROS2_JAZZY_TUTORIAL/ros2_learning_ws/install/first_py_pkg/lib/python3.12/site-packages/first_py_pkg-0.0.0-py3.12.egg-info' (and everything under it)
[4.036s] Copying ../../build/first_py_pkg/first_py_pkg.egg-info to /home/newir529/ROS2_JAZZY_TUTORIAL/ros2_learning_ws/install/first_py_pkg/lib/python3.12/site-packages/first_py_pkg-0.0.0-py3.12.egg-info
[4.036s] running install_scripts
[4.521s] Installing camera script to /home/newir529/ROS2_JAZZY_TUTORIAL/ros2_learning_ws/install/first_py_pkg/lib/first_py_pkg
[4.523s] Installing pub_node script to /home/newir529/ROS2_JAZZY_TUTORIAL/ros2_learning_ws/install/first_py_pkg/lib/first_py_pkg
[4.524s] Installing sub_node script to /home/newir529/ROS2_JAZZY_TUTORIAL/ros2_learning_ws/install/first_py_pkg/lib/first_py_pkg
[4.525s] writing list of installed files to '/home/newir529/ROS2_JAZZY_TUTORIAL/ros2_learning_ws/build/first_py_pkg/install.log'
[4.621s] Invoked command in '/home/newir529/ROS2_JAZZY_TUTORIAL/ros2_learning_ws/src/first_py_pkg' returned '0': DEBUGINFOD_URLS=https://debuginfod.ubuntu.com PYTHONPATH=/home/newir529/ROS2_JAZZY_TUTORIAL/ros2_learning_ws/build/first_py_pkg/prefix_override:/usr/lib/python3/dist-packages/colcon_core/task/python/colcon_distutils_commands:/home/newir529/ROS2_JAZZY_TUTORIAL/ros2_learning_ws/install/first_py_pkg/lib/python3.12/site-packages:${PYTHONPATH} /usr/bin/python3 -W ignore:setup.py install is deprecated -W ignore:easy_install command is deprecated setup.py egg_info --egg-base ../../build/first_py_pkg build --build-base /home/newir529/ROS2_JAZZY_TUTORIAL/ros2_learning_ws/build/first_py_pkg/build install --record /home/newir529/ROS2_JAZZY_TUTORIAL/ros2_learning_ws/build/first_py_pkg/install.log --single-version-externally-managed install_data
