[0.000000] (-) TimerEvent: {}
[0.000156] (first_py_pkg) JobQueued: {'identifier': 'first_py_pkg', 'dependencies': OrderedDict()}
[0.000205] (turtlesim_manipulation) JobQueued: {'identifier': 'turtlesim_manipulation', 'dependencies': OrderedDict()}
[0.000630] (first_py_pkg) JobStarted: {'identifier': 'first_py_pkg'}
[0.016061] (turtlesim_manipulation) JobStarted: {'identifier': 'turtlesim_manipulation'}
[0.099709] (-) TimerEvent: {}
[0.200464] (-) TimerEvent: {}
[0.301139] (-) TimerEvent: {}
[0.401530] (-) TimerEvent: {}
[0.501852] (-) TimerEvent: {}
[0.602264] (-) TimerEvent: {}
[0.702752] (-) TimerEvent: {}
[0.803304] (-) TimerEvent: {}
[0.903860] (-) TimerEvent: {}
[1.004417] (-) TimerEvent: {}
[1.104870] (-) TimerEvent: {}
[1.205159] (-) TimerEvent: {}
[1.249574] (turtlesim_manipulation) StderrLine: {'line': b'Traceback (most recent call last):\n  File "/usr/lib/python3/dist-packages/colcon_core/executor/__init__.py", line 91, in __call__\n    rc = await self.task(*args, **kwargs)\n         ^^^^^^^^^^^^^^^^^^^^^^^^^^^^^^^^\n  File "/usr/lib/python3/dist-packages/colcon_core/task/__init__.py", line 93, in __call__\n    return await task_method(*args, **kwargs)\n           ^^^^^^^^^^^^^^^^^^^^^^^^^^^^^^^^^^\n  File "/usr/lib/python3/dist-packages/colcon_ros/task/ament_python/build.py", line 51, in build\n    setup_py_data = get_setup_data(self.context.pkg, env)\n                    ^^^^^^^^^^^^^^^^^^^^^^^^^^^^^^^^^^^^^\n  File "/usr/lib/python3/dist-packages/colcon_core/task/python/__init__.py", line 20, in get_setup_data\n    return dict(pkg.metadata[key](env))\n                ^^^^^^^^^^^^^^^^^^^^^^\n  File "/usr/lib/python3/dist-packages/colcon_ros/package_augmentation/ros_ament_python.py", line 57, in getter\n    return get_setup_information(\n           ^^^^^^^^^^^^^^^^^^^^^^\n  File "/usr/lib/python3/dist-packages/colcon_python_setup_py/package_identification/python_setup_py.py", line 249, in get_setup_information\n    _setup_information_cache[hashable_env] = _get_setup_information(\n                                             ^^^^^^^^^^^^^^^^^^^^^^^\n  File "/usr/lib/python3/dist-packages/colcon_python_setup_py/package_identification/python_setup_py.py", line 296, in _get_setup_information\n    result = subprocess.run(\n             ^^^^^^^^^^^^^^^\n  File "/usr/lib/python3.12/subprocess.py", line 571, in run\n    raise CalledProcessError(retcode, process.args,\nsubprocess.CalledProcessError: Command \'[\'/usr/bin/python3\', \'-c\', \'import sys;from contextlib import suppress;exec("with suppress(ImportError):    from setuptools.extern.packaging.specifiers    import SpecifierSet");exec("with suppress(ImportError):    from packaging.specifiers import SpecifierSet");from distutils.core import run_setup;dist = run_setup(    \\\'setup.py\\\', script_args=(\\\'--dry-run\\\',), stop_after=\\\'config\\\');skip_keys = (\\\'cmdclass\\\', \\\'distclass\\\', \\\'ext_modules\\\', \\\'metadata\\\');data = {    key: value for key, value in dist.__dict__.items()     if (        not key.startswith(\\\'_\\\') and         not callable(value) and         key not in skip_keys and         key not in dist.display_option_names    )};data[\\\'metadata\\\'] = {    k: v for k, v in dist.metadata.__dict__.items()     if k not in (\\\'license_files\\\', \\\'provides_extras\\\')};sys.stdout.buffer.write(repr(data).encode(\\\'utf-8\\\'))\']\' returned non-zero exit status 1.\n'}
[1.250773] (turtlesim_manipulation) JobEnded: {'identifier': 'turtlesim_manipulation', 'rc': 1}
[1.251289] (first_py_pkg) JobEnded: {'identifier': 'first_py_pkg', 'rc': 'SIGINT'}
[1.260999] (-) EventReactorShutdown: {}
