[0.013s] Invoking command in '/home/newir529/ROS2_JAZZY_TUTORIAL/ros2_learning_ws/build/battery_state': CMAKE_PREFIX_PATH=${CMAKE_PREFIX_PATH}:/home/newir529/ROS2_JAZZY_TUTORIAL/ros2_learning_ws/install/turtlesim_manipulation:/home/newir529/ROS2_JAZZY_TUTORIAL/ros2_learning_ws/install/first_py_pkg:/opt/ros/jazzy DEBUGINFOD_URLS=https://debuginfod.ubuntu.com /usr/bin/cmake --build /home/newir529/ROS2_JAZZY_TUTORIAL/ros2_learning_ws/build/battery_state -- -j8 -l8
[0.041s] -- Found ament_cmake: 2.5.2 (/opt/ros/jazzy/share/ament_cmake/cmake)
[0.068s] -- Found Python3: /usr/bin/python3 (found version "3.12.3") found components: Interpreter 
[0.215s] -- Found rosidl_default_generators: 1.6.0 (/opt/ros/jazzy/share/rosidl_default_generators/cmake)
[0.221s] -- Using all available rosidl_typesupport_c: rosidl_typesupport_fastrtps_c;rosidl_typesupport_introspection_c
[0.286s] -- Using all available rosidl_typesupport_cpp: rosidl_typesupport_fastrtps_cpp;rosidl_typesupport_introspection_cpp
[0.338s] -- Found rosidl_adapter: 4.6.4 (/opt/ros/jazzy/share/rosidl_adapter/cmake)
[0.343s] -- Found rclcpp: 28.1.5 (/opt/ros/jazzy/share/rclcpp/cmake)
[0.451s] -- Found rmw_implementation_cmake: 7.3.1 (/opt/ros/jazzy/share/rmw_implementation_cmake/cmake)
[0.453s] -- Found rmw_fastrtps_cpp: 8.4.1 (/opt/ros/jazzy/share/rmw_fastrtps_cpp/cmake)
[0.527s] -- Using RMW implementation 'rmw_fastrtps_cpp' as default
[0.606s] -- Found rclpy: 7.1.2 (/opt/ros/jazzy/share/rclpy/cmake)
[0.606s] -- Found std_msgs: 5.3.5 (/opt/ros/jazzy/share/std_msgs/cmake)
[0.887s] -- Found ament_cmake_ros: 0.12.0 (/opt/ros/jazzy/share/ament_cmake_ros/cmake)
[1.031s] -- Using all available rosidl_typesupport_c: rosidl_typesupport_fastrtps_c;rosidl_typesupport_introspection_c
[1.274s] -- Using all available rosidl_typesupport_cpp: rosidl_typesupport_fastrtps_cpp;rosidl_typesupport_introspection_cpp
[1.276s] -- Found python_cmake_module: 0.11.1 (/opt/ros/jazzy/share/python_cmake_module/cmake)
[1.771s] -- Found Python3: /usr/bin/python3 (found version "3.12.3") found components: Interpreter Development NumPy Development.Module Development.Embed 
[1.811s] -- Configuring done (1.8s)
[1.882s] -- Generating done (0.1s)
[1.908s] -- Build files have been written to: /home/newir529/ROS2_JAZZY_TUTORIAL/ros2_learning_ws/build/battery_state
[1.971s] [  2%] Built target battery_state__rosidl_generator_type_description
[1.997s] [  2%] Built target ament_cmake_python_copy_battery_state
[2.036s] [  4%] Built target battery_state__cpp
[2.055s] [ 21%] Built target battery_state__rosidl_generator_c
[2.103s] [ 30%] Built target battery_state__rosidl_typesupport_c
[2.110s] [ 39%] Built target battery_state__rosidl_typesupport_fastrtps_c
[2.115s] [ 56%] Built target battery_state__rosidl_typesupport_introspection_c
[2.115s] [ 56%] Built target battery_state__rosidl_typesupport_introspection_cpp
[2.121s] [ 65%] Built target battery_state__rosidl_typesupport_fastrtps_cpp
[2.125s] [ 73%] Built target battery_state__rosidl_typesupport_cpp
[2.151s] [ 73%] Built target battery_state
[2.154s] [ 76%] [32mBuilding CXX object CMakeFiles/batteryClient.dir/src/battaryClient.cpp.o[0m
[2.180s] [ 78%] Built target battery_state__py
[2.235s] [ 84%] Built target battery_state__rosidl_generator_py
[2.274s] [ 89%] Built target battery_state_s__rosidl_typesupport_fastrtps_c
[2.279s] [ 93%] Built target battery_state_s__rosidl_typesupport_introspection_c
[2.297s] [ 97%] Built target battery_state_s__rosidl_typesupport_c
[2.401s] running egg_info
[2.426s] writing battery_state.egg-info/PKG-INFO
[2.426s] writing dependency_links to battery_state.egg-info/dependency_links.txt
[2.426s] writing top-level names to battery_state.egg-info/top_level.txt
[2.491s] reading manifest file 'battery_state.egg-info/SOURCES.txt'
[2.492s] writing manifest file 'battery_state.egg-info/SOURCES.txt'
[2.520s] [ 97%] Built target ament_cmake_python_build_battery_state_egg
[2.554s] [01m[K/home/newir529/ROS2_JAZZY_TUTORIAL/ros2_learning_ws/src/battery_state/src/battaryClient.cpp:11:10:[m[K [01;31m[Kfatal error: [m[Kbattery_state/msg/BatteryMsg.hpp: No such file or directory
[2.554s]    11 | #include [01;31m[K"battery_state/msg/BatteryMsg.hpp"[m[K
[2.554s]       |          [01;31m[K^~~~~~~~~~~~~~~~~~~~~~~~~~~~~~~~~~[m[K
[2.554s] compilation terminated.
[2.558s] gmake[2]: *** [CMakeFiles/batteryClient.dir/build.make:76: CMakeFiles/batteryClient.dir/src/battaryClient.cpp.o] Error 1
[2.558s] gmake[1]: *** [CMakeFiles/Makefile2:625: CMakeFiles/batteryClient.dir/all] Error 2
[2.558s] gmake: *** [Makefile:146: all] Error 2
[2.560s] Invoked command in '/home/newir529/ROS2_JAZZY_TUTORIAL/ros2_learning_ws/build/battery_state' returned '2': CMAKE_PREFIX_PATH=${CMAKE_PREFIX_PATH}:/home/newir529/ROS2_JAZZY_TUTORIAL/ros2_learning_ws/install/turtlesim_manipulation:/home/newir529/ROS2_JAZZY_TUTORIAL/ros2_learning_ws/install/first_py_pkg:/opt/ros/jazzy DEBUGINFOD_URLS=https://debuginfod.ubuntu.com /usr/bin/cmake --build /home/newir529/ROS2_JAZZY_TUTORIAL/ros2_learning_ws/build/battery_state -- -j8 -l8
