[0.110s] DEBUG:colcon:Command line arguments: ['/usr/bin/colcon', 'build', '--symlink-install']
[0.110s] DEBUG:colcon:Parsed command line arguments: Namespace(log_base=None, log_level=None, verb_name='build', build_base='build', install_base='install', merge_install=False, symlink_install=True, test_result_base=None, continue_on_error=False, executor='parallel', parallel_workers=8, event_handlers=None, ignore_user_meta=False, metas=['./colcon.meta'], base_paths=['.'], packages_ignore=None, packages_ignore_regex=None, paths=None, packages_up_to=None, packages_up_to_regex=None, packages_above=None, packages_above_and_dependencies=None, packages_above_depth=None, packages_select_by_dep=None, packages_skip_by_dep=None, packages_skip_up_to=None, packages_select_build_failed=False, packages_skip_build_finished=False, packages_select_test_failures=False, packages_skip_test_passed=False, packages_select=None, packages_skip=None, packages_select_regex=None, packages_skip_regex=None, packages_start=None, packages_end=None, allow_overriding=[], cmake_args=None, cmake_target=None, cmake_target_skip_unavailable=False, cmake_clean_cache=False, cmake_clean_first=False, cmake_force_configure=False, ament_cmake_args=None, catkin_cmake_args=None, catkin_skip_building_tests=False, mixin_files=None, mixin=None, verb_parser=<colcon_mixin.mixin.mixin_argument.MixinArgumentDecorator object at 0x71b0fe27b230>, verb_extension=<colcon_core.verb.build.BuildVerb object at 0x71b0fe21d040>, main=<bound method BuildVerb.main of <colcon_core.verb.build.BuildVerb object at 0x71b0fe21d040>>, mixin_verb=('build',))
[0.160s] Level 1:colcon.colcon_core.package_discovery:discover_packages(colcon_meta) check parameters
[0.160s] Level 1:colcon.colcon_core.package_discovery:discover_packages(recursive) check parameters
[0.160s] Level 1:colcon.colcon_core.package_discovery:discover_packages(ignore) check parameters
[0.160s] Level 1:colcon.colcon_core.package_discovery:discover_packages(path) check parameters
[0.160s] Level 1:colcon.colcon_core.package_discovery:discover_packages(colcon_meta) discover
[0.160s] Level 1:colcon.colcon_core.package_discovery:discover_packages(recursive) discover
[0.160s] INFO:colcon.colcon_core.package_discovery:Crawling recursively for packages in '/home/newir529/ROS2_JAZZY_TUTORIAL/ros2_learning_ws'
[0.160s] Level 1:colcon.colcon_core.package_identification:_identify(.) by extensions ['ignore', 'ignore_ament_install']
[0.160s] Level 1:colcon.colcon_core.package_identification:_identify(.) by extension 'ignore'
[0.160s] Level 1:colcon.colcon_core.package_identification:_identify(.) by extension 'ignore_ament_install'
[0.160s] Level 1:colcon.colcon_core.package_identification:_identify(.) by extensions ['colcon_pkg']
[0.160s] Level 1:colcon.colcon_core.package_identification:_identify(.) by extension 'colcon_pkg'
[0.160s] Level 1:colcon.colcon_core.package_identification:_identify(.) by extensions ['colcon_meta']
[0.161s] Level 1:colcon.colcon_core.package_identification:_identify(.) by extension 'colcon_meta'
[0.161s] Level 1:colcon.colcon_core.package_identification:_identify(.) by extensions ['ros']
[0.161s] Level 1:colcon.colcon_core.package_identification:_identify(.) by extension 'ros'
[0.188s] Level 1:colcon.colcon_core.package_identification:_identify(.) by extensions ['cmake', 'python']
[0.188s] Level 1:colcon.colcon_core.package_identification:_identify(.) by extension 'cmake'
[0.188s] Level 1:colcon.colcon_core.package_identification:_identify(.) by extension 'python'
[0.188s] Level 1:colcon.colcon_core.package_identification:_identify(.) by extensions ['python_setup_py']
[0.188s] Level 1:colcon.colcon_core.package_identification:_identify(.) by extension 'python_setup_py'
[0.188s] Level 1:colcon.colcon_core.package_identification:_identify(build) by extensions ['ignore', 'ignore_ament_install']
[0.188s] Level 1:colcon.colcon_core.package_identification:_identify(build) by extension 'ignore'
[0.188s] Level 1:colcon.colcon_core.package_identification:_identify(build) ignored
[0.188s] Level 1:colcon.colcon_core.package_identification:_identify(install) by extensions ['ignore', 'ignore_ament_install']
[0.188s] Level 1:colcon.colcon_core.package_identification:_identify(install) by extension 'ignore'
[0.188s] Level 1:colcon.colcon_core.package_identification:_identify(install) ignored
[0.188s] Level 1:colcon.colcon_core.package_identification:_identify(log) by extensions ['ignore', 'ignore_ament_install']
[0.189s] Level 1:colcon.colcon_core.package_identification:_identify(log) by extension 'ignore'
[0.189s] Level 1:colcon.colcon_core.package_identification:_identify(log) ignored
[0.189s] Level 1:colcon.colcon_core.package_identification:_identify(src) by extensions ['ignore', 'ignore_ament_install']
[0.189s] Level 1:colcon.colcon_core.package_identification:_identify(src) by extension 'ignore'
[0.189s] Level 1:colcon.colcon_core.package_identification:_identify(src) by extension 'ignore_ament_install'
[0.189s] Level 1:colcon.colcon_core.package_identification:_identify(src) by extensions ['colcon_pkg']
[0.189s] Level 1:colcon.colcon_core.package_identification:_identify(src) by extension 'colcon_pkg'
[0.189s] Level 1:colcon.colcon_core.package_identification:_identify(src) by extensions ['colcon_meta']
[0.189s] Level 1:colcon.colcon_core.package_identification:_identify(src) by extension 'colcon_meta'
[0.189s] Level 1:colcon.colcon_core.package_identification:_identify(src) by extensions ['ros']
[0.189s] Level 1:colcon.colcon_core.package_identification:_identify(src) by extension 'ros'
[0.189s] Level 1:colcon.colcon_core.package_identification:_identify(src) by extensions ['cmake', 'python']
[0.189s] Level 1:colcon.colcon_core.package_identification:_identify(src) by extension 'cmake'
[0.189s] Level 1:colcon.colcon_core.package_identification:_identify(src) by extension 'python'
[0.189s] Level 1:colcon.colcon_core.package_identification:_identify(src) by extensions ['python_setup_py']
[0.189s] Level 1:colcon.colcon_core.package_identification:_identify(src) by extension 'python_setup_py'
[0.189s] Level 1:colcon.colcon_core.package_identification:_identify(src/first_py_pkg) by extensions ['ignore', 'ignore_ament_install']
[0.190s] Level 1:colcon.colcon_core.package_identification:_identify(src/first_py_pkg) by extension 'ignore'
[0.190s] Level 1:colcon.colcon_core.package_identification:_identify(src/first_py_pkg) by extension 'ignore_ament_install'
[0.190s] Level 1:colcon.colcon_core.package_identification:_identify(src/first_py_pkg) by extensions ['colcon_pkg']
[0.190s] Level 1:colcon.colcon_core.package_identification:_identify(src/first_py_pkg) by extension 'colcon_pkg'
[0.190s] Level 1:colcon.colcon_core.package_identification:_identify(src/first_py_pkg) by extensions ['colcon_meta']
[0.190s] Level 1:colcon.colcon_core.package_identification:_identify(src/first_py_pkg) by extension 'colcon_meta'
[0.190s] Level 1:colcon.colcon_core.package_identification:_identify(src/first_py_pkg) by extensions ['ros']
[0.190s] Level 1:colcon.colcon_core.package_identification:_identify(src/first_py_pkg) by extension 'ros'
[0.194s] DEBUG:colcon.colcon_core.package_identification:Package 'src/first_py_pkg' with type 'ros.ament_python' and name 'first_py_pkg'
[0.194s] Level 1:colcon.colcon_core.package_identification:_identify(src/turtlesim_manipulation) by extensions ['ignore', 'ignore_ament_install']
[0.194s] Level 1:colcon.colcon_core.package_identification:_identify(src/turtlesim_manipulation) by extension 'ignore'
[0.194s] Level 1:colcon.colcon_core.package_identification:_identify(src/turtlesim_manipulation) by extension 'ignore_ament_install'
[0.194s] Level 1:colcon.colcon_core.package_identification:_identify(src/turtlesim_manipulation) by extensions ['colcon_pkg']
[0.195s] Level 1:colcon.colcon_core.package_identification:_identify(src/turtlesim_manipulation) by extension 'colcon_pkg'
[0.195s] Level 1:colcon.colcon_core.package_identification:_identify(src/turtlesim_manipulation) by extensions ['colcon_meta']
[0.195s] Level 1:colcon.colcon_core.package_identification:_identify(src/turtlesim_manipulation) by extension 'colcon_meta'
[0.195s] Level 1:colcon.colcon_core.package_identification:_identify(src/turtlesim_manipulation) by extensions ['ros']
[0.195s] Level 1:colcon.colcon_core.package_identification:_identify(src/turtlesim_manipulation) by extension 'ros'
[0.195s] DEBUG:colcon.colcon_core.package_identification:Package 'src/turtlesim_manipulation' with type 'ros.ament_python' and name 'turtlesim_manipulation'
[0.196s] Level 1:colcon.colcon_core.package_discovery:discover_packages(recursive) using defaults
[0.196s] Level 1:colcon.colcon_core.package_discovery:discover_packages(ignore) discover
[0.196s] Level 1:colcon.colcon_core.package_discovery:discover_packages(ignore) using defaults
[0.196s] Level 1:colcon.colcon_core.package_discovery:discover_packages(path) discover
[0.196s] Level 1:colcon.colcon_core.package_discovery:discover_packages(path) using defaults
[0.217s] Level 1:colcon.colcon_core.package_discovery:discover_packages(prefix_path) check parameters
[0.217s] Level 1:colcon.colcon_core.package_discovery:discover_packages(prefix_path) discover
[0.224s] DEBUG:colcon.colcon_installed_package_information.package_discovery:Found 285 installed packages in /opt/ros/jazzy
[0.225s] Level 1:colcon.colcon_core.package_discovery:discover_packages(prefix_path) using defaults
[0.282s] Level 5:colcon.colcon_core.verb:set package 'first_py_pkg' build argument 'cmake_args' from command line to 'None'
[0.282s] Level 5:colcon.colcon_core.verb:set package 'first_py_pkg' build argument 'cmake_target' from command line to 'None'
[0.282s] Level 5:colcon.colcon_core.verb:set package 'first_py_pkg' build argument 'cmake_target_skip_unavailable' from command line to 'False'
[0.282s] Level 5:colcon.colcon_core.verb:set package 'first_py_pkg' build argument 'cmake_clean_cache' from command line to 'False'
[0.282s] Level 5:colcon.colcon_core.verb:set package 'first_py_pkg' build argument 'cmake_clean_first' from command line to 'False'
[0.282s] Level 5:colcon.colcon_core.verb:set package 'first_py_pkg' build argument 'cmake_force_configure' from command line to 'False'
[0.282s] Level 5:colcon.colcon_core.verb:set package 'first_py_pkg' build argument 'ament_cmake_args' from command line to 'None'
[0.282s] Level 5:colcon.colcon_core.verb:set package 'first_py_pkg' build argument 'catkin_cmake_args' from command line to 'None'
[0.282s] Level 5:colcon.colcon_core.verb:set package 'first_py_pkg' build argument 'catkin_skip_building_tests' from command line to 'False'
[0.282s] DEBUG:colcon.colcon_core.verb:Building package 'first_py_pkg' with the following arguments: {'ament_cmake_args': None, 'build_base': '/home/newir529/ROS2_JAZZY_TUTORIAL/ros2_learning_ws/build/first_py_pkg', 'catkin_cmake_args': None, 'catkin_skip_building_tests': False, 'cmake_args': None, 'cmake_clean_cache': False, 'cmake_clean_first': False, 'cmake_force_configure': False, 'cmake_target': None, 'cmake_target_skip_unavailable': False, 'install_base': '/home/newir529/ROS2_JAZZY_TUTORIAL/ros2_learning_ws/install/first_py_pkg', 'merge_install': False, 'path': '/home/newir529/ROS2_JAZZY_TUTORIAL/ros2_learning_ws/src/first_py_pkg', 'symlink_install': True, 'test_result_base': None}
[0.282s] Level 5:colcon.colcon_core.verb:set package 'turtlesim_manipulation' build argument 'cmake_args' from command line to 'None'
[0.282s] Level 5:colcon.colcon_core.verb:set package 'turtlesim_manipulation' build argument 'cmake_target' from command line to 'None'
[0.283s] Level 5:colcon.colcon_core.verb:set package 'turtlesim_manipulation' build argument 'cmake_target_skip_unavailable' from command line to 'False'
[0.283s] Level 5:colcon.colcon_core.verb:set package 'turtlesim_manipulation' build argument 'cmake_clean_cache' from command line to 'False'
[0.283s] Level 5:colcon.colcon_core.verb:set package 'turtlesim_manipulation' build argument 'cmake_clean_first' from command line to 'False'
[0.283s] Level 5:colcon.colcon_core.verb:set package 'turtlesim_manipulation' build argument 'cmake_force_configure' from command line to 'False'
[0.283s] Level 5:colcon.colcon_core.verb:set package 'turtlesim_manipulation' build argument 'ament_cmake_args' from command line to 'None'
[0.283s] Level 5:colcon.colcon_core.verb:set package 'turtlesim_manipulation' build argument 'catkin_cmake_args' from command line to 'None'
[0.283s] Level 5:colcon.colcon_core.verb:set package 'turtlesim_manipulation' build argument 'catkin_skip_building_tests' from command line to 'False'
[0.283s] DEBUG:colcon.colcon_core.verb:Building package 'turtlesim_manipulation' with the following arguments: {'ament_cmake_args': None, 'build_base': '/home/newir529/ROS2_JAZZY_TUTORIAL/ros2_learning_ws/build/turtlesim_manipulation', 'catkin_cmake_args': None, 'catkin_skip_building_tests': False, 'cmake_args': None, 'cmake_clean_cache': False, 'cmake_clean_first': False, 'cmake_force_configure': False, 'cmake_target': None, 'cmake_target_skip_unavailable': False, 'install_base': '/home/newir529/ROS2_JAZZY_TUTORIAL/ros2_learning_ws/install/turtlesim_manipulation', 'merge_install': False, 'path': '/home/newir529/ROS2_JAZZY_TUTORIAL/ros2_learning_ws/src/turtlesim_manipulation', 'symlink_install': True, 'test_result_base': None}
[0.283s] INFO:colcon.colcon_core.executor:Executing jobs using 'parallel' executor
[0.284s] DEBUG:colcon.colcon_parallel_executor.executor.parallel:run_until_complete
[0.284s] INFO:colcon.colcon_ros.task.ament_python.build:Building ROS package in '/home/newir529/ROS2_JAZZY_TUTORIAL/ros2_learning_ws/src/first_py_pkg' with build type 'ament_python'
[0.284s] Level 1:colcon.colcon_core.shell:create_environment_hook('first_py_pkg', 'ament_prefix_path')
[0.289s] INFO:colcon.colcon_core.plugin_system:Skipping extension 'colcon_core.shell.bat': Not used on non-Windows systems
[0.289s] INFO:colcon.colcon_core.shell:Creating environment hook '/home/newir529/ROS2_JAZZY_TUTORIAL/ros2_learning_ws/install/first_py_pkg/share/first_py_pkg/hook/ament_prefix_path.ps1'
[0.291s] INFO:colcon.colcon_core.shell:Creating environment descriptor '/home/newir529/ROS2_JAZZY_TUTORIAL/ros2_learning_ws/install/first_py_pkg/share/first_py_pkg/hook/ament_prefix_path.dsv'
[0.292s] INFO:colcon.colcon_core.shell:Creating environment hook '/home/newir529/ROS2_JAZZY_TUTORIAL/ros2_learning_ws/install/first_py_pkg/share/first_py_pkg/hook/ament_prefix_path.sh'
[0.293s] INFO:colcon.colcon_core.shell:Skip shell extension 'powershell' for command environment: Not usable outside of PowerShell
[0.293s] DEBUG:colcon.colcon_core.shell:Skip shell extension 'dsv' for command environment
[0.297s] INFO:colcon.colcon_ros.task.ament_python.build:Building ROS package in '/home/newir529/ROS2_JAZZY_TUTORIAL/ros2_learning_ws/src/turtlesim_manipulation' with build type 'ament_python'
[0.297s] Level 1:colcon.colcon_core.shell:create_environment_hook('turtlesim_manipulation', 'ament_prefix_path')
[0.297s] INFO:colcon.colcon_core.shell:Creating environment hook '/home/newir529/ROS2_JAZZY_TUTORIAL/ros2_learning_ws/install/turtlesim_manipulation/share/turtlesim_manipulation/hook/ament_prefix_path.ps1'
[0.298s] INFO:colcon.colcon_core.shell:Creating environment descriptor '/home/newir529/ROS2_JAZZY_TUTORIAL/ros2_learning_ws/install/turtlesim_manipulation/share/turtlesim_manipulation/hook/ament_prefix_path.dsv'
[0.298s] INFO:colcon.colcon_core.shell:Creating environment hook '/home/newir529/ROS2_JAZZY_TUTORIAL/ros2_learning_ws/install/turtlesim_manipulation/share/turtlesim_manipulation/hook/ament_prefix_path.sh'
[0.298s] INFO:colcon.colcon_core.shell:Skip shell extension 'powershell' for command environment: Not usable outside of PowerShell
[0.298s] DEBUG:colcon.colcon_core.shell:Skip shell extension 'dsv' for command environment
[0.524s] INFO:colcon.colcon_core.task.python.build:Building Python package in '/home/newir529/ROS2_JAZZY_TUTORIAL/ros2_learning_ws/src/first_py_pkg'
[0.524s] INFO:colcon.colcon_core.shell:Skip shell extension 'powershell' for command environment: Not usable outside of PowerShell
[0.524s] DEBUG:colcon.colcon_core.shell:Skip shell extension 'dsv' for command environment
[0.734s] INFO:colcon.colcon_core.task.python.build:Building Python package in '/home/newir529/ROS2_JAZZY_TUTORIAL/ros2_learning_ws/src/turtlesim_manipulation'
[0.734s] INFO:colcon.colcon_core.shell:Skip shell extension 'powershell' for command environment: Not usable outside of PowerShell
[0.735s] DEBUG:colcon.colcon_core.shell:Skip shell extension 'dsv' for command environment
[1.397s] DEBUG:colcon.colcon_core.event_handler.log_command:Invoking command in '/home/newir529/ROS2_JAZZY_TUTORIAL/ros2_learning_ws/build/turtlesim_manipulation': DEBUGINFOD_URLS=https://debuginfod.ubuntu.com PYTHONPATH=/home/newir529/ROS2_JAZZY_TUTORIAL/ros2_learning_ws/build/turtlesim_manipulation/prefix_override:/usr/lib/python3/dist-packages/colcon_core/task/python/colcon_distutils_commands:/home/newir529/ROS2_JAZZY_TUTORIAL/ros2_learning_ws/install/turtlesim_manipulation/lib/python3.12/site-packages:${PYTHONPATH} /usr/bin/python3 -W ignore:setup.py install is deprecated -W ignore:easy_install command is deprecated setup.py develop --editable --build-directory /home/newir529/ROS2_JAZZY_TUTORIAL/ros2_learning_ws/build/turtlesim_manipulation/build --no-deps symlink_data
[1.410s] DEBUG:colcon.colcon_core.event_handler.log_command:Invoking command in '/home/newir529/ROS2_JAZZY_TUTORIAL/ros2_learning_ws/build/first_py_pkg': DEBUGINFOD_URLS=https://debuginfod.ubuntu.com PYTHONPATH=/home/newir529/ROS2_JAZZY_TUTORIAL/ros2_learning_ws/build/first_py_pkg/prefix_override:/usr/lib/python3/dist-packages/colcon_core/task/python/colcon_distutils_commands:/home/newir529/ROS2_JAZZY_TUTORIAL/ros2_learning_ws/install/first_py_pkg/lib/python3.12/site-packages:${PYTHONPATH} /usr/bin/python3 -W ignore:setup.py install is deprecated -W ignore:easy_install command is deprecated setup.py develop --editable --build-directory /home/newir529/ROS2_JAZZY_TUTORIAL/ros2_learning_ws/build/first_py_pkg/build --no-deps symlink_data
[2.102s] Level 1:colcon.colcon_core.shell:create_environment_hook('turtlesim_manipulation', 'pythonpath_develop')
[2.102s] INFO:colcon.colcon_core.shell:Creating environment hook '/home/newir529/ROS2_JAZZY_TUTORIAL/ros2_learning_ws/build/turtlesim_manipulation/share/turtlesim_manipulation/hook/pythonpath_develop.ps1'
[2.103s] DEBUG:colcon.colcon_core.event_handler.log_command:Invoked command in '/home/newir529/ROS2_JAZZY_TUTORIAL/ros2_learning_ws/build/turtlesim_manipulation' returned '0': DEBUGINFOD_URLS=https://debuginfod.ubuntu.com PYTHONPATH=/home/newir529/ROS2_JAZZY_TUTORIAL/ros2_learning_ws/build/turtlesim_manipulation/prefix_override:/usr/lib/python3/dist-packages/colcon_core/task/python/colcon_distutils_commands:/home/newir529/ROS2_JAZZY_TUTORIAL/ros2_learning_ws/install/turtlesim_manipulation/lib/python3.12/site-packages:${PYTHONPATH} /usr/bin/python3 -W ignore:setup.py install is deprecated -W ignore:easy_install command is deprecated setup.py develop --editable --build-directory /home/newir529/ROS2_JAZZY_TUTORIAL/ros2_learning_ws/build/turtlesim_manipulation/build --no-deps symlink_data
[2.103s] INFO:colcon.colcon_core.shell:Creating environment descriptor '/home/newir529/ROS2_JAZZY_TUTORIAL/ros2_learning_ws/build/turtlesim_manipulation/share/turtlesim_manipulation/hook/pythonpath_develop.dsv'
[2.103s] INFO:colcon.colcon_core.shell:Creating environment hook '/home/newir529/ROS2_JAZZY_TUTORIAL/ros2_learning_ws/build/turtlesim_manipulation/share/turtlesim_manipulation/hook/pythonpath_develop.sh'
[2.108s] Level 1:colcon.colcon_core.environment:checking '/home/newir529/ROS2_JAZZY_TUTORIAL/ros2_learning_ws/install/turtlesim_manipulation' for CMake module files
[2.110s] Level 1:colcon.colcon_core.environment:checking '/home/newir529/ROS2_JAZZY_TUTORIAL/ros2_learning_ws/install/turtlesim_manipulation' for CMake config files
[2.110s] Level 1:colcon.colcon_core.environment:checking '/home/newir529/ROS2_JAZZY_TUTORIAL/ros2_learning_ws/install/turtlesim_manipulation/lib'
[2.110s] Level 1:colcon.colcon_core.environment:checking '/home/newir529/ROS2_JAZZY_TUTORIAL/ros2_learning_ws/install/turtlesim_manipulation/bin'
[2.111s] Level 1:colcon.colcon_core.environment:checking '/home/newir529/ROS2_JAZZY_TUTORIAL/ros2_learning_ws/install/turtlesim_manipulation/lib/pkgconfig/turtlesim_manipulation.pc'
[2.111s] Level 1:colcon.colcon_core.environment:checking '/home/newir529/ROS2_JAZZY_TUTORIAL/ros2_learning_ws/install/turtlesim_manipulation/lib/python3.12/site-packages'
[2.111s] Level 1:colcon.colcon_core.shell:create_environment_hook('turtlesim_manipulation', 'pythonpath')
[2.111s] INFO:colcon.colcon_core.shell:Creating environment hook '/home/newir529/ROS2_JAZZY_TUTORIAL/ros2_learning_ws/install/turtlesim_manipulation/share/turtlesim_manipulation/hook/pythonpath.ps1'
[2.112s] INFO:colcon.colcon_core.shell:Creating environment descriptor '/home/newir529/ROS2_JAZZY_TUTORIAL/ros2_learning_ws/install/turtlesim_manipulation/share/turtlesim_manipulation/hook/pythonpath.dsv'
[2.112s] INFO:colcon.colcon_core.shell:Creating environment hook '/home/newir529/ROS2_JAZZY_TUTORIAL/ros2_learning_ws/install/turtlesim_manipulation/share/turtlesim_manipulation/hook/pythonpath.sh'
[2.113s] Level 1:colcon.colcon_core.environment:checking '/home/newir529/ROS2_JAZZY_TUTORIAL/ros2_learning_ws/install/turtlesim_manipulation/bin'
[2.113s] Level 1:colcon.colcon_core.environment:create_environment_scripts_only(turtlesim_manipulation)
[2.113s] INFO:colcon.colcon_core.shell:Creating package script '/home/newir529/ROS2_JAZZY_TUTORIAL/ros2_learning_ws/install/turtlesim_manipulation/share/turtlesim_manipulation/package.ps1'
[2.114s] INFO:colcon.colcon_core.shell:Creating package descriptor '/home/newir529/ROS2_JAZZY_TUTORIAL/ros2_learning_ws/install/turtlesim_manipulation/share/turtlesim_manipulation/package.dsv'
[2.115s] INFO:colcon.colcon_core.shell:Creating package script '/home/newir529/ROS2_JAZZY_TUTORIAL/ros2_learning_ws/install/turtlesim_manipulation/share/turtlesim_manipulation/package.sh'
[2.116s] INFO:colcon.colcon_core.shell:Creating package script '/home/newir529/ROS2_JAZZY_TUTORIAL/ros2_learning_ws/install/turtlesim_manipulation/share/turtlesim_manipulation/package.bash'
[2.117s] INFO:colcon.colcon_core.shell:Creating package script '/home/newir529/ROS2_JAZZY_TUTORIAL/ros2_learning_ws/install/turtlesim_manipulation/share/turtlesim_manipulation/package.zsh'
[2.118s] Level 1:colcon.colcon_core.environment:create_file_with_runtime_dependencies(/home/newir529/ROS2_JAZZY_TUTORIAL/ros2_learning_ws/install/turtlesim_manipulation/share/colcon-core/packages/turtlesim_manipulation)
[2.150s] Level 1:colcon.colcon_core.shell:create_environment_hook('first_py_pkg', 'pythonpath_develop')
[2.150s] INFO:colcon.colcon_core.shell:Creating environment hook '/home/newir529/ROS2_JAZZY_TUTORIAL/ros2_learning_ws/build/first_py_pkg/share/first_py_pkg/hook/pythonpath_develop.ps1'
[2.151s] DEBUG:colcon.colcon_core.event_handler.log_command:Invoked command in '/home/newir529/ROS2_JAZZY_TUTORIAL/ros2_learning_ws/build/first_py_pkg' returned '0': DEBUGINFOD_URLS=https://debuginfod.ubuntu.com PYTHONPATH=/home/newir529/ROS2_JAZZY_TUTORIAL/ros2_learning_ws/build/first_py_pkg/prefix_override:/usr/lib/python3/dist-packages/colcon_core/task/python/colcon_distutils_commands:/home/newir529/ROS2_JAZZY_TUTORIAL/ros2_learning_ws/install/first_py_pkg/lib/python3.12/site-packages:${PYTHONPATH} /usr/bin/python3 -W ignore:setup.py install is deprecated -W ignore:easy_install command is deprecated setup.py develop --editable --build-directory /home/newir529/ROS2_JAZZY_TUTORIAL/ros2_learning_ws/build/first_py_pkg/build --no-deps symlink_data
[2.151s] INFO:colcon.colcon_core.shell:Creating environment descriptor '/home/newir529/ROS2_JAZZY_TUTORIAL/ros2_learning_ws/build/first_py_pkg/share/first_py_pkg/hook/pythonpath_develop.dsv'
[2.151s] INFO:colcon.colcon_core.shell:Creating environment hook '/home/newir529/ROS2_JAZZY_TUTORIAL/ros2_learning_ws/build/first_py_pkg/share/first_py_pkg/hook/pythonpath_develop.sh'
[2.152s] Level 1:colcon.colcon_core.environment:checking '/home/newir529/ROS2_JAZZY_TUTORIAL/ros2_learning_ws/install/first_py_pkg' for CMake module files
[2.152s] Level 1:colcon.colcon_core.environment:checking '/home/newir529/ROS2_JAZZY_TUTORIAL/ros2_learning_ws/install/first_py_pkg' for CMake config files
[2.153s] Level 1:colcon.colcon_core.environment:checking '/home/newir529/ROS2_JAZZY_TUTORIAL/ros2_learning_ws/install/first_py_pkg/lib'
[2.153s] Level 1:colcon.colcon_core.environment:checking '/home/newir529/ROS2_JAZZY_TUTORIAL/ros2_learning_ws/install/first_py_pkg/bin'
[2.153s] Level 1:colcon.colcon_core.environment:checking '/home/newir529/ROS2_JAZZY_TUTORIAL/ros2_learning_ws/install/first_py_pkg/lib/pkgconfig/first_py_pkg.pc'
[2.153s] Level 1:colcon.colcon_core.environment:checking '/home/newir529/ROS2_JAZZY_TUTORIAL/ros2_learning_ws/install/first_py_pkg/lib/python3.12/site-packages'
[2.154s] Level 1:colcon.colcon_core.shell:create_environment_hook('first_py_pkg', 'pythonpath')
[2.154s] INFO:colcon.colcon_core.shell:Creating environment hook '/home/newir529/ROS2_JAZZY_TUTORIAL/ros2_learning_ws/install/first_py_pkg/share/first_py_pkg/hook/pythonpath.ps1'
[2.155s] INFO:colcon.colcon_core.shell:Creating environment descriptor '/home/newir529/ROS2_JAZZY_TUTORIAL/ros2_learning_ws/install/first_py_pkg/share/first_py_pkg/hook/pythonpath.dsv'
[2.155s] INFO:colcon.colcon_core.shell:Creating environment hook '/home/newir529/ROS2_JAZZY_TUTORIAL/ros2_learning_ws/install/first_py_pkg/share/first_py_pkg/hook/pythonpath.sh'
[2.156s] Level 1:colcon.colcon_core.environment:checking '/home/newir529/ROS2_JAZZY_TUTORIAL/ros2_learning_ws/install/first_py_pkg/bin'
[2.156s] Level 1:colcon.colcon_core.environment:create_environment_scripts_only(first_py_pkg)
[2.156s] INFO:colcon.colcon_core.shell:Creating package script '/home/newir529/ROS2_JAZZY_TUTORIAL/ros2_learning_ws/install/first_py_pkg/share/first_py_pkg/package.ps1'
[2.157s] INFO:colcon.colcon_core.shell:Creating package descriptor '/home/newir529/ROS2_JAZZY_TUTORIAL/ros2_learning_ws/install/first_py_pkg/share/first_py_pkg/package.dsv'
[2.157s] INFO:colcon.colcon_core.shell:Creating package script '/home/newir529/ROS2_JAZZY_TUTORIAL/ros2_learning_ws/install/first_py_pkg/share/first_py_pkg/package.sh'
[2.157s] INFO:colcon.colcon_core.shell:Creating package script '/home/newir529/ROS2_JAZZY_TUTORIAL/ros2_learning_ws/install/first_py_pkg/share/first_py_pkg/package.bash'
[2.158s] INFO:colcon.colcon_core.shell:Creating package script '/home/newir529/ROS2_JAZZY_TUTORIAL/ros2_learning_ws/install/first_py_pkg/share/first_py_pkg/package.zsh'
[2.158s] Level 1:colcon.colcon_core.environment:create_file_with_runtime_dependencies(/home/newir529/ROS2_JAZZY_TUTORIAL/ros2_learning_ws/install/first_py_pkg/share/colcon-core/packages/first_py_pkg)
[2.158s] DEBUG:colcon.colcon_parallel_executor.executor.parallel:closing loop
[2.158s] DEBUG:colcon.colcon_parallel_executor.executor.parallel:loop closed
[2.159s] DEBUG:colcon.colcon_parallel_executor.executor.parallel:run_until_complete finished with '0'
[2.159s] DEBUG:colcon.colcon_core.event_reactor:joining thread
[2.170s] INFO:colcon.colcon_core.plugin_system:Skipping extension 'colcon_notification.desktop_notification.terminal_notifier': Not used on non-Darwin systems
[2.171s] INFO:colcon.colcon_core.plugin_system:Skipping extension 'colcon_notification.desktop_notification.win32': Not used on non-Windows systems
[2.171s] INFO:colcon.colcon_notification.desktop_notification:Sending desktop notification using 'notify2'
[2.192s] DEBUG:colcon.colcon_core.event_reactor:joined thread
[2.192s] INFO:colcon.colcon_core.shell:Creating prefix script '/home/newir529/ROS2_JAZZY_TUTORIAL/ros2_learning_ws/install/local_setup.ps1'
[2.193s] INFO:colcon.colcon_core.shell:Creating prefix util module '/home/newir529/ROS2_JAZZY_TUTORIAL/ros2_learning_ws/install/_local_setup_util_ps1.py'
[2.195s] INFO:colcon.colcon_core.shell:Creating prefix chain script '/home/newir529/ROS2_JAZZY_TUTORIAL/ros2_learning_ws/install/setup.ps1'
[2.198s] INFO:colcon.colcon_core.shell:Creating prefix script '/home/newir529/ROS2_JAZZY_TUTORIAL/ros2_learning_ws/install/local_setup.sh'
[2.199s] INFO:colcon.colcon_core.shell:Creating prefix util module '/home/newir529/ROS2_JAZZY_TUTORIAL/ros2_learning_ws/install/_local_setup_util_sh.py'
[2.199s] INFO:colcon.colcon_core.shell:Creating prefix chain script '/home/newir529/ROS2_JAZZY_TUTORIAL/ros2_learning_ws/install/setup.sh'
[2.200s] INFO:colcon.colcon_core.shell:Creating prefix script '/home/newir529/ROS2_JAZZY_TUTORIAL/ros2_learning_ws/install/local_setup.bash'
[2.201s] INFO:colcon.colcon_core.shell:Creating prefix chain script '/home/newir529/ROS2_JAZZY_TUTORIAL/ros2_learning_ws/install/setup.bash'
[2.202s] INFO:colcon.colcon_core.shell:Creating prefix script '/home/newir529/ROS2_JAZZY_TUTORIAL/ros2_learning_ws/install/local_setup.zsh'
[2.203s] INFO:colcon.colcon_core.shell:Creating prefix chain script '/home/newir529/ROS2_JAZZY_TUTORIAL/ros2_learning_ws/install/setup.zsh'
