/home/newir529/ROS2_JAZZY_TUTORIAL/ros2_learning_ws/install/first_py_pkg/lib/python3.12/site-packages/first_py_pkg/ros2_simple_pub.py
/home/newir529/ROS2_JAZZY_TUTORIAL/ros2_learning_ws/install/first_py_pkg/lib/python3.12/site-packages/first_py_pkg/ros2_simple_sub.py
/home/newir529/ROS2_JAZZY_TUTORIAL/ros2_learning_ws/install/first_py_pkg/lib/python3.12/site-packages/first_py_pkg/__init__.py
/home/newir529/ROS2_JAZZY_TUTORIAL/ros2_learning_ws/install/first_py_pkg/lib/python3.12/site-packages/first_py_pkg/camera.py
/home/newir529/ROS2_JAZZY_TUTORIAL/ros2_learning_ws/install/first_py_pkg/lib/python3.12/site-packages/first_py_pkg/__pycache__/ros2_simple_pub.cpython-312.pyc
/home/newir529/ROS2_JAZZY_TUTORIAL/ros2_learning_ws/install/first_py_pkg/lib/python3.12/site-packages/first_py_pkg/__pycache__/ros2_simple_sub.cpython-312.pyc
/home/newir529/ROS2_JAZZY_TUTORIAL/ros2_learning_ws/install/first_py_pkg/lib/python3.12/site-packages/first_py_pkg/__pycache__/__init__.cpython-312.pyc
/home/newir529/ROS2_JAZZY_TUTORIAL/ros2_learning_ws/install/first_py_pkg/lib/python3.12/site-packages/first_py_pkg/__pycache__/camera.cpython-312.pyc
/home/newir529/ROS2_JAZZY_TUTORIAL/ros2_learning_ws/install/first_py_pkg/share/ament_index/resource_index/packages/first_py_pkg
/home/newir529/ROS2_JAZZY_TUTORIAL/ros2_learning_ws/install/first_py_pkg/share/first_py_pkg/package.xml
/home/newir529/ROS2_JAZZY_TUTORIAL/ros2_learning_ws/install/first_py_pkg/lib/python3.12/site-packages/first_py_pkg-0.0.0-py3.12.egg-info/requires.txt
/home/newir529/ROS2_JAZZY_TUTORIAL/ros2_learning_ws/install/first_py_pkg/lib/python3.12/site-packages/first_py_pkg-0.0.0-py3.12.egg-info/SOURCES.txt
/home/newir529/ROS2_JAZZY_TUTORIAL/ros2_learning_ws/install/first_py_pkg/lib/python3.12/site-packages/first_py_pkg-0.0.0-py3.12.egg-info/dependency_links.txt
/home/newir529/ROS2_JAZZY_TUTORIAL/ros2_learning_ws/install/first_py_pkg/lib/python3.12/site-packages/first_py_pkg-0.0.0-py3.12.egg-info/PKG-INFO
/home/newir529/ROS2_JAZZY_TUTORIAL/ros2_learning_ws/install/first_py_pkg/lib/python3.12/site-packages/first_py_pkg-0.0.0-py3.12.egg-info/zip-safe
/home/newir529/ROS2_JAZZY_TUTORIAL/ros2_learning_ws/install/first_py_pkg/lib/python3.12/site-packages/first_py_pkg-0.0.0-py3.12.egg-info/entry_points.txt
/home/newir529/ROS2_JAZZY_TUTORIAL/ros2_learning_ws/install/first_py_pkg/lib/python3.12/site-packages/first_py_pkg-0.0.0-py3.12.egg-info/top_level.txt
/home/newir529/ROS2_JAZZY_TUTORIAL/ros2_learning_ws/install/first_py_pkg/lib/first_py_pkg/camera
/home/newir529/ROS2_JAZZY_TUTORIAL/ros2_learning_ws/install/first_py_pkg/lib/first_py_pkg/pub_node
/home/newir529/ROS2_JAZZY_TUTORIAL/ros2_learning_ws/install/first_py_pkg/lib/first_py_pkg/sub_node
