[1.519s] Invoking command in '/home/newir529/ROS2_JAZZY_TUTORIAL/ros2_learning_ws/build/first_py_pkg': DEBUGINFOD_URLS=https://debuginfod.ubuntu.com PYTHONPATH=/home/newir529/ROS2_JAZZY_TUTORIAL/ros2_learning_ws/build/first_py_pkg/prefix_override:/usr/lib/python3/dist-packages/colcon_core/task/python/colcon_distutils_commands:/home/newir529/ROS2_JAZZY_TUTORIAL/ros2_learning_ws/install/first_py_pkg/lib/python3.12/site-packages:${PYTHONPATH} /usr/bin/python3 -W ignore:setup.py install is deprecated -W ignore:easy_install command is deprecated setup.py develop --editable --build-directory /home/newir529/ROS2_JAZZY_TUTORIAL/ros2_learning_ws/build/first_py_pkg/build --no-deps symlink_data
[2.047s] running develop
[2.393s] running egg_info
[2.394s] creating first_py_pkg.egg-info
[2.427s] writing first_py_pkg.egg-info/PKG-INFO
[2.428s] writing dependency_links to first_py_pkg.egg-info/dependency_links.txt
[2.428s] writing requirements to first_py_pkg.egg-info/requires.txt
[2.428s] writing top-level names to first_py_pkg.egg-info/top_level.txt
[2.429s] writing manifest file 'first_py_pkg.egg-info/SOURCES.txt'
[2.496s] reading manifest file 'first_py_pkg.egg-info/SOURCES.txt'
[2.497s] writing manifest file 'first_py_pkg.egg-info/SOURCES.txt'
[2.534s] running build_ext
[2.534s] Creating /home/newir529/ROS2_JAZZY_TUTORIAL/ros2_learning_ws/install/first_py_pkg/lib/python3.12/site-packages/first-py-pkg.egg-link (link to .)
[2.535s] 
[2.535s] Installed /home/newir529/ROS2_JAZZY_TUTORIAL/ros2_learning_ws/build/first_py_pkg
[2.536s] running symlink_data
[2.536s] creating /home/newir529/ROS2_JAZZY_TUTORIAL/ros2_learning_ws/install/first_py_pkg/share/ament_index
[2.536s] creating /home/newir529/ROS2_JAZZY_TUTORIAL/ros2_learning_ws/install/first_py_pkg/share/ament_index/resource_index
[2.536s] creating /home/newir529/ROS2_JAZZY_TUTORIAL/ros2_learning_ws/install/first_py_pkg/share/ament_index/resource_index/packages
[2.536s] symbolically linking /home/newir529/ROS2_JAZZY_TUTORIAL/ros2_learning_ws/build/first_py_pkg/resource/first_py_pkg -> /home/newir529/ROS2_JAZZY_TUTORIAL/ros2_learning_ws/install/first_py_pkg/share/ament_index/resource_index/packages
[2.537s] symbolically linking /home/newir529/ROS2_JAZZY_TUTORIAL/ros2_learning_ws/build/first_py_pkg/package.xml -> /home/newir529/ROS2_JAZZY_TUTORIAL/ros2_learning_ws/install/first_py_pkg/share/first_py_pkg
[2.576s] Invoked command in '/home/newir529/ROS2_JAZZY_TUTORIAL/ros2_learning_ws/build/first_py_pkg' returned '0': DEBUGINFOD_URLS=https://debuginfod.ubuntu.com PYTHONPATH=/home/newir529/ROS2_JAZZY_TUTORIAL/ros2_learning_ws/build/first_py_pkg/prefix_override:/usr/lib/python3/dist-packages/colcon_core/task/python/colcon_distutils_commands:/home/newir529/ROS2_JAZZY_TUTORIAL/ros2_learning_ws/install/first_py_pkg/lib/python3.12/site-packages:${PYTHONPATH} /usr/bin/python3 -W ignore:setup.py install is deprecated -W ignore:easy_install command is deprecated setup.py develop --editable --build-directory /home/newir529/ROS2_JAZZY_TUTORIAL/ros2_learning_ws/build/first_py_pkg/build --no-deps symlink_data
