[1.860s] Invoking command in '/home/newir529/ROS2_JAZZY_TUTORIAL/build/first_py_pkg': DEBUGINFOD_URLS=https://debuginfod.ubuntu.com PYTHONPATH=/home/newir529/ROS2_JAZZY_TUTORIAL/build/first_py_pkg/prefix_override:/usr/lib/python3/dist-packages/colcon_core/task/python/colcon_distutils_commands:/home/newir529/ROS2_JAZZY_TUTORIAL/install/first_py_pkg/lib/python3.12/site-packages:${PYTHONPATH} /usr/bin/python3 -W ignore:setup.py install is deprecated -W ignore:easy_install command is deprecated setup.py develop --editable --build-directory /home/newir529/ROS2_JAZZY_TUTORIAL/build/first_py_pkg/build --no-deps symlink_data
[2.383s] running develop
[2.725s] running egg_info
[2.725s] creating first_py_pkg.egg-info
[2.757s] writing first_py_pkg.egg-info/PKG-INFO
[2.757s] writing dependency_links to first_py_pkg.egg-info/dependency_links.txt
[2.758s] writing requirements to first_py_pkg.egg-info/requires.txt
[2.758s] writing top-level names to first_py_pkg.egg-info/top_level.txt
[2.758s] writing manifest file 'first_py_pkg.egg-info/SOURCES.txt'
[2.825s] reading manifest file 'first_py_pkg.egg-info/SOURCES.txt'
[2.826s] writing manifest file 'first_py_pkg.egg-info/SOURCES.txt'
[2.862s] running build_ext
[2.863s] Creating /home/newir529/ROS2_JAZZY_TUTORIAL/install/first_py_pkg/lib/python3.12/site-packages/first-py-pkg.egg-link (link to .)
[2.863s] 
[2.864s] Installed /home/newir529/ROS2_JAZZY_TUTORIAL/build/first_py_pkg
[2.864s] running symlink_data
[2.864s] creating /home/newir529/ROS2_JAZZY_TUTORIAL/install/first_py_pkg/share/ament_index
[2.864s] creating /home/newir529/ROS2_JAZZY_TUTORIAL/install/first_py_pkg/share/ament_index/resource_index
[2.864s] creating /home/newir529/ROS2_JAZZY_TUTORIAL/install/first_py_pkg/share/ament_index/resource_index/packages
[2.864s] symbolically linking /home/newir529/ROS2_JAZZY_TUTORIAL/build/first_py_pkg/resource/first_py_pkg -> /home/newir529/ROS2_JAZZY_TUTORIAL/install/first_py_pkg/share/ament_index/resource_index/packages
[2.864s] symbolically linking /home/newir529/ROS2_JAZZY_TUTORIAL/build/first_py_pkg/package.xml -> /home/newir529/ROS2_JAZZY_TUTORIAL/install/first_py_pkg/share/first_py_pkg
[2.904s] Invoked command in '/home/newir529/ROS2_JAZZY_TUTORIAL/build/first_py_pkg' returned '0': DEBUGINFOD_URLS=https://debuginfod.ubuntu.com PYTHONPATH=/home/newir529/ROS2_JAZZY_TUTORIAL/build/first_py_pkg/prefix_override:/usr/lib/python3/dist-packages/colcon_core/task/python/colcon_distutils_commands:/home/newir529/ROS2_JAZZY_TUTORIAL/install/first_py_pkg/lib/python3.12/site-packages:${PYTHONPATH} /usr/bin/python3 -W ignore:setup.py install is deprecated -W ignore:easy_install command is deprecated setup.py develop --editable --build-directory /home/newir529/ROS2_JAZZY_TUTORIAL/build/first_py_pkg/build --no-deps symlink_data
