running develop
Removing /home/newir529/ROS2_JAZZY_TUTORIAL/ros2_learning_ws/install/first_py_pkg/lib/python3.12/site-packages/first-py-pkg.egg-link (link to .)
running egg_info
writing ../../build/first_py_pkg/first_py_pkg.egg-info/PKG-INFO
writing dependency_links to ../../build/first_py_pkg/first_py_pkg.egg-info/dependency_links.txt
writing entry points to ../../build/first_py_pkg/first_py_pkg.egg-info/entry_points.txt
writing requirements to ../../build/first_py_pkg/first_py_pkg.egg-info/requires.txt
writing top-level names to ../../build/first_py_pkg/first_py_pkg.egg-info/top_level.txt
reading manifest file '../../build/first_py_pkg/first_py_pkg.egg-info/SOURCES.txt'
writing manifest file '../../build/first_py_pkg/first_py_pkg.egg-info/SOURCES.txt'
running build
running build_py
creating /home/newir529/ROS2_JAZZY_TUTORIAL/ros2_learning_ws/build/first_py_pkg/build
creating /home/newir529/ROS2_JAZZY_TUTORIAL/ros2_learning_ws/build/first_py_pkg/build/lib
creating /home/newir529/ROS2_JAZZY_TUTORIAL/ros2_learning_ws/build/first_py_pkg/build/lib/first_py_pkg
copying first_py_pkg/ros2_simple_pub.py -> /home/newir529/ROS2_JAZZY_TUTORIAL/ros2_learning_ws/build/first_py_pkg/build/lib/first_py_pkg
copying first_py_pkg/ros2_simple_sub.py -> /home/newir529/ROS2_JAZZY_TUTORIAL/ros2_learning_ws/build/first_py_pkg/build/lib/first_py_pkg
copying first_py_pkg/__init__.py -> /home/newir529/ROS2_JAZZY_TUTORIAL/ros2_learning_ws/build/first_py_pkg/build/lib/first_py_pkg
copying first_py_pkg/camera.py -> /home/newir529/ROS2_JAZZY_TUTORIAL/ros2_learning_ws/build/first_py_pkg/build/lib/first_py_pkg
running install
running install_lib
creating /home/newir529/ROS2_JAZZY_TUTORIAL/ros2_learning_ws/install/first_py_pkg/lib/python3.12/site-packages/first_py_pkg
copying /home/newir529/ROS2_JAZZY_TUTORIAL/ros2_learning_ws/build/first_py_pkg/build/lib/first_py_pkg/ros2_simple_pub.py -> /home/newir529/ROS2_JAZZY_TUTORIAL/ros2_learning_ws/install/first_py_pkg/lib/python3.12/site-packages/first_py_pkg
copying /home/newir529/ROS2_JAZZY_TUTORIAL/ros2_learning_ws/build/first_py_pkg/build/lib/first_py_pkg/ros2_simple_sub.py -> /home/newir529/ROS2_JAZZY_TUTORIAL/ros2_learning_ws/install/first_py_pkg/lib/python3.12/site-packages/first_py_pkg
copying /home/newir529/ROS2_JAZZY_TUTORIAL/ros2_learning_ws/build/first_py_pkg/build/lib/first_py_pkg/__init__.py -> /home/newir529/ROS2_JAZZY_TUTORIAL/ros2_learning_ws/install/first_py_pkg/lib/python3.12/site-packages/first_py_pkg
copying /home/newir529/ROS2_JAZZY_TUTORIAL/ros2_learning_ws/build/first_py_pkg/build/lib/first_py_pkg/camera.py -> /home/newir529/ROS2_JAZZY_TUTORIAL/ros2_learning_ws/install/first_py_pkg/lib/python3.12/site-packages/first_py_pkg
byte-compiling /home/newir529/ROS2_JAZZY_TUTORIAL/ros2_learning_ws/install/first_py_pkg/lib/python3.12/site-packages/first_py_pkg/ros2_simple_pub.py to ros2_simple_pub.cpython-312.pyc
byte-compiling /home/newir529/ROS2_JAZZY_TUTORIAL/ros2_learning_ws/install/first_py_pkg/lib/python3.12/site-packages/first_py_pkg/ros2_simple_sub.py to ros2_simple_sub.cpython-312.pyc
byte-compiling /home/newir529/ROS2_JAZZY_TUTORIAL/ros2_learning_ws/install/first_py_pkg/lib/python3.12/site-packages/first_py_pkg/__init__.py to __init__.cpython-312.pyc
byte-compiling /home/newir529/ROS2_JAZZY_TUTORIAL/ros2_learning_ws/install/first_py_pkg/lib/python3.12/site-packages/first_py_pkg/camera.py to camera.cpython-312.pyc
running install_data
copying resource/first_py_pkg -> /home/newir529/ROS2_JAZZY_TUTORIAL/ros2_learning_ws/install/first_py_pkg/share/ament_index/resource_index/packages
copying package.xml -> /home/newir529/ROS2_JAZZY_TUTORIAL/ros2_learning_ws/install/first_py_pkg/share/first_py_pkg
running install_egg_info
Copying ../../build/first_py_pkg/first_py_pkg.egg-info to /home/newir529/ROS2_JAZZY_TUTORIAL/ros2_learning_ws/install/first_py_pkg/lib/python3.12/site-packages/first_py_pkg-0.0.0-py3.12.egg-info
running install_scripts
Installing camera script to /home/newir529/ROS2_JAZZY_TUTORIAL/ros2_learning_ws/install/first_py_pkg/lib/first_py_pkg
Installing pub_node script to /home/newir529/ROS2_JAZZY_TUTORIAL/ros2_learning_ws/install/first_py_pkg/lib/first_py_pkg
Installing sub_node script to /home/newir529/ROS2_JAZZY_TUTORIAL/ros2_learning_ws/install/first_py_pkg/lib/first_py_pkg
writing list of installed files to '/home/newir529/ROS2_JAZZY_TUTORIAL/ros2_learning_ws/build/first_py_pkg/install.log'
