[3.593s] Invoking command in '/home/newir529/ROS2_JAZZY_TUTORIAL/ros2_learning_ws/build/first_py_pkg': DEBUGINFOD_URLS=https://debuginfod.ubuntu.com PYTHONPATH=/home/newir529/ROS2_JAZZY_TUTORIAL/ros2_learning_ws/build/first_py_pkg/prefix_override:/usr/lib/python3/dist-packages/colcon_core/task/python/colcon_distutils_commands:/home/newir529/ROS2_JAZZY_TUTORIAL/ros2_learning_ws/install/first_py_pkg/lib/python3.12/site-packages:${PYTHONPATH} /usr/bin/python3 -W ignore:setup.py install is deprecated -W ignore:easy_install command is deprecated setup.py develop --uninstall --editable --build-directory /home/newir529/ROS2_JAZZY_TUTORIAL/ros2_learning_ws/build/first_py_pkg/build
[4.495s] running develop
[5.128s] Removing /home/newir529/ROS2_JAZZY_TUTORIAL/ros2_learning_ws/install/first_py_pkg/lib/python3.12/site-packages/first-py-pkg.egg-link (link to .)
[5.205s] Invoked command in '/home/newir529/ROS2_JAZZY_TUTORIAL/ros2_learning_ws/build/first_py_pkg' returned '0': DEBUGINFOD_URLS=https://debuginfod.ubuntu.com PYTHONPATH=/home/newir529/ROS2_JAZZY_TUTORIAL/ros2_learning_ws/build/first_py_pkg/prefix_override:/usr/lib/python3/dist-packages/colcon_core/task/python/colcon_distutils_commands:/home/newir529/ROS2_JAZZY_TUTORIAL/ros2_learning_ws/install/first_py_pkg/lib/python3.12/site-packages:${PYTHONPATH} /usr/bin/python3 -W ignore:setup.py install is deprecated -W ignore:easy_install command is deprecated setup.py develop --uninstall --editable --build-directory /home/newir529/ROS2_JAZZY_TUTORIAL/ros2_learning_ws/build/first_py_pkg/build
[5.211s] Invoking command in '/home/newir529/ROS2_JAZZY_TUTORIAL/ros2_learning_ws/src/first_py_pkg': DEBUGINFOD_URLS=https://debuginfod.ubuntu.com PYTHONPATH=/home/newir529/ROS2_JAZZY_TUTORIAL/ros2_learning_ws/build/first_py_pkg/prefix_override:/usr/lib/python3/dist-packages/colcon_core/task/python/colcon_distutils_commands:/home/newir529/ROS2_JAZZY_TUTORIAL/ros2_learning_ws/install/first_py_pkg/lib/python3.12/site-packages:${PYTHONPATH} /usr/bin/python3 -W ignore:setup.py install is deprecated -W ignore:easy_install command is deprecated setup.py egg_info --egg-base ../../build/first_py_pkg build --build-base /home/newir529/ROS2_JAZZY_TUTORIAL/ros2_learning_ws/build/first_py_pkg/build install --record /home/newir529/ROS2_JAZZY_TUTORIAL/ros2_learning_ws/build/first_py_pkg/install.log --single-version-externally-managed install_data --force
[5.859s] running egg_info
[5.893s] writing ../../build/first_py_pkg/first_py_pkg.egg-info/PKG-INFO
[5.893s] writing dependency_links to ../../build/first_py_pkg/first_py_pkg.egg-info/dependency_links.txt
[5.894s] writing entry points to ../../build/first_py_pkg/first_py_pkg.egg-info/entry_points.txt
[5.900s] writing requirements to ../../build/first_py_pkg/first_py_pkg.egg-info/requires.txt
[5.901s] writing top-level names to ../../build/first_py_pkg/first_py_pkg.egg-info/top_level.txt
[6.001s] reading manifest file '../../build/first_py_pkg/first_py_pkg.egg-info/SOURCES.txt'
[6.009s] writing manifest file '../../build/first_py_pkg/first_py_pkg.egg-info/SOURCES.txt'
[6.009s] running build
[6.009s] running build_py
[6.009s] creating /home/newir529/ROS2_JAZZY_TUTORIAL/ros2_learning_ws/build/first_py_pkg/build
[6.010s] creating /home/newir529/ROS2_JAZZY_TUTORIAL/ros2_learning_ws/build/first_py_pkg/build/lib
[6.010s] creating /home/newir529/ROS2_JAZZY_TUTORIAL/ros2_learning_ws/build/first_py_pkg/build/lib/first_py_pkg
[6.010s] copying first_py_pkg/ros2_simple_pub.py -> /home/newir529/ROS2_JAZZY_TUTORIAL/ros2_learning_ws/build/first_py_pkg/build/lib/first_py_pkg
[6.011s] copying first_py_pkg/ros2_simple_sub.py -> /home/newir529/ROS2_JAZZY_TUTORIAL/ros2_learning_ws/build/first_py_pkg/build/lib/first_py_pkg
[6.011s] copying first_py_pkg/__init__.py -> /home/newir529/ROS2_JAZZY_TUTORIAL/ros2_learning_ws/build/first_py_pkg/build/lib/first_py_pkg
[6.011s] copying first_py_pkg/camera.py -> /home/newir529/ROS2_JAZZY_TUTORIAL/ros2_learning_ws/build/first_py_pkg/build/lib/first_py_pkg
[6.011s] running install
[6.022s] running install_lib
[6.058s] creating /home/newir529/ROS2_JAZZY_TUTORIAL/ros2_learning_ws/install/first_py_pkg/lib/python3.12/site-packages/first_py_pkg
[6.058s] copying /home/newir529/ROS2_JAZZY_TUTORIAL/ros2_learning_ws/build/first_py_pkg/build/lib/first_py_pkg/ros2_simple_pub.py -> /home/newir529/ROS2_JAZZY_TUTORIAL/ros2_learning_ws/install/first_py_pkg/lib/python3.12/site-packages/first_py_pkg
[6.058s] copying /home/newir529/ROS2_JAZZY_TUTORIAL/ros2_learning_ws/build/first_py_pkg/build/lib/first_py_pkg/ros2_simple_sub.py -> /home/newir529/ROS2_JAZZY_TUTORIAL/ros2_learning_ws/install/first_py_pkg/lib/python3.12/site-packages/first_py_pkg
[6.058s] copying /home/newir529/ROS2_JAZZY_TUTORIAL/ros2_learning_ws/build/first_py_pkg/build/lib/first_py_pkg/__init__.py -> /home/newir529/ROS2_JAZZY_TUTORIAL/ros2_learning_ws/install/first_py_pkg/lib/python3.12/site-packages/first_py_pkg
[6.059s] copying /home/newir529/ROS2_JAZZY_TUTORIAL/ros2_learning_ws/build/first_py_pkg/build/lib/first_py_pkg/camera.py -> /home/newir529/ROS2_JAZZY_TUTORIAL/ros2_learning_ws/install/first_py_pkg/lib/python3.12/site-packages/first_py_pkg
[6.059s] byte-compiling /home/newir529/ROS2_JAZZY_TUTORIAL/ros2_learning_ws/install/first_py_pkg/lib/python3.12/site-packages/first_py_pkg/ros2_simple_pub.py to ros2_simple_pub.cpython-312.pyc
[6.060s] byte-compiling /home/newir529/ROS2_JAZZY_TUTORIAL/ros2_learning_ws/install/first_py_pkg/lib/python3.12/site-packages/first_py_pkg/ros2_simple_sub.py to ros2_simple_sub.cpython-312.pyc
[6.061s] byte-compiling /home/newir529/ROS2_JAZZY_TUTORIAL/ros2_learning_ws/install/first_py_pkg/lib/python3.12/site-packages/first_py_pkg/__init__.py to __init__.cpython-312.pyc
[6.061s] byte-compiling /home/newir529/ROS2_JAZZY_TUTORIAL/ros2_learning_ws/install/first_py_pkg/lib/python3.12/site-packages/first_py_pkg/camera.py to camera.cpython-312.pyc
[6.062s] running install_data
[6.062s] copying resource/first_py_pkg -> /home/newir529/ROS2_JAZZY_TUTORIAL/ros2_learning_ws/install/first_py_pkg/share/ament_index/resource_index/packages
[6.062s] copying package.xml -> /home/newir529/ROS2_JAZZY_TUTORIAL/ros2_learning_ws/install/first_py_pkg/share/first_py_pkg
[6.063s] running install_egg_info
[6.145s] Copying ../../build/first_py_pkg/first_py_pkg.egg-info to /home/newir529/ROS2_JAZZY_TUTORIAL/ros2_learning_ws/install/first_py_pkg/lib/python3.12/site-packages/first_py_pkg-0.0.0-py3.12.egg-info
[6.149s] running install_scripts
[6.512s] Installing camera script to /home/newir529/ROS2_JAZZY_TUTORIAL/ros2_learning_ws/install/first_py_pkg/lib/first_py_pkg
[6.513s] Installing pub_node script to /home/newir529/ROS2_JAZZY_TUTORIAL/ros2_learning_ws/install/first_py_pkg/lib/first_py_pkg
[6.514s] Installing sub_node script to /home/newir529/ROS2_JAZZY_TUTORIAL/ros2_learning_ws/install/first_py_pkg/lib/first_py_pkg
[6.516s] writing list of installed files to '/home/newir529/ROS2_JAZZY_TUTORIAL/ros2_learning_ws/build/first_py_pkg/install.log'
[6.593s] Invoked command in '/home/newir529/ROS2_JAZZY_TUTORIAL/ros2_learning_ws/src/first_py_pkg' returned '0': DEBUGINFOD_URLS=https://debuginfod.ubuntu.com PYTHONPATH=/home/newir529/ROS2_JAZZY_TUTORIAL/ros2_learning_ws/build/first_py_pkg/prefix_override:/usr/lib/python3/dist-packages/colcon_core/task/python/colcon_distutils_commands:/home/newir529/ROS2_JAZZY_TUTORIAL/ros2_learning_ws/install/first_py_pkg/lib/python3.12/site-packages:${PYTHONPATH} /usr/bin/python3 -W ignore:setup.py install is deprecated -W ignore:easy_install command is deprecated setup.py egg_info --egg-base ../../build/first_py_pkg build --build-base /home/newir529/ROS2_JAZZY_TUTORIAL/ros2_learning_ws/build/first_py_pkg/build install --record /home/newir529/ROS2_JAZZY_TUTORIAL/ros2_learning_ws/build/first_py_pkg/install.log --single-version-externally-managed install_data --force
