[0.016s] Invoking command in '/home/newir529/ROS2_JAZZY_TUTORIAL/ros2_learning_ws/build/battery_state': CMAKE_PREFIX_PATH=${CMAKE_PREFIX_PATH}:/opt/ros/jazzy DEBUGINFOD_URLS=https://debuginfod.ubuntu.com /usr/bin/cmake --build /home/newir529/ROS2_JAZZY_TUTORIAL/ros2_learning_ws/build/battery_state -- -j8 -l8
[0.054s] -- Found ament_cmake: 2.5.2 (/opt/ros/jazzy/share/ament_cmake/cmake)
[0.220s] -- Found rosidl_default_generators: 1.6.0 (/opt/ros/jazzy/share/rosidl_default_generators/cmake)
[0.224s] -- Using all available rosidl_typesupport_c: rosidl_typesupport_fastrtps_c;rosidl_typesupport_introspection_c
[0.285s] -- Using all available rosidl_typesupport_cpp: rosidl_typesupport_fastrtps_cpp;rosidl_typesupport_introspection_cpp
[0.335s] -- Found rosidl_adapter: 4.6.4 (/opt/ros/jazzy/share/rosidl_adapter/cmake)
[0.338s] -- Found rclcpp: 28.1.5 (/opt/ros/jazzy/share/rclcpp/cmake)
[0.458s] -- Found rmw_implementation_cmake: 7.3.1 (/opt/ros/jazzy/share/rmw_implementation_cmake/cmake)
[0.460s] -- Found rmw_fastrtps_cpp: 8.4.1 (/opt/ros/jazzy/share/rmw_fastrtps_cpp/cmake)
[0.565s] -- Using RMW implementation 'rmw_fastrtps_cpp' as default
[0.682s] -- Found rclpy: 7.1.2 (/opt/ros/jazzy/share/rclpy/cmake)
[0.682s] -- Found std_msgs: 5.3.5 (/opt/ros/jazzy/share/std_msgs/cmake)
[0.707s] -- Found ament_lint_auto: 0.17.1 (/opt/ros/jazzy/share/ament_lint_auto/cmake)
[1.231s] -- Found ament_cmake_ros: 0.12.0 (/opt/ros/jazzy/share/ament_cmake_ros/cmake)
[1.458s] -- Using all available rosidl_typesupport_c: rosidl_typesupport_fastrtps_c;rosidl_typesupport_introspection_c
[1.777s] -- Using all available rosidl_typesupport_cpp: rosidl_typesupport_fastrtps_cpp;rosidl_typesupport_introspection_cpp
[1.780s] -- Found python_cmake_module: 0.11.1 (/opt/ros/jazzy/share/python_cmake_module/cmake)
[2.234s] -- Found Python3: /usr/bin/python3 (found version "3.12.3") found components: Interpreter Development NumPy Development.Module Development.Embed 
[2.294s] [31mCMake Error at /opt/ros/jazzy/share/ament_cmake_python/cmake/ament_python_install_package.cmake:122 (add_custom_target):
[2.294s]   add_custom_target cannot create target
[2.294s]   "ament_cmake_python_copy_battery_state" because another target with the
[2.294s]   same name already exists.  The existing target is a custom target created
[2.294s]   in source directory
[2.295s]   "/home/newir529/ROS2_JAZZY_TUTORIAL/ros2_learning_ws/src/battery_state".
[2.295s]   See documentation for policy CMP0002 for more details.
[2.295s] Call Stack (most recent call first):
[2.295s]   /opt/ros/jazzy/share/ament_cmake_python/cmake/ament_python_install_package.cmake:39 (_ament_cmake_python_install_package)
[2.295s]   CMakeLists.txt:49 (ament_python_install_package)
[2.295s] 
[2.295s] [0m
[2.295s] [31mCMake Error at /opt/ros/jazzy/share/ament_cmake_python/cmake/ament_python_install_package.cmake:144 (add_custom_target):
[2.295s]   add_custom_target cannot create target
[2.296s]   "ament_cmake_python_build_battery_state_egg" because another target with
[2.296s]   the same name already exists.  The existing target is a custom target
[2.296s]   created in source directory
[2.296s]   "/home/newir529/ROS2_JAZZY_TUTORIAL/ros2_learning_ws/src/battery_state".
[2.296s]   See documentation for policy CMP0002 for more details.
[2.296s] Call Stack (most recent call first):
[2.296s]   /opt/ros/jazzy/share/ament_cmake_python/cmake/ament_python_install_package.cmake:39 (_ament_cmake_python_install_package)
[2.296s]   CMakeLists.txt:49 (ament_python_install_package)
[2.297s] 
[2.297s] [0m
[2.302s] -- Added test 'flake8' to check Python code syntax and style conventions
[2.302s] -- Configured 'flake8' exclude dirs and/or files: 
[2.303s] -- Added test 'lint_cmake' to check CMake code style
[2.304s] -- Added test 'pep257' to check Python code against some of the docstring style conventions in PEP 257
[2.308s] -- Added test 'xmllint' to check XML markup files
[2.318s] -- Configuring incomplete, errors occurred!
[2.334s] gmake: *** [Makefile:254: cmake_check_build_system] Error 1
[2.337s] Invoked command in '/home/newir529/ROS2_JAZZY_TUTORIAL/ros2_learning_ws/build/battery_state' returned '2': CMAKE_PREFIX_PATH=${CMAKE_PREFIX_PATH}:/opt/ros/jazzy DEBUGINFOD_URLS=https://debuginfod.ubuntu.com /usr/bin/cmake --build /home/newir529/ROS2_JAZZY_TUTORIAL/ros2_learning_ws/build/battery_state -- -j8 -l8
