[0.168s] DEBUG:colcon:Command line arguments: ['/usr/bin/colcon', 'build', '--packages-select', 'battery_state']
[0.168s] DEBUG:colcon:Parsed command line arguments: Namespace(log_base=None, log_level=None, verb_name='build', build_base='build', install_base='install', merge_install=False, symlink_install=False, test_result_base=None, continue_on_error=False, executor='parallel', parallel_workers=8, event_handlers=None, ignore_user_meta=False, metas=['./colcon.meta'], base_paths=['.'], packages_ignore=None, packages_ignore_regex=None, paths=None, packages_up_to=None, packages_up_to_regex=None, packages_above=None, packages_above_and_dependencies=None, packages_above_depth=None, packages_select_by_dep=None, packages_skip_by_dep=None, packages_skip_up_to=None, packages_select_build_failed=False, packages_skip_build_finished=False, packages_select_test_failures=False, packages_skip_test_passed=False, packages_select=['battery_state'], packages_skip=None, packages_select_regex=None, packages_skip_regex=None, packages_start=None, packages_end=None, allow_overriding=[], cmake_args=None, cmake_target=None, cmake_target_skip_unavailable=False, cmake_clean_cache=False, cmake_clean_first=False, cmake_force_configure=False, ament_cmake_args=None, catkin_cmake_args=None, catkin_skip_building_tests=False, mixin_files=None, mixin=None, verb_parser=<colcon_mixin.mixin.mixin_argument.MixinArgumentDecorator object at 0x7e9cc3b83320>, verb_extension=<colcon_core.verb.build.BuildVerb object at 0x7e9cc3b25340>, main=<bound method BuildVerb.main of <colcon_core.verb.build.BuildVerb object at 0x7e9cc3b25340>>, mixin_verb=('build',))
[0.227s] Level 1:colcon.colcon_core.package_discovery:discover_packages(colcon_meta) check parameters
[0.228s] Level 1:colcon.colcon_core.package_discovery:discover_packages(recursive) check parameters
[0.228s] Level 1:colcon.colcon_core.package_discovery:discover_packages(ignore) check parameters
[0.228s] Level 1:colcon.colcon_core.package_discovery:discover_packages(path) check parameters
[0.228s] Level 1:colcon.colcon_core.package_discovery:discover_packages(colcon_meta) discover
[0.228s] Level 1:colcon.colcon_core.package_discovery:discover_packages(recursive) discover
[0.228s] INFO:colcon.colcon_core.package_discovery:Crawling recursively for packages in '/home/newir529/ROS2_JAZZY_TUTORIAL/ros2_learning_ws'
[0.228s] Level 1:colcon.colcon_core.package_identification:_identify(.) by extensions ['ignore', 'ignore_ament_install']
[0.228s] Level 1:colcon.colcon_core.package_identification:_identify(.) by extension 'ignore'
[0.228s] Level 1:colcon.colcon_core.package_identification:_identify(.) by extension 'ignore_ament_install'
[0.229s] Level 1:colcon.colcon_core.package_identification:_identify(.) by extensions ['colcon_pkg']
[0.229s] Level 1:colcon.colcon_core.package_identification:_identify(.) by extension 'colcon_pkg'
[0.229s] Level 1:colcon.colcon_core.package_identification:_identify(.) by extensions ['colcon_meta']
[0.229s] Level 1:colcon.colcon_core.package_identification:_identify(.) by extension 'colcon_meta'
[0.229s] Level 1:colcon.colcon_core.package_identification:_identify(.) by extensions ['ros']
[0.229s] Level 1:colcon.colcon_core.package_identification:_identify(.) by extension 'ros'
[0.268s] Level 1:colcon.colcon_core.package_identification:_identify(.) by extensions ['cmake', 'python']
[0.269s] Level 1:colcon.colcon_core.package_identification:_identify(.) by extension 'cmake'
[0.269s] Level 1:colcon.colcon_core.package_identification:_identify(.) by extension 'python'
[0.269s] Level 1:colcon.colcon_core.package_identification:_identify(.) by extensions ['python_setup_py']
[0.269s] Level 1:colcon.colcon_core.package_identification:_identify(.) by extension 'python_setup_py'
[0.269s] Level 1:colcon.colcon_core.package_identification:_identify(build) by extensions ['ignore', 'ignore_ament_install']
[0.269s] Level 1:colcon.colcon_core.package_identification:_identify(build) by extension 'ignore'
[0.269s] Level 1:colcon.colcon_core.package_identification:_identify(build) ignored
[0.269s] Level 1:colcon.colcon_core.package_identification:_identify(install) by extensions ['ignore', 'ignore_ament_install']
[0.269s] Level 1:colcon.colcon_core.package_identification:_identify(install) by extension 'ignore'
[0.270s] Level 1:colcon.colcon_core.package_identification:_identify(install) ignored
[0.270s] Level 1:colcon.colcon_core.package_identification:_identify(log) by extensions ['ignore', 'ignore_ament_install']
[0.270s] Level 1:colcon.colcon_core.package_identification:_identify(log) by extension 'ignore'
[0.270s] Level 1:colcon.colcon_core.package_identification:_identify(log) ignored
[0.270s] Level 1:colcon.colcon_core.package_identification:_identify(src) by extensions ['ignore', 'ignore_ament_install']
[0.270s] Level 1:colcon.colcon_core.package_identification:_identify(src) by extension 'ignore'
[0.270s] Level 1:colcon.colcon_core.package_identification:_identify(src) by extension 'ignore_ament_install'
[0.270s] Level 1:colcon.colcon_core.package_identification:_identify(src) by extensions ['colcon_pkg']
[0.270s] Level 1:colcon.colcon_core.package_identification:_identify(src) by extension 'colcon_pkg'
[0.270s] Level 1:colcon.colcon_core.package_identification:_identify(src) by extensions ['colcon_meta']
[0.270s] Level 1:colcon.colcon_core.package_identification:_identify(src) by extension 'colcon_meta'
[0.271s] Level 1:colcon.colcon_core.package_identification:_identify(src) by extensions ['ros']
[0.271s] Level 1:colcon.colcon_core.package_identification:_identify(src) by extension 'ros'
[0.271s] Level 1:colcon.colcon_core.package_identification:_identify(src) by extensions ['cmake', 'python']
[0.271s] Level 1:colcon.colcon_core.package_identification:_identify(src) by extension 'cmake'
[0.271s] Level 1:colcon.colcon_core.package_identification:_identify(src) by extension 'python'
[0.271s] Level 1:colcon.colcon_core.package_identification:_identify(src) by extensions ['python_setup_py']
[0.271s] Level 1:colcon.colcon_core.package_identification:_identify(src) by extension 'python_setup_py'
[0.271s] Level 1:colcon.colcon_core.package_identification:_identify(src/battery_state) by extensions ['ignore', 'ignore_ament_install']
[0.271s] Level 1:colcon.colcon_core.package_identification:_identify(src/battery_state) by extension 'ignore'
[0.271s] Level 1:colcon.colcon_core.package_identification:_identify(src/battery_state) by extension 'ignore_ament_install'
[0.271s] Level 1:colcon.colcon_core.package_identification:_identify(src/battery_state) by extensions ['colcon_pkg']
[0.271s] Level 1:colcon.colcon_core.package_identification:_identify(src/battery_state) by extension 'colcon_pkg'
[0.271s] Level 1:colcon.colcon_core.package_identification:_identify(src/battery_state) by extensions ['colcon_meta']
[0.272s] Level 1:colcon.colcon_core.package_identification:_identify(src/battery_state) by extension 'colcon_meta'
[0.272s] Level 1:colcon.colcon_core.package_identification:_identify(src/battery_state) by extensions ['ros']
[0.272s] Level 1:colcon.colcon_core.package_identification:_identify(src/battery_state) by extension 'ros'
[0.275s] DEBUG:colcon.colcon_core.package_identification:Package 'src/battery_state' with type 'ros.ament_cmake' and name 'battery_state'
[0.275s] Level 1:colcon.colcon_core.package_identification:_identify(src/first_py_pkg) by extensions ['ignore', 'ignore_ament_install']
[0.275s] Level 1:colcon.colcon_core.package_identification:_identify(src/first_py_pkg) by extension 'ignore'
[0.276s] Level 1:colcon.colcon_core.package_identification:_identify(src/first_py_pkg) by extension 'ignore_ament_install'
[0.276s] Level 1:colcon.colcon_core.package_identification:_identify(src/first_py_pkg) by extensions ['colcon_pkg']
[0.276s] Level 1:colcon.colcon_core.package_identification:_identify(src/first_py_pkg) by extension 'colcon_pkg'
[0.276s] Level 1:colcon.colcon_core.package_identification:_identify(src/first_py_pkg) by extensions ['colcon_meta']
[0.276s] Level 1:colcon.colcon_core.package_identification:_identify(src/first_py_pkg) by extension 'colcon_meta'
[0.276s] Level 1:colcon.colcon_core.package_identification:_identify(src/first_py_pkg) by extensions ['ros']
[0.276s] Level 1:colcon.colcon_core.package_identification:_identify(src/first_py_pkg) by extension 'ros'
[0.277s] DEBUG:colcon.colcon_core.package_identification:Package 'src/first_py_pkg' with type 'ros.ament_python' and name 'first_py_pkg'
[0.277s] Level 1:colcon.colcon_core.package_identification:_identify(src/myFirst_cpp_pkg) by extensions ['ignore', 'ignore_ament_install']
[0.277s] Level 1:colcon.colcon_core.package_identification:_identify(src/myFirst_cpp_pkg) by extension 'ignore'
[0.277s] Level 1:colcon.colcon_core.package_identification:_identify(src/myFirst_cpp_pkg) by extension 'ignore_ament_install'
[0.277s] Level 1:colcon.colcon_core.package_identification:_identify(src/myFirst_cpp_pkg) by extensions ['colcon_pkg']
[0.277s] Level 1:colcon.colcon_core.package_identification:_identify(src/myFirst_cpp_pkg) by extension 'colcon_pkg'
[0.277s] Level 1:colcon.colcon_core.package_identification:_identify(src/myFirst_cpp_pkg) by extensions ['colcon_meta']
[0.277s] Level 1:colcon.colcon_core.package_identification:_identify(src/myFirst_cpp_pkg) by extension 'colcon_meta'
[0.278s] Level 1:colcon.colcon_core.package_identification:_identify(src/myFirst_cpp_pkg) by extensions ['ros']
[0.278s] Level 1:colcon.colcon_core.package_identification:_identify(src/myFirst_cpp_pkg) by extension 'ros'
[0.278s] DEBUG:colcon.colcon_core.package_identification:Package 'src/myFirst_cpp_pkg' with type 'ros.ament_cmake' and name 'myFirst_cpp_pkg'
[0.279s] Level 1:colcon.colcon_core.package_identification:_identify(src/turtlesim_manipulation) by extensions ['ignore', 'ignore_ament_install']
[0.279s] Level 1:colcon.colcon_core.package_identification:_identify(src/turtlesim_manipulation) by extension 'ignore'
[0.279s] Level 1:colcon.colcon_core.package_identification:_identify(src/turtlesim_manipulation) by extension 'ignore_ament_install'
[0.279s] Level 1:colcon.colcon_core.package_identification:_identify(src/turtlesim_manipulation) by extensions ['colcon_pkg']
[0.279s] Level 1:colcon.colcon_core.package_identification:_identify(src/turtlesim_manipulation) by extension 'colcon_pkg'
[0.279s] Level 1:colcon.colcon_core.package_identification:_identify(src/turtlesim_manipulation) by extensions ['colcon_meta']
[0.279s] Level 1:colcon.colcon_core.package_identification:_identify(src/turtlesim_manipulation) by extension 'colcon_meta'
[0.279s] Level 1:colcon.colcon_core.package_identification:_identify(src/turtlesim_manipulation) by extensions ['ros']
[0.279s] Level 1:colcon.colcon_core.package_identification:_identify(src/turtlesim_manipulation) by extension 'ros'
[0.280s] DEBUG:colcon.colcon_core.package_identification:Package 'src/turtlesim_manipulation' with type 'ros.ament_python' and name 'turtlesim_manipulation'
[0.280s] Level 1:colcon.colcon_core.package_discovery:discover_packages(recursive) using defaults
[0.280s] Level 1:colcon.colcon_core.package_discovery:discover_packages(ignore) discover
[0.280s] Level 1:colcon.colcon_core.package_discovery:discover_packages(ignore) using defaults
[0.280s] Level 1:colcon.colcon_core.package_discovery:discover_packages(path) discover
[0.281s] Level 1:colcon.colcon_core.package_discovery:discover_packages(path) using defaults
[0.308s] INFO:colcon.colcon_core.package_selection:Skipping not selected package 'first_py_pkg' in 'src/first_py_pkg'
[0.309s] INFO:colcon.colcon_core.package_selection:Skipping not selected package 'myFirst_cpp_pkg' in 'src/myFirst_cpp_pkg'
[0.309s] INFO:colcon.colcon_core.package_selection:Skipping not selected package 'turtlesim_manipulation' in 'src/turtlesim_manipulation'
[0.309s] Level 1:colcon.colcon_core.package_discovery:discover_packages(prefix_path) check parameters
[0.309s] Level 1:colcon.colcon_core.package_discovery:discover_packages(prefix_path) discover
[0.313s] DEBUG:colcon.colcon_installed_package_information.package_discovery:Found 285 installed packages in /opt/ros/jazzy
[0.315s] Level 1:colcon.colcon_core.package_discovery:discover_packages(prefix_path) using defaults
[0.385s] Level 5:colcon.colcon_core.verb:set package 'battery_state' build argument 'cmake_args' from command line to 'None'
[0.385s] Level 5:colcon.colcon_core.verb:set package 'battery_state' build argument 'cmake_target' from command line to 'None'
[0.385s] Level 5:colcon.colcon_core.verb:set package 'battery_state' build argument 'cmake_target_skip_unavailable' from command line to 'False'
[0.385s] Level 5:colcon.colcon_core.verb:set package 'battery_state' build argument 'cmake_clean_cache' from command line to 'False'
[0.385s] Level 5:colcon.colcon_core.verb:set package 'battery_state' build argument 'cmake_clean_first' from command line to 'False'
[0.385s] Level 5:colcon.colcon_core.verb:set package 'battery_state' build argument 'cmake_force_configure' from command line to 'False'
[0.385s] Level 5:colcon.colcon_core.verb:set package 'battery_state' build argument 'ament_cmake_args' from command line to 'None'
[0.385s] Level 5:colcon.colcon_core.verb:set package 'battery_state' build argument 'catkin_cmake_args' from command line to 'None'
[0.385s] Level 5:colcon.colcon_core.verb:set package 'battery_state' build argument 'catkin_skip_building_tests' from command line to 'False'
[0.385s] DEBUG:colcon.colcon_core.verb:Building package 'battery_state' with the following arguments: {'ament_cmake_args': None, 'build_base': '/home/newir529/ROS2_JAZZY_TUTORIAL/ros2_learning_ws/build/battery_state', 'catkin_cmake_args': None, 'catkin_skip_building_tests': False, 'cmake_args': None, 'cmake_clean_cache': False, 'cmake_clean_first': False, 'cmake_force_configure': False, 'cmake_target': None, 'cmake_target_skip_unavailable': False, 'install_base': '/home/newir529/ROS2_JAZZY_TUTORIAL/ros2_learning_ws/install/battery_state', 'merge_install': False, 'path': '/home/newir529/ROS2_JAZZY_TUTORIAL/ros2_learning_ws/src/battery_state', 'symlink_install': False, 'test_result_base': None}
[0.386s] INFO:colcon.colcon_core.executor:Executing jobs using 'parallel' executor
[0.387s] DEBUG:colcon.colcon_parallel_executor.executor.parallel:run_until_complete
[0.387s] INFO:colcon.colcon_ros.task.ament_cmake.build:Building ROS package in '/home/newir529/ROS2_JAZZY_TUTORIAL/ros2_learning_ws/src/battery_state' with build type 'ament_cmake'
[0.387s] INFO:colcon.colcon_cmake.task.cmake.build:Building CMake package in '/home/newir529/ROS2_JAZZY_TUTORIAL/ros2_learning_ws/src/battery_state'
[0.390s] INFO:colcon.colcon_core.plugin_system:Skipping extension 'colcon_core.shell.bat': Not used on non-Windows systems
[0.390s] INFO:colcon.colcon_core.shell:Skip shell extension 'powershell' for command environment: Not usable outside of PowerShell
[0.390s] DEBUG:colcon.colcon_core.shell:Skip shell extension 'dsv' for command environment
[0.405s] DEBUG:colcon.colcon_core.event_handler.log_command:Invoking command in '/home/newir529/ROS2_JAZZY_TUTORIAL/ros2_learning_ws/build/battery_state': CMAKE_PREFIX_PATH=${CMAKE_PREFIX_PATH}:/opt/ros/jazzy DEBUGINFOD_URLS=https://debuginfod.ubuntu.com /usr/bin/cmake --build /home/newir529/ROS2_JAZZY_TUTORIAL/ros2_learning_ws/build/battery_state -- -j8 -l8
[7.805s] DEBUG:colcon.colcon_core.event_handler.log_command:Invoked command in '/home/newir529/ROS2_JAZZY_TUTORIAL/ros2_learning_ws/build/battery_state' returned '0': CMAKE_PREFIX_PATH=${CMAKE_PREFIX_PATH}:/opt/ros/jazzy DEBUGINFOD_URLS=https://debuginfod.ubuntu.com /usr/bin/cmake --build /home/newir529/ROS2_JAZZY_TUTORIAL/ros2_learning_ws/build/battery_state -- -j8 -l8
[7.820s] DEBUG:colcon.colcon_core.event_handler.log_command:Invoking command in '/home/newir529/ROS2_JAZZY_TUTORIAL/ros2_learning_ws/build/battery_state': CMAKE_PREFIX_PATH=${CMAKE_PREFIX_PATH}:/opt/ros/jazzy DEBUGINFOD_URLS=https://debuginfod.ubuntu.com /usr/bin/cmake --install /home/newir529/ROS2_JAZZY_TUTORIAL/ros2_learning_ws/build/battery_state
[7.942s] Level 1:colcon.colcon_core.environment:create_environment_scripts_only(battery_state)
[7.943s] DEBUG:colcon.colcon_core.event_handler.log_command:Invoked command in '/home/newir529/ROS2_JAZZY_TUTORIAL/ros2_learning_ws/build/battery_state' returned '0': CMAKE_PREFIX_PATH=${CMAKE_PREFIX_PATH}:/opt/ros/jazzy DEBUGINFOD_URLS=https://debuginfod.ubuntu.com /usr/bin/cmake --install /home/newir529/ROS2_JAZZY_TUTORIAL/ros2_learning_ws/build/battery_state
[7.946s] Level 1:colcon.colcon_core.environment:checking '/home/newir529/ROS2_JAZZY_TUTORIAL/ros2_learning_ws/install/battery_state' for CMake module files
[7.947s] Level 1:colcon.colcon_core.environment:checking '/home/newir529/ROS2_JAZZY_TUTORIAL/ros2_learning_ws/install/battery_state' for CMake config files
[7.948s] Level 1:colcon.colcon_core.shell:create_environment_hook('battery_state', 'cmake_prefix_path')
[7.949s] INFO:colcon.colcon_core.shell:Creating environment hook '/home/newir529/ROS2_JAZZY_TUTORIAL/ros2_learning_ws/install/battery_state/share/battery_state/hook/cmake_prefix_path.ps1'
[7.950s] INFO:colcon.colcon_core.shell:Creating environment descriptor '/home/newir529/ROS2_JAZZY_TUTORIAL/ros2_learning_ws/install/battery_state/share/battery_state/hook/cmake_prefix_path.dsv'
[7.951s] INFO:colcon.colcon_core.shell:Creating environment hook '/home/newir529/ROS2_JAZZY_TUTORIAL/ros2_learning_ws/install/battery_state/share/battery_state/hook/cmake_prefix_path.sh'
[7.953s] Level 1:colcon.colcon_core.environment:checking '/home/newir529/ROS2_JAZZY_TUTORIAL/ros2_learning_ws/install/battery_state/lib'
[7.953s] Level 1:colcon.colcon_core.shell:create_environment_hook('battery_state', 'ld_library_path_lib')
[7.954s] INFO:colcon.colcon_core.shell:Creating environment hook '/home/newir529/ROS2_JAZZY_TUTORIAL/ros2_learning_ws/install/battery_state/share/battery_state/hook/ld_library_path_lib.ps1'
[7.954s] INFO:colcon.colcon_core.shell:Creating environment descriptor '/home/newir529/ROS2_JAZZY_TUTORIAL/ros2_learning_ws/install/battery_state/share/battery_state/hook/ld_library_path_lib.dsv'
[7.955s] INFO:colcon.colcon_core.shell:Creating environment hook '/home/newir529/ROS2_JAZZY_TUTORIAL/ros2_learning_ws/install/battery_state/share/battery_state/hook/ld_library_path_lib.sh'
[7.956s] Level 1:colcon.colcon_core.environment:checking '/home/newir529/ROS2_JAZZY_TUTORIAL/ros2_learning_ws/install/battery_state/bin'
[7.956s] Level 1:colcon.colcon_core.environment:checking '/home/newir529/ROS2_JAZZY_TUTORIAL/ros2_learning_ws/install/battery_state/lib/pkgconfig/battery_state.pc'
[7.957s] Level 1:colcon.colcon_core.environment:checking '/home/newir529/ROS2_JAZZY_TUTORIAL/ros2_learning_ws/install/battery_state/lib/python3.12/site-packages'
[7.957s] Level 1:colcon.colcon_core.shell:create_environment_hook('battery_state', 'pythonpath')
[7.957s] INFO:colcon.colcon_core.shell:Creating environment hook '/home/newir529/ROS2_JAZZY_TUTORIAL/ros2_learning_ws/install/battery_state/share/battery_state/hook/pythonpath.ps1'
[7.958s] INFO:colcon.colcon_core.shell:Creating environment descriptor '/home/newir529/ROS2_JAZZY_TUTORIAL/ros2_learning_ws/install/battery_state/share/battery_state/hook/pythonpath.dsv'
[7.958s] INFO:colcon.colcon_core.shell:Creating environment hook '/home/newir529/ROS2_JAZZY_TUTORIAL/ros2_learning_ws/install/battery_state/share/battery_state/hook/pythonpath.sh'
[7.959s] Level 1:colcon.colcon_core.environment:checking '/home/newir529/ROS2_JAZZY_TUTORIAL/ros2_learning_ws/install/battery_state/bin'
[7.960s] INFO:colcon.colcon_core.shell:Creating package script '/home/newir529/ROS2_JAZZY_TUTORIAL/ros2_learning_ws/install/battery_state/share/battery_state/package.ps1'
[7.961s] INFO:colcon.colcon_core.shell:Creating package descriptor '/home/newir529/ROS2_JAZZY_TUTORIAL/ros2_learning_ws/install/battery_state/share/battery_state/package.dsv'
[7.961s] INFO:colcon.colcon_core.shell:Creating package script '/home/newir529/ROS2_JAZZY_TUTORIAL/ros2_learning_ws/install/battery_state/share/battery_state/package.sh'
[7.962s] INFO:colcon.colcon_core.shell:Creating package script '/home/newir529/ROS2_JAZZY_TUTORIAL/ros2_learning_ws/install/battery_state/share/battery_state/package.bash'
[7.963s] INFO:colcon.colcon_core.shell:Creating package script '/home/newir529/ROS2_JAZZY_TUTORIAL/ros2_learning_ws/install/battery_state/share/battery_state/package.zsh'
[7.964s] Level 1:colcon.colcon_core.environment:create_file_with_runtime_dependencies(/home/newir529/ROS2_JAZZY_TUTORIAL/ros2_learning_ws/install/battery_state/share/colcon-core/packages/battery_state)
[7.965s] Level 1:colcon.colcon_core.environment:create_environment_scripts_only(battery_state)
[7.965s] Level 1:colcon.colcon_core.environment:checking '/home/newir529/ROS2_JAZZY_TUTORIAL/ros2_learning_ws/install/battery_state' for CMake module files
[7.966s] Level 1:colcon.colcon_core.environment:checking '/home/newir529/ROS2_JAZZY_TUTORIAL/ros2_learning_ws/install/battery_state' for CMake config files
[7.967s] Level 1:colcon.colcon_core.shell:create_environment_hook('battery_state', 'cmake_prefix_path')
[7.967s] INFO:colcon.colcon_core.shell:Creating environment hook '/home/newir529/ROS2_JAZZY_TUTORIAL/ros2_learning_ws/install/battery_state/share/battery_state/hook/cmake_prefix_path.ps1'
[7.968s] INFO:colcon.colcon_core.shell:Creating environment descriptor '/home/newir529/ROS2_JAZZY_TUTORIAL/ros2_learning_ws/install/battery_state/share/battery_state/hook/cmake_prefix_path.dsv'
[7.968s] INFO:colcon.colcon_core.shell:Creating environment hook '/home/newir529/ROS2_JAZZY_TUTORIAL/ros2_learning_ws/install/battery_state/share/battery_state/hook/cmake_prefix_path.sh'
[7.969s] Level 1:colcon.colcon_core.environment:checking '/home/newir529/ROS2_JAZZY_TUTORIAL/ros2_learning_ws/install/battery_state/lib'
[7.969s] Level 1:colcon.colcon_core.shell:create_environment_hook('battery_state', 'ld_library_path_lib')
[7.970s] INFO:colcon.colcon_core.shell:Creating environment hook '/home/newir529/ROS2_JAZZY_TUTORIAL/ros2_learning_ws/install/battery_state/share/battery_state/hook/ld_library_path_lib.ps1'
[7.970s] INFO:colcon.colcon_core.shell:Creating environment descriptor '/home/newir529/ROS2_JAZZY_TUTORIAL/ros2_learning_ws/install/battery_state/share/battery_state/hook/ld_library_path_lib.dsv'
[7.971s] INFO:colcon.colcon_core.shell:Creating environment hook '/home/newir529/ROS2_JAZZY_TUTORIAL/ros2_learning_ws/install/battery_state/share/battery_state/hook/ld_library_path_lib.sh'
[7.971s] Level 1:colcon.colcon_core.environment:checking '/home/newir529/ROS2_JAZZY_TUTORIAL/ros2_learning_ws/install/battery_state/bin'
[7.972s] Level 1:colcon.colcon_core.environment:checking '/home/newir529/ROS2_JAZZY_TUTORIAL/ros2_learning_ws/install/battery_state/lib/pkgconfig/battery_state.pc'
[7.972s] Level 1:colcon.colcon_core.environment:checking '/home/newir529/ROS2_JAZZY_TUTORIAL/ros2_learning_ws/install/battery_state/lib/python3.12/site-packages'
[7.972s] Level 1:colcon.colcon_core.shell:create_environment_hook('battery_state', 'pythonpath')
[7.972s] INFO:colcon.colcon_core.shell:Creating environment hook '/home/newir529/ROS2_JAZZY_TUTORIAL/ros2_learning_ws/install/battery_state/share/battery_state/hook/pythonpath.ps1'
[7.973s] INFO:colcon.colcon_core.shell:Creating environment descriptor '/home/newir529/ROS2_JAZZY_TUTORIAL/ros2_learning_ws/install/battery_state/share/battery_state/hook/pythonpath.dsv'
[7.973s] INFO:colcon.colcon_core.shell:Creating environment hook '/home/newir529/ROS2_JAZZY_TUTORIAL/ros2_learning_ws/install/battery_state/share/battery_state/hook/pythonpath.sh'
[7.974s] Level 1:colcon.colcon_core.environment:checking '/home/newir529/ROS2_JAZZY_TUTORIAL/ros2_learning_ws/install/battery_state/bin'
[7.974s] INFO:colcon.colcon_core.shell:Creating package script '/home/newir529/ROS2_JAZZY_TUTORIAL/ros2_learning_ws/install/battery_state/share/battery_state/package.ps1'
[7.975s] INFO:colcon.colcon_core.shell:Creating package descriptor '/home/newir529/ROS2_JAZZY_TUTORIAL/ros2_learning_ws/install/battery_state/share/battery_state/package.dsv'
[7.976s] INFO:colcon.colcon_core.shell:Creating package script '/home/newir529/ROS2_JAZZY_TUTORIAL/ros2_learning_ws/install/battery_state/share/battery_state/package.sh'
[7.977s] INFO:colcon.colcon_core.shell:Creating package script '/home/newir529/ROS2_JAZZY_TUTORIAL/ros2_learning_ws/install/battery_state/share/battery_state/package.bash'
[7.977s] INFO:colcon.colcon_core.shell:Creating package script '/home/newir529/ROS2_JAZZY_TUTORIAL/ros2_learning_ws/install/battery_state/share/battery_state/package.zsh'
[7.978s] Level 1:colcon.colcon_core.environment:create_file_with_runtime_dependencies(/home/newir529/ROS2_JAZZY_TUTORIAL/ros2_learning_ws/install/battery_state/share/colcon-core/packages/battery_state)
[7.978s] DEBUG:colcon.colcon_parallel_executor.executor.parallel:closing loop
[7.979s] DEBUG:colcon.colcon_parallel_executor.executor.parallel:loop closed
[7.979s] DEBUG:colcon.colcon_parallel_executor.executor.parallel:run_until_complete finished with '0'
[7.979s] DEBUG:colcon.colcon_core.event_reactor:joining thread
[7.988s] INFO:colcon.colcon_core.plugin_system:Skipping extension 'colcon_notification.desktop_notification.terminal_notifier': Not used on non-Darwin systems
[7.988s] INFO:colcon.colcon_core.plugin_system:Skipping extension 'colcon_notification.desktop_notification.win32': Not used on non-Windows systems
[7.988s] INFO:colcon.colcon_notification.desktop_notification:Sending desktop notification using 'notify2'
[8.007s] DEBUG:colcon.colcon_core.event_reactor:joined thread
[8.007s] INFO:colcon.colcon_core.shell:Creating prefix script '/home/newir529/ROS2_JAZZY_TUTORIAL/ros2_learning_ws/install/local_setup.ps1'
[8.008s] INFO:colcon.colcon_core.shell:Creating prefix util module '/home/newir529/ROS2_JAZZY_TUTORIAL/ros2_learning_ws/install/_local_setup_util_ps1.py'
[8.010s] INFO:colcon.colcon_core.shell:Creating prefix chain script '/home/newir529/ROS2_JAZZY_TUTORIAL/ros2_learning_ws/install/setup.ps1'
[8.012s] INFO:colcon.colcon_core.shell:Creating prefix script '/home/newir529/ROS2_JAZZY_TUTORIAL/ros2_learning_ws/install/local_setup.sh'
[8.013s] INFO:colcon.colcon_core.shell:Creating prefix util module '/home/newir529/ROS2_JAZZY_TUTORIAL/ros2_learning_ws/install/_local_setup_util_sh.py'
[8.014s] INFO:colcon.colcon_core.shell:Creating prefix chain script '/home/newir529/ROS2_JAZZY_TUTORIAL/ros2_learning_ws/install/setup.sh'
[8.015s] INFO:colcon.colcon_core.shell:Creating prefix script '/home/newir529/ROS2_JAZZY_TUTORIAL/ros2_learning_ws/install/local_setup.bash'
[8.016s] INFO:colcon.colcon_core.shell:Creating prefix chain script '/home/newir529/ROS2_JAZZY_TUTORIAL/ros2_learning_ws/install/setup.bash'
[8.017s] INFO:colcon.colcon_core.shell:Creating prefix script '/home/newir529/ROS2_JAZZY_TUTORIAL/ros2_learning_ws/install/local_setup.zsh'
[8.017s] INFO:colcon.colcon_core.shell:Creating prefix chain script '/home/newir529/ROS2_JAZZY_TUTORIAL/ros2_learning_ws/install/setup.zsh'
